[0.011s] Invoking command in '/home/thibaut/Documents/Bimanual_Robot/bimanual_ws/build/bimanualrobot_description': CMAKE_PREFIX_PATH=${CMAKE_PREFIX_PATH}:/opt/ros/jazzy DEBUGINFOD_URLS=https://debuginfod.ubuntu.com /usr/bin/cmake /home/thibaut/Documents/Bimanual_Robot/bimanual_ws/src/bimanualrobot_ros2/bimanualrobot_description -DAMENT_CMAKE_SYMLINK_INSTALL=1 -DCMAKE_INSTALL_PREFIX=/home/thibaut/Documents/Bimanual_Robot/bimanual_ws/install/bimanualrobot_description
[0.121s] -- The C compiler identification is GNU 13.3.0
[0.210s] -- The CXX compiler identification is GNU 13.3.0
[0.222s] -- Detecting C compiler ABI info
[0.280s] -- Detecting C compiler ABI info - done
[0.286s] -- Check for working C compiler: /usr/bin/cc - skipped
[0.287s] -- Detecting C compile features
[0.287s] -- Detecting C compile features - done
[0.293s] -- Detecting CXX compiler ABI info
[0.362s] -- Detecting CXX compiler ABI info - done
[0.370s] -- Check for working CXX compiler: /usr/bin/c++ - skipped
[0.370s] -- Detecting CXX compile features
[0.371s] -- Detecting CXX compile features - done
[0.373s] -- Found ament_cmake: 2.5.4 (/opt/ros/jazzy/share/ament_cmake/cmake)
[0.459s] -- Found Python3: /usr/bin/python3 (found version "3.12.3") found components: Interpreter 
[0.512s] -- Override CMake install command with custom implementation using symlinks instead of copying resources
[0.539s] [31mCMake Error at CMakeLists.txt:10 (find_package):
[0.539s]   By not providing "Findurdf_tutorial.cmake" in CMAKE_MODULE_PATH this
[0.540s]   project has asked CMake to find a package configuration file provided by
[0.540s]   "urdf_tutorial", but CMake did not find one.
[0.540s] 
[0.540s]   Could not find a package configuration file provided by "urdf_tutorial"
[0.540s]   with any of the following names:
[0.540s] 
[0.540s]     urdf_tutorialConfig.cmake
[0.540s]     urdf_tutorial-config.cmake
[0.540s] 
[0.540s]   Add the installation prefix of "urdf_tutorial" to CMAKE_PREFIX_PATH or set
[0.540s]   "urdf_tutorial_DIR" to a directory containing one of the above files.  If
[0.540s]   "urdf_tutorial" provides a separate development package or SDK, be sure it
[0.540s]   has been installed.
[0.540s] 
[0.540s] [0m
[0.542s] -- Configuring incomplete, errors occurred!
[0.545s] Invoked command in '/home/thibaut/Documents/Bimanual_Robot/bimanual_ws/build/bimanualrobot_description' returned '1': CMAKE_PREFIX_PATH=${CMAKE_PREFIX_PATH}:/opt/ros/jazzy DEBUGINFOD_URLS=https://debuginfod.ubuntu.com /usr/bin/cmake /home/thibaut/Documents/Bimanual_Robot/bimanual_ws/src/bimanualrobot_ros2/bimanualrobot_description -DAMENT_CMAKE_SYMLINK_INSTALL=1 -DCMAKE_INSTALL_PREFIX=/home/thibaut/Documents/Bimanual_Robot/bimanual_ws/install/bimanualrobot_description
