[0.009s] Invoking command in '/home/thibaut/Documents/Bimanual_Robot/bimanual_ws/build/bimanualrobot_gazebo': CMAKE_PREFIX_PATH=${CMAKE_PREFIX_PATH}:/opt/ros/jazzy DEBUGINFOD_URLS=https://debuginfod.ubuntu.com /usr/bin/cmake /home/thibaut/Documents/Bimanual_Robot/bimanual_ws/src/bimanualrobot_ros2/bimanualrobot_gazebo -DAMENT_CMAKE_SYMLINK_INSTALL=1 -DCMAKE_INSTALL_PREFIX=/home/thibaut/Documents/Bimanual_Robot/bimanual_ws/install/bimanualrobot_gazebo
[0.024s] -- Found ament_cmake: 2.5.4 (/opt/ros/jazzy/share/ament_cmake/cmake)
[0.169s] -- Override CMake install command with custom implementation using symlinks instead of copying resources
[0.185s] -- Found controller_manager: 4.35.0 (/opt/ros/jazzy/share/controller_manager/cmake)
[0.241s] -- Found rosidl_generator_c: 4.6.6 (/opt/ros/jazzy/share/rosidl_generator_c/cmake)
[0.253s] -- Found rosidl_generator_cpp: 4.6.6 (/opt/ros/jazzy/share/rosidl_generator_cpp/cmake)
[0.269s] -- Using all available rosidl_typesupport_c: rosidl_typesupport_fastrtps_c;rosidl_typesupport_introspection_c
[0.283s] -- Using all available rosidl_typesupport_cpp: rosidl_typesupport_fastrtps_cpp;rosidl_typesupport_introspection_cpp
[0.348s] -- Found rmw_implementation_cmake: 7.3.2 (/opt/ros/jazzy/share/rmw_implementation_cmake/cmake)
[0.351s] -- Found rmw_fastrtps_cpp: 8.4.3 (/opt/ros/jazzy/share/rmw_fastrtps_cpp/cmake)
[0.404s] -- Found OpenSSL: /usr/lib/aarch64-linux-gnu/libcrypto.so (found version "3.0.13")  
[0.418s] -- Found FastRTPS: /opt/ros/jazzy/include (Required is at least version "2.13") 
[0.433s] -- Using RMW implementation 'rmw_fastrtps_cpp' as default
[0.873s] -- Found gripper_controllers: 4.30.1 (/opt/ros/jazzy/share/gripper_controllers/cmake)
[0.907s] -- Found eigen3_cmake_module: 0.3.0 (/opt/ros/jazzy/share/eigen3_cmake_module/cmake)
[0.908s] -- Found Eigen3: TRUE (found version "3.4.0") 
[0.908s] -- Ensuring Eigen3 include directory is part of orocos-kdl CMake target
[0.987s] [31mCMake Error at CMakeLists.txt:14 (find_package):
[0.987s]   By not providing "Findgz_ros2_control.cmake" in CMAKE_MODULE_PATH this
[0.988s]   project has asked CMake to find a package configuration file provided by
[0.988s]   "gz_ros2_control", but CMake did not find one.
[0.988s] 
[0.988s]   Could not find a package configuration file provided by "gz_ros2_control"
[0.988s]   with any of the following names:
[0.988s] 
[0.988s]     gz_ros2_controlConfig.cmake
[0.988s]     gz_ros2_control-config.cmake
[0.988s] 
[0.988s]   Add the installation prefix of "gz_ros2_control" to CMAKE_PREFIX_PATH or
[0.988s]   set "gz_ros2_control_DIR" to a directory containing one of the above files.
[0.988s]   If "gz_ros2_control" provides a separate development package or SDK, be
[0.988s]   sure it has been installed.
[0.988s] 
[0.988s] [0m
[0.988s] -- Configuring incomplete, errors occurred!
