[0.161s] DEBUG:colcon:Command line arguments: ['/usr/bin/colcon', 'build', '--symlink-install']
[0.161s] DEBUG:colcon:Parsed command line arguments: Namespace(log_base=None, log_level=None, verb_name='build', build_base='build', install_base='install', merge_install=False, symlink_install=True, test_result_base=None, continue_on_error=False, executor='parallel', parallel_workers=6, event_handlers=None, ignore_user_meta=False, metas=['./colcon.meta'], base_paths=['.'], packages_ignore=None, packages_ignore_regex=None, paths=None, packages_up_to=None, packages_up_to_regex=None, packages_above=None, packages_above_and_dependencies=None, packages_above_depth=None, packages_select_by_dep=None, packages_skip_by_dep=None, packages_skip_up_to=None, packages_select_build_failed=False, packages_skip_build_finished=False, packages_select_test_failures=False, packages_skip_test_passed=False, packages_select=None, packages_skip=None, packages_select_regex=None, packages_skip_regex=None, packages_start=None, packages_end=None, allow_overriding=[], cmake_args=None, cmake_target=None, cmake_target_skip_unavailable=False, cmake_clean_cache=False, cmake_clean_first=False, cmake_force_configure=False, ament_cmake_args=None, catkin_cmake_args=None, catkin_skip_building_tests=False, mixin_files=None, mixin=None, verb_parser=<colcon_mixin.mixin.mixin_argument.MixinArgumentDecorator object at 0xf7661ba81100>, verb_extension=<colcon_core.verb.build.BuildVerb object at 0xf7661ba80cb0>, main=<bound method BuildVerb.main of <colcon_core.verb.build.BuildVerb object at 0xf7661ba80cb0>>, mixin_verb=('build',))
[0.199s] Level 1:colcon.colcon_core.package_discovery:discover_packages(colcon_meta) check parameters
[0.199s] Level 1:colcon.colcon_core.package_discovery:discover_packages(recursive) check parameters
[0.199s] Level 1:colcon.colcon_core.package_discovery:discover_packages(ignore) check parameters
[0.199s] Level 1:colcon.colcon_core.package_discovery:discover_packages(path) check parameters
[0.199s] Level 1:colcon.colcon_core.package_discovery:discover_packages(colcon_meta) discover
[0.199s] Level 1:colcon.colcon_core.package_discovery:discover_packages(recursive) discover
[0.199s] INFO:colcon.colcon_core.package_discovery:Crawling recursively for packages in '/home/thibaut/Documents/Bimanual_Robot/bimanual_ws'
[0.199s] Level 1:colcon.colcon_core.package_identification:_identify(.) by extensions ['ignore', 'ignore_ament_install']
[0.199s] Level 1:colcon.colcon_core.package_identification:_identify(.) by extension 'ignore'
[0.199s] Level 1:colcon.colcon_core.package_identification:_identify(.) by extension 'ignore_ament_install'
[0.199s] Level 1:colcon.colcon_core.package_identification:_identify(.) by extensions ['colcon_pkg']
[0.199s] Level 1:colcon.colcon_core.package_identification:_identify(.) by extension 'colcon_pkg'
[0.199s] Level 1:colcon.colcon_core.package_identification:_identify(.) by extensions ['colcon_meta']
[0.199s] Level 1:colcon.colcon_core.package_identification:_identify(.) by extension 'colcon_meta'
[0.199s] Level 1:colcon.colcon_core.package_identification:_identify(.) by extensions ['ros']
[0.199s] Level 1:colcon.colcon_core.package_identification:_identify(.) by extension 'ros'
[0.223s] Level 1:colcon.colcon_core.package_identification:_identify(.) by extensions ['cmake', 'python']
[0.223s] Level 1:colcon.colcon_core.package_identification:_identify(.) by extension 'cmake'
[0.223s] Level 1:colcon.colcon_core.package_identification:_identify(.) by extension 'python'
[0.223s] Level 1:colcon.colcon_core.package_identification:_identify(.) by extensions ['python_setup_py']
[0.223s] Level 1:colcon.colcon_core.package_identification:_identify(.) by extension 'python_setup_py'
[0.223s] Level 1:colcon.colcon_core.package_identification:_identify(build) by extensions ['ignore', 'ignore_ament_install']
[0.223s] Level 1:colcon.colcon_core.package_identification:_identify(build) by extension 'ignore'
[0.223s] Level 1:colcon.colcon_core.package_identification:_identify(build) ignored
[0.223s] Level 1:colcon.colcon_core.package_identification:_identify(install) by extensions ['ignore', 'ignore_ament_install']
[0.223s] Level 1:colcon.colcon_core.package_identification:_identify(install) by extension 'ignore'
[0.223s] Level 1:colcon.colcon_core.package_identification:_identify(install) ignored
[0.223s] Level 1:colcon.colcon_core.package_identification:_identify(log) by extensions ['ignore', 'ignore_ament_install']
[0.224s] Level 1:colcon.colcon_core.package_identification:_identify(log) by extension 'ignore'
[0.224s] Level 1:colcon.colcon_core.package_identification:_identify(log) ignored
[0.224s] Level 1:colcon.colcon_core.package_identification:_identify(src) by extensions ['ignore', 'ignore_ament_install']
[0.224s] Level 1:colcon.colcon_core.package_identification:_identify(src) by extension 'ignore'
[0.224s] Level 1:colcon.colcon_core.package_identification:_identify(src) by extension 'ignore_ament_install'
[0.224s] Level 1:colcon.colcon_core.package_identification:_identify(src) by extensions ['colcon_pkg']
[0.224s] Level 1:colcon.colcon_core.package_identification:_identify(src) by extension 'colcon_pkg'
[0.224s] Level 1:colcon.colcon_core.package_identification:_identify(src) by extensions ['colcon_meta']
[0.224s] Level 1:colcon.colcon_core.package_identification:_identify(src) by extension 'colcon_meta'
[0.224s] Level 1:colcon.colcon_core.package_identification:_identify(src) by extensions ['ros']
[0.224s] Level 1:colcon.colcon_core.package_identification:_identify(src) by extension 'ros'
[0.224s] Level 1:colcon.colcon_core.package_identification:_identify(src) by extensions ['cmake', 'python']
[0.224s] Level 1:colcon.colcon_core.package_identification:_identify(src) by extension 'cmake'
[0.224s] Level 1:colcon.colcon_core.package_identification:_identify(src) by extension 'python'
[0.224s] Level 1:colcon.colcon_core.package_identification:_identify(src) by extensions ['python_setup_py']
[0.224s] Level 1:colcon.colcon_core.package_identification:_identify(src) by extension 'python_setup_py'
[0.224s] Level 1:colcon.colcon_core.package_identification:_identify(src/DynamixelSDK) by extensions ['ignore', 'ignore_ament_install']
[0.224s] Level 1:colcon.colcon_core.package_identification:_identify(src/DynamixelSDK) by extension 'ignore'
[0.224s] Level 1:colcon.colcon_core.package_identification:_identify(src/DynamixelSDK) by extension 'ignore_ament_install'
[0.224s] Level 1:colcon.colcon_core.package_identification:_identify(src/DynamixelSDK) by extensions ['colcon_pkg']
[0.224s] Level 1:colcon.colcon_core.package_identification:_identify(src/DynamixelSDK) by extension 'colcon_pkg'
[0.224s] Level 1:colcon.colcon_core.package_identification:_identify(src/DynamixelSDK) by extensions ['colcon_meta']
[0.224s] Level 1:colcon.colcon_core.package_identification:_identify(src/DynamixelSDK) by extension 'colcon_meta'
[0.224s] Level 1:colcon.colcon_core.package_identification:_identify(src/DynamixelSDK) by extensions ['ros']
[0.224s] Level 1:colcon.colcon_core.package_identification:_identify(src/DynamixelSDK) by extension 'ros'
[0.224s] Level 1:colcon.colcon_core.package_identification:_identify(src/DynamixelSDK) by extensions ['cmake', 'python']
[0.224s] Level 1:colcon.colcon_core.package_identification:_identify(src/DynamixelSDK) by extension 'cmake'
[0.224s] Level 1:colcon.colcon_core.package_identification:_identify(src/DynamixelSDK) by extension 'python'
[0.224s] Level 1:colcon.colcon_core.package_identification:_identify(src/DynamixelSDK) by extensions ['python_setup_py']
[0.224s] Level 1:colcon.colcon_core.package_identification:_identify(src/DynamixelSDK) by extension 'python_setup_py'
[0.224s] Level 1:colcon.colcon_core.package_identification:_identify(src/bimanualrobot_ros2) by extensions ['ignore', 'ignore_ament_install']
[0.224s] Level 1:colcon.colcon_core.package_identification:_identify(src/bimanualrobot_ros2) by extension 'ignore'
[0.225s] Level 1:colcon.colcon_core.package_identification:_identify(src/bimanualrobot_ros2) by extension 'ignore_ament_install'
[0.225s] Level 1:colcon.colcon_core.package_identification:_identify(src/bimanualrobot_ros2) by extensions ['colcon_pkg']
[0.225s] Level 1:colcon.colcon_core.package_identification:_identify(src/bimanualrobot_ros2) by extension 'colcon_pkg'
[0.225s] Level 1:colcon.colcon_core.package_identification:_identify(src/bimanualrobot_ros2) by extensions ['colcon_meta']
[0.225s] Level 1:colcon.colcon_core.package_identification:_identify(src/bimanualrobot_ros2) by extension 'colcon_meta'
[0.225s] Level 1:colcon.colcon_core.package_identification:_identify(src/bimanualrobot_ros2) by extensions ['ros']
[0.225s] Level 1:colcon.colcon_core.package_identification:_identify(src/bimanualrobot_ros2) by extension 'ros'
[0.225s] Level 1:colcon.colcon_core.package_identification:_identify(src/bimanualrobot_ros2) by extensions ['cmake', 'python']
[0.225s] Level 1:colcon.colcon_core.package_identification:_identify(src/bimanualrobot_ros2) by extension 'cmake'
[0.225s] Level 1:colcon.colcon_core.package_identification:_identify(src/bimanualrobot_ros2) by extension 'python'
[0.225s] Level 1:colcon.colcon_core.package_identification:_identify(src/bimanualrobot_ros2) by extensions ['python_setup_py']
[0.225s] Level 1:colcon.colcon_core.package_identification:_identify(src/bimanualrobot_ros2) by extension 'python_setup_py'
[0.225s] Level 1:colcon.colcon_core.package_identification:_identify(src/bimanualrobot_ros2/bimanualrobot_bringup) by extensions ['ignore', 'ignore_ament_install']
[0.225s] Level 1:colcon.colcon_core.package_identification:_identify(src/bimanualrobot_ros2/bimanualrobot_bringup) by extension 'ignore'
[0.225s] Level 1:colcon.colcon_core.package_identification:_identify(src/bimanualrobot_ros2/bimanualrobot_bringup) by extension 'ignore_ament_install'
[0.225s] Level 1:colcon.colcon_core.package_identification:_identify(src/bimanualrobot_ros2/bimanualrobot_bringup) by extensions ['colcon_pkg']
[0.225s] Level 1:colcon.colcon_core.package_identification:_identify(src/bimanualrobot_ros2/bimanualrobot_bringup) by extension 'colcon_pkg'
[0.225s] Level 1:colcon.colcon_core.package_identification:_identify(src/bimanualrobot_ros2/bimanualrobot_bringup) by extensions ['colcon_meta']
[0.225s] Level 1:colcon.colcon_core.package_identification:_identify(src/bimanualrobot_ros2/bimanualrobot_bringup) by extension 'colcon_meta'
[0.225s] Level 1:colcon.colcon_core.package_identification:_identify(src/bimanualrobot_ros2/bimanualrobot_bringup) by extensions ['ros']
[0.225s] Level 1:colcon.colcon_core.package_identification:_identify(src/bimanualrobot_ros2/bimanualrobot_bringup) by extension 'ros'
[0.229s] DEBUG:colcon.colcon_core.package_identification:Package 'src/bimanualrobot_ros2/bimanualrobot_bringup' with type 'ros.ament_python' and name 'bimanualrobot_bringup'
[0.229s] Level 1:colcon.colcon_core.package_identification:_identify(src/bimanualrobot_ros2/bimanualrobot_description) by extensions ['ignore', 'ignore_ament_install']
[0.229s] Level 1:colcon.colcon_core.package_identification:_identify(src/bimanualrobot_ros2/bimanualrobot_description) by extension 'ignore'
[0.229s] Level 1:colcon.colcon_core.package_identification:_identify(src/bimanualrobot_ros2/bimanualrobot_description) by extension 'ignore_ament_install'
[0.229s] Level 1:colcon.colcon_core.package_identification:_identify(src/bimanualrobot_ros2/bimanualrobot_description) by extensions ['colcon_pkg']
[0.229s] Level 1:colcon.colcon_core.package_identification:_identify(src/bimanualrobot_ros2/bimanualrobot_description) by extension 'colcon_pkg'
[0.229s] Level 1:colcon.colcon_core.package_identification:_identify(src/bimanualrobot_ros2/bimanualrobot_description) by extensions ['colcon_meta']
[0.229s] Level 1:colcon.colcon_core.package_identification:_identify(src/bimanualrobot_ros2/bimanualrobot_description) by extension 'colcon_meta'
[0.229s] Level 1:colcon.colcon_core.package_identification:_identify(src/bimanualrobot_ros2/bimanualrobot_description) by extensions ['ros']
[0.229s] Level 1:colcon.colcon_core.package_identification:_identify(src/bimanualrobot_ros2/bimanualrobot_description) by extension 'ros'
[0.230s] DEBUG:colcon.colcon_core.package_identification:Package 'src/bimanualrobot_ros2/bimanualrobot_description' with type 'ros.ament_cmake' and name 'bimanualrobot_description'
[0.230s] Level 1:colcon.colcon_core.package_identification:_identify(src/bimanualrobot_ros2/bimanualrobot_drumstick_moveit_config) by extensions ['ignore', 'ignore_ament_install']
[0.230s] Level 1:colcon.colcon_core.package_identification:_identify(src/bimanualrobot_ros2/bimanualrobot_drumstick_moveit_config) by extension 'ignore'
[0.230s] Level 1:colcon.colcon_core.package_identification:_identify(src/bimanualrobot_ros2/bimanualrobot_drumstick_moveit_config) by extension 'ignore_ament_install'
[0.230s] Level 1:colcon.colcon_core.package_identification:_identify(src/bimanualrobot_ros2/bimanualrobot_drumstick_moveit_config) by extensions ['colcon_pkg']
[0.230s] Level 1:colcon.colcon_core.package_identification:_identify(src/bimanualrobot_ros2/bimanualrobot_drumstick_moveit_config) by extension 'colcon_pkg'
[0.230s] Level 1:colcon.colcon_core.package_identification:_identify(src/bimanualrobot_ros2/bimanualrobot_drumstick_moveit_config) by extensions ['colcon_meta']
[0.230s] Level 1:colcon.colcon_core.package_identification:_identify(src/bimanualrobot_ros2/bimanualrobot_drumstick_moveit_config) by extension 'colcon_meta'
[0.230s] Level 1:colcon.colcon_core.package_identification:_identify(src/bimanualrobot_ros2/bimanualrobot_drumstick_moveit_config) by extensions ['ros']
[0.230s] Level 1:colcon.colcon_core.package_identification:_identify(src/bimanualrobot_ros2/bimanualrobot_drumstick_moveit_config) by extension 'ros'
[0.230s] DEBUG:colcon.colcon_core.package_identification:Package 'src/bimanualrobot_ros2/bimanualrobot_drumstick_moveit_config' with type 'ros.ament_cmake' and name 'bimanualrobot_drumstick_moveit_config'
[0.230s] Level 1:colcon.colcon_core.package_identification:_identify(src/bimanualrobot_ros2/bimanualrobot_gazebo) by extensions ['ignore', 'ignore_ament_install']
[0.230s] Level 1:colcon.colcon_core.package_identification:_identify(src/bimanualrobot_ros2/bimanualrobot_gazebo) by extension 'ignore'
[0.231s] Level 1:colcon.colcon_core.package_identification:_identify(src/bimanualrobot_ros2/bimanualrobot_gazebo) by extension 'ignore_ament_install'
[0.231s] Level 1:colcon.colcon_core.package_identification:_identify(src/bimanualrobot_ros2/bimanualrobot_gazebo) by extensions ['colcon_pkg']
[0.231s] Level 1:colcon.colcon_core.package_identification:_identify(src/bimanualrobot_ros2/bimanualrobot_gazebo) by extension 'colcon_pkg'
[0.231s] Level 1:colcon.colcon_core.package_identification:_identify(src/bimanualrobot_ros2/bimanualrobot_gazebo) by extensions ['colcon_meta']
[0.231s] Level 1:colcon.colcon_core.package_identification:_identify(src/bimanualrobot_ros2/bimanualrobot_gazebo) by extension 'colcon_meta'
[0.231s] Level 1:colcon.colcon_core.package_identification:_identify(src/bimanualrobot_ros2/bimanualrobot_gazebo) by extensions ['ros']
[0.231s] Level 1:colcon.colcon_core.package_identification:_identify(src/bimanualrobot_ros2/bimanualrobot_gazebo) by extension 'ros'
[0.231s] DEBUG:colcon.colcon_core.package_identification:Package 'src/bimanualrobot_ros2/bimanualrobot_gazebo' with type 'ros.ament_cmake' and name 'bimanualrobot_gazebo'
[0.231s] Level 1:colcon.colcon_core.package_identification:_identify(src/bimanualrobot_ros2/bimanualrobot_moveit_config) by extensions ['ignore', 'ignore_ament_install']
[0.231s] Level 1:colcon.colcon_core.package_identification:_identify(src/bimanualrobot_ros2/bimanualrobot_moveit_config) by extension 'ignore'
[0.231s] Level 1:colcon.colcon_core.package_identification:_identify(src/bimanualrobot_ros2/bimanualrobot_moveit_config) by extension 'ignore_ament_install'
[0.231s] Level 1:colcon.colcon_core.package_identification:_identify(src/bimanualrobot_ros2/bimanualrobot_moveit_config) by extensions ['colcon_pkg']
[0.231s] Level 1:colcon.colcon_core.package_identification:_identify(src/bimanualrobot_ros2/bimanualrobot_moveit_config) by extension 'colcon_pkg'
[0.231s] Level 1:colcon.colcon_core.package_identification:_identify(src/bimanualrobot_ros2/bimanualrobot_moveit_config) by extensions ['colcon_meta']
[0.231s] Level 1:colcon.colcon_core.package_identification:_identify(src/bimanualrobot_ros2/bimanualrobot_moveit_config) by extension 'colcon_meta'
[0.231s] Level 1:colcon.colcon_core.package_identification:_identify(src/bimanualrobot_ros2/bimanualrobot_moveit_config) by extensions ['ros']
[0.231s] Level 1:colcon.colcon_core.package_identification:_identify(src/bimanualrobot_ros2/bimanualrobot_moveit_config) by extension 'ros'
[0.232s] DEBUG:colcon.colcon_core.package_identification:Package 'src/bimanualrobot_ros2/bimanualrobot_moveit_config' with type 'ros.ament_cmake' and name 'bimanualrobot_moveit_config'
[0.232s] Level 1:colcon.colcon_core.package_identification:_identify(src/bimanualrobot_ros2/bimanualrobot_ros2) by extensions ['ignore', 'ignore_ament_install']
[0.232s] Level 1:colcon.colcon_core.package_identification:_identify(src/bimanualrobot_ros2/bimanualrobot_ros2) by extension 'ignore'
[0.232s] Level 1:colcon.colcon_core.package_identification:_identify(src/bimanualrobot_ros2/bimanualrobot_ros2) by extension 'ignore_ament_install'
[0.232s] Level 1:colcon.colcon_core.package_identification:_identify(src/bimanualrobot_ros2/bimanualrobot_ros2) by extensions ['colcon_pkg']
[0.232s] Level 1:colcon.colcon_core.package_identification:_identify(src/bimanualrobot_ros2/bimanualrobot_ros2) by extension 'colcon_pkg'
[0.232s] Level 1:colcon.colcon_core.package_identification:_identify(src/bimanualrobot_ros2/bimanualrobot_ros2) by extensions ['colcon_meta']
[0.232s] Level 1:colcon.colcon_core.package_identification:_identify(src/bimanualrobot_ros2/bimanualrobot_ros2) by extension 'colcon_meta'
[0.232s] Level 1:colcon.colcon_core.package_identification:_identify(src/bimanualrobot_ros2/bimanualrobot_ros2) by extensions ['ros']
[0.232s] Level 1:colcon.colcon_core.package_identification:_identify(src/bimanualrobot_ros2/bimanualrobot_ros2) by extension 'ros'
[0.232s] DEBUG:colcon.colcon_core.package_identification:Package 'src/bimanualrobot_ros2/bimanualrobot_ros2' with type 'ros.ament_cmake' and name 'bimanualrobot_ros2'
[0.232s] Level 1:colcon.colcon_core.package_identification:_identify(src/bimanualrobot_ros2/bimanualrobot_system_tests) by extensions ['ignore', 'ignore_ament_install']
[0.232s] Level 1:colcon.colcon_core.package_identification:_identify(src/bimanualrobot_ros2/bimanualrobot_system_tests) by extension 'ignore'
[0.232s] Level 1:colcon.colcon_core.package_identification:_identify(src/bimanualrobot_ros2/bimanualrobot_system_tests) by extension 'ignore_ament_install'
[0.232s] Level 1:colcon.colcon_core.package_identification:_identify(src/bimanualrobot_ros2/bimanualrobot_system_tests) by extensions ['colcon_pkg']
[0.232s] Level 1:colcon.colcon_core.package_identification:_identify(src/bimanualrobot_ros2/bimanualrobot_system_tests) by extension 'colcon_pkg'
[0.232s] Level 1:colcon.colcon_core.package_identification:_identify(src/bimanualrobot_ros2/bimanualrobot_system_tests) by extensions ['colcon_meta']
[0.232s] Level 1:colcon.colcon_core.package_identification:_identify(src/bimanualrobot_ros2/bimanualrobot_system_tests) by extension 'colcon_meta'
[0.232s] Level 1:colcon.colcon_core.package_identification:_identify(src/bimanualrobot_ros2/bimanualrobot_system_tests) by extensions ['ros']
[0.232s] Level 1:colcon.colcon_core.package_identification:_identify(src/bimanualrobot_ros2/bimanualrobot_system_tests) by extension 'ros'
[0.233s] DEBUG:colcon.colcon_core.package_identification:Package 'src/bimanualrobot_ros2/bimanualrobot_system_tests' with type 'ros.ament_cmake' and name 'bimanualrobot_system_tests'
[0.233s] Level 1:colcon.colcon_core.package_identification:_identify(src/bio_ik) by extensions ['ignore', 'ignore_ament_install']
[0.233s] Level 1:colcon.colcon_core.package_identification:_identify(src/bio_ik) by extension 'ignore'
[0.233s] Level 1:colcon.colcon_core.package_identification:_identify(src/bio_ik) by extension 'ignore_ament_install'
[0.233s] Level 1:colcon.colcon_core.package_identification:_identify(src/bio_ik) by extensions ['colcon_pkg']
[0.233s] Level 1:colcon.colcon_core.package_identification:_identify(src/bio_ik) by extension 'colcon_pkg'
[0.233s] Level 1:colcon.colcon_core.package_identification:_identify(src/bio_ik) by extensions ['colcon_meta']
[0.233s] Level 1:colcon.colcon_core.package_identification:_identify(src/bio_ik) by extension 'colcon_meta'
[0.233s] Level 1:colcon.colcon_core.package_identification:_identify(src/bio_ik) by extensions ['ros']
[0.233s] Level 1:colcon.colcon_core.package_identification:_identify(src/bio_ik) by extension 'ros'
[0.233s] DEBUG:colcon.colcon_core.package_identification:Package 'src/bio_ik' with type 'ros.catkin' and name 'bio_ik'
[0.233s] Level 1:colcon.colcon_core.package_identification:_identify(src/dynamixel_hardware_interface) by extensions ['ignore', 'ignore_ament_install']
[0.233s] Level 1:colcon.colcon_core.package_identification:_identify(src/dynamixel_hardware_interface) by extension 'ignore'
[0.234s] Level 1:colcon.colcon_core.package_identification:_identify(src/dynamixel_hardware_interface) by extension 'ignore_ament_install'
[0.234s] Level 1:colcon.colcon_core.package_identification:_identify(src/dynamixel_hardware_interface) by extensions ['colcon_pkg']
[0.234s] Level 1:colcon.colcon_core.package_identification:_identify(src/dynamixel_hardware_interface) by extension 'colcon_pkg'
[0.234s] Level 1:colcon.colcon_core.package_identification:_identify(src/dynamixel_hardware_interface) by extensions ['colcon_meta']
[0.234s] Level 1:colcon.colcon_core.package_identification:_identify(src/dynamixel_hardware_interface) by extension 'colcon_meta'
[0.234s] Level 1:colcon.colcon_core.package_identification:_identify(src/dynamixel_hardware_interface) by extensions ['ros']
[0.234s] Level 1:colcon.colcon_core.package_identification:_identify(src/dynamixel_hardware_interface) by extension 'ros'
[0.234s] Level 1:colcon.colcon_core.package_identification:_identify(src/dynamixel_hardware_interface) by extensions ['cmake', 'python']
[0.234s] Level 1:colcon.colcon_core.package_identification:_identify(src/dynamixel_hardware_interface) by extension 'cmake'
[0.234s] Level 1:colcon.colcon_core.package_identification:_identify(src/dynamixel_hardware_interface) by extension 'python'
[0.234s] Level 1:colcon.colcon_core.package_identification:_identify(src/dynamixel_hardware_interface) by extensions ['python_setup_py']
[0.234s] Level 1:colcon.colcon_core.package_identification:_identify(src/dynamixel_hardware_interface) by extension 'python_setup_py'
[0.234s] Level 1:colcon.colcon_core.package_identification:_identify(src/dynamixel_interfaces) by extensions ['ignore', 'ignore_ament_install']
[0.234s] Level 1:colcon.colcon_core.package_identification:_identify(src/dynamixel_interfaces) by extension 'ignore'
[0.234s] Level 1:colcon.colcon_core.package_identification:_identify(src/dynamixel_interfaces) by extension 'ignore_ament_install'
[0.234s] Level 1:colcon.colcon_core.package_identification:_identify(src/dynamixel_interfaces) by extensions ['colcon_pkg']
[0.234s] Level 1:colcon.colcon_core.package_identification:_identify(src/dynamixel_interfaces) by extension 'colcon_pkg'
[0.234s] Level 1:colcon.colcon_core.package_identification:_identify(src/dynamixel_interfaces) by extensions ['colcon_meta']
[0.234s] Level 1:colcon.colcon_core.package_identification:_identify(src/dynamixel_interfaces) by extension 'colcon_meta'
[0.234s] Level 1:colcon.colcon_core.package_identification:_identify(src/dynamixel_interfaces) by extensions ['ros']
[0.234s] Level 1:colcon.colcon_core.package_identification:_identify(src/dynamixel_interfaces) by extension 'ros'
[0.234s] Level 1:colcon.colcon_core.package_identification:_identify(src/dynamixel_interfaces) by extensions ['cmake', 'python']
[0.234s] Level 1:colcon.colcon_core.package_identification:_identify(src/dynamixel_interfaces) by extension 'cmake'
[0.234s] Level 1:colcon.colcon_core.package_identification:_identify(src/dynamixel_interfaces) by extension 'python'
[0.234s] Level 1:colcon.colcon_core.package_identification:_identify(src/dynamixel_interfaces) by extensions ['python_setup_py']
[0.234s] Level 1:colcon.colcon_core.package_identification:_identify(src/dynamixel_interfaces) by extension 'python_setup_py'
[0.234s] Level 1:colcon.colcon_core.package_discovery:discover_packages(recursive) using defaults
[0.234s] Level 1:colcon.colcon_core.package_discovery:discover_packages(ignore) discover
[0.234s] Level 1:colcon.colcon_core.package_discovery:discover_packages(ignore) using defaults
[0.234s] Level 1:colcon.colcon_core.package_discovery:discover_packages(path) discover
[0.234s] Level 1:colcon.colcon_core.package_discovery:discover_packages(path) using defaults
[0.255s] Level 1:colcon.colcon_core.package_discovery:discover_packages(prefix_path) check parameters
[0.255s] Level 1:colcon.colcon_core.package_discovery:discover_packages(prefix_path) discover
[0.259s] DEBUG:colcon.colcon_installed_package_information.package_discovery:Found 7 installed packages in /home/thibaut/Documents/Bimanual_Robot/bimanual_ws/install
[0.260s] DEBUG:colcon.colcon_installed_package_information.package_discovery:Found 422 installed packages in /opt/ros/jazzy
[0.261s] Level 1:colcon.colcon_core.package_discovery:discover_packages(prefix_path) using defaults
[0.313s] Level 5:colcon.colcon_core.verb:set package 'bimanualrobot_description' build argument 'cmake_args' from command line to 'None'
[0.313s] Level 5:colcon.colcon_core.verb:set package 'bimanualrobot_description' build argument 'cmake_target' from command line to 'None'
[0.313s] Level 5:colcon.colcon_core.verb:set package 'bimanualrobot_description' build argument 'cmake_target_skip_unavailable' from command line to 'False'
[0.313s] Level 5:colcon.colcon_core.verb:set package 'bimanualrobot_description' build argument 'cmake_clean_cache' from command line to 'False'
[0.313s] Level 5:colcon.colcon_core.verb:set package 'bimanualrobot_description' build argument 'cmake_clean_first' from command line to 'False'
[0.313s] Level 5:colcon.colcon_core.verb:set package 'bimanualrobot_description' build argument 'cmake_force_configure' from command line to 'False'
[0.313s] Level 5:colcon.colcon_core.verb:set package 'bimanualrobot_description' build argument 'ament_cmake_args' from command line to 'None'
[0.313s] Level 5:colcon.colcon_core.verb:set package 'bimanualrobot_description' build argument 'catkin_cmake_args' from command line to 'None'
[0.313s] Level 5:colcon.colcon_core.verb:set package 'bimanualrobot_description' build argument 'catkin_skip_building_tests' from command line to 'False'
[0.313s] DEBUG:colcon.colcon_core.verb:Building package 'bimanualrobot_description' with the following arguments: {'ament_cmake_args': None, 'build_base': '/home/thibaut/Documents/Bimanual_Robot/bimanual_ws/build/bimanualrobot_description', 'catkin_cmake_args': None, 'catkin_skip_building_tests': False, 'cmake_args': None, 'cmake_clean_cache': False, 'cmake_clean_first': False, 'cmake_force_configure': False, 'cmake_target': None, 'cmake_target_skip_unavailable': False, 'install_base': '/home/thibaut/Documents/Bimanual_Robot/bimanual_ws/install/bimanualrobot_description', 'merge_install': False, 'path': '/home/thibaut/Documents/Bimanual_Robot/bimanual_ws/src/bimanualrobot_ros2/bimanualrobot_description', 'symlink_install': True, 'test_result_base': None}
[0.313s] Level 5:colcon.colcon_core.verb:set package 'bimanualrobot_gazebo' build argument 'cmake_args' from command line to 'None'
[0.313s] Level 5:colcon.colcon_core.verb:set package 'bimanualrobot_gazebo' build argument 'cmake_target' from command line to 'None'
[0.313s] Level 5:colcon.colcon_core.verb:set package 'bimanualrobot_gazebo' build argument 'cmake_target_skip_unavailable' from command line to 'False'
[0.313s] Level 5:colcon.colcon_core.verb:set package 'bimanualrobot_gazebo' build argument 'cmake_clean_cache' from command line to 'False'
[0.313s] Level 5:colcon.colcon_core.verb:set package 'bimanualrobot_gazebo' build argument 'cmake_clean_first' from command line to 'False'
[0.313s] Level 5:colcon.colcon_core.verb:set package 'bimanualrobot_gazebo' build argument 'cmake_force_configure' from command line to 'False'
[0.313s] Level 5:colcon.colcon_core.verb:set package 'bimanualrobot_gazebo' build argument 'ament_cmake_args' from command line to 'None'
[0.313s] Level 5:colcon.colcon_core.verb:set package 'bimanualrobot_gazebo' build argument 'catkin_cmake_args' from command line to 'None'
[0.313s] Level 5:colcon.colcon_core.verb:set package 'bimanualrobot_gazebo' build argument 'catkin_skip_building_tests' from command line to 'False'
[0.313s] DEBUG:colcon.colcon_core.verb:Building package 'bimanualrobot_gazebo' with the following arguments: {'ament_cmake_args': None, 'build_base': '/home/thibaut/Documents/Bimanual_Robot/bimanual_ws/build/bimanualrobot_gazebo', 'catkin_cmake_args': None, 'catkin_skip_building_tests': False, 'cmake_args': None, 'cmake_clean_cache': False, 'cmake_clean_first': False, 'cmake_force_configure': False, 'cmake_target': None, 'cmake_target_skip_unavailable': False, 'install_base': '/home/thibaut/Documents/Bimanual_Robot/bimanual_ws/install/bimanualrobot_gazebo', 'merge_install': False, 'path': '/home/thibaut/Documents/Bimanual_Robot/bimanual_ws/src/bimanualrobot_ros2/bimanualrobot_gazebo', 'symlink_install': True, 'test_result_base': None}
[0.313s] Level 5:colcon.colcon_core.verb:set package 'bimanualrobot_moveit_config' build argument 'cmake_args' from command line to 'None'
[0.313s] Level 5:colcon.colcon_core.verb:set package 'bimanualrobot_moveit_config' build argument 'cmake_target' from command line to 'None'
[0.313s] Level 5:colcon.colcon_core.verb:set package 'bimanualrobot_moveit_config' build argument 'cmake_target_skip_unavailable' from command line to 'False'
[0.313s] Level 5:colcon.colcon_core.verb:set package 'bimanualrobot_moveit_config' build argument 'cmake_clean_cache' from command line to 'False'
[0.313s] Level 5:colcon.colcon_core.verb:set package 'bimanualrobot_moveit_config' build argument 'cmake_clean_first' from command line to 'False'
[0.313s] Level 5:colcon.colcon_core.verb:set package 'bimanualrobot_moveit_config' build argument 'cmake_force_configure' from command line to 'False'
[0.313s] Level 5:colcon.colcon_core.verb:set package 'bimanualrobot_moveit_config' build argument 'ament_cmake_args' from command line to 'None'
[0.313s] Level 5:colcon.colcon_core.verb:set package 'bimanualrobot_moveit_config' build argument 'catkin_cmake_args' from command line to 'None'
[0.313s] Level 5:colcon.colcon_core.verb:set package 'bimanualrobot_moveit_config' build argument 'catkin_skip_building_tests' from command line to 'False'
[0.313s] DEBUG:colcon.colcon_core.verb:Building package 'bimanualrobot_moveit_config' with the following arguments: {'ament_cmake_args': None, 'build_base': '/home/thibaut/Documents/Bimanual_Robot/bimanual_ws/build/bimanualrobot_moveit_config', 'catkin_cmake_args': None, 'catkin_skip_building_tests': False, 'cmake_args': None, 'cmake_clean_cache': False, 'cmake_clean_first': False, 'cmake_force_configure': False, 'cmake_target': None, 'cmake_target_skip_unavailable': False, 'install_base': '/home/thibaut/Documents/Bimanual_Robot/bimanual_ws/install/bimanualrobot_moveit_config', 'merge_install': False, 'path': '/home/thibaut/Documents/Bimanual_Robot/bimanual_ws/src/bimanualrobot_ros2/bimanualrobot_moveit_config', 'symlink_install': True, 'test_result_base': None}
[0.314s] Level 5:colcon.colcon_core.verb:set package 'bimanualrobot_system_tests' build argument 'cmake_args' from command line to 'None'
[0.314s] Level 5:colcon.colcon_core.verb:set package 'bimanualrobot_system_tests' build argument 'cmake_target' from command line to 'None'
[0.314s] Level 5:colcon.colcon_core.verb:set package 'bimanualrobot_system_tests' build argument 'cmake_target_skip_unavailable' from command line to 'False'
[0.314s] Level 5:colcon.colcon_core.verb:set package 'bimanualrobot_system_tests' build argument 'cmake_clean_cache' from command line to 'False'
[0.314s] Level 5:colcon.colcon_core.verb:set package 'bimanualrobot_system_tests' build argument 'cmake_clean_first' from command line to 'False'
[0.314s] Level 5:colcon.colcon_core.verb:set package 'bimanualrobot_system_tests' build argument 'cmake_force_configure' from command line to 'False'
[0.314s] Level 5:colcon.colcon_core.verb:set package 'bimanualrobot_system_tests' build argument 'ament_cmake_args' from command line to 'None'
[0.314s] Level 5:colcon.colcon_core.verb:set package 'bimanualrobot_system_tests' build argument 'catkin_cmake_args' from command line to 'None'
[0.314s] Level 5:colcon.colcon_core.verb:set package 'bimanualrobot_system_tests' build argument 'catkin_skip_building_tests' from command line to 'False'
[0.314s] DEBUG:colcon.colcon_core.verb:Building package 'bimanualrobot_system_tests' with the following arguments: {'ament_cmake_args': None, 'build_base': '/home/thibaut/Documents/Bimanual_Robot/bimanual_ws/build/bimanualrobot_system_tests', 'catkin_cmake_args': None, 'catkin_skip_building_tests': False, 'cmake_args': None, 'cmake_clean_cache': False, 'cmake_clean_first': False, 'cmake_force_configure': False, 'cmake_target': None, 'cmake_target_skip_unavailable': False, 'install_base': '/home/thibaut/Documents/Bimanual_Robot/bimanual_ws/install/bimanualrobot_system_tests', 'merge_install': False, 'path': '/home/thibaut/Documents/Bimanual_Robot/bimanual_ws/src/bimanualrobot_ros2/bimanualrobot_system_tests', 'symlink_install': True, 'test_result_base': None}
[0.314s] Level 5:colcon.colcon_core.verb:set package 'bio_ik' build argument 'cmake_args' from command line to 'None'
[0.314s] Level 5:colcon.colcon_core.verb:set package 'bio_ik' build argument 'cmake_target' from command line to 'None'
[0.314s] Level 5:colcon.colcon_core.verb:set package 'bio_ik' build argument 'cmake_target_skip_unavailable' from command line to 'False'
[0.314s] Level 5:colcon.colcon_core.verb:set package 'bio_ik' build argument 'cmake_clean_cache' from command line to 'False'
[0.314s] Level 5:colcon.colcon_core.verb:set package 'bio_ik' build argument 'cmake_clean_first' from command line to 'False'
[0.314s] Level 5:colcon.colcon_core.verb:set package 'bio_ik' build argument 'cmake_force_configure' from command line to 'False'
[0.314s] Level 5:colcon.colcon_core.verb:set package 'bio_ik' build argument 'ament_cmake_args' from command line to 'None'
[0.314s] Level 5:colcon.colcon_core.verb:set package 'bio_ik' build argument 'catkin_cmake_args' from command line to 'None'
[0.314s] Level 5:colcon.colcon_core.verb:set package 'bio_ik' build argument 'catkin_skip_building_tests' from command line to 'False'
[0.314s] DEBUG:colcon.colcon_core.verb:Building package 'bio_ik' with the following arguments: {'ament_cmake_args': None, 'build_base': '/home/thibaut/Documents/Bimanual_Robot/bimanual_ws/build/bio_ik', 'catkin_cmake_args': None, 'catkin_skip_building_tests': False, 'cmake_args': None, 'cmake_clean_cache': False, 'cmake_clean_first': False, 'cmake_force_configure': False, 'cmake_target': None, 'cmake_target_skip_unavailable': False, 'install_base': '/home/thibaut/Documents/Bimanual_Robot/bimanual_ws/install/bio_ik', 'merge_install': False, 'path': '/home/thibaut/Documents/Bimanual_Robot/bimanual_ws/src/bio_ik', 'symlink_install': True, 'test_result_base': None}
[0.314s] Level 5:colcon.colcon_core.verb:set package 'bimanualrobot_bringup' build argument 'cmake_args' from command line to 'None'
[0.314s] Level 5:colcon.colcon_core.verb:set package 'bimanualrobot_bringup' build argument 'cmake_target' from command line to 'None'
[0.314s] Level 5:colcon.colcon_core.verb:set package 'bimanualrobot_bringup' build argument 'cmake_target_skip_unavailable' from command line to 'False'
[0.314s] Level 5:colcon.colcon_core.verb:set package 'bimanualrobot_bringup' build argument 'cmake_clean_cache' from command line to 'False'
[0.314s] Level 5:colcon.colcon_core.verb:set package 'bimanualrobot_bringup' build argument 'cmake_clean_first' from command line to 'False'
[0.314s] Level 5:colcon.colcon_core.verb:set package 'bimanualrobot_bringup' build argument 'cmake_force_configure' from command line to 'False'
[0.314s] Level 5:colcon.colcon_core.verb:set package 'bimanualrobot_bringup' build argument 'ament_cmake_args' from command line to 'None'
[0.314s] Level 5:colcon.colcon_core.verb:set package 'bimanualrobot_bringup' build argument 'catkin_cmake_args' from command line to 'None'
[0.314s] Level 5:colcon.colcon_core.verb:set package 'bimanualrobot_bringup' build argument 'catkin_skip_building_tests' from command line to 'False'
[0.314s] DEBUG:colcon.colcon_core.verb:Building package 'bimanualrobot_bringup' with the following arguments: {'ament_cmake_args': None, 'build_base': '/home/thibaut/Documents/Bimanual_Robot/bimanual_ws/build/bimanualrobot_bringup', 'catkin_cmake_args': None, 'catkin_skip_building_tests': False, 'cmake_args': None, 'cmake_clean_cache': False, 'cmake_clean_first': False, 'cmake_force_configure': False, 'cmake_target': None, 'cmake_target_skip_unavailable': False, 'install_base': '/home/thibaut/Documents/Bimanual_Robot/bimanual_ws/install/bimanualrobot_bringup', 'merge_install': False, 'path': '/home/thibaut/Documents/Bimanual_Robot/bimanual_ws/src/bimanualrobot_ros2/bimanualrobot_bringup', 'symlink_install': True, 'test_result_base': None}
[0.314s] Level 5:colcon.colcon_core.verb:set package 'bimanualrobot_drumstick_moveit_config' build argument 'cmake_args' from command line to 'None'
[0.314s] Level 5:colcon.colcon_core.verb:set package 'bimanualrobot_drumstick_moveit_config' build argument 'cmake_target' from command line to 'None'
[0.314s] Level 5:colcon.colcon_core.verb:set package 'bimanualrobot_drumstick_moveit_config' build argument 'cmake_target_skip_unavailable' from command line to 'False'
[0.314s] Level 5:colcon.colcon_core.verb:set package 'bimanualrobot_drumstick_moveit_config' build argument 'cmake_clean_cache' from command line to 'False'
[0.314s] Level 5:colcon.colcon_core.verb:set package 'bimanualrobot_drumstick_moveit_config' build argument 'cmake_clean_first' from command line to 'False'
[0.314s] Level 5:colcon.colcon_core.verb:set package 'bimanualrobot_drumstick_moveit_config' build argument 'cmake_force_configure' from command line to 'False'
[0.314s] Level 5:colcon.colcon_core.verb:set package 'bimanualrobot_drumstick_moveit_config' build argument 'ament_cmake_args' from command line to 'None'
[0.314s] Level 5:colcon.colcon_core.verb:set package 'bimanualrobot_drumstick_moveit_config' build argument 'catkin_cmake_args' from command line to 'None'
[0.314s] Level 5:colcon.colcon_core.verb:set package 'bimanualrobot_drumstick_moveit_config' build argument 'catkin_skip_building_tests' from command line to 'False'
[0.314s] DEBUG:colcon.colcon_core.verb:Building package 'bimanualrobot_drumstick_moveit_config' with the following arguments: {'ament_cmake_args': None, 'build_base': '/home/thibaut/Documents/Bimanual_Robot/bimanual_ws/build/bimanualrobot_drumstick_moveit_config', 'catkin_cmake_args': None, 'catkin_skip_building_tests': False, 'cmake_args': None, 'cmake_clean_cache': False, 'cmake_clean_first': False, 'cmake_force_configure': False, 'cmake_target': None, 'cmake_target_skip_unavailable': False, 'install_base': '/home/thibaut/Documents/Bimanual_Robot/bimanual_ws/install/bimanualrobot_drumstick_moveit_config', 'merge_install': False, 'path': '/home/thibaut/Documents/Bimanual_Robot/bimanual_ws/src/bimanualrobot_ros2/bimanualrobot_drumstick_moveit_config', 'symlink_install': True, 'test_result_base': None}
[0.314s] Level 5:colcon.colcon_core.verb:set package 'bimanualrobot_ros2' build argument 'cmake_args' from command line to 'None'
[0.314s] Level 5:colcon.colcon_core.verb:set package 'bimanualrobot_ros2' build argument 'cmake_target' from command line to 'None'
[0.314s] Level 5:colcon.colcon_core.verb:set package 'bimanualrobot_ros2' build argument 'cmake_target_skip_unavailable' from command line to 'False'
[0.314s] Level 5:colcon.colcon_core.verb:set package 'bimanualrobot_ros2' build argument 'cmake_clean_cache' from command line to 'False'
[0.314s] Level 5:colcon.colcon_core.verb:set package 'bimanualrobot_ros2' build argument 'cmake_clean_first' from command line to 'False'
[0.314s] Level 5:colcon.colcon_core.verb:set package 'bimanualrobot_ros2' build argument 'cmake_force_configure' from command line to 'False'
[0.314s] Level 5:colcon.colcon_core.verb:set package 'bimanualrobot_ros2' build argument 'ament_cmake_args' from command line to 'None'
[0.314s] Level 5:colcon.colcon_core.verb:set package 'bimanualrobot_ros2' build argument 'catkin_cmake_args' from command line to 'None'
[0.314s] Level 5:colcon.colcon_core.verb:set package 'bimanualrobot_ros2' build argument 'catkin_skip_building_tests' from command line to 'False'
[0.314s] DEBUG:colcon.colcon_core.verb:Building package 'bimanualrobot_ros2' with the following arguments: {'ament_cmake_args': None, 'build_base': '/home/thibaut/Documents/Bimanual_Robot/bimanual_ws/build/bimanualrobot_ros2', 'catkin_cmake_args': None, 'catkin_skip_building_tests': False, 'cmake_args': None, 'cmake_clean_cache': False, 'cmake_clean_first': False, 'cmake_force_configure': False, 'cmake_target': None, 'cmake_target_skip_unavailable': False, 'install_base': '/home/thibaut/Documents/Bimanual_Robot/bimanual_ws/install/bimanualrobot_ros2', 'merge_install': False, 'path': '/home/thibaut/Documents/Bimanual_Robot/bimanual_ws/src/bimanualrobot_ros2/bimanualrobot_ros2', 'symlink_install': True, 'test_result_base': None}
[0.314s] INFO:colcon.colcon_core.executor:Executing jobs using 'parallel' executor
[0.315s] DEBUG:colcon.colcon_parallel_executor.executor.parallel:run_until_complete
[0.315s] INFO:colcon.colcon_ros.task.ament_cmake.build:Building ROS package in '/home/thibaut/Documents/Bimanual_Robot/bimanual_ws/src/bimanualrobot_ros2/bimanualrobot_description' with build type 'ament_cmake'
[0.316s] INFO:colcon.colcon_cmake.task.cmake.build:Building CMake package in '/home/thibaut/Documents/Bimanual_Robot/bimanual_ws/src/bimanualrobot_ros2/bimanualrobot_description'
[0.319s] INFO:colcon.colcon_core.plugin_system:Skipping extension 'colcon_core.shell.bat': Not used on non-Windows systems
[0.319s] INFO:colcon.colcon_core.shell:Skip shell extension 'powershell' for command environment: Not usable outside of PowerShell
[0.319s] DEBUG:colcon.colcon_core.shell:Skip shell extension 'dsv' for command environment
[0.322s] INFO:colcon.colcon_ros.task.ament_cmake.build:Building ROS package in '/home/thibaut/Documents/Bimanual_Robot/bimanual_ws/src/bimanualrobot_ros2/bimanualrobot_gazebo' with build type 'ament_cmake'
[0.322s] INFO:colcon.colcon_cmake.task.cmake.build:Building CMake package in '/home/thibaut/Documents/Bimanual_Robot/bimanual_ws/src/bimanualrobot_ros2/bimanualrobot_gazebo'
[0.322s] INFO:colcon.colcon_core.shell:Skip shell extension 'powershell' for command environment: Not usable outside of PowerShell
[0.322s] DEBUG:colcon.colcon_core.shell:Skip shell extension 'dsv' for command environment
[0.324s] INFO:colcon.colcon_ros.task.ament_cmake.build:Building ROS package in '/home/thibaut/Documents/Bimanual_Robot/bimanual_ws/src/bimanualrobot_ros2/bimanualrobot_moveit_config' with build type 'ament_cmake'
[0.324s] INFO:colcon.colcon_cmake.task.cmake.build:Building CMake package in '/home/thibaut/Documents/Bimanual_Robot/bimanual_ws/src/bimanualrobot_ros2/bimanualrobot_moveit_config'
[0.324s] INFO:colcon.colcon_core.shell:Skip shell extension 'powershell' for command environment: Not usable outside of PowerShell
[0.324s] DEBUG:colcon.colcon_core.shell:Skip shell extension 'dsv' for command environment
[0.328s] INFO:colcon.colcon_ros.task.ament_cmake.build:Building ROS package in '/home/thibaut/Documents/Bimanual_Robot/bimanual_ws/src/bimanualrobot_ros2/bimanualrobot_system_tests' with build type 'ament_cmake'
[0.328s] INFO:colcon.colcon_cmake.task.cmake.build:Building CMake package in '/home/thibaut/Documents/Bimanual_Robot/bimanual_ws/src/bimanualrobot_ros2/bimanualrobot_system_tests'
[0.328s] INFO:colcon.colcon_core.shell:Skip shell extension 'powershell' for command environment: Not usable outside of PowerShell
[0.328s] DEBUG:colcon.colcon_core.shell:Skip shell extension 'dsv' for command environment
[0.333s] INFO:colcon.colcon_ros.task.catkin.build:Building ROS package in '/home/thibaut/Documents/Bimanual_Robot/bimanual_ws/src/bio_ik' with build type 'catkin'
[0.333s] INFO:colcon.colcon_cmake.task.cmake.build:Building CMake package in '/home/thibaut/Documents/Bimanual_Robot/bimanual_ws/src/bio_ik'
[0.333s] INFO:colcon.colcon_core.shell:Skip shell extension 'powershell' for command environment: Not usable outside of PowerShell
[0.333s] DEBUG:colcon.colcon_core.shell:Skip shell extension 'dsv' for command environment
[0.339s] DEBUG:colcon.colcon_core.event_handler.log_command:Invoking command in '/home/thibaut/Documents/Bimanual_Robot/bimanual_ws/build/bimanualrobot_description': CMAKE_PREFIX_PATH=${CMAKE_PREFIX_PATH}:/home/thibaut/Documents/Bimanual_Robot/bimanual_ws/install/bimanualrobot_bringup:/opt/ros/jazzy DEBUGINFOD_URLS=https://debuginfod.ubuntu.com /usr/bin/cmake --build /home/thibaut/Documents/Bimanual_Robot/bimanual_ws/build/bimanualrobot_description -- -j6 -l6
[0.349s] DEBUG:colcon.colcon_core.event_handler.log_command:Invoking command in '/home/thibaut/Documents/Bimanual_Robot/bimanual_ws/build/bimanualrobot_gazebo': CMAKE_PREFIX_PATH=${CMAKE_PREFIX_PATH}:/home/thibaut/Documents/Bimanual_Robot/bimanual_ws/install/bimanualrobot_bringup:/opt/ros/jazzy DEBUGINFOD_URLS=https://debuginfod.ubuntu.com /usr/bin/cmake --build /home/thibaut/Documents/Bimanual_Robot/bimanual_ws/build/bimanualrobot_gazebo -- -j6 -l6
[0.355s] DEBUG:colcon.colcon_core.event_handler.log_command:Invoking command in '/home/thibaut/Documents/Bimanual_Robot/bimanual_ws/build/bimanualrobot_moveit_config': CMAKE_PREFIX_PATH=${CMAKE_PREFIX_PATH}:/home/thibaut/Documents/Bimanual_Robot/bimanual_ws/install/bimanualrobot_bringup:/opt/ros/jazzy DEBUGINFOD_URLS=https://debuginfod.ubuntu.com /usr/bin/cmake --build /home/thibaut/Documents/Bimanual_Robot/bimanual_ws/build/bimanualrobot_moveit_config -- -j6 -l6
[0.360s] DEBUG:colcon.colcon_core.event_handler.log_command:Invoking command in '/home/thibaut/Documents/Bimanual_Robot/bimanual_ws/build/bimanualrobot_system_tests': CMAKE_PREFIX_PATH=${CMAKE_PREFIX_PATH}:/home/thibaut/Documents/Bimanual_Robot/bimanual_ws/install/bimanualrobot_bringup:/opt/ros/jazzy DEBUGINFOD_URLS=https://debuginfod.ubuntu.com /usr/bin/cmake --build /home/thibaut/Documents/Bimanual_Robot/bimanual_ws/build/bimanualrobot_system_tests -- -j6 -l6
[0.381s] DEBUG:colcon.colcon_core.event_handler.log_command:Invoking command in '/home/thibaut/Documents/Bimanual_Robot/bimanual_ws/build/bio_ik': DEBUGINFOD_URLS=https://debuginfod.ubuntu.com /usr/bin/cmake /home/thibaut/Documents/Bimanual_Robot/bimanual_ws/src/bio_ik -DCATKIN_INSTALL_INTO_PREFIX_ROOT=0 -DCATKIN_SYMLINK_INSTALL=ON -DCMAKE_INSTALL_PREFIX=/home/thibaut/Documents/Bimanual_Robot/bimanual_ws/install/bio_ik
[0.469s] DEBUG:colcon.colcon_core.event_handler.log_command:Invoked command in '/home/thibaut/Documents/Bimanual_Robot/bimanual_ws/build/bimanualrobot_description' returned '0': CMAKE_PREFIX_PATH=${CMAKE_PREFIX_PATH}:/home/thibaut/Documents/Bimanual_Robot/bimanual_ws/install/bimanualrobot_bringup:/opt/ros/jazzy DEBUGINFOD_URLS=https://debuginfod.ubuntu.com /usr/bin/cmake --build /home/thibaut/Documents/Bimanual_Robot/bimanual_ws/build/bimanualrobot_description -- -j6 -l6
[0.479s] DEBUG:colcon.colcon_core.event_handler.log_command:Invoking command in '/home/thibaut/Documents/Bimanual_Robot/bimanual_ws/build/bimanualrobot_description': CMAKE_PREFIX_PATH=${CMAKE_PREFIX_PATH}:/home/thibaut/Documents/Bimanual_Robot/bimanual_ws/install/bimanualrobot_bringup:/opt/ros/jazzy DEBUGINFOD_URLS=https://debuginfod.ubuntu.com /usr/bin/cmake --install /home/thibaut/Documents/Bimanual_Robot/bimanual_ws/build/bimanualrobot_description
[0.481s] DEBUG:colcon.colcon_core.event_handler.log_command:Invoked command in '/home/thibaut/Documents/Bimanual_Robot/bimanual_ws/build/bimanualrobot_moveit_config' returned '0': CMAKE_PREFIX_PATH=${CMAKE_PREFIX_PATH}:/home/thibaut/Documents/Bimanual_Robot/bimanual_ws/install/bimanualrobot_bringup:/opt/ros/jazzy DEBUGINFOD_URLS=https://debuginfod.ubuntu.com /usr/bin/cmake --build /home/thibaut/Documents/Bimanual_Robot/bimanual_ws/build/bimanualrobot_moveit_config -- -j6 -l6
[0.482s] DEBUG:colcon.colcon_core.event_handler.log_command:Invoking command in '/home/thibaut/Documents/Bimanual_Robot/bimanual_ws/build/bimanualrobot_moveit_config': CMAKE_PREFIX_PATH=${CMAKE_PREFIX_PATH}:/home/thibaut/Documents/Bimanual_Robot/bimanual_ws/install/bimanualrobot_bringup:/opt/ros/jazzy DEBUGINFOD_URLS=https://debuginfod.ubuntu.com /usr/bin/cmake --install /home/thibaut/Documents/Bimanual_Robot/bimanual_ws/build/bimanualrobot_moveit_config
[0.483s] DEBUG:colcon.colcon_core.event_handler.log_command:Invoked command in '/home/thibaut/Documents/Bimanual_Robot/bimanual_ws/build/bimanualrobot_gazebo' returned '0': CMAKE_PREFIX_PATH=${CMAKE_PREFIX_PATH}:/home/thibaut/Documents/Bimanual_Robot/bimanual_ws/install/bimanualrobot_bringup:/opt/ros/jazzy DEBUGINFOD_URLS=https://debuginfod.ubuntu.com /usr/bin/cmake --build /home/thibaut/Documents/Bimanual_Robot/bimanual_ws/build/bimanualrobot_gazebo -- -j6 -l6
[0.484s] DEBUG:colcon.colcon_core.event_handler.log_command:Invoking command in '/home/thibaut/Documents/Bimanual_Robot/bimanual_ws/build/bimanualrobot_gazebo': CMAKE_PREFIX_PATH=${CMAKE_PREFIX_PATH}:/home/thibaut/Documents/Bimanual_Robot/bimanual_ws/install/bimanualrobot_bringup:/opt/ros/jazzy DEBUGINFOD_URLS=https://debuginfod.ubuntu.com /usr/bin/cmake --install /home/thibaut/Documents/Bimanual_Robot/bimanual_ws/build/bimanualrobot_gazebo
[0.507s] Level 1:colcon.colcon_core.environment:create_environment_scripts_only(bimanualrobot_description)
[0.508s] DEBUG:colcon.colcon_core.event_handler.log_command:Invoked command in '/home/thibaut/Documents/Bimanual_Robot/bimanual_ws/build/bimanualrobot_description' returned '0': CMAKE_PREFIX_PATH=${CMAKE_PREFIX_PATH}:/home/thibaut/Documents/Bimanual_Robot/bimanual_ws/install/bimanualrobot_bringup:/opt/ros/jazzy DEBUGINFOD_URLS=https://debuginfod.ubuntu.com /usr/bin/cmake --install /home/thibaut/Documents/Bimanual_Robot/bimanual_ws/build/bimanualrobot_description
[0.517s] Level 1:colcon.colcon_core.environment:checking '/home/thibaut/Documents/Bimanual_Robot/bimanual_ws/install/bimanualrobot_description' for CMake module files
[0.518s] Level 1:colcon.colcon_core.environment:checking '/home/thibaut/Documents/Bimanual_Robot/bimanual_ws/install/bimanualrobot_description' for CMake config files
[0.518s] Level 1:colcon.colcon_core.shell:create_environment_hook('bimanualrobot_description', 'cmake_prefix_path')
[0.518s] INFO:colcon.colcon_core.shell:Creating environment hook '/home/thibaut/Documents/Bimanual_Robot/bimanual_ws/install/bimanualrobot_description/share/bimanualrobot_description/hook/cmake_prefix_path.ps1'
[0.518s] INFO:colcon.colcon_core.shell:Creating environment descriptor '/home/thibaut/Documents/Bimanual_Robot/bimanual_ws/install/bimanualrobot_description/share/bimanualrobot_description/hook/cmake_prefix_path.dsv'
[0.519s] INFO:colcon.colcon_core.shell:Creating environment hook '/home/thibaut/Documents/Bimanual_Robot/bimanual_ws/install/bimanualrobot_description/share/bimanualrobot_description/hook/cmake_prefix_path.sh'
[0.519s] Level 1:colcon.colcon_core.environment:checking '/home/thibaut/Documents/Bimanual_Robot/bimanual_ws/install/bimanualrobot_description/bin'
[0.519s] Level 1:colcon.colcon_core.environment:checking '/home/thibaut/Documents/Bimanual_Robot/bimanual_ws/install/bimanualrobot_description/lib/pkgconfig/bimanualrobot_description.pc'
[0.519s] Level 1:colcon.colcon_core.environment:checking '/home/thibaut/Documents/Bimanual_Robot/bimanual_ws/install/bimanualrobot_description/lib/python3.12/site-packages'
[0.519s] Level 1:colcon.colcon_core.environment:checking '/home/thibaut/Documents/Bimanual_Robot/bimanual_ws/install/bimanualrobot_description/bin'
[0.520s] INFO:colcon.colcon_core.shell:Creating package script '/home/thibaut/Documents/Bimanual_Robot/bimanual_ws/install/bimanualrobot_description/share/bimanualrobot_description/package.ps1'
[0.520s] INFO:colcon.colcon_core.shell:Creating package descriptor '/home/thibaut/Documents/Bimanual_Robot/bimanual_ws/install/bimanualrobot_description/share/bimanualrobot_description/package.dsv'
[0.520s] INFO:colcon.colcon_core.shell:Creating package script '/home/thibaut/Documents/Bimanual_Robot/bimanual_ws/install/bimanualrobot_description/share/bimanualrobot_description/package.sh'
[0.521s] INFO:colcon.colcon_core.shell:Creating package script '/home/thibaut/Documents/Bimanual_Robot/bimanual_ws/install/bimanualrobot_description/share/bimanualrobot_description/package.bash'
[0.521s] INFO:colcon.colcon_core.shell:Creating package script '/home/thibaut/Documents/Bimanual_Robot/bimanual_ws/install/bimanualrobot_description/share/bimanualrobot_description/package.zsh'
[0.521s] Level 1:colcon.colcon_core.environment:create_file_with_runtime_dependencies(/home/thibaut/Documents/Bimanual_Robot/bimanual_ws/install/bimanualrobot_description/share/colcon-core/packages/bimanualrobot_description)
[0.522s] Level 1:colcon.colcon_core.environment:create_environment_scripts_only(bimanualrobot_description)
[0.522s] Level 1:colcon.colcon_core.environment:checking '/home/thibaut/Documents/Bimanual_Robot/bimanual_ws/install/bimanualrobot_description' for CMake module files
[0.522s] Level 1:colcon.colcon_core.environment:checking '/home/thibaut/Documents/Bimanual_Robot/bimanual_ws/install/bimanualrobot_description' for CMake config files
[0.523s] Level 1:colcon.colcon_core.shell:create_environment_hook('bimanualrobot_description', 'cmake_prefix_path')
[0.523s] INFO:colcon.colcon_core.shell:Creating environment hook '/home/thibaut/Documents/Bimanual_Robot/bimanual_ws/install/bimanualrobot_description/share/bimanualrobot_description/hook/cmake_prefix_path.ps1'
[0.524s] INFO:colcon.colcon_core.shell:Creating environment descriptor '/home/thibaut/Documents/Bimanual_Robot/bimanual_ws/install/bimanualrobot_description/share/bimanualrobot_description/hook/cmake_prefix_path.dsv'
[0.524s] INFO:colcon.colcon_core.shell:Creating environment hook '/home/thibaut/Documents/Bimanual_Robot/bimanual_ws/install/bimanualrobot_description/share/bimanualrobot_description/hook/cmake_prefix_path.sh'
[0.524s] Level 1:colcon.colcon_core.environment:checking '/home/thibaut/Documents/Bimanual_Robot/bimanual_ws/install/bimanualrobot_description/bin'
[0.525s] Level 1:colcon.colcon_core.environment:checking '/home/thibaut/Documents/Bimanual_Robot/bimanual_ws/install/bimanualrobot_description/lib/pkgconfig/bimanualrobot_description.pc'
[0.525s] Level 1:colcon.colcon_core.environment:checking '/home/thibaut/Documents/Bimanual_Robot/bimanual_ws/install/bimanualrobot_description/lib/python3.12/site-packages'
[0.525s] Level 1:colcon.colcon_core.environment:checking '/home/thibaut/Documents/Bimanual_Robot/bimanual_ws/install/bimanualrobot_description/bin'
[0.525s] INFO:colcon.colcon_core.shell:Creating package script '/home/thibaut/Documents/Bimanual_Robot/bimanual_ws/install/bimanualrobot_description/share/bimanualrobot_description/package.ps1'
[0.525s] INFO:colcon.colcon_core.shell:Creating package descriptor '/home/thibaut/Documents/Bimanual_Robot/bimanual_ws/install/bimanualrobot_description/share/bimanualrobot_description/package.dsv'
[0.525s] INFO:colcon.colcon_core.shell:Creating package script '/home/thibaut/Documents/Bimanual_Robot/bimanual_ws/install/bimanualrobot_description/share/bimanualrobot_description/package.sh'
[0.525s] INFO:colcon.colcon_core.shell:Creating package script '/home/thibaut/Documents/Bimanual_Robot/bimanual_ws/install/bimanualrobot_description/share/bimanualrobot_description/package.bash'
[0.526s] INFO:colcon.colcon_core.shell:Creating package script '/home/thibaut/Documents/Bimanual_Robot/bimanual_ws/install/bimanualrobot_description/share/bimanualrobot_description/package.zsh'
[0.526s] Level 1:colcon.colcon_core.environment:create_file_with_runtime_dependencies(/home/thibaut/Documents/Bimanual_Robot/bimanual_ws/install/bimanualrobot_description/share/colcon-core/packages/bimanualrobot_description)
[0.526s] INFO:colcon.colcon_ros.task.ament_python.build:Building ROS package in '/home/thibaut/Documents/Bimanual_Robot/bimanual_ws/src/bimanualrobot_ros2/bimanualrobot_bringup' with build type 'ament_python'
[0.526s] Level 1:colcon.colcon_core.shell:create_environment_hook('bimanualrobot_bringup', 'ament_prefix_path')
[0.526s] INFO:colcon.colcon_core.shell:Creating environment hook '/home/thibaut/Documents/Bimanual_Robot/bimanual_ws/install/bimanualrobot_bringup/share/bimanualrobot_bringup/hook/ament_prefix_path.ps1'
[0.526s] INFO:colcon.colcon_core.shell:Creating environment descriptor '/home/thibaut/Documents/Bimanual_Robot/bimanual_ws/install/bimanualrobot_bringup/share/bimanualrobot_bringup/hook/ament_prefix_path.dsv'
[0.527s] INFO:colcon.colcon_core.shell:Creating environment hook '/home/thibaut/Documents/Bimanual_Robot/bimanual_ws/install/bimanualrobot_bringup/share/bimanualrobot_bringup/hook/ament_prefix_path.sh'
[0.527s] INFO:colcon.colcon_core.shell:Skip shell extension 'powershell' for command environment: Not usable outside of PowerShell
[0.527s] DEBUG:colcon.colcon_core.shell:Skip shell extension 'dsv' for command environment
[0.529s] INFO:colcon.colcon_ros.task.ament_cmake.build:Building ROS package in '/home/thibaut/Documents/Bimanual_Robot/bimanual_ws/src/bimanualrobot_ros2/bimanualrobot_drumstick_moveit_config' with build type 'ament_cmake'
[0.529s] INFO:colcon.colcon_cmake.task.cmake.build:Building CMake package in '/home/thibaut/Documents/Bimanual_Robot/bimanual_ws/src/bimanualrobot_ros2/bimanualrobot_drumstick_moveit_config'
[0.529s] INFO:colcon.colcon_core.shell:Skip shell extension 'powershell' for command environment: Not usable outside of PowerShell
[0.529s] DEBUG:colcon.colcon_core.shell:Skip shell extension 'dsv' for command environment
[0.533s] Level 1:colcon.colcon_core.environment:create_environment_scripts_only(bimanualrobot_moveit_config)
[0.533s] Level 1:colcon.colcon_core.environment:checking '/home/thibaut/Documents/Bimanual_Robot/bimanual_ws/install/bimanualrobot_moveit_config' for CMake module files
[0.534s] Level 1:colcon.colcon_core.environment:checking '/home/thibaut/Documents/Bimanual_Robot/bimanual_ws/install/bimanualrobot_moveit_config' for CMake config files
[0.534s] Level 1:colcon.colcon_core.shell:create_environment_hook('bimanualrobot_moveit_config', 'cmake_prefix_path')
[0.534s] INFO:colcon.colcon_core.shell:Creating environment hook '/home/thibaut/Documents/Bimanual_Robot/bimanual_ws/install/bimanualrobot_moveit_config/share/bimanualrobot_moveit_config/hook/cmake_prefix_path.ps1'
[0.535s] INFO:colcon.colcon_core.shell:Creating environment descriptor '/home/thibaut/Documents/Bimanual_Robot/bimanual_ws/install/bimanualrobot_moveit_config/share/bimanualrobot_moveit_config/hook/cmake_prefix_path.dsv'
[0.535s] DEBUG:colcon.colcon_core.event_handler.log_command:Invoked command in '/home/thibaut/Documents/Bimanual_Robot/bimanual_ws/build/bimanualrobot_moveit_config' returned '0': CMAKE_PREFIX_PATH=${CMAKE_PREFIX_PATH}:/home/thibaut/Documents/Bimanual_Robot/bimanual_ws/install/bimanualrobot_bringup:/opt/ros/jazzy DEBUGINFOD_URLS=https://debuginfod.ubuntu.com /usr/bin/cmake --install /home/thibaut/Documents/Bimanual_Robot/bimanual_ws/build/bimanualrobot_moveit_config
[0.535s] INFO:colcon.colcon_core.shell:Creating environment hook '/home/thibaut/Documents/Bimanual_Robot/bimanual_ws/install/bimanualrobot_moveit_config/share/bimanualrobot_moveit_config/hook/cmake_prefix_path.sh'
[0.536s] Level 1:colcon.colcon_core.environment:checking '/home/thibaut/Documents/Bimanual_Robot/bimanual_ws/install/bimanualrobot_moveit_config/bin'
[0.536s] Level 1:colcon.colcon_core.environment:checking '/home/thibaut/Documents/Bimanual_Robot/bimanual_ws/install/bimanualrobot_moveit_config/lib/pkgconfig/bimanualrobot_moveit_config.pc'
[0.537s] Level 1:colcon.colcon_core.environment:checking '/home/thibaut/Documents/Bimanual_Robot/bimanual_ws/install/bimanualrobot_moveit_config/lib/python3.12/site-packages'
[0.537s] Level 1:colcon.colcon_core.environment:checking '/home/thibaut/Documents/Bimanual_Robot/bimanual_ws/install/bimanualrobot_moveit_config/bin'
[0.537s] INFO:colcon.colcon_core.shell:Creating package script '/home/thibaut/Documents/Bimanual_Robot/bimanual_ws/install/bimanualrobot_moveit_config/share/bimanualrobot_moveit_config/package.ps1'
[0.537s] INFO:colcon.colcon_core.shell:Creating package descriptor '/home/thibaut/Documents/Bimanual_Robot/bimanual_ws/install/bimanualrobot_moveit_config/share/bimanualrobot_moveit_config/package.dsv'
[0.537s] INFO:colcon.colcon_core.shell:Creating package script '/home/thibaut/Documents/Bimanual_Robot/bimanual_ws/install/bimanualrobot_moveit_config/share/bimanualrobot_moveit_config/package.sh'
[0.538s] INFO:colcon.colcon_core.shell:Creating package script '/home/thibaut/Documents/Bimanual_Robot/bimanual_ws/install/bimanualrobot_moveit_config/share/bimanualrobot_moveit_config/package.bash'
[0.538s] INFO:colcon.colcon_core.shell:Creating package script '/home/thibaut/Documents/Bimanual_Robot/bimanual_ws/install/bimanualrobot_moveit_config/share/bimanualrobot_moveit_config/package.zsh'
[0.538s] Level 1:colcon.colcon_core.environment:create_file_with_runtime_dependencies(/home/thibaut/Documents/Bimanual_Robot/bimanual_ws/install/bimanualrobot_moveit_config/share/colcon-core/packages/bimanualrobot_moveit_config)
[0.538s] Level 1:colcon.colcon_core.environment:create_environment_scripts_only(bimanualrobot_moveit_config)
[0.538s] Level 1:colcon.colcon_core.environment:checking '/home/thibaut/Documents/Bimanual_Robot/bimanual_ws/install/bimanualrobot_moveit_config' for CMake module files
[0.539s] Level 1:colcon.colcon_core.environment:checking '/home/thibaut/Documents/Bimanual_Robot/bimanual_ws/install/bimanualrobot_moveit_config' for CMake config files
[0.539s] Level 1:colcon.colcon_core.shell:create_environment_hook('bimanualrobot_moveit_config', 'cmake_prefix_path')
[0.539s] INFO:colcon.colcon_core.shell:Creating environment hook '/home/thibaut/Documents/Bimanual_Robot/bimanual_ws/install/bimanualrobot_moveit_config/share/bimanualrobot_moveit_config/hook/cmake_prefix_path.ps1'
[0.540s] INFO:colcon.colcon_core.shell:Creating environment descriptor '/home/thibaut/Documents/Bimanual_Robot/bimanual_ws/install/bimanualrobot_moveit_config/share/bimanualrobot_moveit_config/hook/cmake_prefix_path.dsv'
[0.540s] INFO:colcon.colcon_core.shell:Creating environment hook '/home/thibaut/Documents/Bimanual_Robot/bimanual_ws/install/bimanualrobot_moveit_config/share/bimanualrobot_moveit_config/hook/cmake_prefix_path.sh'
[0.540s] Level 1:colcon.colcon_core.environment:checking '/home/thibaut/Documents/Bimanual_Robot/bimanual_ws/install/bimanualrobot_moveit_config/bin'
[0.540s] Level 1:colcon.colcon_core.environment:checking '/home/thibaut/Documents/Bimanual_Robot/bimanual_ws/install/bimanualrobot_moveit_config/lib/pkgconfig/bimanualrobot_moveit_config.pc'
[0.540s] Level 1:colcon.colcon_core.environment:checking '/home/thibaut/Documents/Bimanual_Robot/bimanual_ws/install/bimanualrobot_moveit_config/lib/python3.12/site-packages'
[0.540s] Level 1:colcon.colcon_core.environment:checking '/home/thibaut/Documents/Bimanual_Robot/bimanual_ws/install/bimanualrobot_moveit_config/bin'
[0.541s] INFO:colcon.colcon_core.shell:Creating package script '/home/thibaut/Documents/Bimanual_Robot/bimanual_ws/install/bimanualrobot_moveit_config/share/bimanualrobot_moveit_config/package.ps1'
[0.541s] INFO:colcon.colcon_core.shell:Creating package descriptor '/home/thibaut/Documents/Bimanual_Robot/bimanual_ws/install/bimanualrobot_moveit_config/share/bimanualrobot_moveit_config/package.dsv'
[0.541s] INFO:colcon.colcon_core.shell:Creating package script '/home/thibaut/Documents/Bimanual_Robot/bimanual_ws/install/bimanualrobot_moveit_config/share/bimanualrobot_moveit_config/package.sh'
[0.542s] INFO:colcon.colcon_core.shell:Creating package script '/home/thibaut/Documents/Bimanual_Robot/bimanual_ws/install/bimanualrobot_moveit_config/share/bimanualrobot_moveit_config/package.bash'
[0.542s] INFO:colcon.colcon_core.shell:Creating package script '/home/thibaut/Documents/Bimanual_Robot/bimanual_ws/install/bimanualrobot_moveit_config/share/bimanualrobot_moveit_config/package.zsh'
[0.543s] Level 1:colcon.colcon_core.environment:create_file_with_runtime_dependencies(/home/thibaut/Documents/Bimanual_Robot/bimanual_ws/install/bimanualrobot_moveit_config/share/colcon-core/packages/bimanualrobot_moveit_config)
[0.685s] INFO:colcon.colcon_core.task.python.build:Building Python package in '/home/thibaut/Documents/Bimanual_Robot/bimanual_ws/src/bimanualrobot_ros2/bimanualrobot_bringup'
[0.685s] INFO:colcon.colcon_core.shell:Skip shell extension 'powershell' for command environment: Not usable outside of PowerShell
[0.685s] DEBUG:colcon.colcon_core.shell:Skip shell extension 'dsv' for command environment
[0.694s] Level 1:colcon.colcon_core.environment:create_environment_scripts_only(bimanualrobot_gazebo)
[0.694s] Level 1:colcon.colcon_core.environment:checking '/home/thibaut/Documents/Bimanual_Robot/bimanual_ws/install/bimanualrobot_gazebo' for CMake module files
[0.694s] DEBUG:colcon.colcon_core.event_handler.log_command:Invoking command in '/home/thibaut/Documents/Bimanual_Robot/bimanual_ws/build/bimanualrobot_drumstick_moveit_config': CMAKE_PREFIX_PATH=/home/thibaut/Documents/Bimanual_Robot/bimanual_ws/install/bimanualrobot_description:/home/thibaut/Documents/Bimanual_Robot/bimanual_ws/install/bimanualrobot_ros2:/home/thibaut/Documents/Bimanual_Robot/bimanual_ws/install/bimanualrobot_system_tests:/home/thibaut/Documents/Bimanual_Robot/bimanual_ws/install/bimanualrobot_moveit_config:/home/thibaut/Documents/Bimanual_Robot/bimanual_ws/install/bimanualrobot_gazebo:/home/thibaut/Documents/Bimanual_Robot/bimanual_ws/install/bimanualrobot_drumstick_moveit_config:/opt/ros/jazzy/opt/gz_sim_vendor:/opt/ros/jazzy/opt/gz_sensors_vendor:/opt/ros/jazzy/opt/gz_physics_vendor:/opt/ros/jazzy/opt/sdformat_vendor:/opt/ros/jazzy/opt/gz_gui_vendor:/opt/ros/jazzy/opt/gz_transport_vendor:/opt/ros/jazzy/opt/gz_rendering_vendor:/opt/ros/jazzy/opt/gz_plugin_vendor:/opt/ros/jazzy/opt/gz_fuel_tools_vendor:/opt/ros/jazzy/opt/gz_msgs_vendor:/opt/ros/jazzy/opt/gz_common_vendor:/opt/ros/jazzy/opt/gz_math_vendor:/opt/ros/jazzy/opt/gz_utils_vendor:/opt/ros/jazzy/opt/gz_tools_vendor:/opt/ros/jazzy/opt/gz_ogre_next_vendor:/opt/ros/jazzy/opt/gz_dartsim_vendor:/opt/ros/jazzy/opt/gz_cmake_vendor:/home/thibaut/Documents/Bimanual_Robot/bimanual_ws/install/bimanualrobot_bringup:/opt/ros/jazzy DEBUGINFOD_URLS=https://debuginfod.ubuntu.com /usr/bin/cmake --build /home/thibaut/Documents/Bimanual_Robot/bimanual_ws/build/bimanualrobot_drumstick_moveit_config -- -j6 -l6
[0.694s] DEBUG:colcon.colcon_core.event_handler.log_command:Invoked command in '/home/thibaut/Documents/Bimanual_Robot/bimanual_ws/build/bimanualrobot_gazebo' returned '0': CMAKE_PREFIX_PATH=${CMAKE_PREFIX_PATH}:/home/thibaut/Documents/Bimanual_Robot/bimanual_ws/install/bimanualrobot_bringup:/opt/ros/jazzy DEBUGINFOD_URLS=https://debuginfod.ubuntu.com /usr/bin/cmake --install /home/thibaut/Documents/Bimanual_Robot/bimanual_ws/build/bimanualrobot_gazebo
[0.695s] Level 1:colcon.colcon_core.environment:checking '/home/thibaut/Documents/Bimanual_Robot/bimanual_ws/install/bimanualrobot_gazebo' for CMake config files
[0.695s] Level 1:colcon.colcon_core.shell:create_environment_hook('bimanualrobot_gazebo', 'cmake_prefix_path')
[0.695s] INFO:colcon.colcon_core.shell:Creating environment hook '/home/thibaut/Documents/Bimanual_Robot/bimanual_ws/install/bimanualrobot_gazebo/share/bimanualrobot_gazebo/hook/cmake_prefix_path.ps1'
[0.695s] INFO:colcon.colcon_core.shell:Creating environment descriptor '/home/thibaut/Documents/Bimanual_Robot/bimanual_ws/install/bimanualrobot_gazebo/share/bimanualrobot_gazebo/hook/cmake_prefix_path.dsv'
[0.696s] INFO:colcon.colcon_core.shell:Creating environment hook '/home/thibaut/Documents/Bimanual_Robot/bimanual_ws/install/bimanualrobot_gazebo/share/bimanualrobot_gazebo/hook/cmake_prefix_path.sh'
[0.696s] Level 1:colcon.colcon_core.environment:checking '/home/thibaut/Documents/Bimanual_Robot/bimanual_ws/install/bimanualrobot_gazebo/lib'
[0.696s] Level 1:colcon.colcon_core.environment:checking '/home/thibaut/Documents/Bimanual_Robot/bimanual_ws/install/bimanualrobot_gazebo/bin'
[0.696s] Level 1:colcon.colcon_core.environment:checking '/home/thibaut/Documents/Bimanual_Robot/bimanual_ws/install/bimanualrobot_gazebo/lib/pkgconfig/bimanualrobot_gazebo.pc'
[0.696s] Level 1:colcon.colcon_core.environment:checking '/home/thibaut/Documents/Bimanual_Robot/bimanual_ws/install/bimanualrobot_gazebo/lib/python3.12/site-packages'
[0.696s] Level 1:colcon.colcon_core.environment:checking '/home/thibaut/Documents/Bimanual_Robot/bimanual_ws/install/bimanualrobot_gazebo/bin'
[0.696s] INFO:colcon.colcon_core.shell:Creating package script '/home/thibaut/Documents/Bimanual_Robot/bimanual_ws/install/bimanualrobot_gazebo/share/bimanualrobot_gazebo/package.ps1'
[0.697s] INFO:colcon.colcon_core.shell:Creating package descriptor '/home/thibaut/Documents/Bimanual_Robot/bimanual_ws/install/bimanualrobot_gazebo/share/bimanualrobot_gazebo/package.dsv'
[0.697s] INFO:colcon.colcon_core.shell:Creating package script '/home/thibaut/Documents/Bimanual_Robot/bimanual_ws/install/bimanualrobot_gazebo/share/bimanualrobot_gazebo/package.sh'
[0.697s] INFO:colcon.colcon_core.shell:Creating package script '/home/thibaut/Documents/Bimanual_Robot/bimanual_ws/install/bimanualrobot_gazebo/share/bimanualrobot_gazebo/package.bash'
[0.697s] INFO:colcon.colcon_core.shell:Creating package script '/home/thibaut/Documents/Bimanual_Robot/bimanual_ws/install/bimanualrobot_gazebo/share/bimanualrobot_gazebo/package.zsh'
[0.698s] Level 1:colcon.colcon_core.environment:create_file_with_runtime_dependencies(/home/thibaut/Documents/Bimanual_Robot/bimanual_ws/install/bimanualrobot_gazebo/share/colcon-core/packages/bimanualrobot_gazebo)
[0.698s] Level 1:colcon.colcon_core.environment:create_environment_scripts_only(bimanualrobot_gazebo)
[0.698s] Level 1:colcon.colcon_core.environment:checking '/home/thibaut/Documents/Bimanual_Robot/bimanual_ws/install/bimanualrobot_gazebo' for CMake module files
[0.698s] Level 1:colcon.colcon_core.environment:checking '/home/thibaut/Documents/Bimanual_Robot/bimanual_ws/install/bimanualrobot_gazebo' for CMake config files
[0.698s] Level 1:colcon.colcon_core.shell:create_environment_hook('bimanualrobot_gazebo', 'cmake_prefix_path')
[0.698s] INFO:colcon.colcon_core.shell:Creating environment hook '/home/thibaut/Documents/Bimanual_Robot/bimanual_ws/install/bimanualrobot_gazebo/share/bimanualrobot_gazebo/hook/cmake_prefix_path.ps1'
[0.699s] INFO:colcon.colcon_core.shell:Creating environment descriptor '/home/thibaut/Documents/Bimanual_Robot/bimanual_ws/install/bimanualrobot_gazebo/share/bimanualrobot_gazebo/hook/cmake_prefix_path.dsv'
[0.699s] INFO:colcon.colcon_core.shell:Creating environment hook '/home/thibaut/Documents/Bimanual_Robot/bimanual_ws/install/bimanualrobot_gazebo/share/bimanualrobot_gazebo/hook/cmake_prefix_path.sh'
[0.699s] Level 1:colcon.colcon_core.environment:checking '/home/thibaut/Documents/Bimanual_Robot/bimanual_ws/install/bimanualrobot_gazebo/lib'
[0.699s] Level 1:colcon.colcon_core.environment:checking '/home/thibaut/Documents/Bimanual_Robot/bimanual_ws/install/bimanualrobot_gazebo/bin'
[0.699s] Level 1:colcon.colcon_core.environment:checking '/home/thibaut/Documents/Bimanual_Robot/bimanual_ws/install/bimanualrobot_gazebo/lib/pkgconfig/bimanualrobot_gazebo.pc'
[0.699s] Level 1:colcon.colcon_core.environment:checking '/home/thibaut/Documents/Bimanual_Robot/bimanual_ws/install/bimanualrobot_gazebo/lib/python3.12/site-packages'
[0.700s] Level 1:colcon.colcon_core.environment:checking '/home/thibaut/Documents/Bimanual_Robot/bimanual_ws/install/bimanualrobot_gazebo/bin'
[0.700s] INFO:colcon.colcon_core.shell:Creating package script '/home/thibaut/Documents/Bimanual_Robot/bimanual_ws/install/bimanualrobot_gazebo/share/bimanualrobot_gazebo/package.ps1'
[0.700s] INFO:colcon.colcon_core.shell:Creating package descriptor '/home/thibaut/Documents/Bimanual_Robot/bimanual_ws/install/bimanualrobot_gazebo/share/bimanualrobot_gazebo/package.dsv'
[0.700s] INFO:colcon.colcon_core.shell:Creating package script '/home/thibaut/Documents/Bimanual_Robot/bimanual_ws/install/bimanualrobot_gazebo/share/bimanualrobot_gazebo/package.sh'
[0.700s] INFO:colcon.colcon_core.shell:Creating package script '/home/thibaut/Documents/Bimanual_Robot/bimanual_ws/install/bimanualrobot_gazebo/share/bimanualrobot_gazebo/package.bash'
[0.701s] INFO:colcon.colcon_core.shell:Creating package script '/home/thibaut/Documents/Bimanual_Robot/bimanual_ws/install/bimanualrobot_gazebo/share/bimanualrobot_gazebo/package.zsh'
[0.701s] Level 1:colcon.colcon_core.environment:create_file_with_runtime_dependencies(/home/thibaut/Documents/Bimanual_Robot/bimanual_ws/install/bimanualrobot_gazebo/share/colcon-core/packages/bimanualrobot_gazebo)
[0.721s] DEBUG:colcon.colcon_core.event_handler.log_command:Invoked command in '/home/thibaut/Documents/Bimanual_Robot/bimanual_ws/build/bimanualrobot_drumstick_moveit_config' returned '0': CMAKE_PREFIX_PATH=/home/thibaut/Documents/Bimanual_Robot/bimanual_ws/install/bimanualrobot_description:/home/thibaut/Documents/Bimanual_Robot/bimanual_ws/install/bimanualrobot_ros2:/home/thibaut/Documents/Bimanual_Robot/bimanual_ws/install/bimanualrobot_system_tests:/home/thibaut/Documents/Bimanual_Robot/bimanual_ws/install/bimanualrobot_moveit_config:/home/thibaut/Documents/Bimanual_Robot/bimanual_ws/install/bimanualrobot_gazebo:/home/thibaut/Documents/Bimanual_Robot/bimanual_ws/install/bimanualrobot_drumstick_moveit_config:/opt/ros/jazzy/opt/gz_sim_vendor:/opt/ros/jazzy/opt/gz_sensors_vendor:/opt/ros/jazzy/opt/gz_physics_vendor:/opt/ros/jazzy/opt/sdformat_vendor:/opt/ros/jazzy/opt/gz_gui_vendor:/opt/ros/jazzy/opt/gz_transport_vendor:/opt/ros/jazzy/opt/gz_rendering_vendor:/opt/ros/jazzy/opt/gz_plugin_vendor:/opt/ros/jazzy/opt/gz_fuel_tools_vendor:/opt/ros/jazzy/opt/gz_msgs_vendor:/opt/ros/jazzy/opt/gz_common_vendor:/opt/ros/jazzy/opt/gz_math_vendor:/opt/ros/jazzy/opt/gz_utils_vendor:/opt/ros/jazzy/opt/gz_tools_vendor:/opt/ros/jazzy/opt/gz_ogre_next_vendor:/opt/ros/jazzy/opt/gz_dartsim_vendor:/opt/ros/jazzy/opt/gz_cmake_vendor:/home/thibaut/Documents/Bimanual_Robot/bimanual_ws/install/bimanualrobot_bringup:/opt/ros/jazzy DEBUGINFOD_URLS=https://debuginfod.ubuntu.com /usr/bin/cmake --build /home/thibaut/Documents/Bimanual_Robot/bimanual_ws/build/bimanualrobot_drumstick_moveit_config -- -j6 -l6
[0.722s] DEBUG:colcon.colcon_core.event_handler.log_command:Invoking command in '/home/thibaut/Documents/Bimanual_Robot/bimanual_ws/build/bimanualrobot_drumstick_moveit_config': CMAKE_PREFIX_PATH=/home/thibaut/Documents/Bimanual_Robot/bimanual_ws/install/bimanualrobot_description:/home/thibaut/Documents/Bimanual_Robot/bimanual_ws/install/bimanualrobot_ros2:/home/thibaut/Documents/Bimanual_Robot/bimanual_ws/install/bimanualrobot_system_tests:/home/thibaut/Documents/Bimanual_Robot/bimanual_ws/install/bimanualrobot_moveit_config:/home/thibaut/Documents/Bimanual_Robot/bimanual_ws/install/bimanualrobot_gazebo:/home/thibaut/Documents/Bimanual_Robot/bimanual_ws/install/bimanualrobot_drumstick_moveit_config:/opt/ros/jazzy/opt/gz_sim_vendor:/opt/ros/jazzy/opt/gz_sensors_vendor:/opt/ros/jazzy/opt/gz_physics_vendor:/opt/ros/jazzy/opt/sdformat_vendor:/opt/ros/jazzy/opt/gz_gui_vendor:/opt/ros/jazzy/opt/gz_transport_vendor:/opt/ros/jazzy/opt/gz_rendering_vendor:/opt/ros/jazzy/opt/gz_plugin_vendor:/opt/ros/jazzy/opt/gz_fuel_tools_vendor:/opt/ros/jazzy/opt/gz_msgs_vendor:/opt/ros/jazzy/opt/gz_common_vendor:/opt/ros/jazzy/opt/gz_math_vendor:/opt/ros/jazzy/opt/gz_utils_vendor:/opt/ros/jazzy/opt/gz_tools_vendor:/opt/ros/jazzy/opt/gz_ogre_next_vendor:/opt/ros/jazzy/opt/gz_dartsim_vendor:/opt/ros/jazzy/opt/gz_cmake_vendor:/home/thibaut/Documents/Bimanual_Robot/bimanual_ws/install/bimanualrobot_bringup:/opt/ros/jazzy DEBUGINFOD_URLS=https://debuginfod.ubuntu.com /usr/bin/cmake --install /home/thibaut/Documents/Bimanual_Robot/bimanual_ws/build/bimanualrobot_drumstick_moveit_config
[0.740s] Level 1:colcon.colcon_core.environment:create_environment_scripts_only(bimanualrobot_drumstick_moveit_config)
[0.741s] Level 1:colcon.colcon_core.environment:checking '/home/thibaut/Documents/Bimanual_Robot/bimanual_ws/install/bimanualrobot_drumstick_moveit_config' for CMake module files
[0.741s] Level 1:colcon.colcon_core.environment:checking '/home/thibaut/Documents/Bimanual_Robot/bimanual_ws/install/bimanualrobot_drumstick_moveit_config' for CMake config files
[0.742s] Level 1:colcon.colcon_core.shell:create_environment_hook('bimanualrobot_drumstick_moveit_config', 'cmake_prefix_path')
[0.742s] INFO:colcon.colcon_core.shell:Creating environment hook '/home/thibaut/Documents/Bimanual_Robot/bimanual_ws/install/bimanualrobot_drumstick_moveit_config/share/bimanualrobot_drumstick_moveit_config/hook/cmake_prefix_path.ps1'
[0.742s] DEBUG:colcon.colcon_core.event_handler.log_command:Invoked command in '/home/thibaut/Documents/Bimanual_Robot/bimanual_ws/build/bimanualrobot_drumstick_moveit_config' returned '0': CMAKE_PREFIX_PATH=/home/thibaut/Documents/Bimanual_Robot/bimanual_ws/install/bimanualrobot_description:/home/thibaut/Documents/Bimanual_Robot/bimanual_ws/install/bimanualrobot_ros2:/home/thibaut/Documents/Bimanual_Robot/bimanual_ws/install/bimanualrobot_system_tests:/home/thibaut/Documents/Bimanual_Robot/bimanual_ws/install/bimanualrobot_moveit_config:/home/thibaut/Documents/Bimanual_Robot/bimanual_ws/install/bimanualrobot_gazebo:/home/thibaut/Documents/Bimanual_Robot/bimanual_ws/install/bimanualrobot_drumstick_moveit_config:/opt/ros/jazzy/opt/gz_sim_vendor:/opt/ros/jazzy/opt/gz_sensors_vendor:/opt/ros/jazzy/opt/gz_physics_vendor:/opt/ros/jazzy/opt/sdformat_vendor:/opt/ros/jazzy/opt/gz_gui_vendor:/opt/ros/jazzy/opt/gz_transport_vendor:/opt/ros/jazzy/opt/gz_rendering_vendor:/opt/ros/jazzy/opt/gz_plugin_vendor:/opt/ros/jazzy/opt/gz_fuel_tools_vendor:/opt/ros/jazzy/opt/gz_msgs_vendor:/opt/ros/jazzy/opt/gz_common_vendor:/opt/ros/jazzy/opt/gz_math_vendor:/opt/ros/jazzy/opt/gz_utils_vendor:/opt/ros/jazzy/opt/gz_tools_vendor:/opt/ros/jazzy/opt/gz_ogre_next_vendor:/opt/ros/jazzy/opt/gz_dartsim_vendor:/opt/ros/jazzy/opt/gz_cmake_vendor:/home/thibaut/Documents/Bimanual_Robot/bimanual_ws/install/bimanualrobot_bringup:/opt/ros/jazzy DEBUGINFOD_URLS=https://debuginfod.ubuntu.com /usr/bin/cmake --install /home/thibaut/Documents/Bimanual_Robot/bimanual_ws/build/bimanualrobot_drumstick_moveit_config
[0.742s] INFO:colcon.colcon_core.shell:Creating environment descriptor '/home/thibaut/Documents/Bimanual_Robot/bimanual_ws/install/bimanualrobot_drumstick_moveit_config/share/bimanualrobot_drumstick_moveit_config/hook/cmake_prefix_path.dsv'
[0.742s] INFO:colcon.colcon_core.shell:Creating environment hook '/home/thibaut/Documents/Bimanual_Robot/bimanual_ws/install/bimanualrobot_drumstick_moveit_config/share/bimanualrobot_drumstick_moveit_config/hook/cmake_prefix_path.sh'
[0.743s] Level 1:colcon.colcon_core.environment:checking '/home/thibaut/Documents/Bimanual_Robot/bimanual_ws/install/bimanualrobot_drumstick_moveit_config/lib'
[0.743s] Level 1:colcon.colcon_core.environment:checking '/home/thibaut/Documents/Bimanual_Robot/bimanual_ws/install/bimanualrobot_drumstick_moveit_config/bin'
[0.743s] Level 1:colcon.colcon_core.environment:checking '/home/thibaut/Documents/Bimanual_Robot/bimanual_ws/install/bimanualrobot_drumstick_moveit_config/lib/pkgconfig/bimanualrobot_drumstick_moveit_config.pc'
[0.743s] Level 1:colcon.colcon_core.environment:checking '/home/thibaut/Documents/Bimanual_Robot/bimanual_ws/install/bimanualrobot_drumstick_moveit_config/lib/python3.12/site-packages'
[0.743s] Level 1:colcon.colcon_core.environment:checking '/home/thibaut/Documents/Bimanual_Robot/bimanual_ws/install/bimanualrobot_drumstick_moveit_config/bin'
[0.743s] INFO:colcon.colcon_core.shell:Creating package script '/home/thibaut/Documents/Bimanual_Robot/bimanual_ws/install/bimanualrobot_drumstick_moveit_config/share/bimanualrobot_drumstick_moveit_config/package.ps1'
[0.744s] INFO:colcon.colcon_core.shell:Creating package descriptor '/home/thibaut/Documents/Bimanual_Robot/bimanual_ws/install/bimanualrobot_drumstick_moveit_config/share/bimanualrobot_drumstick_moveit_config/package.dsv'
[0.744s] INFO:colcon.colcon_core.shell:Creating package script '/home/thibaut/Documents/Bimanual_Robot/bimanual_ws/install/bimanualrobot_drumstick_moveit_config/share/bimanualrobot_drumstick_moveit_config/package.sh'
[0.744s] INFO:colcon.colcon_core.shell:Creating package script '/home/thibaut/Documents/Bimanual_Robot/bimanual_ws/install/bimanualrobot_drumstick_moveit_config/share/bimanualrobot_drumstick_moveit_config/package.bash'
[0.744s] INFO:colcon.colcon_core.shell:Creating package script '/home/thibaut/Documents/Bimanual_Robot/bimanual_ws/install/bimanualrobot_drumstick_moveit_config/share/bimanualrobot_drumstick_moveit_config/package.zsh'
[0.745s] Level 1:colcon.colcon_core.environment:create_file_with_runtime_dependencies(/home/thibaut/Documents/Bimanual_Robot/bimanual_ws/install/bimanualrobot_drumstick_moveit_config/share/colcon-core/packages/bimanualrobot_drumstick_moveit_config)
[0.745s] Level 1:colcon.colcon_core.environment:create_environment_scripts_only(bimanualrobot_drumstick_moveit_config)
[0.745s] Level 1:colcon.colcon_core.environment:checking '/home/thibaut/Documents/Bimanual_Robot/bimanual_ws/install/bimanualrobot_drumstick_moveit_config' for CMake module files
[0.745s] Level 1:colcon.colcon_core.environment:checking '/home/thibaut/Documents/Bimanual_Robot/bimanual_ws/install/bimanualrobot_drumstick_moveit_config' for CMake config files
[0.746s] Level 1:colcon.colcon_core.shell:create_environment_hook('bimanualrobot_drumstick_moveit_config', 'cmake_prefix_path')
[0.746s] INFO:colcon.colcon_core.shell:Creating environment hook '/home/thibaut/Documents/Bimanual_Robot/bimanual_ws/install/bimanualrobot_drumstick_moveit_config/share/bimanualrobot_drumstick_moveit_config/hook/cmake_prefix_path.ps1'
[0.747s] INFO:colcon.colcon_core.shell:Creating environment descriptor '/home/thibaut/Documents/Bimanual_Robot/bimanual_ws/install/bimanualrobot_drumstick_moveit_config/share/bimanualrobot_drumstick_moveit_config/hook/cmake_prefix_path.dsv'
[0.747s] INFO:colcon.colcon_core.shell:Creating environment hook '/home/thibaut/Documents/Bimanual_Robot/bimanual_ws/install/bimanualrobot_drumstick_moveit_config/share/bimanualrobot_drumstick_moveit_config/hook/cmake_prefix_path.sh'
[0.747s] Level 1:colcon.colcon_core.environment:checking '/home/thibaut/Documents/Bimanual_Robot/bimanual_ws/install/bimanualrobot_drumstick_moveit_config/lib'
[0.747s] Level 1:colcon.colcon_core.environment:checking '/home/thibaut/Documents/Bimanual_Robot/bimanual_ws/install/bimanualrobot_drumstick_moveit_config/bin'
[0.747s] Level 1:colcon.colcon_core.environment:checking '/home/thibaut/Documents/Bimanual_Robot/bimanual_ws/install/bimanualrobot_drumstick_moveit_config/lib/pkgconfig/bimanualrobot_drumstick_moveit_config.pc'
[0.748s] Level 1:colcon.colcon_core.environment:checking '/home/thibaut/Documents/Bimanual_Robot/bimanual_ws/install/bimanualrobot_drumstick_moveit_config/lib/python3.12/site-packages'
[0.749s] Level 1:colcon.colcon_core.environment:checking '/home/thibaut/Documents/Bimanual_Robot/bimanual_ws/install/bimanualrobot_drumstick_moveit_config/bin'
[0.750s] INFO:colcon.colcon_core.shell:Creating package script '/home/thibaut/Documents/Bimanual_Robot/bimanual_ws/install/bimanualrobot_drumstick_moveit_config/share/bimanualrobot_drumstick_moveit_config/package.ps1'
[0.750s] INFO:colcon.colcon_core.shell:Creating package descriptor '/home/thibaut/Documents/Bimanual_Robot/bimanual_ws/install/bimanualrobot_drumstick_moveit_config/share/bimanualrobot_drumstick_moveit_config/package.dsv'
[0.750s] INFO:colcon.colcon_core.shell:Creating package script '/home/thibaut/Documents/Bimanual_Robot/bimanual_ws/install/bimanualrobot_drumstick_moveit_config/share/bimanualrobot_drumstick_moveit_config/package.sh'
[0.750s] INFO:colcon.colcon_core.shell:Creating package script '/home/thibaut/Documents/Bimanual_Robot/bimanual_ws/install/bimanualrobot_drumstick_moveit_config/share/bimanualrobot_drumstick_moveit_config/package.bash'
[0.751s] INFO:colcon.colcon_core.shell:Creating package script '/home/thibaut/Documents/Bimanual_Robot/bimanual_ws/install/bimanualrobot_drumstick_moveit_config/share/bimanualrobot_drumstick_moveit_config/package.zsh'
[0.751s] Level 1:colcon.colcon_core.environment:create_file_with_runtime_dependencies(/home/thibaut/Documents/Bimanual_Robot/bimanual_ws/install/bimanualrobot_drumstick_moveit_config/share/colcon-core/packages/bimanualrobot_drumstick_moveit_config)
[1.136s] DEBUG:colcon.colcon_core.event_handler.log_command:Invoked command in '/home/thibaut/Documents/Bimanual_Robot/bimanual_ws/build/bio_ik' returned '1': DEBUGINFOD_URLS=https://debuginfod.ubuntu.com /usr/bin/cmake /home/thibaut/Documents/Bimanual_Robot/bimanual_ws/src/bio_ik -DCATKIN_INSTALL_INTO_PREFIX_ROOT=0 -DCATKIN_SYMLINK_INSTALL=ON -DCMAKE_INSTALL_PREFIX=/home/thibaut/Documents/Bimanual_Robot/bimanual_ws/install/bio_ik
[1.142s] Level 1:colcon.colcon_core.environment:create_environment_scripts_only(bio_ik)
[1.142s] Level 1:colcon.colcon_core.environment:checking '/home/thibaut/Documents/Bimanual_Robot/bimanual_ws/install/bio_ik' for CMake module files
[1.142s] Level 1:colcon.colcon_core.environment:checking '/home/thibaut/Documents/Bimanual_Robot/bimanual_ws/install/bio_ik' for CMake config files
[1.142s] Level 1:colcon.colcon_core.environment:checking '/home/thibaut/Documents/Bimanual_Robot/bimanual_ws/install/bio_ik/bin'
[1.142s] Level 1:colcon.colcon_core.environment:checking '/home/thibaut/Documents/Bimanual_Robot/bimanual_ws/install/bio_ik/lib/pkgconfig/bio_ik.pc'
[1.142s] Level 1:colcon.colcon_core.environment:checking '/home/thibaut/Documents/Bimanual_Robot/bimanual_ws/install/bio_ik/lib/python3.12/site-packages'
[1.142s] Level 1:colcon.colcon_core.environment:checking '/home/thibaut/Documents/Bimanual_Robot/bimanual_ws/install/bio_ik/bin'
[1.143s] INFO:colcon.colcon_core.shell:Creating package script '/home/thibaut/Documents/Bimanual_Robot/bimanual_ws/install/bio_ik/share/bio_ik/package.ps1'
[1.143s] INFO:colcon.colcon_core.shell:Creating package descriptor '/home/thibaut/Documents/Bimanual_Robot/bimanual_ws/install/bio_ik/share/bio_ik/package.dsv'
[1.143s] INFO:colcon.colcon_core.shell:Creating package script '/home/thibaut/Documents/Bimanual_Robot/bimanual_ws/install/bio_ik/share/bio_ik/package.sh'
[1.143s] INFO:colcon.colcon_core.shell:Creating package script '/home/thibaut/Documents/Bimanual_Robot/bimanual_ws/install/bio_ik/share/bio_ik/package.bash'
[1.143s] INFO:colcon.colcon_core.shell:Creating package script '/home/thibaut/Documents/Bimanual_Robot/bimanual_ws/install/bio_ik/share/bio_ik/package.zsh'
[1.144s] Level 1:colcon.colcon_core.environment:create_file_with_runtime_dependencies(/home/thibaut/Documents/Bimanual_Robot/bimanual_ws/install/bio_ik/share/colcon-core/packages/bio_ik)
[1.277s] DEBUG:colcon.colcon_parallel_executor.executor.parallel:closing loop
[1.278s] DEBUG:colcon.colcon_parallel_executor.executor.parallel:loop closed
[1.278s] DEBUG:colcon.colcon_parallel_executor.executor.parallel:run_until_complete finished with '1'
[1.279s] DEBUG:colcon.colcon_core.event_reactor:joining thread
[1.295s] INFO:colcon.colcon_core.plugin_system:Skipping extension 'colcon_notification.desktop_notification.terminal_notifier': Not used on non-Darwin systems
[1.295s] INFO:colcon.colcon_core.plugin_system:Skipping extension 'colcon_notification.desktop_notification.win32': Not used on non-Windows systems
[1.295s] INFO:colcon.colcon_notification.desktop_notification:Sending desktop notification using 'notify2'
[1.376s] DEBUG:colcon.colcon_core.event_reactor:joined thread
[1.376s] INFO:colcon.colcon_core.shell:Creating prefix script '/home/thibaut/Documents/Bimanual_Robot/bimanual_ws/install/local_setup.ps1'
[1.377s] INFO:colcon.colcon_core.shell:Creating prefix util module '/home/thibaut/Documents/Bimanual_Robot/bimanual_ws/install/_local_setup_util_ps1.py'
[1.378s] INFO:colcon.colcon_core.shell:Creating prefix chain script '/home/thibaut/Documents/Bimanual_Robot/bimanual_ws/install/setup.ps1'
[1.378s] INFO:colcon.colcon_core.shell:Creating prefix script '/home/thibaut/Documents/Bimanual_Robot/bimanual_ws/install/local_setup.sh'
[1.379s] INFO:colcon.colcon_core.shell:Creating prefix util module '/home/thibaut/Documents/Bimanual_Robot/bimanual_ws/install/_local_setup_util_sh.py'
[1.380s] INFO:colcon.colcon_core.shell:Creating prefix chain script '/home/thibaut/Documents/Bimanual_Robot/bimanual_ws/install/setup.sh'
[1.381s] INFO:colcon.colcon_core.shell:Creating prefix script '/home/thibaut/Documents/Bimanual_Robot/bimanual_ws/install/local_setup.bash'
[1.381s] INFO:colcon.colcon_core.shell:Creating prefix chain script '/home/thibaut/Documents/Bimanual_Robot/bimanual_ws/install/setup.bash'
[1.382s] INFO:colcon.colcon_core.shell:Creating prefix script '/home/thibaut/Documents/Bimanual_Robot/bimanual_ws/install/local_setup.zsh'
[1.382s] INFO:colcon.colcon_core.shell:Creating prefix chain script '/home/thibaut/Documents/Bimanual_Robot/bimanual_ws/install/setup.zsh'
