[0.048s] Invoking command in '/home/thibaut/Documents/Bimanual_Robot/bimanual_ws/build/bio_ik': DEBUGINFOD_URLS=https://debuginfod.ubuntu.com /usr/bin/cmake /home/thibaut/Documents/Bimanual_Robot/bimanual_ws/src/bio_ik -DCATKIN_INSTALL_INTO_PREFIX_ROOT=0 -DCATKIN_SYMLINK_INSTALL=ON -DCMAKE_INSTALL_PREFIX=/home/thibaut/Documents/Bimanual_Robot/bimanual_ws/install/bio_ik
[0.092s] [0mCMake Deprecation Warning at CMakeLists.txt:1 (cmake_minimum_required):
[0.092s]   Compatibility with CMake < 3.5 will be removed from a future version of
[0.093s]   CMake.
[0.093s] 
[0.093s]   Update the VERSION argument <min> value or use a ...<max> suffix to tell
[0.093s]   CMake that the project does not need compatibility with older versions.
[0.093s] 
[0.093s] [0m
[0.322s] -- The C compiler identification is GNU 13.3.0
[0.475s] -- The CXX compiler identification is GNU 13.3.0
[0.493s] -- Detecting C compiler ABI info
[0.665s] -- Detecting C compiler ABI info - done
[0.670s] -- Check for working C compiler: /usr/bin/cc - skipped
[0.671s] -- Detecting C compile features
[0.671s] -- Detecting C compile features - done
[0.676s] -- Detecting CXX compiler ABI info
[0.775s] -- Detecting CXX compiler ABI info - done
[0.781s] -- Check for working CXX compiler: /usr/bin/c++ - skipped
[0.781s] -- Detecting CXX compile features
[0.782s] -- Detecting CXX compile features - done
[0.782s] [0mbio_ik: You did not request a specific build type: Choosing 'Release' for maximum performance[0m
[0.801s] [31mCMake Error at CMakeLists.txt:9 (find_package):
[0.801s]   By not providing "Findcatkin.cmake" in CMAKE_MODULE_PATH this project has
[0.801s]   asked CMake to find a package configuration file provided by "catkin", but
[0.801s]   CMake did not find one.
[0.801s] 
[0.801s]   Could not find a package configuration file provided by "catkin" with any
[0.801s]   of the following names:
[0.801s] 
[0.801s]     catkinConfig.cmake
[0.801s]     catkin-config.cmake
[0.801s] 
[0.801s]   Add the installation prefix of "catkin" to CMAKE_PREFIX_PATH or set
[0.801s]   "catkin_DIR" to a directory containing one of the above files.  If "catkin"
[0.801s]   provides a separate development package or SDK, be sure it has been
[0.801s]   installed.
[0.801s] 
[0.801s] [0m
[0.803s] -- Configuring incomplete, errors occurred!
[0.803s] Invoked command in '/home/thibaut/Documents/Bimanual_Robot/bimanual_ws/build/bio_ik' returned '1': DEBUGINFOD_URLS=https://debuginfod.ubuntu.com /usr/bin/cmake /home/thibaut/Documents/Bimanual_Robot/bimanual_ws/src/bio_ik -DCATKIN_INSTALL_INTO_PREFIX_ROOT=0 -DCATKIN_SYMLINK_INSTALL=ON -DCMAKE_INSTALL_PREFIX=/home/thibaut/Documents/Bimanual_Robot/bimanual_ws/install/bio_ik
