[0.009s] Invoking command in '/home/thibaut/Documents/Bimanual_Robot/bimanual_ws/build/bimanualrobot_gazebo': CMAKE_PREFIX_PATH=${CMAKE_PREFIX_PATH}:/opt/ros/jazzy DEBUGINFOD_URLS=https://debuginfod.ubuntu.com /usr/bin/cmake /home/thibaut/Documents/Bimanual_Robot/bimanual_ws/src/bimanualrobot_ros2/bimanualrobot_gazebo -DAMENT_CMAKE_SYMLINK_INSTALL=1 -DCMAKE_INSTALL_PREFIX=/home/thibaut/Documents/Bimanual_Robot/bimanual_ws/install/bimanualrobot_gazebo
[0.116s] -- The C compiler identification is GNU 13.3.0
[0.204s] -- The CXX compiler identification is GNU 13.3.0
[0.217s] -- Detecting C compiler ABI info
[0.275s] -- Detecting C compiler ABI info - done
[0.282s] -- Check for working C compiler: /usr/bin/cc - skipped
[0.282s] -- Detecting C compile features
[0.283s] -- Detecting C compile features - done
[0.287s] -- Detecting CXX compiler ABI info
[0.350s] -- Detecting CXX compiler ABI info - done
[0.358s] -- Check for working CXX compiler: /usr/bin/c++ - skipped
[0.358s] -- Detecting CXX compile features
[0.359s] -- Detecting CXX compile features - done
[0.362s] -- Found ament_cmake: 2.5.4 (/opt/ros/jazzy/share/ament_cmake/cmake)
[0.458s] -- Found Python3: /usr/bin/python3 (found version "3.12.3") found components: Interpreter 
[0.507s] -- Override CMake install command with custom implementation using symlinks instead of copying resources
[0.535s] [31mCMake Error at CMakeLists.txt:12 (find_package):
[0.535s]   By not providing "Findcontroller_manager.cmake" in CMAKE_MODULE_PATH this
[0.535s]   project has asked CMake to find a package configuration file provided by
[0.535s]   "controller_manager", but CMake did not find one.
[0.535s] 
[0.535s]   Could not find a package configuration file provided by
[0.535s]   "controller_manager" with any of the following names:
[0.535s] 
[0.535s]     controller_managerConfig.cmake
[0.536s]     controller_manager-config.cmake
[0.536s] 
[0.536s]   Add the installation prefix of "controller_manager" to CMAKE_PREFIX_PATH or
[0.536s]   set "controller_manager_DIR" to a directory containing one of the above
[0.536s]   files.  If "controller_manager" provides a separate development package or
[0.537s]   SDK, be sure it has been installed.
[0.537s] 
[0.537s] [0m
[0.537s] -- Configuring incomplete, errors occurred!
[0.539s] Invoked command in '/home/thibaut/Documents/Bimanual_Robot/bimanual_ws/build/bimanualrobot_gazebo' returned '1': CMAKE_PREFIX_PATH=${CMAKE_PREFIX_PATH}:/opt/ros/jazzy DEBUGINFOD_URLS=https://debuginfod.ubuntu.com /usr/bin/cmake /home/thibaut/Documents/Bimanual_Robot/bimanual_ws/src/bimanualrobot_ros2/bimanualrobot_gazebo -DAMENT_CMAKE_SYMLINK_INSTALL=1 -DCMAKE_INSTALL_PREFIX=/home/thibaut/Documents/Bimanual_Robot/bimanual_ws/install/bimanualrobot_gazebo
