-- The C compiler identification is GNU 13.3.0
-- The CXX compiler identification is GNU 13.3.0
-- Detecting C compiler ABI info
-- Detecting C compiler ABI info - done
-- Check for working C compiler: /usr/bin/cc - skipped
-- Detecting C compile features
-- Detecting C compile features - done
-- Detecting CXX compiler ABI info
-- Detecting CXX compiler ABI info - done
-- Check for working CXX compiler: /usr/bin/c++ - skipped
-- Detecting CXX compile features
-- Detecting CXX compile features - done
-- Found ament_cmake: 2.5.4 (/opt/ros/jazzy/share/ament_cmake/cmake)
-- Found Python3: /usr/bin/python3 (found version "3.12.3") found components: Interpreter 
-- Override CMake install command with custom implementation using symlinks instead of copying resources
-- Found ament_lint_auto: 0.17.3 (/opt/ros/jazzy/share/ament_lint_auto/cmake)
-- Added test 'lint_cmake' to check CMake code style
-- Added test 'xmllint' to check XML markup files
-- Configuring done (0.5s)
-- Generating done (0.0s)
-- Build files have been written to: /home/thibaut/Documents/Bimanual_Robot/bimanual_ws/build/bimanualrobot_ros2
-- Install configuration: ""
-- Execute custom install script
-- Symlinking: /home/thibaut/Documents/Bimanual_Robot/bimanual_ws/install/bimanualrobot_ros2/share/ament_index/resource_index/package_run_dependencies/bimanualrobot_ros2
-- Symlinking: /home/thibaut/Documents/Bimanual_Robot/bimanual_ws/install/bimanualrobot_ros2/share/ament_index/resource_index/parent_prefix_path/bimanualrobot_ros2
-- Symlinking: /home/thibaut/Documents/Bimanual_Robot/bimanual_ws/install/bimanualrobot_ros2/share/bimanualrobot_ros2/environment/ament_prefix_path.sh
-- Symlinking: /home/thibaut/Documents/Bimanual_Robot/bimanual_ws/install/bimanualrobot_ros2/share/bimanualrobot_ros2/environment/ament_prefix_path.dsv
-- Symlinking: /home/thibaut/Documents/Bimanual_Robot/bimanual_ws/install/bimanualrobot_ros2/share/bimanualrobot_ros2/environment/path.sh
-- Symlinking: /home/thibaut/Documents/Bimanual_Robot/bimanual_ws/install/bimanualrobot_ros2/share/bimanualrobot_ros2/environment/path.dsv
-- Symlinking: /home/thibaut/Documents/Bimanual_Robot/bimanual_ws/install/bimanualrobot_ros2/share/bimanualrobot_ros2/local_setup.bash
-- Symlinking: /home/thibaut/Documents/Bimanual_Robot/bimanual_ws/install/bimanualrobot_ros2/share/bimanualrobot_ros2/local_setup.sh
-- Symlinking: /home/thibaut/Documents/Bimanual_Robot/bimanual_ws/install/bimanualrobot_ros2/share/bimanualrobot_ros2/local_setup.zsh
-- Symlinking: /home/thibaut/Documents/Bimanual_Robot/bimanual_ws/install/bimanualrobot_ros2/share/bimanualrobot_ros2/local_setup.dsv
-- Symlinking: /home/thibaut/Documents/Bimanual_Robot/bimanual_ws/install/bimanualrobot_ros2/share/bimanualrobot_ros2/package.dsv
-- Symlinking: /home/thibaut/Documents/Bimanual_Robot/bimanual_ws/install/bimanualrobot_ros2/share/ament_index/resource_index/packages/bimanualrobot_ros2
-- Symlinking: /home/thibaut/Documents/Bimanual_Robot/bimanual_ws/install/bimanualrobot_ros2/share/bimanualrobot_ros2/cmake/bimanualrobot_ros2Config.cmake
-- Symlinking: /home/thibaut/Documents/Bimanual_Robot/bimanual_ws/install/bimanualrobot_ros2/share/bimanualrobot_ros2/cmake/bimanualrobot_ros2Config-version.cmake
-- Symlinking: /home/thibaut/Documents/Bimanual_Robot/bimanual_ws/install/bimanualrobot_ros2/share/bimanualrobot_ros2/package.xml
