[0.063s] Invoking command in '/home/thibaut/Documents/Bimanual_Robot/bimanual_ws/build/dynamixel_sdk_custom_interfaces': CMAKE_PREFIX_PATH=${CMAKE_PREFIX_PATH}:/opt/ros/jazzy DEBUGINFOD_URLS=https://debuginfod.ubuntu.com /usr/bin/cmake --build /home/thibaut/Documents/Bimanual_Robot/bimanual_ws/build/dynamixel_sdk_custom_interfaces -- -j6 -l6
[0.142s] [  2%] Built target dynamixel_sdk_custom_interfaces__rosidl_generator_type_description
[0.169s] [  2%] Built target ament_cmake_python_symlink_dynamixel_sdk_custom_interfaces
[0.260s] [  4%] Built target dynamixel_sdk_custom_interfaces__cpp
[0.260s] [ 22%] Built target dynamixel_sdk_custom_interfaces__rosidl_generator_c
[0.278s] [ 31%] Built target dynamixel_sdk_custom_interfaces__rosidl_typesupport_fastrtps_c
[0.278s] [ 40%] Built target dynamixel_sdk_custom_interfaces__rosidl_typesupport_introspection_cpp
[0.311s] [ 50%] Built target dynamixel_sdk_custom_interfaces__rosidl_typesupport_introspection_c
[0.319s] [ 59%] Built target dynamixel_sdk_custom_interfaces__rosidl_typesupport_c
[0.361s] [ 68%] Built target dynamixel_sdk_custom_interfaces__rosidl_typesupport_cpp
[0.386s] [ 77%] Built target dynamixel_sdk_custom_interfaces__rosidl_typesupport_fastrtps_cpp
[0.410s] [ 77%] Built target dynamixel_sdk_custom_interfaces
[0.453s] [ 79%] Built target dynamixel_sdk_custom_interfaces__py
[0.490s] [ 86%] Built target dynamixel_sdk_custom_interfaces__rosidl_generator_py
[0.519s] [ 90%] Built target dynamixel_sdk_custom_interfaces_s__rosidl_typesupport_fastrtps_c
[0.541s] [ 95%] Built target dynamixel_sdk_custom_interfaces_s__rosidl_typesupport_introspection_c
[0.554s] [100%] Built target dynamixel_sdk_custom_interfaces_s__rosidl_typesupport_c
[0.593s] running egg_info
[0.602s] writing dynamixel_sdk_custom_interfaces.egg-info/PKG-INFO
[0.605s] writing dependency_links to dynamixel_sdk_custom_interfaces.egg-info/dependency_links.txt
[0.605s] writing top-level names to dynamixel_sdk_custom_interfaces.egg-info/top_level.txt
[0.651s] reading manifest file 'dynamixel_sdk_custom_interfaces.egg-info/SOURCES.txt'
[0.651s] writing manifest file 'dynamixel_sdk_custom_interfaces.egg-info/SOURCES.txt'
[0.686s] [100%] Built target ament_cmake_python_build_dynamixel_sdk_custom_interfaces_egg
[0.697s] Invoked command in '/home/thibaut/Documents/Bimanual_Robot/bimanual_ws/build/dynamixel_sdk_custom_interfaces' returned '0': CMAKE_PREFIX_PATH=${CMAKE_PREFIX_PATH}:/opt/ros/jazzy DEBUGINFOD_URLS=https://debuginfod.ubuntu.com /usr/bin/cmake --build /home/thibaut/Documents/Bimanual_Robot/bimanual_ws/build/dynamixel_sdk_custom_interfaces -- -j6 -l6
[0.699s] Invoking command in '/home/thibaut/Documents/Bimanual_Robot/bimanual_ws/build/dynamixel_sdk_custom_interfaces': CMAKE_PREFIX_PATH=${CMAKE_PREFIX_PATH}:/opt/ros/jazzy DEBUGINFOD_URLS=https://debuginfod.ubuntu.com /usr/bin/cmake --install /home/thibaut/Documents/Bimanual_Robot/bimanual_ws/build/dynamixel_sdk_custom_interfaces
[0.708s] -- Install configuration: ""
[0.708s] -- Execute custom install script
[0.708s] -- Up-to-date symlink: /home/thibaut/Documents/Bimanual_Robot/bimanual_ws/install/dynamixel_sdk_custom_interfaces/share/ament_index/resource_index/rosidl_interfaces/dynamixel_sdk_custom_interfaces
[0.709s] -- Up-to-date symlink: /home/thibaut/Documents/Bimanual_Robot/bimanual_ws/install/dynamixel_sdk_custom_interfaces/share/dynamixel_sdk_custom_interfaces/msg/SetPosition.json
[0.709s] -- Up-to-date symlink: /home/thibaut/Documents/Bimanual_Robot/bimanual_ws/install/dynamixel_sdk_custom_interfaces/share/dynamixel_sdk_custom_interfaces/srv/GetPosition.json
[0.710s] -- Up-to-date symlink: /home/thibaut/Documents/Bimanual_Robot/bimanual_ws/install/dynamixel_sdk_custom_interfaces/include/dynamixel_sdk_custom_interfaces/dynamixel_sdk_custom_interfaces/msg/detail/set_position__functions.h
[0.710s] -- Up-to-date symlink: /home/thibaut/Documents/Bimanual_Robot/bimanual_ws/install/dynamixel_sdk_custom_interfaces/include/dynamixel_sdk_custom_interfaces/dynamixel_sdk_custom_interfaces/msg/detail/set_position__struct.h
[0.710s] -- Up-to-date symlink: /home/thibaut/Documents/Bimanual_Robot/bimanual_ws/install/dynamixel_sdk_custom_interfaces/include/dynamixel_sdk_custom_interfaces/dynamixel_sdk_custom_interfaces/msg/detail/set_position__type_support.h
[0.711s] -- Up-to-date symlink: /home/thibaut/Documents/Bimanual_Robot/bimanual_ws/install/dynamixel_sdk_custom_interfaces/include/dynamixel_sdk_custom_interfaces/dynamixel_sdk_custom_interfaces/msg/rosidl_generator_c__visibility_control.h
[0.712s] -- Up-to-date symlink: /home/thibaut/Documents/Bimanual_Robot/bimanual_ws/install/dynamixel_sdk_custom_interfaces/include/dynamixel_sdk_custom_interfaces/dynamixel_sdk_custom_interfaces/msg/set_position.h
[0.712s] -- Up-to-date symlink: /home/thibaut/Documents/Bimanual_Robot/bimanual_ws/install/dynamixel_sdk_custom_interfaces/include/dynamixel_sdk_custom_interfaces/dynamixel_sdk_custom_interfaces/srv/detail/get_position__functions.h
[0.712s] -- Up-to-date symlink: /home/thibaut/Documents/Bimanual_Robot/bimanual_ws/install/dynamixel_sdk_custom_interfaces/include/dynamixel_sdk_custom_interfaces/dynamixel_sdk_custom_interfaces/srv/detail/get_position__struct.h
[0.712s] -- Up-to-date symlink: /home/thibaut/Documents/Bimanual_Robot/bimanual_ws/install/dynamixel_sdk_custom_interfaces/include/dynamixel_sdk_custom_interfaces/dynamixel_sdk_custom_interfaces/srv/detail/get_position__type_support.h
[0.712s] -- Up-to-date symlink: /home/thibaut/Documents/Bimanual_Robot/bimanual_ws/install/dynamixel_sdk_custom_interfaces/include/dynamixel_sdk_custom_interfaces/dynamixel_sdk_custom_interfaces/srv/get_position.h
[0.712s] -- Up-to-date symlink: /home/thibaut/Documents/Bimanual_Robot/bimanual_ws/install/dynamixel_sdk_custom_interfaces/share/dynamixel_sdk_custom_interfaces/environment/library_path.sh
[0.713s] -- Up-to-date symlink: /home/thibaut/Documents/Bimanual_Robot/bimanual_ws/install/dynamixel_sdk_custom_interfaces/share/dynamixel_sdk_custom_interfaces/environment/library_path.dsv
[0.713s] -- Up-to-date symlink: /home/thibaut/Documents/Bimanual_Robot/bimanual_ws/install/dynamixel_sdk_custom_interfaces/include/dynamixel_sdk_custom_interfaces/dynamixel_sdk_custom_interfaces/msg/detail/set_position__rosidl_typesupport_fastrtps_c.h
[0.713s] -- Up-to-date symlink: /home/thibaut/Documents/Bimanual_Robot/bimanual_ws/install/dynamixel_sdk_custom_interfaces/include/dynamixel_sdk_custom_interfaces/dynamixel_sdk_custom_interfaces/msg/rosidl_typesupport_fastrtps_c__visibility_control.h
[0.713s] -- Up-to-date symlink: /home/thibaut/Documents/Bimanual_Robot/bimanual_ws/install/dynamixel_sdk_custom_interfaces/include/dynamixel_sdk_custom_interfaces/dynamixel_sdk_custom_interfaces/srv/detail/get_position__rosidl_typesupport_fastrtps_c.h
[0.713s] -- Up-to-date symlink: /home/thibaut/Documents/Bimanual_Robot/bimanual_ws/install/dynamixel_sdk_custom_interfaces/include/dynamixel_sdk_custom_interfaces/dynamixel_sdk_custom_interfaces/msg/detail/set_position__builder.hpp
[0.713s] -- Up-to-date symlink: /home/thibaut/Documents/Bimanual_Robot/bimanual_ws/install/dynamixel_sdk_custom_interfaces/include/dynamixel_sdk_custom_interfaces/dynamixel_sdk_custom_interfaces/msg/detail/set_position__struct.hpp
[0.713s] -- Up-to-date symlink: /home/thibaut/Documents/Bimanual_Robot/bimanual_ws/install/dynamixel_sdk_custom_interfaces/include/dynamixel_sdk_custom_interfaces/dynamixel_sdk_custom_interfaces/msg/detail/set_position__traits.hpp
[0.714s] -- Up-to-date symlink: /home/thibaut/Documents/Bimanual_Robot/bimanual_ws/install/dynamixel_sdk_custom_interfaces/include/dynamixel_sdk_custom_interfaces/dynamixel_sdk_custom_interfaces/msg/detail/set_position__type_support.hpp
[0.714s] -- Up-to-date symlink: /home/thibaut/Documents/Bimanual_Robot/bimanual_ws/install/dynamixel_sdk_custom_interfaces/include/dynamixel_sdk_custom_interfaces/dynamixel_sdk_custom_interfaces/msg/rosidl_generator_cpp__visibility_control.hpp
[0.714s] -- Up-to-date symlink: /home/thibaut/Documents/Bimanual_Robot/bimanual_ws/install/dynamixel_sdk_custom_interfaces/include/dynamixel_sdk_custom_interfaces/dynamixel_sdk_custom_interfaces/msg/set_position.hpp
[0.714s] -- Up-to-date symlink: /home/thibaut/Documents/Bimanual_Robot/bimanual_ws/install/dynamixel_sdk_custom_interfaces/include/dynamixel_sdk_custom_interfaces/dynamixel_sdk_custom_interfaces/srv/detail/get_position__builder.hpp
[0.714s] -- Up-to-date symlink: /home/thibaut/Documents/Bimanual_Robot/bimanual_ws/install/dynamixel_sdk_custom_interfaces/include/dynamixel_sdk_custom_interfaces/dynamixel_sdk_custom_interfaces/srv/detail/get_position__struct.hpp
[0.714s] -- Up-to-date symlink: /home/thibaut/Documents/Bimanual_Robot/bimanual_ws/install/dynamixel_sdk_custom_interfaces/include/dynamixel_sdk_custom_interfaces/dynamixel_sdk_custom_interfaces/srv/detail/get_position__traits.hpp
[0.714s] -- Up-to-date symlink: /home/thibaut/Documents/Bimanual_Robot/bimanual_ws/install/dynamixel_sdk_custom_interfaces/include/dynamixel_sdk_custom_interfaces/dynamixel_sdk_custom_interfaces/srv/detail/get_position__type_support.hpp
[0.714s] -- Up-to-date symlink: /home/thibaut/Documents/Bimanual_Robot/bimanual_ws/install/dynamixel_sdk_custom_interfaces/include/dynamixel_sdk_custom_interfaces/dynamixel_sdk_custom_interfaces/srv/get_position.hpp
[0.715s] -- Up-to-date symlink: /home/thibaut/Documents/Bimanual_Robot/bimanual_ws/install/dynamixel_sdk_custom_interfaces/include/dynamixel_sdk_custom_interfaces/dynamixel_sdk_custom_interfaces/msg/detail/set_position__rosidl_typesupport_fastrtps_cpp.hpp
[0.715s] -- Up-to-date symlink: /home/thibaut/Documents/Bimanual_Robot/bimanual_ws/install/dynamixel_sdk_custom_interfaces/include/dynamixel_sdk_custom_interfaces/dynamixel_sdk_custom_interfaces/msg/rosidl_typesupport_fastrtps_cpp__visibility_control.h
[0.715s] -- Up-to-date symlink: /home/thibaut/Documents/Bimanual_Robot/bimanual_ws/install/dynamixel_sdk_custom_interfaces/include/dynamixel_sdk_custom_interfaces/dynamixel_sdk_custom_interfaces/srv/detail/get_position__rosidl_typesupport_fastrtps_cpp.hpp
[0.715s] -- Up-to-date symlink: /home/thibaut/Documents/Bimanual_Robot/bimanual_ws/install/dynamixel_sdk_custom_interfaces/include/dynamixel_sdk_custom_interfaces/dynamixel_sdk_custom_interfaces/msg/detail/set_position__rosidl_typesupport_introspection_c.h
[0.715s] -- Up-to-date symlink: /home/thibaut/Documents/Bimanual_Robot/bimanual_ws/install/dynamixel_sdk_custom_interfaces/include/dynamixel_sdk_custom_interfaces/dynamixel_sdk_custom_interfaces/msg/rosidl_typesupport_introspection_c__visibility_control.h
[0.715s] -- Up-to-date symlink: /home/thibaut/Documents/Bimanual_Robot/bimanual_ws/install/dynamixel_sdk_custom_interfaces/include/dynamixel_sdk_custom_interfaces/dynamixel_sdk_custom_interfaces/srv/detail/get_position__rosidl_typesupport_introspection_c.h
[0.715s] -- Up-to-date symlink: /home/thibaut/Documents/Bimanual_Robot/bimanual_ws/install/dynamixel_sdk_custom_interfaces/include/dynamixel_sdk_custom_interfaces/dynamixel_sdk_custom_interfaces/msg/detail/set_position__rosidl_typesupport_introspection_cpp.hpp
[0.716s] -- Up-to-date symlink: /home/thibaut/Documents/Bimanual_Robot/bimanual_ws/install/dynamixel_sdk_custom_interfaces/include/dynamixel_sdk_custom_interfaces/dynamixel_sdk_custom_interfaces/srv/detail/get_position__rosidl_typesupport_introspection_cpp.hpp
[0.716s] -- Up-to-date symlink: /home/thibaut/Documents/Bimanual_Robot/bimanual_ws/install/dynamixel_sdk_custom_interfaces/share/dynamixel_sdk_custom_interfaces/environment/pythonpath.sh
[0.716s] -- Up-to-date symlink: /home/thibaut/Documents/Bimanual_Robot/bimanual_ws/install/dynamixel_sdk_custom_interfaces/share/dynamixel_sdk_custom_interfaces/environment/pythonpath.dsv
[0.716s] -- Up-to-date symlink: /home/thibaut/Documents/Bimanual_Robot/bimanual_ws/install/dynamixel_sdk_custom_interfaces/lib/python3.12/site-packages/dynamixel_sdk_custom_interfaces-3.8.4-py3.12.egg-info/PKG-INFO
[0.716s] -- Up-to-date symlink: /home/thibaut/Documents/Bimanual_Robot/bimanual_ws/install/dynamixel_sdk_custom_interfaces/lib/python3.12/site-packages/dynamixel_sdk_custom_interfaces-3.8.4-py3.12.egg-info/SOURCES.txt
[0.716s] -- Up-to-date symlink: /home/thibaut/Documents/Bimanual_Robot/bimanual_ws/install/dynamixel_sdk_custom_interfaces/lib/python3.12/site-packages/dynamixel_sdk_custom_interfaces-3.8.4-py3.12.egg-info/dependency_links.txt
[0.716s] -- Up-to-date symlink: /home/thibaut/Documents/Bimanual_Robot/bimanual_ws/install/dynamixel_sdk_custom_interfaces/lib/python3.12/site-packages/dynamixel_sdk_custom_interfaces-3.8.4-py3.12.egg-info/top_level.txt
[0.716s] -- Up-to-date symlink: /home/thibaut/Documents/Bimanual_Robot/bimanual_ws/install/dynamixel_sdk_custom_interfaces/lib/python3.12/site-packages/dynamixel_sdk_custom_interfaces/__init__.py
[0.716s] -- Up-to-date symlink: /home/thibaut/Documents/Bimanual_Robot/bimanual_ws/install/dynamixel_sdk_custom_interfaces/lib/python3.12/site-packages/dynamixel_sdk_custom_interfaces/_dynamixel_sdk_custom_interfaces_s.ep.rosidl_typesupport_c.c
[0.717s] -- Up-to-date symlink: /home/thibaut/Documents/Bimanual_Robot/bimanual_ws/install/dynamixel_sdk_custom_interfaces/lib/python3.12/site-packages/dynamixel_sdk_custom_interfaces/_dynamixel_sdk_custom_interfaces_s.ep.rosidl_typesupport_fastrtps_c.c
[0.717s] -- Up-to-date symlink: /home/thibaut/Documents/Bimanual_Robot/bimanual_ws/install/dynamixel_sdk_custom_interfaces/lib/python3.12/site-packages/dynamixel_sdk_custom_interfaces/_dynamixel_sdk_custom_interfaces_s.ep.rosidl_typesupport_introspection_c.c
[0.717s] -- Up-to-date symlink: /home/thibaut/Documents/Bimanual_Robot/bimanual_ws/install/dynamixel_sdk_custom_interfaces/lib/python3.12/site-packages/dynamixel_sdk_custom_interfaces/dynamixel_sdk_custom_interfaces_s__rosidl_typesupport_c.so
[0.717s] -- Up-to-date symlink: /home/thibaut/Documents/Bimanual_Robot/bimanual_ws/install/dynamixel_sdk_custom_interfaces/lib/python3.12/site-packages/dynamixel_sdk_custom_interfaces/dynamixel_sdk_custom_interfaces_s__rosidl_typesupport_fastrtps_c.so
[0.717s] -- Up-to-date symlink: /home/thibaut/Documents/Bimanual_Robot/bimanual_ws/install/dynamixel_sdk_custom_interfaces/lib/python3.12/site-packages/dynamixel_sdk_custom_interfaces/dynamixel_sdk_custom_interfaces_s__rosidl_typesupport_introspection_c.so
[0.717s] -- Up-to-date symlink: /home/thibaut/Documents/Bimanual_Robot/bimanual_ws/install/dynamixel_sdk_custom_interfaces/lib/python3.12/site-packages/dynamixel_sdk_custom_interfaces/msg/__init__.py
[0.717s] -- Up-to-date symlink: /home/thibaut/Documents/Bimanual_Robot/bimanual_ws/install/dynamixel_sdk_custom_interfaces/lib/python3.12/site-packages/dynamixel_sdk_custom_interfaces/msg/_set_position.py
[0.718s] -- Up-to-date symlink: /home/thibaut/Documents/Bimanual_Robot/bimanual_ws/install/dynamixel_sdk_custom_interfaces/lib/python3.12/site-packages/dynamixel_sdk_custom_interfaces/msg/_set_position_s.c
[0.718s] -- Up-to-date symlink: /home/thibaut/Documents/Bimanual_Robot/bimanual_ws/install/dynamixel_sdk_custom_interfaces/lib/python3.12/site-packages/dynamixel_sdk_custom_interfaces/srv/__init__.py
[0.718s] -- Up-to-date symlink: /home/thibaut/Documents/Bimanual_Robot/bimanual_ws/install/dynamixel_sdk_custom_interfaces/lib/python3.12/site-packages/dynamixel_sdk_custom_interfaces/srv/_get_position.py
[0.718s] -- Up-to-date symlink: /home/thibaut/Documents/Bimanual_Robot/bimanual_ws/install/dynamixel_sdk_custom_interfaces/lib/python3.12/site-packages/dynamixel_sdk_custom_interfaces/srv/_get_position_s.c
[0.718s] -- Up-to-date symlink: /home/thibaut/Documents/Bimanual_Robot/bimanual_ws/install/dynamixel_sdk_custom_interfaces/lib/python3.12/site-packages/dynamixel_sdk_custom_interfaces/dynamixel_sdk_custom_interfaces_s__rosidl_typesupport_fastrtps_c.so
[0.718s] -- Up-to-date symlink: /home/thibaut/Documents/Bimanual_Robot/bimanual_ws/install/dynamixel_sdk_custom_interfaces/lib/python3.12/site-packages/dynamixel_sdk_custom_interfaces/dynamixel_sdk_custom_interfaces_s__rosidl_typesupport_introspection_c.so
[0.718s] -- Up-to-date symlink: /home/thibaut/Documents/Bimanual_Robot/bimanual_ws/install/dynamixel_sdk_custom_interfaces/lib/python3.12/site-packages/dynamixel_sdk_custom_interfaces/dynamixel_sdk_custom_interfaces_s__rosidl_typesupport_c.so
[0.718s] -- Up-to-date symlink: /home/thibaut/Documents/Bimanual_Robot/bimanual_ws/install/dynamixel_sdk_custom_interfaces/share/dynamixel_sdk_custom_interfaces/msg/SetPosition.idl
[0.719s] -- Up-to-date symlink: /home/thibaut/Documents/Bimanual_Robot/bimanual_ws/install/dynamixel_sdk_custom_interfaces/share/dynamixel_sdk_custom_interfaces/srv/GetPosition.idl
[0.719s] -- Up-to-date symlink: /home/thibaut/Documents/Bimanual_Robot/bimanual_ws/install/dynamixel_sdk_custom_interfaces/share/dynamixel_sdk_custom_interfaces/msg/SetPosition.msg
[0.719s] -- Up-to-date symlink: /home/thibaut/Documents/Bimanual_Robot/bimanual_ws/install/dynamixel_sdk_custom_interfaces/share/dynamixel_sdk_custom_interfaces/srv/GetPosition.srv
[0.719s] -- Up-to-date symlink: /home/thibaut/Documents/Bimanual_Robot/bimanual_ws/install/dynamixel_sdk_custom_interfaces/share/ament_index/resource_index/package_run_dependencies/dynamixel_sdk_custom_interfaces
[0.719s] -- Up-to-date symlink: /home/thibaut/Documents/Bimanual_Robot/bimanual_ws/install/dynamixel_sdk_custom_interfaces/share/ament_index/resource_index/parent_prefix_path/dynamixel_sdk_custom_interfaces
[0.720s] -- Up-to-date symlink: /home/thibaut/Documents/Bimanual_Robot/bimanual_ws/install/dynamixel_sdk_custom_interfaces/share/dynamixel_sdk_custom_interfaces/environment/ament_prefix_path.sh
[0.720s] -- Up-to-date symlink: /home/thibaut/Documents/Bimanual_Robot/bimanual_ws/install/dynamixel_sdk_custom_interfaces/share/dynamixel_sdk_custom_interfaces/environment/ament_prefix_path.dsv
[0.720s] -- Up-to-date symlink: /home/thibaut/Documents/Bimanual_Robot/bimanual_ws/install/dynamixel_sdk_custom_interfaces/share/dynamixel_sdk_custom_interfaces/environment/path.sh
[0.720s] -- Up-to-date symlink: /home/thibaut/Documents/Bimanual_Robot/bimanual_ws/install/dynamixel_sdk_custom_interfaces/share/dynamixel_sdk_custom_interfaces/environment/path.dsv
[0.721s] -- Up-to-date symlink: /home/thibaut/Documents/Bimanual_Robot/bimanual_ws/install/dynamixel_sdk_custom_interfaces/share/dynamixel_sdk_custom_interfaces/local_setup.bash
[0.721s] -- Up-to-date symlink: /home/thibaut/Documents/Bimanual_Robot/bimanual_ws/install/dynamixel_sdk_custom_interfaces/share/dynamixel_sdk_custom_interfaces/local_setup.sh
[0.721s] -- Up-to-date symlink: /home/thibaut/Documents/Bimanual_Robot/bimanual_ws/install/dynamixel_sdk_custom_interfaces/share/dynamixel_sdk_custom_interfaces/local_setup.zsh
[0.721s] -- Up-to-date symlink: /home/thibaut/Documents/Bimanual_Robot/bimanual_ws/install/dynamixel_sdk_custom_interfaces/share/dynamixel_sdk_custom_interfaces/local_setup.dsv
[0.721s] -- Symlinking: /home/thibaut/Documents/Bimanual_Robot/bimanual_ws/install/dynamixel_sdk_custom_interfaces/share/dynamixel_sdk_custom_interfaces/package.dsv
[0.728s] -- Up-to-date symlink: /home/thibaut/Documents/Bimanual_Robot/bimanual_ws/install/dynamixel_sdk_custom_interfaces/share/ament_index/resource_index/packages/dynamixel_sdk_custom_interfaces
[0.728s] -- Up-to-date symlink: /home/thibaut/Documents/Bimanual_Robot/bimanual_ws/install/dynamixel_sdk_custom_interfaces/share/dynamixel_sdk_custom_interfaces/cmake/rosidl_cmake-extras.cmake
[0.728s] -- Up-to-date symlink: /home/thibaut/Documents/Bimanual_Robot/bimanual_ws/install/dynamixel_sdk_custom_interfaces/share/dynamixel_sdk_custom_interfaces/cmake/ament_cmake_export_dependencies-extras.cmake
[0.728s] -- Up-to-date symlink: /home/thibaut/Documents/Bimanual_Robot/bimanual_ws/install/dynamixel_sdk_custom_interfaces/share/dynamixel_sdk_custom_interfaces/cmake/ament_cmake_export_include_directories-extras.cmake
[0.729s] -- Up-to-date symlink: /home/thibaut/Documents/Bimanual_Robot/bimanual_ws/install/dynamixel_sdk_custom_interfaces/share/dynamixel_sdk_custom_interfaces/cmake/ament_cmake_export_libraries-extras.cmake
[0.729s] -- Up-to-date symlink: /home/thibaut/Documents/Bimanual_Robot/bimanual_ws/install/dynamixel_sdk_custom_interfaces/share/dynamixel_sdk_custom_interfaces/cmake/ament_cmake_export_targets-extras.cmake
[0.729s] -- Up-to-date symlink: /home/thibaut/Documents/Bimanual_Robot/bimanual_ws/install/dynamixel_sdk_custom_interfaces/share/dynamixel_sdk_custom_interfaces/cmake/rosidl_cmake_export_typesupport_targets-extras.cmake
[0.729s] -- Up-to-date symlink: /home/thibaut/Documents/Bimanual_Robot/bimanual_ws/install/dynamixel_sdk_custom_interfaces/share/dynamixel_sdk_custom_interfaces/cmake/rosidl_cmake_export_typesupport_libraries-extras.cmake
[0.729s] -- Up-to-date symlink: /home/thibaut/Documents/Bimanual_Robot/bimanual_ws/install/dynamixel_sdk_custom_interfaces/share/dynamixel_sdk_custom_interfaces/cmake/dynamixel_sdk_custom_interfacesConfig.cmake
[0.729s] -- Up-to-date symlink: /home/thibaut/Documents/Bimanual_Robot/bimanual_ws/install/dynamixel_sdk_custom_interfaces/share/dynamixel_sdk_custom_interfaces/cmake/dynamixel_sdk_custom_interfacesConfig-version.cmake
[0.729s] -- Up-to-date symlink: /home/thibaut/Documents/Bimanual_Robot/bimanual_ws/install/dynamixel_sdk_custom_interfaces/share/dynamixel_sdk_custom_interfaces/package.xml
[0.729s] -- Up-to-date: /home/thibaut/Documents/Bimanual_Robot/bimanual_ws/install/dynamixel_sdk_custom_interfaces/lib/libdynamixel_sdk_custom_interfaces__rosidl_generator_c.so
[0.729s] -- Up-to-date: /home/thibaut/Documents/Bimanual_Robot/bimanual_ws/install/dynamixel_sdk_custom_interfaces/lib/libdynamixel_sdk_custom_interfaces__rosidl_typesupport_fastrtps_c.so
[0.729s] -- Up-to-date: /home/thibaut/Documents/Bimanual_Robot/bimanual_ws/install/dynamixel_sdk_custom_interfaces/lib/libdynamixel_sdk_custom_interfaces__rosidl_typesupport_fastrtps_cpp.so
[0.730s] -- Up-to-date: /home/thibaut/Documents/Bimanual_Robot/bimanual_ws/install/dynamixel_sdk_custom_interfaces/lib/libdynamixel_sdk_custom_interfaces__rosidl_typesupport_introspection_c.so
[0.730s] -- Up-to-date: /home/thibaut/Documents/Bimanual_Robot/bimanual_ws/install/dynamixel_sdk_custom_interfaces/lib/libdynamixel_sdk_custom_interfaces__rosidl_typesupport_c.so
[0.730s] -- Up-to-date: /home/thibaut/Documents/Bimanual_Robot/bimanual_ws/install/dynamixel_sdk_custom_interfaces/lib/libdynamixel_sdk_custom_interfaces__rosidl_typesupport_introspection_cpp.so
[0.730s] -- Up-to-date: /home/thibaut/Documents/Bimanual_Robot/bimanual_ws/install/dynamixel_sdk_custom_interfaces/lib/libdynamixel_sdk_custom_interfaces__rosidl_typesupport_cpp.so
[0.759s] Listing '/home/thibaut/Documents/Bimanual_Robot/bimanual_ws/install/dynamixel_sdk_custom_interfaces/lib/python3.12/site-packages/dynamixel_sdk_custom_interfaces'...
[0.759s] Listing '/home/thibaut/Documents/Bimanual_Robot/bimanual_ws/install/dynamixel_sdk_custom_interfaces/lib/python3.12/site-packages/dynamixel_sdk_custom_interfaces/msg'...
[0.759s] Listing '/home/thibaut/Documents/Bimanual_Robot/bimanual_ws/install/dynamixel_sdk_custom_interfaces/lib/python3.12/site-packages/dynamixel_sdk_custom_interfaces/srv'...
[0.762s] -- Up-to-date: /home/thibaut/Documents/Bimanual_Robot/bimanual_ws/install/dynamixel_sdk_custom_interfaces/lib/libdynamixel_sdk_custom_interfaces__rosidl_generator_py.so
[0.763s] -- Up-to-date: /home/thibaut/Documents/Bimanual_Robot/bimanual_ws/install/dynamixel_sdk_custom_interfaces/share/dynamixel_sdk_custom_interfaces/cmake/export_dynamixel_sdk_custom_interfaces__rosidl_generator_cExport.cmake
[0.763s] -- Up-to-date: /home/thibaut/Documents/Bimanual_Robot/bimanual_ws/install/dynamixel_sdk_custom_interfaces/share/dynamixel_sdk_custom_interfaces/cmake/export_dynamixel_sdk_custom_interfaces__rosidl_generator_cExport-noconfig.cmake
[0.763s] -- Up-to-date: /home/thibaut/Documents/Bimanual_Robot/bimanual_ws/install/dynamixel_sdk_custom_interfaces/share/dynamixel_sdk_custom_interfaces/cmake/export_dynamixel_sdk_custom_interfaces__rosidl_typesupport_fastrtps_cExport.cmake
[0.763s] -- Up-to-date: /home/thibaut/Documents/Bimanual_Robot/bimanual_ws/install/dynamixel_sdk_custom_interfaces/share/dynamixel_sdk_custom_interfaces/cmake/export_dynamixel_sdk_custom_interfaces__rosidl_typesupport_fastrtps_cExport-noconfig.cmake
[0.763s] -- Up-to-date: /home/thibaut/Documents/Bimanual_Robot/bimanual_ws/install/dynamixel_sdk_custom_interfaces/share/dynamixel_sdk_custom_interfaces/cmake/export_dynamixel_sdk_custom_interfaces__rosidl_generator_cppExport.cmake
[0.763s] -- Up-to-date: /home/thibaut/Documents/Bimanual_Robot/bimanual_ws/install/dynamixel_sdk_custom_interfaces/share/dynamixel_sdk_custom_interfaces/cmake/export_dynamixel_sdk_custom_interfaces__rosidl_typesupport_fastrtps_cppExport.cmake
[0.763s] -- Up-to-date: /home/thibaut/Documents/Bimanual_Robot/bimanual_ws/install/dynamixel_sdk_custom_interfaces/share/dynamixel_sdk_custom_interfaces/cmake/export_dynamixel_sdk_custom_interfaces__rosidl_typesupport_fastrtps_cppExport-noconfig.cmake
[0.763s] -- Up-to-date: /home/thibaut/Documents/Bimanual_Robot/bimanual_ws/install/dynamixel_sdk_custom_interfaces/share/dynamixel_sdk_custom_interfaces/cmake/dynamixel_sdk_custom_interfaces__rosidl_typesupport_introspection_cExport.cmake
[0.764s] -- Up-to-date: /home/thibaut/Documents/Bimanual_Robot/bimanual_ws/install/dynamixel_sdk_custom_interfaces/share/dynamixel_sdk_custom_interfaces/cmake/dynamixel_sdk_custom_interfaces__rosidl_typesupport_introspection_cExport-noconfig.cmake
[0.764s] -- Up-to-date: /home/thibaut/Documents/Bimanual_Robot/bimanual_ws/install/dynamixel_sdk_custom_interfaces/share/dynamixel_sdk_custom_interfaces/cmake/dynamixel_sdk_custom_interfaces__rosidl_typesupport_cExport.cmake
[0.764s] -- Up-to-date: /home/thibaut/Documents/Bimanual_Robot/bimanual_ws/install/dynamixel_sdk_custom_interfaces/share/dynamixel_sdk_custom_interfaces/cmake/dynamixel_sdk_custom_interfaces__rosidl_typesupport_cExport-noconfig.cmake
[0.764s] -- Up-to-date: /home/thibaut/Documents/Bimanual_Robot/bimanual_ws/install/dynamixel_sdk_custom_interfaces/share/dynamixel_sdk_custom_interfaces/cmake/dynamixel_sdk_custom_interfaces__rosidl_typesupport_introspection_cppExport.cmake
[0.764s] -- Up-to-date: /home/thibaut/Documents/Bimanual_Robot/bimanual_ws/install/dynamixel_sdk_custom_interfaces/share/dynamixel_sdk_custom_interfaces/cmake/dynamixel_sdk_custom_interfaces__rosidl_typesupport_introspection_cppExport-noconfig.cmake
[0.766s] -- Up-to-date: /home/thibaut/Documents/Bimanual_Robot/bimanual_ws/install/dynamixel_sdk_custom_interfaces/share/dynamixel_sdk_custom_interfaces/cmake/dynamixel_sdk_custom_interfaces__rosidl_typesupport_cppExport.cmake
[0.767s] -- Up-to-date: /home/thibaut/Documents/Bimanual_Robot/bimanual_ws/install/dynamixel_sdk_custom_interfaces/share/dynamixel_sdk_custom_interfaces/cmake/dynamixel_sdk_custom_interfaces__rosidl_typesupport_cppExport-noconfig.cmake
[0.767s] -- Up-to-date: /home/thibaut/Documents/Bimanual_Robot/bimanual_ws/install/dynamixel_sdk_custom_interfaces/share/dynamixel_sdk_custom_interfaces/cmake/export_dynamixel_sdk_custom_interfaces__rosidl_generator_pyExport.cmake
[0.767s] -- Up-to-date: /home/thibaut/Documents/Bimanual_Robot/bimanual_ws/install/dynamixel_sdk_custom_interfaces/share/dynamixel_sdk_custom_interfaces/cmake/export_dynamixel_sdk_custom_interfaces__rosidl_generator_pyExport-noconfig.cmake
[0.768s] Invoked command in '/home/thibaut/Documents/Bimanual_Robot/bimanual_ws/build/dynamixel_sdk_custom_interfaces' returned '0': CMAKE_PREFIX_PATH=${CMAKE_PREFIX_PATH}:/opt/ros/jazzy DEBUGINFOD_URLS=https://debuginfod.ubuntu.com /usr/bin/cmake --install /home/thibaut/Documents/Bimanual_Robot/bimanual_ws/build/dynamixel_sdk_custom_interfaces
