[0.026s] Invoking command in '/home/thibaut/Documents/Bimanual_Robot/bimanual_ws/build/bimanualrobot_gazebo': CMAKE_PREFIX_PATH=${CMAKE_PREFIX_PATH}:/opt/ros/jazzy DEBUGINFOD_URLS=https://debuginfod.ubuntu.com /usr/bin/cmake --build /home/thibaut/Documents/Bimanual_Robot/bimanual_ws/build/bimanualrobot_gazebo -- -j6 -l6
[0.244s] Invoked command in '/home/thibaut/Documents/Bimanual_Robot/bimanual_ws/build/bimanualrobot_gazebo' returned '0': CMAKE_PREFIX_PATH=${CMAKE_PREFIX_PATH}:/opt/ros/jazzy DEBUGINFOD_URLS=https://debuginfod.ubuntu.com /usr/bin/cmake --build /home/thibaut/Documents/Bimanual_Robot/bimanual_ws/build/bimanualrobot_gazebo -- -j6 -l6
[0.245s] Invoking command in '/home/thibaut/Documents/Bimanual_Robot/bimanual_ws/build/bimanualrobot_gazebo': CMAKE_PREFIX_PATH=${CMAKE_PREFIX_PATH}:/opt/ros/jazzy DEBUGINFOD_URLS=https://debuginfod.ubuntu.com /usr/bin/cmake --install /home/thibaut/Documents/Bimanual_Robot/bimanual_ws/build/bimanualrobot_gazebo
[0.255s] -- Install configuration: ""
[0.255s] -- Execute custom install script
[0.255s] -- Up-to-date symlink: /home/thibaut/Documents/Bimanual_Robot/bimanual_ws/install/bimanualrobot_gazebo/share/bimanualrobot_gazebo//config/ros_gz_bridge.yaml
[0.256s] -- Up-to-date symlink: /home/thibaut/Documents/Bimanual_Robot/bimanual_ws/install/bimanualrobot_gazebo/share/bimanualrobot_gazebo//launch/bimanualrobot.gazebo.launch.py
[0.256s] -- Up-to-date symlink: /home/thibaut/Documents/Bimanual_Robot/bimanual_ws/install/bimanualrobot_gazebo/share/bimanualrobot_gazebo//models/drum_cylinder/model.config
[0.256s] -- Up-to-date symlink: /home/thibaut/Documents/Bimanual_Robot/bimanual_ws/install/bimanualrobot_gazebo/share/bimanualrobot_gazebo//models/drum_cylinder/model.sdf
[0.256s] -- Up-to-date symlink: /home/thibaut/Documents/Bimanual_Robot/bimanual_ws/install/bimanualrobot_gazebo/share/bimanualrobot_gazebo//worlds/empty.world
[0.257s] -- Up-to-date symlink: /home/thibaut/Documents/Bimanual_Robot/bimanual_ws/install/bimanualrobot_gazebo/share/bimanualrobot_gazebo//scripts/spawn_drum.py
[0.257s] -- Up-to-date symlink: /home/thibaut/Documents/Bimanual_Robot/bimanual_ws/install/bimanualrobot_gazebo/lib/bimanualrobot_gazebo//spawn_drum.py
[0.258s] -- Up-to-date symlink: /home/thibaut/Documents/Bimanual_Robot/bimanual_ws/install/bimanualrobot_gazebo/share/ament_index/resource_index/package_run_dependencies/bimanualrobot_gazebo
[0.258s] -- Up-to-date symlink: /home/thibaut/Documents/Bimanual_Robot/bimanual_ws/install/bimanualrobot_gazebo/share/ament_index/resource_index/parent_prefix_path/bimanualrobot_gazebo
[0.258s] -- Up-to-date symlink: /home/thibaut/Documents/Bimanual_Robot/bimanual_ws/install/bimanualrobot_gazebo/share/bimanualrobot_gazebo/environment/ament_prefix_path.sh
[0.258s] -- Up-to-date symlink: /home/thibaut/Documents/Bimanual_Robot/bimanual_ws/install/bimanualrobot_gazebo/share/bimanualrobot_gazebo/environment/ament_prefix_path.dsv
[0.259s] -- Up-to-date symlink: /home/thibaut/Documents/Bimanual_Robot/bimanual_ws/install/bimanualrobot_gazebo/share/bimanualrobot_gazebo/environment/path.sh
[0.259s] -- Up-to-date symlink: /home/thibaut/Documents/Bimanual_Robot/bimanual_ws/install/bimanualrobot_gazebo/share/bimanualrobot_gazebo/environment/path.dsv
[0.259s] -- Up-to-date symlink: /home/thibaut/Documents/Bimanual_Robot/bimanual_ws/install/bimanualrobot_gazebo/share/bimanualrobot_gazebo/local_setup.bash
[0.260s] -- Up-to-date symlink: /home/thibaut/Documents/Bimanual_Robot/bimanual_ws/install/bimanualrobot_gazebo/share/bimanualrobot_gazebo/local_setup.sh
[0.261s] -- Up-to-date symlink: /home/thibaut/Documents/Bimanual_Robot/bimanual_ws/install/bimanualrobot_gazebo/share/bimanualrobot_gazebo/local_setup.zsh
[0.261s] -- Up-to-date symlink: /home/thibaut/Documents/Bimanual_Robot/bimanual_ws/install/bimanualrobot_gazebo/share/bimanualrobot_gazebo/local_setup.dsv
[0.261s] -- Symlinking: /home/thibaut/Documents/Bimanual_Robot/bimanual_ws/install/bimanualrobot_gazebo/share/bimanualrobot_gazebo/package.dsv
[0.269s] -- Up-to-date symlink: /home/thibaut/Documents/Bimanual_Robot/bimanual_ws/install/bimanualrobot_gazebo/share/ament_index/resource_index/packages/bimanualrobot_gazebo
[0.270s] -- Up-to-date symlink: /home/thibaut/Documents/Bimanual_Robot/bimanual_ws/install/bimanualrobot_gazebo/share/bimanualrobot_gazebo/cmake/bimanualrobot_gazeboConfig.cmake
[0.270s] -- Up-to-date symlink: /home/thibaut/Documents/Bimanual_Robot/bimanual_ws/install/bimanualrobot_gazebo/share/bimanualrobot_gazebo/cmake/bimanualrobot_gazeboConfig-version.cmake
[0.270s] -- Up-to-date symlink: /home/thibaut/Documents/Bimanual_Robot/bimanual_ws/install/bimanualrobot_gazebo/share/bimanualrobot_gazebo/package.xml
[0.272s] Invoked command in '/home/thibaut/Documents/Bimanual_Robot/bimanual_ws/build/bimanualrobot_gazebo' returned '0': CMAKE_PREFIX_PATH=${CMAKE_PREFIX_PATH}:/opt/ros/jazzy DEBUGINFOD_URLS=https://debuginfod.ubuntu.com /usr/bin/cmake --install /home/thibaut/Documents/Bimanual_Robot/bimanual_ws/build/bimanualrobot_gazebo
