[0.034s] Invoking command in '/home/thibaut/Documents/Bimanual_Robot/bimanual_ws/build/bimanualrobot_drumstick_moveit_config': AMENT_PREFIX_PATH=/home/thibaut/Documents/Bimanual_Robot/bimanual_ws/install/bimanualrobot_description:${AMENT_PREFIX_PATH} CMAKE_PREFIX_PATH=/home/thibaut/Documents/Bimanual_Robot/bimanual_ws/install/bimanualrobot_description:/opt/ros/jazzy/opt/gz_sim_vendor:/opt/ros/jazzy/opt/gz_sensors_vendor:/opt/ros/jazzy/opt/gz_physics_vendor:/opt/ros/jazzy/opt/sdformat_vendor:/opt/ros/jazzy/opt/gz_gui_vendor:/opt/ros/jazzy/opt/gz_transport_vendor:/opt/ros/jazzy/opt/gz_rendering_vendor:/opt/ros/jazzy/opt/gz_plugin_vendor:/opt/ros/jazzy/opt/gz_fuel_tools_vendor:/opt/ros/jazzy/opt/gz_msgs_vendor:/opt/ros/jazzy/opt/gz_common_vendor:/opt/ros/jazzy/opt/gz_math_vendor:/opt/ros/jazzy/opt/gz_utils_vendor:/opt/ros/jazzy/opt/gz_tools_vendor:/opt/ros/jazzy/opt/gz_ogre_next_vendor:/opt/ros/jazzy/opt/gz_dartsim_vendor:/opt/ros/jazzy/opt/gz_cmake_vendor:/opt/ros/jazzy DEBUGINFOD_URLS=https://debuginfod.ubuntu.com /usr/bin/cmake --build /home/thibaut/Documents/Bimanual_Robot/bimanual_ws/build/bimanualrobot_drumstick_moveit_config -- -j6 -l6
[0.128s] Invoked command in '/home/thibaut/Documents/Bimanual_Robot/bimanual_ws/build/bimanualrobot_drumstick_moveit_config' returned '0': AMENT_PREFIX_PATH=/home/thibaut/Documents/Bimanual_Robot/bimanual_ws/install/bimanualrobot_description:${AMENT_PREFIX_PATH} CMAKE_PREFIX_PATH=/home/thibaut/Documents/Bimanual_Robot/bimanual_ws/install/bimanualrobot_description:/opt/ros/jazzy/opt/gz_sim_vendor:/opt/ros/jazzy/opt/gz_sensors_vendor:/opt/ros/jazzy/opt/gz_physics_vendor:/opt/ros/jazzy/opt/sdformat_vendor:/opt/ros/jazzy/opt/gz_gui_vendor:/opt/ros/jazzy/opt/gz_transport_vendor:/opt/ros/jazzy/opt/gz_rendering_vendor:/opt/ros/jazzy/opt/gz_plugin_vendor:/opt/ros/jazzy/opt/gz_fuel_tools_vendor:/opt/ros/jazzy/opt/gz_msgs_vendor:/opt/ros/jazzy/opt/gz_common_vendor:/opt/ros/jazzy/opt/gz_math_vendor:/opt/ros/jazzy/opt/gz_utils_vendor:/opt/ros/jazzy/opt/gz_tools_vendor:/opt/ros/jazzy/opt/gz_ogre_next_vendor:/opt/ros/jazzy/opt/gz_dartsim_vendor:/opt/ros/jazzy/opt/gz_cmake_vendor:/opt/ros/jazzy DEBUGINFOD_URLS=https://debuginfod.ubuntu.com /usr/bin/cmake --build /home/thibaut/Documents/Bimanual_Robot/bimanual_ws/build/bimanualrobot_drumstick_moveit_config -- -j6 -l6
[0.131s] Invoking command in '/home/thibaut/Documents/Bimanual_Robot/bimanual_ws/build/bimanualrobot_drumstick_moveit_config': AMENT_PREFIX_PATH=/home/thibaut/Documents/Bimanual_Robot/bimanual_ws/install/bimanualrobot_description:${AMENT_PREFIX_PATH} CMAKE_PREFIX_PATH=/home/thibaut/Documents/Bimanual_Robot/bimanual_ws/install/bimanualrobot_description:/opt/ros/jazzy/opt/gz_sim_vendor:/opt/ros/jazzy/opt/gz_sensors_vendor:/opt/ros/jazzy/opt/gz_physics_vendor:/opt/ros/jazzy/opt/sdformat_vendor:/opt/ros/jazzy/opt/gz_gui_vendor:/opt/ros/jazzy/opt/gz_transport_vendor:/opt/ros/jazzy/opt/gz_rendering_vendor:/opt/ros/jazzy/opt/gz_plugin_vendor:/opt/ros/jazzy/opt/gz_fuel_tools_vendor:/opt/ros/jazzy/opt/gz_msgs_vendor:/opt/ros/jazzy/opt/gz_common_vendor:/opt/ros/jazzy/opt/gz_math_vendor:/opt/ros/jazzy/opt/gz_utils_vendor:/opt/ros/jazzy/opt/gz_tools_vendor:/opt/ros/jazzy/opt/gz_ogre_next_vendor:/opt/ros/jazzy/opt/gz_dartsim_vendor:/opt/ros/jazzy/opt/gz_cmake_vendor:/opt/ros/jazzy DEBUGINFOD_URLS=https://debuginfod.ubuntu.com /usr/bin/cmake --install /home/thibaut/Documents/Bimanual_Robot/bimanual_ws/build/bimanualrobot_drumstick_moveit_config
[0.248s] -- Install configuration: ""
[0.255s] -- Execute custom install script
[0.257s] -- Up-to-date symlink: /home/thibaut/Documents/Bimanual_Robot/bimanual_ws/install/bimanualrobot_drumstick_moveit_config/share/ament_index/resource_index/package_run_dependencies/bimanualrobot_drumstick_moveit_config
[0.262s] -- Up-to-date symlink: /home/thibaut/Documents/Bimanual_Robot/bimanual_ws/install/bimanualrobot_drumstick_moveit_config/share/ament_index/resource_index/parent_prefix_path/bimanualrobot_drumstick_moveit_config
[0.267s] -- Up-to-date symlink: /home/thibaut/Documents/Bimanual_Robot/bimanual_ws/install/bimanualrobot_drumstick_moveit_config/share/bimanualrobot_drumstick_moveit_config/environment/ament_prefix_path.sh
[0.274s] -- Up-to-date symlink: /home/thibaut/Documents/Bimanual_Robot/bimanual_ws/install/bimanualrobot_drumstick_moveit_config/share/bimanualrobot_drumstick_moveit_config/environment/ament_prefix_path.dsv
[0.275s] -- Up-to-date symlink: /home/thibaut/Documents/Bimanual_Robot/bimanual_ws/install/bimanualrobot_drumstick_moveit_config/share/bimanualrobot_drumstick_moveit_config/environment/path.sh
[0.278s] -- Up-to-date symlink: /home/thibaut/Documents/Bimanual_Robot/bimanual_ws/install/bimanualrobot_drumstick_moveit_config/share/bimanualrobot_drumstick_moveit_config/environment/path.dsv
[0.279s] -- Up-to-date symlink: /home/thibaut/Documents/Bimanual_Robot/bimanual_ws/install/bimanualrobot_drumstick_moveit_config/share/bimanualrobot_drumstick_moveit_config/local_setup.bash
[0.288s] -- Up-to-date symlink: /home/thibaut/Documents/Bimanual_Robot/bimanual_ws/install/bimanualrobot_drumstick_moveit_config/share/bimanualrobot_drumstick_moveit_config/local_setup.sh
[0.288s] -- Up-to-date symlink: /home/thibaut/Documents/Bimanual_Robot/bimanual_ws/install/bimanualrobot_drumstick_moveit_config/share/bimanualrobot_drumstick_moveit_config/local_setup.zsh
[0.290s] -- Up-to-date symlink: /home/thibaut/Documents/Bimanual_Robot/bimanual_ws/install/bimanualrobot_drumstick_moveit_config/share/bimanualrobot_drumstick_moveit_config/local_setup.dsv
[0.292s] -- Symlinking: /home/thibaut/Documents/Bimanual_Robot/bimanual_ws/install/bimanualrobot_drumstick_moveit_config/share/bimanualrobot_drumstick_moveit_config/package.dsv
[0.322s] -- Up-to-date symlink: /home/thibaut/Documents/Bimanual_Robot/bimanual_ws/install/bimanualrobot_drumstick_moveit_config/share/ament_index/resource_index/packages/bimanualrobot_drumstick_moveit_config
[0.323s] -- Up-to-date symlink: /home/thibaut/Documents/Bimanual_Robot/bimanual_ws/install/bimanualrobot_drumstick_moveit_config/share/bimanualrobot_drumstick_moveit_config/cmake/bimanualrobot_drumstick_moveit_configConfig.cmake
[0.324s] -- Up-to-date symlink: /home/thibaut/Documents/Bimanual_Robot/bimanual_ws/install/bimanualrobot_drumstick_moveit_config/share/bimanualrobot_drumstick_moveit_config/cmake/bimanualrobot_drumstick_moveit_configConfig-version.cmake
[0.326s] -- Up-to-date symlink: /home/thibaut/Documents/Bimanual_Robot/bimanual_ws/install/bimanualrobot_drumstick_moveit_config/share/bimanualrobot_drumstick_moveit_config/package.xml
[0.327s] -- Up-to-date symlink: /home/thibaut/Documents/Bimanual_Robot/bimanual_ws/install/bimanualrobot_drumstick_moveit_config/share/bimanualrobot_drumstick_moveit_config/launch/demo.launch.py
[0.327s] -- Up-to-date symlink: /home/thibaut/Documents/Bimanual_Robot/bimanual_ws/install/bimanualrobot_drumstick_moveit_config/share/bimanualrobot_drumstick_moveit_config/launch/move_group.launch.py
[0.328s] -- Up-to-date symlink: /home/thibaut/Documents/Bimanual_Robot/bimanual_ws/install/bimanualrobot_drumstick_moveit_config/share/bimanualrobot_drumstick_moveit_config/launch/moveit_rviz.launch.py
[0.329s] -- Up-to-date symlink: /home/thibaut/Documents/Bimanual_Robot/bimanual_ws/install/bimanualrobot_drumstick_moveit_config/share/bimanualrobot_drumstick_moveit_config/launch/rsp.launch.py
[0.329s] -- Up-to-date symlink: /home/thibaut/Documents/Bimanual_Robot/bimanual_ws/install/bimanualrobot_drumstick_moveit_config/share/bimanualrobot_drumstick_moveit_config/launch/setup_assistant.launch.py
[0.329s] -- Up-to-date symlink: /home/thibaut/Documents/Bimanual_Robot/bimanual_ws/install/bimanualrobot_drumstick_moveit_config/share/bimanualrobot_drumstick_moveit_config/launch/spawn_controllers.launch.py
[0.330s] -- Up-to-date symlink: /home/thibaut/Documents/Bimanual_Robot/bimanual_ws/install/bimanualrobot_drumstick_moveit_config/share/bimanualrobot_drumstick_moveit_config/launch/static_virtual_joint_tfs.launch.py
[0.330s] -- Up-to-date symlink: /home/thibaut/Documents/Bimanual_Robot/bimanual_ws/install/bimanualrobot_drumstick_moveit_config/share/bimanualrobot_drumstick_moveit_config/launch/warehouse_db.launch.py
[0.330s] -- Up-to-date symlink: /home/thibaut/Documents/Bimanual_Robot/bimanual_ws/install/bimanualrobot_drumstick_moveit_config/share/bimanualrobot_drumstick_moveit_config/config/bimanualrobot.ros2_control.xacro
[0.330s] -- Up-to-date symlink: /home/thibaut/Documents/Bimanual_Robot/bimanual_ws/install/bimanualrobot_drumstick_moveit_config/share/bimanualrobot_drumstick_moveit_config/config/bimanualrobot.urdf.xacro
[0.330s] -- Up-to-date symlink: /home/thibaut/Documents/Bimanual_Robot/bimanual_ws/install/bimanualrobot_drumstick_moveit_config/share/bimanualrobot_drumstick_moveit_config/config/bimanualrobot/bimanualrobot.srdf
[0.331s] -- Up-to-date symlink: /home/thibaut/Documents/Bimanual_Robot/bimanual_ws/install/bimanualrobot_drumstick_moveit_config/share/bimanualrobot_drumstick_moveit_config/config/bimanualrobot/initial_positions.yaml
[0.332s] -- Up-to-date symlink: /home/thibaut/Documents/Bimanual_Robot/bimanual_ws/install/bimanualrobot_drumstick_moveit_config/share/bimanualrobot_drumstick_moveit_config/config/bimanualrobot/joint_limits.yaml
[0.332s] -- Up-to-date symlink: /home/thibaut/Documents/Bimanual_Robot/bimanual_ws/install/bimanualrobot_drumstick_moveit_config/share/bimanualrobot_drumstick_moveit_config/config/bimanualrobot/kinematics.yaml
[0.332s] -- Up-to-date symlink: /home/thibaut/Documents/Bimanual_Robot/bimanual_ws/install/bimanualrobot_drumstick_moveit_config/share/bimanualrobot_drumstick_moveit_config/config/bimanualrobot/moveit_controllers.yaml
[0.332s] -- Up-to-date symlink: /home/thibaut/Documents/Bimanual_Robot/bimanual_ws/install/bimanualrobot_drumstick_moveit_config/share/bimanualrobot_drumstick_moveit_config/config/bimanualrobot/pilz_cartesian_limits.yaml
[0.332s] -- Up-to-date symlink: /home/thibaut/Documents/Bimanual_Robot/bimanual_ws/install/bimanualrobot_drumstick_moveit_config/share/bimanualrobot_drumstick_moveit_config/config/bimanualrobot/ros2_controllers.yaml
[0.335s] -- Up-to-date symlink: /home/thibaut/Documents/Bimanual_Robot/bimanual_ws/install/bimanualrobot_drumstick_moveit_config/share/bimanualrobot_drumstick_moveit_config/config/move_group.rviz
[0.336s] -- Up-to-date symlink: /home/thibaut/Documents/Bimanual_Robot/bimanual_ws/install/bimanualrobot_drumstick_moveit_config/share/bimanualrobot_drumstick_moveit_config/config/ompl_planning.yaml
[0.336s] -- Up-to-date symlink: /home/thibaut/Documents/Bimanual_Robot/bimanual_ws/install/bimanualrobot_drumstick_moveit_config/share/bimanualrobot_drumstick_moveit_config/config/pilz_industrial_motion_planner_planning.yaml
[0.336s] -- Up-to-date symlink: /home/thibaut/Documents/Bimanual_Robot/bimanual_ws/install/bimanualrobot_drumstick_moveit_config/share/bimanualrobot_drumstick_moveit_config/config/planning_pipeline.yaml
[0.336s] -- Up-to-date symlink: /home/thibaut/Documents/Bimanual_Robot/bimanual_ws/install/bimanualrobot_drumstick_moveit_config/share/bimanualrobot_drumstick_moveit_config/config/stomp_planning.yaml
[0.336s] -- Up-to-date symlink: /home/thibaut/Documents/Bimanual_Robot/bimanual_ws/install/bimanualrobot_drumstick_moveit_config/share/bimanualrobot_drumstick_moveit_config/scripts/spawn_drum.py
[0.336s] -- Up-to-date symlink: /home/thibaut/Documents/Bimanual_Robot/bimanual_ws/install/bimanualrobot_drumstick_moveit_config/lib/bimanualrobot_drumstick_moveit_config//spawn_drum.py
[0.336s] -- Up-to-date symlink: /home/thibaut/Documents/Bimanual_Robot/bimanual_ws/install/bimanualrobot_drumstick_moveit_config/share/bimanualrobot_drumstick_moveit_config/.setup_assistant
[0.346s] Invoked command in '/home/thibaut/Documents/Bimanual_Robot/bimanual_ws/build/bimanualrobot_drumstick_moveit_config' returned '0': AMENT_PREFIX_PATH=/home/thibaut/Documents/Bimanual_Robot/bimanual_ws/install/bimanualrobot_description:${AMENT_PREFIX_PATH} CMAKE_PREFIX_PATH=/home/thibaut/Documents/Bimanual_Robot/bimanual_ws/install/bimanualrobot_description:/opt/ros/jazzy/opt/gz_sim_vendor:/opt/ros/jazzy/opt/gz_sensors_vendor:/opt/ros/jazzy/opt/gz_physics_vendor:/opt/ros/jazzy/opt/sdformat_vendor:/opt/ros/jazzy/opt/gz_gui_vendor:/opt/ros/jazzy/opt/gz_transport_vendor:/opt/ros/jazzy/opt/gz_rendering_vendor:/opt/ros/jazzy/opt/gz_plugin_vendor:/opt/ros/jazzy/opt/gz_fuel_tools_vendor:/opt/ros/jazzy/opt/gz_msgs_vendor:/opt/ros/jazzy/opt/gz_common_vendor:/opt/ros/jazzy/opt/gz_math_vendor:/opt/ros/jazzy/opt/gz_utils_vendor:/opt/ros/jazzy/opt/gz_tools_vendor:/opt/ros/jazzy/opt/gz_ogre_next_vendor:/opt/ros/jazzy/opt/gz_dartsim_vendor:/opt/ros/jazzy/opt/gz_cmake_vendor:/opt/ros/jazzy DEBUGINFOD_URLS=https://debuginfod.ubuntu.com /usr/bin/cmake --install /home/thibaut/Documents/Bimanual_Robot/bimanual_ws/build/bimanualrobot_drumstick_moveit_config
