[0.190s] DEBUG:colcon:Command line arguments: ['/usr/bin/colcon', 'build', '--symlink-install']
[0.190s] DEBUG:colcon:Parsed command line arguments: Namespace(log_base=None, log_level=None, verb_name='build', build_base='build', install_base='install', merge_install=False, symlink_install=True, test_result_base=None, continue_on_error=False, executor='parallel', parallel_workers=6, event_handlers=None, ignore_user_meta=False, metas=['./colcon.meta'], base_paths=['.'], packages_ignore=None, packages_ignore_regex=None, paths=None, packages_up_to=None, packages_up_to_regex=None, packages_above=None, packages_above_and_dependencies=None, packages_above_depth=None, packages_select_by_dep=None, packages_skip_by_dep=None, packages_skip_up_to=None, packages_select_build_failed=False, packages_skip_build_finished=False, packages_select_test_failures=False, packages_skip_test_passed=False, packages_select=None, packages_skip=None, packages_select_regex=None, packages_skip_regex=None, packages_start=None, packages_end=None, allow_overriding=[], cmake_args=None, cmake_target=None, cmake_target_skip_unavailable=False, cmake_clean_cache=False, cmake_clean_first=False, cmake_force_configure=False, ament_cmake_args=None, catkin_cmake_args=None, catkin_skip_building_tests=False, mixin_files=None, mixin=None, verb_parser=<colcon_mixin.mixin.mixin_argument.MixinArgumentDecorator object at 0xf2a077c22ed0>, verb_extension=<colcon_core.verb.build.BuildVerb object at 0xf2a077c22c60>, main=<bound method BuildVerb.main of <colcon_core.verb.build.BuildVerb object at 0xf2a077c22c60>>, mixin_verb=('build',))
[0.248s] Level 1:colcon.colcon_core.package_discovery:discover_packages(colcon_meta) check parameters
[0.248s] Level 1:colcon.colcon_core.package_discovery:discover_packages(recursive) check parameters
[0.248s] Level 1:colcon.colcon_core.package_discovery:discover_packages(ignore) check parameters
[0.248s] Level 1:colcon.colcon_core.package_discovery:discover_packages(path) check parameters
[0.248s] Level 1:colcon.colcon_core.package_discovery:discover_packages(colcon_meta) discover
[0.248s] Level 1:colcon.colcon_core.package_discovery:discover_packages(recursive) discover
[0.248s] INFO:colcon.colcon_core.package_discovery:Crawling recursively for packages in '/home/thibaut/Documents/Bimanual_Robot/bimanual_ws'
[0.248s] Level 1:colcon.colcon_core.package_identification:_identify(.) by extensions ['ignore', 'ignore_ament_install']
[0.248s] Level 1:colcon.colcon_core.package_identification:_identify(.) by extension 'ignore'
[0.248s] Level 1:colcon.colcon_core.package_identification:_identify(.) by extension 'ignore_ament_install'
[0.248s] Level 1:colcon.colcon_core.package_identification:_identify(.) by extensions ['colcon_pkg']
[0.248s] Level 1:colcon.colcon_core.package_identification:_identify(.) by extension 'colcon_pkg'
[0.248s] Level 1:colcon.colcon_core.package_identification:_identify(.) by extensions ['colcon_meta']
[0.248s] Level 1:colcon.colcon_core.package_identification:_identify(.) by extension 'colcon_meta'
[0.248s] Level 1:colcon.colcon_core.package_identification:_identify(.) by extensions ['ros']
[0.248s] Level 1:colcon.colcon_core.package_identification:_identify(.) by extension 'ros'
[0.267s] Level 1:colcon.colcon_core.package_identification:_identify(.) by extensions ['cmake', 'python']
[0.267s] Level 1:colcon.colcon_core.package_identification:_identify(.) by extension 'cmake'
[0.267s] Level 1:colcon.colcon_core.package_identification:_identify(.) by extension 'python'
[0.267s] Level 1:colcon.colcon_core.package_identification:_identify(.) by extensions ['python_setup_py']
[0.267s] Level 1:colcon.colcon_core.package_identification:_identify(.) by extension 'python_setup_py'
[0.267s] Level 1:colcon.colcon_core.package_identification:_identify(build) by extensions ['ignore', 'ignore_ament_install']
[0.267s] Level 1:colcon.colcon_core.package_identification:_identify(build) by extension 'ignore'
[0.267s] Level 1:colcon.colcon_core.package_identification:_identify(build) ignored
[0.267s] Level 1:colcon.colcon_core.package_identification:_identify(install) by extensions ['ignore', 'ignore_ament_install']
[0.267s] Level 1:colcon.colcon_core.package_identification:_identify(install) by extension 'ignore'
[0.267s] Level 1:colcon.colcon_core.package_identification:_identify(install) ignored
[0.267s] Level 1:colcon.colcon_core.package_identification:_identify(log) by extensions ['ignore', 'ignore_ament_install']
[0.267s] Level 1:colcon.colcon_core.package_identification:_identify(log) by extension 'ignore'
[0.267s] Level 1:colcon.colcon_core.package_identification:_identify(log) ignored
[0.267s] Level 1:colcon.colcon_core.package_identification:_identify(src) by extensions ['ignore', 'ignore_ament_install']
[0.267s] Level 1:colcon.colcon_core.package_identification:_identify(src) by extension 'ignore'
[0.267s] Level 1:colcon.colcon_core.package_identification:_identify(src) by extension 'ignore_ament_install'
[0.267s] Level 1:colcon.colcon_core.package_identification:_identify(src) by extensions ['colcon_pkg']
[0.267s] Level 1:colcon.colcon_core.package_identification:_identify(src) by extension 'colcon_pkg'
[0.267s] Level 1:colcon.colcon_core.package_identification:_identify(src) by extensions ['colcon_meta']
[0.267s] Level 1:colcon.colcon_core.package_identification:_identify(src) by extension 'colcon_meta'
[0.267s] Level 1:colcon.colcon_core.package_identification:_identify(src) by extensions ['ros']
[0.267s] Level 1:colcon.colcon_core.package_identification:_identify(src) by extension 'ros'
[0.267s] Level 1:colcon.colcon_core.package_identification:_identify(src) by extensions ['cmake', 'python']
[0.267s] Level 1:colcon.colcon_core.package_identification:_identify(src) by extension 'cmake'
[0.267s] Level 1:colcon.colcon_core.package_identification:_identify(src) by extension 'python'
[0.267s] Level 1:colcon.colcon_core.package_identification:_identify(src) by extensions ['python_setup_py']
[0.267s] Level 1:colcon.colcon_core.package_identification:_identify(src) by extension 'python_setup_py'
[0.268s] Level 1:colcon.colcon_core.package_identification:_identify(src/DynamixelSDK) by extensions ['ignore', 'ignore_ament_install']
[0.268s] Level 1:colcon.colcon_core.package_identification:_identify(src/DynamixelSDK) by extension 'ignore'
[0.268s] Level 1:colcon.colcon_core.package_identification:_identify(src/DynamixelSDK) by extension 'ignore_ament_install'
[0.268s] Level 1:colcon.colcon_core.package_identification:_identify(src/DynamixelSDK) by extensions ['colcon_pkg']
[0.268s] Level 1:colcon.colcon_core.package_identification:_identify(src/DynamixelSDK) by extension 'colcon_pkg'
[0.268s] Level 1:colcon.colcon_core.package_identification:_identify(src/DynamixelSDK) by extensions ['colcon_meta']
[0.268s] Level 1:colcon.colcon_core.package_identification:_identify(src/DynamixelSDK) by extension 'colcon_meta'
[0.268s] Level 1:colcon.colcon_core.package_identification:_identify(src/DynamixelSDK) by extensions ['ros']
[0.268s] Level 1:colcon.colcon_core.package_identification:_identify(src/DynamixelSDK) by extension 'ros'
[0.268s] Level 1:colcon.colcon_core.package_identification:_identify(src/DynamixelSDK) by extensions ['cmake', 'python']
[0.268s] Level 1:colcon.colcon_core.package_identification:_identify(src/DynamixelSDK) by extension 'cmake'
[0.268s] Level 1:colcon.colcon_core.package_identification:_identify(src/DynamixelSDK) by extension 'python'
[0.268s] Level 1:colcon.colcon_core.package_identification:_identify(src/DynamixelSDK) by extensions ['python_setup_py']
[0.268s] Level 1:colcon.colcon_core.package_identification:_identify(src/DynamixelSDK) by extension 'python_setup_py'
[0.268s] Level 1:colcon.colcon_core.package_identification:_identify(src/bimanualrobot_ros2) by extensions ['ignore', 'ignore_ament_install']
[0.268s] Level 1:colcon.colcon_core.package_identification:_identify(src/bimanualrobot_ros2) by extension 'ignore'
[0.268s] Level 1:colcon.colcon_core.package_identification:_identify(src/bimanualrobot_ros2) by extension 'ignore_ament_install'
[0.268s] Level 1:colcon.colcon_core.package_identification:_identify(src/bimanualrobot_ros2) by extensions ['colcon_pkg']
[0.268s] Level 1:colcon.colcon_core.package_identification:_identify(src/bimanualrobot_ros2) by extension 'colcon_pkg'
[0.268s] Level 1:colcon.colcon_core.package_identification:_identify(src/bimanualrobot_ros2) by extensions ['colcon_meta']
[0.268s] Level 1:colcon.colcon_core.package_identification:_identify(src/bimanualrobot_ros2) by extension 'colcon_meta'
[0.268s] Level 1:colcon.colcon_core.package_identification:_identify(src/bimanualrobot_ros2) by extensions ['ros']
[0.268s] Level 1:colcon.colcon_core.package_identification:_identify(src/bimanualrobot_ros2) by extension 'ros'
[0.268s] Level 1:colcon.colcon_core.package_identification:_identify(src/bimanualrobot_ros2) by extensions ['cmake', 'python']
[0.268s] Level 1:colcon.colcon_core.package_identification:_identify(src/bimanualrobot_ros2) by extension 'cmake'
[0.268s] Level 1:colcon.colcon_core.package_identification:_identify(src/bimanualrobot_ros2) by extension 'python'
[0.268s] Level 1:colcon.colcon_core.package_identification:_identify(src/bimanualrobot_ros2) by extensions ['python_setup_py']
[0.268s] Level 1:colcon.colcon_core.package_identification:_identify(src/bimanualrobot_ros2) by extension 'python_setup_py'
[0.268s] Level 1:colcon.colcon_core.package_identification:_identify(src/bimanualrobot_ros2/bimanualrobot_bringup) by extensions ['ignore', 'ignore_ament_install']
[0.268s] Level 1:colcon.colcon_core.package_identification:_identify(src/bimanualrobot_ros2/bimanualrobot_bringup) by extension 'ignore'
[0.268s] Level 1:colcon.colcon_core.package_identification:_identify(src/bimanualrobot_ros2/bimanualrobot_bringup) by extension 'ignore_ament_install'
[0.268s] Level 1:colcon.colcon_core.package_identification:_identify(src/bimanualrobot_ros2/bimanualrobot_bringup) by extensions ['colcon_pkg']
[0.268s] Level 1:colcon.colcon_core.package_identification:_identify(src/bimanualrobot_ros2/bimanualrobot_bringup) by extension 'colcon_pkg'
[0.268s] Level 1:colcon.colcon_core.package_identification:_identify(src/bimanualrobot_ros2/bimanualrobot_bringup) by extensions ['colcon_meta']
[0.268s] Level 1:colcon.colcon_core.package_identification:_identify(src/bimanualrobot_ros2/bimanualrobot_bringup) by extension 'colcon_meta'
[0.268s] Level 1:colcon.colcon_core.package_identification:_identify(src/bimanualrobot_ros2/bimanualrobot_bringup) by extensions ['ros']
[0.268s] Level 1:colcon.colcon_core.package_identification:_identify(src/bimanualrobot_ros2/bimanualrobot_bringup) by extension 'ros'
[0.270s] DEBUG:colcon.colcon_core.package_identification:Package 'src/bimanualrobot_ros2/bimanualrobot_bringup' with type 'ros.ament_python' and name 'bimanualrobot_bringup'
[0.271s] Level 1:colcon.colcon_core.package_identification:_identify(src/bimanualrobot_ros2/bimanualrobot_description) by extensions ['ignore', 'ignore_ament_install']
[0.271s] Level 1:colcon.colcon_core.package_identification:_identify(src/bimanualrobot_ros2/bimanualrobot_description) by extension 'ignore'
[0.271s] Level 1:colcon.colcon_core.package_identification:_identify(src/bimanualrobot_ros2/bimanualrobot_description) by extension 'ignore_ament_install'
[0.271s] Level 1:colcon.colcon_core.package_identification:_identify(src/bimanualrobot_ros2/bimanualrobot_description) by extensions ['colcon_pkg']
[0.271s] Level 1:colcon.colcon_core.package_identification:_identify(src/bimanualrobot_ros2/bimanualrobot_description) by extension 'colcon_pkg'
[0.271s] Level 1:colcon.colcon_core.package_identification:_identify(src/bimanualrobot_ros2/bimanualrobot_description) by extensions ['colcon_meta']
[0.271s] Level 1:colcon.colcon_core.package_identification:_identify(src/bimanualrobot_ros2/bimanualrobot_description) by extension 'colcon_meta'
[0.271s] Level 1:colcon.colcon_core.package_identification:_identify(src/bimanualrobot_ros2/bimanualrobot_description) by extensions ['ros']
[0.271s] Level 1:colcon.colcon_core.package_identification:_identify(src/bimanualrobot_ros2/bimanualrobot_description) by extension 'ros'
[0.271s] DEBUG:colcon.colcon_core.package_identification:Package 'src/bimanualrobot_ros2/bimanualrobot_description' with type 'ros.ament_cmake' and name 'bimanualrobot_description'
[0.272s] Level 1:colcon.colcon_core.package_identification:_identify(src/bimanualrobot_ros2/bimanualrobot_drumstick_moveit_config) by extensions ['ignore', 'ignore_ament_install']
[0.272s] Level 1:colcon.colcon_core.package_identification:_identify(src/bimanualrobot_ros2/bimanualrobot_drumstick_moveit_config) by extension 'ignore'
[0.272s] Level 1:colcon.colcon_core.package_identification:_identify(src/bimanualrobot_ros2/bimanualrobot_drumstick_moveit_config) by extension 'ignore_ament_install'
[0.272s] Level 1:colcon.colcon_core.package_identification:_identify(src/bimanualrobot_ros2/bimanualrobot_drumstick_moveit_config) by extensions ['colcon_pkg']
[0.272s] Level 1:colcon.colcon_core.package_identification:_identify(src/bimanualrobot_ros2/bimanualrobot_drumstick_moveit_config) by extension 'colcon_pkg'
[0.272s] Level 1:colcon.colcon_core.package_identification:_identify(src/bimanualrobot_ros2/bimanualrobot_drumstick_moveit_config) by extensions ['colcon_meta']
[0.272s] Level 1:colcon.colcon_core.package_identification:_identify(src/bimanualrobot_ros2/bimanualrobot_drumstick_moveit_config) by extension 'colcon_meta'
[0.272s] Level 1:colcon.colcon_core.package_identification:_identify(src/bimanualrobot_ros2/bimanualrobot_drumstick_moveit_config) by extensions ['ros']
[0.272s] Level 1:colcon.colcon_core.package_identification:_identify(src/bimanualrobot_ros2/bimanualrobot_drumstick_moveit_config) by extension 'ros'
[0.272s] DEBUG:colcon.colcon_core.package_identification:Package 'src/bimanualrobot_ros2/bimanualrobot_drumstick_moveit_config' with type 'ros.ament_cmake' and name 'bimanualrobot_drumstick_moveit_config'
[0.273s] Level 1:colcon.colcon_core.package_identification:_identify(src/bimanualrobot_ros2/bimanualrobot_gazebo) by extensions ['ignore', 'ignore_ament_install']
[0.273s] Level 1:colcon.colcon_core.package_identification:_identify(src/bimanualrobot_ros2/bimanualrobot_gazebo) by extension 'ignore'
[0.273s] Level 1:colcon.colcon_core.package_identification:_identify(src/bimanualrobot_ros2/bimanualrobot_gazebo) by extension 'ignore_ament_install'
[0.273s] Level 1:colcon.colcon_core.package_identification:_identify(src/bimanualrobot_ros2/bimanualrobot_gazebo) by extensions ['colcon_pkg']
[0.273s] Level 1:colcon.colcon_core.package_identification:_identify(src/bimanualrobot_ros2/bimanualrobot_gazebo) by extension 'colcon_pkg'
[0.273s] Level 1:colcon.colcon_core.package_identification:_identify(src/bimanualrobot_ros2/bimanualrobot_gazebo) by extensions ['colcon_meta']
[0.273s] Level 1:colcon.colcon_core.package_identification:_identify(src/bimanualrobot_ros2/bimanualrobot_gazebo) by extension 'colcon_meta'
[0.273s] Level 1:colcon.colcon_core.package_identification:_identify(src/bimanualrobot_ros2/bimanualrobot_gazebo) by extensions ['ros']
[0.273s] Level 1:colcon.colcon_core.package_identification:_identify(src/bimanualrobot_ros2/bimanualrobot_gazebo) by extension 'ros'
[0.273s] DEBUG:colcon.colcon_core.package_identification:Package 'src/bimanualrobot_ros2/bimanualrobot_gazebo' with type 'ros.ament_cmake' and name 'bimanualrobot_gazebo'
[0.274s] Level 1:colcon.colcon_core.package_identification:_identify(src/bimanualrobot_ros2/bimanualrobot_moveit_config) by extensions ['ignore', 'ignore_ament_install']
[0.274s] Level 1:colcon.colcon_core.package_identification:_identify(src/bimanualrobot_ros2/bimanualrobot_moveit_config) by extension 'ignore'
[0.274s] Level 1:colcon.colcon_core.package_identification:_identify(src/bimanualrobot_ros2/bimanualrobot_moveit_config) by extension 'ignore_ament_install'
[0.274s] Level 1:colcon.colcon_core.package_identification:_identify(src/bimanualrobot_ros2/bimanualrobot_moveit_config) by extensions ['colcon_pkg']
[0.274s] Level 1:colcon.colcon_core.package_identification:_identify(src/bimanualrobot_ros2/bimanualrobot_moveit_config) by extension 'colcon_pkg'
[0.274s] Level 1:colcon.colcon_core.package_identification:_identify(src/bimanualrobot_ros2/bimanualrobot_moveit_config) by extensions ['colcon_meta']
[0.274s] Level 1:colcon.colcon_core.package_identification:_identify(src/bimanualrobot_ros2/bimanualrobot_moveit_config) by extension 'colcon_meta'
[0.274s] Level 1:colcon.colcon_core.package_identification:_identify(src/bimanualrobot_ros2/bimanualrobot_moveit_config) by extensions ['ros']
[0.274s] Level 1:colcon.colcon_core.package_identification:_identify(src/bimanualrobot_ros2/bimanualrobot_moveit_config) by extension 'ros'
[0.275s] DEBUG:colcon.colcon_core.package_identification:Package 'src/bimanualrobot_ros2/bimanualrobot_moveit_config' with type 'ros.ament_cmake' and name 'bimanualrobot_moveit_config'
[0.275s] Level 1:colcon.colcon_core.package_identification:_identify(src/bimanualrobot_ros2/bimanualrobot_ros2) by extensions ['ignore', 'ignore_ament_install']
[0.275s] Level 1:colcon.colcon_core.package_identification:_identify(src/bimanualrobot_ros2/bimanualrobot_ros2) by extension 'ignore'
[0.275s] Level 1:colcon.colcon_core.package_identification:_identify(src/bimanualrobot_ros2/bimanualrobot_ros2) by extension 'ignore_ament_install'
[0.276s] Level 1:colcon.colcon_core.package_identification:_identify(src/bimanualrobot_ros2/bimanualrobot_ros2) by extensions ['colcon_pkg']
[0.276s] Level 1:colcon.colcon_core.package_identification:_identify(src/bimanualrobot_ros2/bimanualrobot_ros2) by extension 'colcon_pkg'
[0.276s] Level 1:colcon.colcon_core.package_identification:_identify(src/bimanualrobot_ros2/bimanualrobot_ros2) by extensions ['colcon_meta']
[0.276s] Level 1:colcon.colcon_core.package_identification:_identify(src/bimanualrobot_ros2/bimanualrobot_ros2) by extension 'colcon_meta'
[0.276s] Level 1:colcon.colcon_core.package_identification:_identify(src/bimanualrobot_ros2/bimanualrobot_ros2) by extensions ['ros']
[0.276s] Level 1:colcon.colcon_core.package_identification:_identify(src/bimanualrobot_ros2/bimanualrobot_ros2) by extension 'ros'
[0.277s] DEBUG:colcon.colcon_core.package_identification:Package 'src/bimanualrobot_ros2/bimanualrobot_ros2' with type 'ros.ament_cmake' and name 'bimanualrobot_ros2'
[0.277s] Level 1:colcon.colcon_core.package_identification:_identify(src/bimanualrobot_ros2/bimanualrobot_system_tests) by extensions ['ignore', 'ignore_ament_install']
[0.277s] Level 1:colcon.colcon_core.package_identification:_identify(src/bimanualrobot_ros2/bimanualrobot_system_tests) by extension 'ignore'
[0.277s] Level 1:colcon.colcon_core.package_identification:_identify(src/bimanualrobot_ros2/bimanualrobot_system_tests) by extension 'ignore_ament_install'
[0.277s] Level 1:colcon.colcon_core.package_identification:_identify(src/bimanualrobot_ros2/bimanualrobot_system_tests) by extensions ['colcon_pkg']
[0.277s] Level 1:colcon.colcon_core.package_identification:_identify(src/bimanualrobot_ros2/bimanualrobot_system_tests) by extension 'colcon_pkg'
[0.277s] Level 1:colcon.colcon_core.package_identification:_identify(src/bimanualrobot_ros2/bimanualrobot_system_tests) by extensions ['colcon_meta']
[0.277s] Level 1:colcon.colcon_core.package_identification:_identify(src/bimanualrobot_ros2/bimanualrobot_system_tests) by extension 'colcon_meta'
[0.277s] Level 1:colcon.colcon_core.package_identification:_identify(src/bimanualrobot_ros2/bimanualrobot_system_tests) by extensions ['ros']
[0.277s] Level 1:colcon.colcon_core.package_identification:_identify(src/bimanualrobot_ros2/bimanualrobot_system_tests) by extension 'ros'
[0.278s] DEBUG:colcon.colcon_core.package_identification:Package 'src/bimanualrobot_ros2/bimanualrobot_system_tests' with type 'ros.ament_cmake' and name 'bimanualrobot_system_tests'
[0.278s] Level 1:colcon.colcon_core.package_identification:_identify(src/dynamixel_hardware_interface) by extensions ['ignore', 'ignore_ament_install']
[0.278s] Level 1:colcon.colcon_core.package_identification:_identify(src/dynamixel_hardware_interface) by extension 'ignore'
[0.278s] Level 1:colcon.colcon_core.package_identification:_identify(src/dynamixel_hardware_interface) by extension 'ignore_ament_install'
[0.278s] Level 1:colcon.colcon_core.package_identification:_identify(src/dynamixel_hardware_interface) by extensions ['colcon_pkg']
[0.278s] Level 1:colcon.colcon_core.package_identification:_identify(src/dynamixel_hardware_interface) by extension 'colcon_pkg'
[0.278s] Level 1:colcon.colcon_core.package_identification:_identify(src/dynamixel_hardware_interface) by extensions ['colcon_meta']
[0.278s] Level 1:colcon.colcon_core.package_identification:_identify(src/dynamixel_hardware_interface) by extension 'colcon_meta'
[0.278s] Level 1:colcon.colcon_core.package_identification:_identify(src/dynamixel_hardware_interface) by extensions ['ros']
[0.278s] Level 1:colcon.colcon_core.package_identification:_identify(src/dynamixel_hardware_interface) by extension 'ros'
[0.278s] Level 1:colcon.colcon_core.package_identification:_identify(src/dynamixel_hardware_interface) by extensions ['cmake', 'python']
[0.278s] Level 1:colcon.colcon_core.package_identification:_identify(src/dynamixel_hardware_interface) by extension 'cmake'
[0.278s] Level 1:colcon.colcon_core.package_identification:_identify(src/dynamixel_hardware_interface) by extension 'python'
[0.278s] Level 1:colcon.colcon_core.package_identification:_identify(src/dynamixel_hardware_interface) by extensions ['python_setup_py']
[0.278s] Level 1:colcon.colcon_core.package_identification:_identify(src/dynamixel_hardware_interface) by extension 'python_setup_py'
[0.279s] Level 1:colcon.colcon_core.package_identification:_identify(src/dynamixel_interfaces) by extensions ['ignore', 'ignore_ament_install']
[0.279s] Level 1:colcon.colcon_core.package_identification:_identify(src/dynamixel_interfaces) by extension 'ignore'
[0.279s] Level 1:colcon.colcon_core.package_identification:_identify(src/dynamixel_interfaces) by extension 'ignore_ament_install'
[0.279s] Level 1:colcon.colcon_core.package_identification:_identify(src/dynamixel_interfaces) by extensions ['colcon_pkg']
[0.279s] Level 1:colcon.colcon_core.package_identification:_identify(src/dynamixel_interfaces) by extension 'colcon_pkg'
[0.279s] Level 1:colcon.colcon_core.package_identification:_identify(src/dynamixel_interfaces) by extensions ['colcon_meta']
[0.279s] Level 1:colcon.colcon_core.package_identification:_identify(src/dynamixel_interfaces) by extension 'colcon_meta'
[0.279s] Level 1:colcon.colcon_core.package_identification:_identify(src/dynamixel_interfaces) by extensions ['ros']
[0.279s] Level 1:colcon.colcon_core.package_identification:_identify(src/dynamixel_interfaces) by extension 'ros'
[0.279s] Level 1:colcon.colcon_core.package_identification:_identify(src/dynamixel_interfaces) by extensions ['cmake', 'python']
[0.279s] Level 1:colcon.colcon_core.package_identification:_identify(src/dynamixel_interfaces) by extension 'cmake'
[0.279s] Level 1:colcon.colcon_core.package_identification:_identify(src/dynamixel_interfaces) by extension 'python'
[0.279s] Level 1:colcon.colcon_core.package_identification:_identify(src/dynamixel_interfaces) by extensions ['python_setup_py']
[0.279s] Level 1:colcon.colcon_core.package_identification:_identify(src/dynamixel_interfaces) by extension 'python_setup_py'
[0.279s] Level 1:colcon.colcon_core.package_discovery:discover_packages(recursive) using defaults
[0.279s] Level 1:colcon.colcon_core.package_discovery:discover_packages(ignore) discover
[0.279s] Level 1:colcon.colcon_core.package_discovery:discover_packages(ignore) using defaults
[0.279s] Level 1:colcon.colcon_core.package_discovery:discover_packages(path) discover
[0.279s] Level 1:colcon.colcon_core.package_discovery:discover_packages(path) using defaults
[0.300s] Level 1:colcon.colcon_core.package_discovery:discover_packages(prefix_path) check parameters
[0.300s] Level 1:colcon.colcon_core.package_discovery:discover_packages(prefix_path) discover
[0.309s] DEBUG:colcon.colcon_installed_package_information.package_discovery:Found 8 installed packages in /home/thibaut/Documents/Bimanual_Robot/bimanual_ws/install
[0.310s] DEBUG:colcon.colcon_installed_package_information.package_discovery:Found 422 installed packages in /opt/ros/jazzy
[0.311s] Level 1:colcon.colcon_core.package_discovery:discover_packages(prefix_path) using defaults
[0.426s] Level 5:colcon.colcon_core.verb:set package 'bimanualrobot_description' build argument 'cmake_args' from command line to 'None'
[0.426s] Level 5:colcon.colcon_core.verb:set package 'bimanualrobot_description' build argument 'cmake_target' from command line to 'None'
[0.426s] Level 5:colcon.colcon_core.verb:set package 'bimanualrobot_description' build argument 'cmake_target_skip_unavailable' from command line to 'False'
[0.426s] Level 5:colcon.colcon_core.verb:set package 'bimanualrobot_description' build argument 'cmake_clean_cache' from command line to 'False'
[0.426s] Level 5:colcon.colcon_core.verb:set package 'bimanualrobot_description' build argument 'cmake_clean_first' from command line to 'False'
[0.426s] Level 5:colcon.colcon_core.verb:set package 'bimanualrobot_description' build argument 'cmake_force_configure' from command line to 'False'
[0.426s] Level 5:colcon.colcon_core.verb:set package 'bimanualrobot_description' build argument 'ament_cmake_args' from command line to 'None'
[0.426s] Level 5:colcon.colcon_core.verb:set package 'bimanualrobot_description' build argument 'catkin_cmake_args' from command line to 'None'
[0.426s] Level 5:colcon.colcon_core.verb:set package 'bimanualrobot_description' build argument 'catkin_skip_building_tests' from command line to 'False'
[0.426s] DEBUG:colcon.colcon_core.verb:Building package 'bimanualrobot_description' with the following arguments: {'ament_cmake_args': None, 'build_base': '/home/thibaut/Documents/Bimanual_Robot/bimanual_ws/build/bimanualrobot_description', 'catkin_cmake_args': None, 'catkin_skip_building_tests': False, 'cmake_args': None, 'cmake_clean_cache': False, 'cmake_clean_first': False, 'cmake_force_configure': False, 'cmake_target': None, 'cmake_target_skip_unavailable': False, 'install_base': '/home/thibaut/Documents/Bimanual_Robot/bimanual_ws/install/bimanualrobot_description', 'merge_install': False, 'path': '/home/thibaut/Documents/Bimanual_Robot/bimanual_ws/src/bimanualrobot_ros2/bimanualrobot_description', 'symlink_install': True, 'test_result_base': None}
[0.426s] Level 5:colcon.colcon_core.verb:set package 'bimanualrobot_gazebo' build argument 'cmake_args' from command line to 'None'
[0.426s] Level 5:colcon.colcon_core.verb:set package 'bimanualrobot_gazebo' build argument 'cmake_target' from command line to 'None'
[0.426s] Level 5:colcon.colcon_core.verb:set package 'bimanualrobot_gazebo' build argument 'cmake_target_skip_unavailable' from command line to 'False'
[0.426s] Level 5:colcon.colcon_core.verb:set package 'bimanualrobot_gazebo' build argument 'cmake_clean_cache' from command line to 'False'
[0.426s] Level 5:colcon.colcon_core.verb:set package 'bimanualrobot_gazebo' build argument 'cmake_clean_first' from command line to 'False'
[0.427s] Level 5:colcon.colcon_core.verb:set package 'bimanualrobot_gazebo' build argument 'cmake_force_configure' from command line to 'False'
[0.427s] Level 5:colcon.colcon_core.verb:set package 'bimanualrobot_gazebo' build argument 'ament_cmake_args' from command line to 'None'
[0.427s] Level 5:colcon.colcon_core.verb:set package 'bimanualrobot_gazebo' build argument 'catkin_cmake_args' from command line to 'None'
[0.427s] Level 5:colcon.colcon_core.verb:set package 'bimanualrobot_gazebo' build argument 'catkin_skip_building_tests' from command line to 'False'
[0.427s] DEBUG:colcon.colcon_core.verb:Building package 'bimanualrobot_gazebo' with the following arguments: {'ament_cmake_args': None, 'build_base': '/home/thibaut/Documents/Bimanual_Robot/bimanual_ws/build/bimanualrobot_gazebo', 'catkin_cmake_args': None, 'catkin_skip_building_tests': False, 'cmake_args': None, 'cmake_clean_cache': False, 'cmake_clean_first': False, 'cmake_force_configure': False, 'cmake_target': None, 'cmake_target_skip_unavailable': False, 'install_base': '/home/thibaut/Documents/Bimanual_Robot/bimanual_ws/install/bimanualrobot_gazebo', 'merge_install': False, 'path': '/home/thibaut/Documents/Bimanual_Robot/bimanual_ws/src/bimanualrobot_ros2/bimanualrobot_gazebo', 'symlink_install': True, 'test_result_base': None}
[0.427s] Level 5:colcon.colcon_core.verb:set package 'bimanualrobot_moveit_config' build argument 'cmake_args' from command line to 'None'
[0.427s] Level 5:colcon.colcon_core.verb:set package 'bimanualrobot_moveit_config' build argument 'cmake_target' from command line to 'None'
[0.427s] Level 5:colcon.colcon_core.verb:set package 'bimanualrobot_moveit_config' build argument 'cmake_target_skip_unavailable' from command line to 'False'
[0.427s] Level 5:colcon.colcon_core.verb:set package 'bimanualrobot_moveit_config' build argument 'cmake_clean_cache' from command line to 'False'
[0.427s] Level 5:colcon.colcon_core.verb:set package 'bimanualrobot_moveit_config' build argument 'cmake_clean_first' from command line to 'False'
[0.427s] Level 5:colcon.colcon_core.verb:set package 'bimanualrobot_moveit_config' build argument 'cmake_force_configure' from command line to 'False'
[0.427s] Level 5:colcon.colcon_core.verb:set package 'bimanualrobot_moveit_config' build argument 'ament_cmake_args' from command line to 'None'
[0.427s] Level 5:colcon.colcon_core.verb:set package 'bimanualrobot_moveit_config' build argument 'catkin_cmake_args' from command line to 'None'
[0.427s] Level 5:colcon.colcon_core.verb:set package 'bimanualrobot_moveit_config' build argument 'catkin_skip_building_tests' from command line to 'False'
[0.427s] DEBUG:colcon.colcon_core.verb:Building package 'bimanualrobot_moveit_config' with the following arguments: {'ament_cmake_args': None, 'build_base': '/home/thibaut/Documents/Bimanual_Robot/bimanual_ws/build/bimanualrobot_moveit_config', 'catkin_cmake_args': None, 'catkin_skip_building_tests': False, 'cmake_args': None, 'cmake_clean_cache': False, 'cmake_clean_first': False, 'cmake_force_configure': False, 'cmake_target': None, 'cmake_target_skip_unavailable': False, 'install_base': '/home/thibaut/Documents/Bimanual_Robot/bimanual_ws/install/bimanualrobot_moveit_config', 'merge_install': False, 'path': '/home/thibaut/Documents/Bimanual_Robot/bimanual_ws/src/bimanualrobot_ros2/bimanualrobot_moveit_config', 'symlink_install': True, 'test_result_base': None}
[0.427s] Level 5:colcon.colcon_core.verb:set package 'bimanualrobot_system_tests' build argument 'cmake_args' from command line to 'None'
[0.427s] Level 5:colcon.colcon_core.verb:set package 'bimanualrobot_system_tests' build argument 'cmake_target' from command line to 'None'
[0.427s] Level 5:colcon.colcon_core.verb:set package 'bimanualrobot_system_tests' build argument 'cmake_target_skip_unavailable' from command line to 'False'
[0.427s] Level 5:colcon.colcon_core.verb:set package 'bimanualrobot_system_tests' build argument 'cmake_clean_cache' from command line to 'False'
[0.427s] Level 5:colcon.colcon_core.verb:set package 'bimanualrobot_system_tests' build argument 'cmake_clean_first' from command line to 'False'
[0.427s] Level 5:colcon.colcon_core.verb:set package 'bimanualrobot_system_tests' build argument 'cmake_force_configure' from command line to 'False'
[0.427s] Level 5:colcon.colcon_core.verb:set package 'bimanualrobot_system_tests' build argument 'ament_cmake_args' from command line to 'None'
[0.427s] Level 5:colcon.colcon_core.verb:set package 'bimanualrobot_system_tests' build argument 'catkin_cmake_args' from command line to 'None'
[0.427s] Level 5:colcon.colcon_core.verb:set package 'bimanualrobot_system_tests' build argument 'catkin_skip_building_tests' from command line to 'False'
[0.427s] DEBUG:colcon.colcon_core.verb:Building package 'bimanualrobot_system_tests' with the following arguments: {'ament_cmake_args': None, 'build_base': '/home/thibaut/Documents/Bimanual_Robot/bimanual_ws/build/bimanualrobot_system_tests', 'catkin_cmake_args': None, 'catkin_skip_building_tests': False, 'cmake_args': None, 'cmake_clean_cache': False, 'cmake_clean_first': False, 'cmake_force_configure': False, 'cmake_target': None, 'cmake_target_skip_unavailable': False, 'install_base': '/home/thibaut/Documents/Bimanual_Robot/bimanual_ws/install/bimanualrobot_system_tests', 'merge_install': False, 'path': '/home/thibaut/Documents/Bimanual_Robot/bimanual_ws/src/bimanualrobot_ros2/bimanualrobot_system_tests', 'symlink_install': True, 'test_result_base': None}
[0.427s] Level 5:colcon.colcon_core.verb:set package 'bimanualrobot_bringup' build argument 'cmake_args' from command line to 'None'
[0.427s] Level 5:colcon.colcon_core.verb:set package 'bimanualrobot_bringup' build argument 'cmake_target' from command line to 'None'
[0.427s] Level 5:colcon.colcon_core.verb:set package 'bimanualrobot_bringup' build argument 'cmake_target_skip_unavailable' from command line to 'False'
[0.427s] Level 5:colcon.colcon_core.verb:set package 'bimanualrobot_bringup' build argument 'cmake_clean_cache' from command line to 'False'
[0.427s] Level 5:colcon.colcon_core.verb:set package 'bimanualrobot_bringup' build argument 'cmake_clean_first' from command line to 'False'
[0.427s] Level 5:colcon.colcon_core.verb:set package 'bimanualrobot_bringup' build argument 'cmake_force_configure' from command line to 'False'
[0.427s] Level 5:colcon.colcon_core.verb:set package 'bimanualrobot_bringup' build argument 'ament_cmake_args' from command line to 'None'
[0.427s] Level 5:colcon.colcon_core.verb:set package 'bimanualrobot_bringup' build argument 'catkin_cmake_args' from command line to 'None'
[0.427s] Level 5:colcon.colcon_core.verb:set package 'bimanualrobot_bringup' build argument 'catkin_skip_building_tests' from command line to 'False'
[0.427s] DEBUG:colcon.colcon_core.verb:Building package 'bimanualrobot_bringup' with the following arguments: {'ament_cmake_args': None, 'build_base': '/home/thibaut/Documents/Bimanual_Robot/bimanual_ws/build/bimanualrobot_bringup', 'catkin_cmake_args': None, 'catkin_skip_building_tests': False, 'cmake_args': None, 'cmake_clean_cache': False, 'cmake_clean_first': False, 'cmake_force_configure': False, 'cmake_target': None, 'cmake_target_skip_unavailable': False, 'install_base': '/home/thibaut/Documents/Bimanual_Robot/bimanual_ws/install/bimanualrobot_bringup', 'merge_install': False, 'path': '/home/thibaut/Documents/Bimanual_Robot/bimanual_ws/src/bimanualrobot_ros2/bimanualrobot_bringup', 'symlink_install': True, 'test_result_base': None}
[0.427s] Level 5:colcon.colcon_core.verb:set package 'bimanualrobot_drumstick_moveit_config' build argument 'cmake_args' from command line to 'None'
[0.427s] Level 5:colcon.colcon_core.verb:set package 'bimanualrobot_drumstick_moveit_config' build argument 'cmake_target' from command line to 'None'
[0.427s] Level 5:colcon.colcon_core.verb:set package 'bimanualrobot_drumstick_moveit_config' build argument 'cmake_target_skip_unavailable' from command line to 'False'
[0.427s] Level 5:colcon.colcon_core.verb:set package 'bimanualrobot_drumstick_moveit_config' build argument 'cmake_clean_cache' from command line to 'False'
[0.427s] Level 5:colcon.colcon_core.verb:set package 'bimanualrobot_drumstick_moveit_config' build argument 'cmake_clean_first' from command line to 'False'
[0.427s] Level 5:colcon.colcon_core.verb:set package 'bimanualrobot_drumstick_moveit_config' build argument 'cmake_force_configure' from command line to 'False'
[0.427s] Level 5:colcon.colcon_core.verb:set package 'bimanualrobot_drumstick_moveit_config' build argument 'ament_cmake_args' from command line to 'None'
[0.427s] Level 5:colcon.colcon_core.verb:set package 'bimanualrobot_drumstick_moveit_config' build argument 'catkin_cmake_args' from command line to 'None'
[0.427s] Level 5:colcon.colcon_core.verb:set package 'bimanualrobot_drumstick_moveit_config' build argument 'catkin_skip_building_tests' from command line to 'False'
[0.427s] DEBUG:colcon.colcon_core.verb:Building package 'bimanualrobot_drumstick_moveit_config' with the following arguments: {'ament_cmake_args': None, 'build_base': '/home/thibaut/Documents/Bimanual_Robot/bimanual_ws/build/bimanualrobot_drumstick_moveit_config', 'catkin_cmake_args': None, 'catkin_skip_building_tests': False, 'cmake_args': None, 'cmake_clean_cache': False, 'cmake_clean_first': False, 'cmake_force_configure': False, 'cmake_target': None, 'cmake_target_skip_unavailable': False, 'install_base': '/home/thibaut/Documents/Bimanual_Robot/bimanual_ws/install/bimanualrobot_drumstick_moveit_config', 'merge_install': False, 'path': '/home/thibaut/Documents/Bimanual_Robot/bimanual_ws/src/bimanualrobot_ros2/bimanualrobot_drumstick_moveit_config', 'symlink_install': True, 'test_result_base': None}
[0.427s] Level 5:colcon.colcon_core.verb:set package 'bimanualrobot_ros2' build argument 'cmake_args' from command line to 'None'
[0.427s] Level 5:colcon.colcon_core.verb:set package 'bimanualrobot_ros2' build argument 'cmake_target' from command line to 'None'
[0.427s] Level 5:colcon.colcon_core.verb:set package 'bimanualrobot_ros2' build argument 'cmake_target_skip_unavailable' from command line to 'False'
[0.427s] Level 5:colcon.colcon_core.verb:set package 'bimanualrobot_ros2' build argument 'cmake_clean_cache' from command line to 'False'
[0.427s] Level 5:colcon.colcon_core.verb:set package 'bimanualrobot_ros2' build argument 'cmake_clean_first' from command line to 'False'
[0.427s] Level 5:colcon.colcon_core.verb:set package 'bimanualrobot_ros2' build argument 'cmake_force_configure' from command line to 'False'
[0.427s] Level 5:colcon.colcon_core.verb:set package 'bimanualrobot_ros2' build argument 'ament_cmake_args' from command line to 'None'
[0.427s] Level 5:colcon.colcon_core.verb:set package 'bimanualrobot_ros2' build argument 'catkin_cmake_args' from command line to 'None'
[0.427s] Level 5:colcon.colcon_core.verb:set package 'bimanualrobot_ros2' build argument 'catkin_skip_building_tests' from command line to 'False'
[0.427s] DEBUG:colcon.colcon_core.verb:Building package 'bimanualrobot_ros2' with the following arguments: {'ament_cmake_args': None, 'build_base': '/home/thibaut/Documents/Bimanual_Robot/bimanual_ws/build/bimanualrobot_ros2', 'catkin_cmake_args': None, 'catkin_skip_building_tests': False, 'cmake_args': None, 'cmake_clean_cache': False, 'cmake_clean_first': False, 'cmake_force_configure': False, 'cmake_target': None, 'cmake_target_skip_unavailable': False, 'install_base': '/home/thibaut/Documents/Bimanual_Robot/bimanual_ws/install/bimanualrobot_ros2', 'merge_install': False, 'path': '/home/thibaut/Documents/Bimanual_Robot/bimanual_ws/src/bimanualrobot_ros2/bimanualrobot_ros2', 'symlink_install': True, 'test_result_base': None}
[0.427s] INFO:colcon.colcon_core.executor:Executing jobs using 'parallel' executor
[0.428s] DEBUG:colcon.colcon_parallel_executor.executor.parallel:run_until_complete
[0.428s] INFO:colcon.colcon_ros.task.ament_cmake.build:Building ROS package in '/home/thibaut/Documents/Bimanual_Robot/bimanual_ws/src/bimanualrobot_ros2/bimanualrobot_description' with build type 'ament_cmake'
[0.428s] INFO:colcon.colcon_cmake.task.cmake.build:Building CMake package in '/home/thibaut/Documents/Bimanual_Robot/bimanual_ws/src/bimanualrobot_ros2/bimanualrobot_description'
[0.432s] INFO:colcon.colcon_core.plugin_system:Skipping extension 'colcon_core.shell.bat': Not used on non-Windows systems
[0.432s] INFO:colcon.colcon_core.shell:Skip shell extension 'powershell' for command environment: Not usable outside of PowerShell
[0.432s] DEBUG:colcon.colcon_core.shell:Skip shell extension 'dsv' for command environment
[0.435s] INFO:colcon.colcon_ros.task.ament_cmake.build:Building ROS package in '/home/thibaut/Documents/Bimanual_Robot/bimanual_ws/src/bimanualrobot_ros2/bimanualrobot_gazebo' with build type 'ament_cmake'
[0.435s] INFO:colcon.colcon_cmake.task.cmake.build:Building CMake package in '/home/thibaut/Documents/Bimanual_Robot/bimanual_ws/src/bimanualrobot_ros2/bimanualrobot_gazebo'
[0.435s] INFO:colcon.colcon_core.shell:Skip shell extension 'powershell' for command environment: Not usable outside of PowerShell
[0.435s] DEBUG:colcon.colcon_core.shell:Skip shell extension 'dsv' for command environment
[0.438s] INFO:colcon.colcon_ros.task.ament_cmake.build:Building ROS package in '/home/thibaut/Documents/Bimanual_Robot/bimanual_ws/src/bimanualrobot_ros2/bimanualrobot_moveit_config' with build type 'ament_cmake'
[0.438s] INFO:colcon.colcon_cmake.task.cmake.build:Building CMake package in '/home/thibaut/Documents/Bimanual_Robot/bimanual_ws/src/bimanualrobot_ros2/bimanualrobot_moveit_config'
[0.438s] INFO:colcon.colcon_core.shell:Skip shell extension 'powershell' for command environment: Not usable outside of PowerShell
[0.438s] DEBUG:colcon.colcon_core.shell:Skip shell extension 'dsv' for command environment
[0.441s] INFO:colcon.colcon_ros.task.ament_cmake.build:Building ROS package in '/home/thibaut/Documents/Bimanual_Robot/bimanual_ws/src/bimanualrobot_ros2/bimanualrobot_system_tests' with build type 'ament_cmake'
[0.442s] INFO:colcon.colcon_cmake.task.cmake.build:Building CMake package in '/home/thibaut/Documents/Bimanual_Robot/bimanual_ws/src/bimanualrobot_ros2/bimanualrobot_system_tests'
[0.452s] INFO:colcon.colcon_core.shell:Skip shell extension 'powershell' for command environment: Not usable outside of PowerShell
[0.452s] DEBUG:colcon.colcon_core.shell:Skip shell extension 'dsv' for command environment
[0.457s] DEBUG:colcon.colcon_core.event_handler.log_command:Invoking command in '/home/thibaut/Documents/Bimanual_Robot/bimanual_ws/build/bimanualrobot_description': CMAKE_PREFIX_PATH=${CMAKE_PREFIX_PATH}:/home/thibaut/Documents/Bimanual_Robot/bimanual_ws/install/bimanualrobot_bringup:/opt/ros/jazzy DEBUGINFOD_URLS=https://debuginfod.ubuntu.com /usr/bin/cmake --build /home/thibaut/Documents/Bimanual_Robot/bimanual_ws/build/bimanualrobot_description -- -j6 -l6
[0.464s] DEBUG:colcon.colcon_core.event_handler.log_command:Invoking command in '/home/thibaut/Documents/Bimanual_Robot/bimanual_ws/build/bimanualrobot_gazebo': CMAKE_PREFIX_PATH=${CMAKE_PREFIX_PATH}:/home/thibaut/Documents/Bimanual_Robot/bimanual_ws/install/bimanualrobot_bringup:/opt/ros/jazzy DEBUGINFOD_URLS=https://debuginfod.ubuntu.com /usr/bin/cmake --build /home/thibaut/Documents/Bimanual_Robot/bimanual_ws/build/bimanualrobot_gazebo -- -j6 -l6
[0.470s] DEBUG:colcon.colcon_core.event_handler.log_command:Invoking command in '/home/thibaut/Documents/Bimanual_Robot/bimanual_ws/build/bimanualrobot_moveit_config': CMAKE_PREFIX_PATH=${CMAKE_PREFIX_PATH}:/home/thibaut/Documents/Bimanual_Robot/bimanual_ws/install/bimanualrobot_bringup:/opt/ros/jazzy DEBUGINFOD_URLS=https://debuginfod.ubuntu.com /usr/bin/cmake --build /home/thibaut/Documents/Bimanual_Robot/bimanual_ws/build/bimanualrobot_moveit_config -- -j6 -l6
[0.481s] DEBUG:colcon.colcon_core.event_handler.log_command:Invoking command in '/home/thibaut/Documents/Bimanual_Robot/bimanual_ws/build/bimanualrobot_system_tests': CMAKE_PREFIX_PATH=${CMAKE_PREFIX_PATH}:/home/thibaut/Documents/Bimanual_Robot/bimanual_ws/install/bimanualrobot_bringup:/opt/ros/jazzy DEBUGINFOD_URLS=https://debuginfod.ubuntu.com /usr/bin/cmake --build /home/thibaut/Documents/Bimanual_Robot/bimanual_ws/build/bimanualrobot_system_tests -- -j6 -l6
[0.560s] DEBUG:colcon.colcon_core.event_handler.log_command:Invoked command in '/home/thibaut/Documents/Bimanual_Robot/bimanual_ws/build/bimanualrobot_description' returned '0': CMAKE_PREFIX_PATH=${CMAKE_PREFIX_PATH}:/home/thibaut/Documents/Bimanual_Robot/bimanual_ws/install/bimanualrobot_bringup:/opt/ros/jazzy DEBUGINFOD_URLS=https://debuginfod.ubuntu.com /usr/bin/cmake --build /home/thibaut/Documents/Bimanual_Robot/bimanual_ws/build/bimanualrobot_description -- -j6 -l6
[0.571s] DEBUG:colcon.colcon_core.event_handler.log_command:Invoking command in '/home/thibaut/Documents/Bimanual_Robot/bimanual_ws/build/bimanualrobot_description': CMAKE_PREFIX_PATH=${CMAKE_PREFIX_PATH}:/home/thibaut/Documents/Bimanual_Robot/bimanual_ws/install/bimanualrobot_bringup:/opt/ros/jazzy DEBUGINFOD_URLS=https://debuginfod.ubuntu.com /usr/bin/cmake --install /home/thibaut/Documents/Bimanual_Robot/bimanual_ws/build/bimanualrobot_description
[0.591s] DEBUG:colcon.colcon_core.event_handler.log_command:Invoked command in '/home/thibaut/Documents/Bimanual_Robot/bimanual_ws/build/bimanualrobot_gazebo' returned '0': CMAKE_PREFIX_PATH=${CMAKE_PREFIX_PATH}:/home/thibaut/Documents/Bimanual_Robot/bimanual_ws/install/bimanualrobot_bringup:/opt/ros/jazzy DEBUGINFOD_URLS=https://debuginfod.ubuntu.com /usr/bin/cmake --build /home/thibaut/Documents/Bimanual_Robot/bimanual_ws/build/bimanualrobot_gazebo -- -j6 -l6
[0.592s] DEBUG:colcon.colcon_core.event_handler.log_command:Invoking command in '/home/thibaut/Documents/Bimanual_Robot/bimanual_ws/build/bimanualrobot_gazebo': CMAKE_PREFIX_PATH=${CMAKE_PREFIX_PATH}:/home/thibaut/Documents/Bimanual_Robot/bimanual_ws/install/bimanualrobot_bringup:/opt/ros/jazzy DEBUGINFOD_URLS=https://debuginfod.ubuntu.com /usr/bin/cmake --install /home/thibaut/Documents/Bimanual_Robot/bimanual_ws/build/bimanualrobot_gazebo
[0.601s] DEBUG:colcon.colcon_core.event_handler.log_command:Invoked command in '/home/thibaut/Documents/Bimanual_Robot/bimanual_ws/build/bimanualrobot_moveit_config' returned '0': CMAKE_PREFIX_PATH=${CMAKE_PREFIX_PATH}:/home/thibaut/Documents/Bimanual_Robot/bimanual_ws/install/bimanualrobot_bringup:/opt/ros/jazzy DEBUGINFOD_URLS=https://debuginfod.ubuntu.com /usr/bin/cmake --build /home/thibaut/Documents/Bimanual_Robot/bimanual_ws/build/bimanualrobot_moveit_config -- -j6 -l6
[0.603s] DEBUG:colcon.colcon_core.event_handler.log_command:Invoking command in '/home/thibaut/Documents/Bimanual_Robot/bimanual_ws/build/bimanualrobot_moveit_config': CMAKE_PREFIX_PATH=${CMAKE_PREFIX_PATH}:/home/thibaut/Documents/Bimanual_Robot/bimanual_ws/install/bimanualrobot_bringup:/opt/ros/jazzy DEBUGINFOD_URLS=https://debuginfod.ubuntu.com /usr/bin/cmake --install /home/thibaut/Documents/Bimanual_Robot/bimanual_ws/build/bimanualrobot_moveit_config
[0.609s] Level 1:colcon.colcon_core.environment:create_environment_scripts_only(bimanualrobot_description)
[0.609s] DEBUG:colcon.colcon_core.event_handler.log_command:Invoked command in '/home/thibaut/Documents/Bimanual_Robot/bimanual_ws/build/bimanualrobot_description' returned '0': CMAKE_PREFIX_PATH=${CMAKE_PREFIX_PATH}:/home/thibaut/Documents/Bimanual_Robot/bimanual_ws/install/bimanualrobot_bringup:/opt/ros/jazzy DEBUGINFOD_URLS=https://debuginfod.ubuntu.com /usr/bin/cmake --install /home/thibaut/Documents/Bimanual_Robot/bimanual_ws/build/bimanualrobot_description
[0.615s] Level 1:colcon.colcon_core.environment:checking '/home/thibaut/Documents/Bimanual_Robot/bimanual_ws/install/bimanualrobot_description' for CMake module files
[0.616s] Level 1:colcon.colcon_core.environment:checking '/home/thibaut/Documents/Bimanual_Robot/bimanual_ws/install/bimanualrobot_description' for CMake config files
[0.619s] Level 1:colcon.colcon_core.shell:create_environment_hook('bimanualrobot_description', 'cmake_prefix_path')
[0.619s] INFO:colcon.colcon_core.shell:Creating environment hook '/home/thibaut/Documents/Bimanual_Robot/bimanual_ws/install/bimanualrobot_description/share/bimanualrobot_description/hook/cmake_prefix_path.ps1'
[0.620s] INFO:colcon.colcon_core.shell:Creating environment descriptor '/home/thibaut/Documents/Bimanual_Robot/bimanual_ws/install/bimanualrobot_description/share/bimanualrobot_description/hook/cmake_prefix_path.dsv'
[0.620s] INFO:colcon.colcon_core.shell:Creating environment hook '/home/thibaut/Documents/Bimanual_Robot/bimanual_ws/install/bimanualrobot_description/share/bimanualrobot_description/hook/cmake_prefix_path.sh'
[0.621s] Level 1:colcon.colcon_core.environment:checking '/home/thibaut/Documents/Bimanual_Robot/bimanual_ws/install/bimanualrobot_description/bin'
[0.621s] Level 1:colcon.colcon_core.environment:checking '/home/thibaut/Documents/Bimanual_Robot/bimanual_ws/install/bimanualrobot_description/lib/pkgconfig/bimanualrobot_description.pc'
[0.621s] Level 1:colcon.colcon_core.environment:checking '/home/thibaut/Documents/Bimanual_Robot/bimanual_ws/install/bimanualrobot_description/lib/python3.12/site-packages'
[0.622s] Level 1:colcon.colcon_core.environment:checking '/home/thibaut/Documents/Bimanual_Robot/bimanual_ws/install/bimanualrobot_description/bin'
[0.622s] INFO:colcon.colcon_core.shell:Creating package script '/home/thibaut/Documents/Bimanual_Robot/bimanual_ws/install/bimanualrobot_description/share/bimanualrobot_description/package.ps1'
[0.622s] INFO:colcon.colcon_core.shell:Creating package descriptor '/home/thibaut/Documents/Bimanual_Robot/bimanual_ws/install/bimanualrobot_description/share/bimanualrobot_description/package.dsv'
[0.623s] INFO:colcon.colcon_core.shell:Creating package script '/home/thibaut/Documents/Bimanual_Robot/bimanual_ws/install/bimanualrobot_description/share/bimanualrobot_description/package.sh'
[0.624s] INFO:colcon.colcon_core.shell:Creating package script '/home/thibaut/Documents/Bimanual_Robot/bimanual_ws/install/bimanualrobot_description/share/bimanualrobot_description/package.bash'
[0.625s] INFO:colcon.colcon_core.shell:Creating package script '/home/thibaut/Documents/Bimanual_Robot/bimanual_ws/install/bimanualrobot_description/share/bimanualrobot_description/package.zsh'
[0.626s] Level 1:colcon.colcon_core.environment:create_file_with_runtime_dependencies(/home/thibaut/Documents/Bimanual_Robot/bimanual_ws/install/bimanualrobot_description/share/colcon-core/packages/bimanualrobot_description)
[0.626s] Level 1:colcon.colcon_core.environment:create_environment_scripts_only(bimanualrobot_description)
[0.626s] Level 1:colcon.colcon_core.environment:checking '/home/thibaut/Documents/Bimanual_Robot/bimanual_ws/install/bimanualrobot_description' for CMake module files
[0.627s] Level 1:colcon.colcon_core.environment:checking '/home/thibaut/Documents/Bimanual_Robot/bimanual_ws/install/bimanualrobot_description' for CMake config files
[0.627s] Level 1:colcon.colcon_core.shell:create_environment_hook('bimanualrobot_description', 'cmake_prefix_path')
[0.627s] INFO:colcon.colcon_core.shell:Creating environment hook '/home/thibaut/Documents/Bimanual_Robot/bimanual_ws/install/bimanualrobot_description/share/bimanualrobot_description/hook/cmake_prefix_path.ps1'
[0.627s] INFO:colcon.colcon_core.shell:Creating environment descriptor '/home/thibaut/Documents/Bimanual_Robot/bimanual_ws/install/bimanualrobot_description/share/bimanualrobot_description/hook/cmake_prefix_path.dsv'
[0.627s] INFO:colcon.colcon_core.shell:Creating environment hook '/home/thibaut/Documents/Bimanual_Robot/bimanual_ws/install/bimanualrobot_description/share/bimanualrobot_description/hook/cmake_prefix_path.sh'
[0.628s] Level 1:colcon.colcon_core.environment:checking '/home/thibaut/Documents/Bimanual_Robot/bimanual_ws/install/bimanualrobot_description/bin'
[0.628s] Level 1:colcon.colcon_core.environment:checking '/home/thibaut/Documents/Bimanual_Robot/bimanual_ws/install/bimanualrobot_description/lib/pkgconfig/bimanualrobot_description.pc'
[0.628s] Level 1:colcon.colcon_core.environment:checking '/home/thibaut/Documents/Bimanual_Robot/bimanual_ws/install/bimanualrobot_description/lib/python3.12/site-packages'
[0.628s] Level 1:colcon.colcon_core.environment:checking '/home/thibaut/Documents/Bimanual_Robot/bimanual_ws/install/bimanualrobot_description/bin'
[0.628s] INFO:colcon.colcon_core.shell:Creating package script '/home/thibaut/Documents/Bimanual_Robot/bimanual_ws/install/bimanualrobot_description/share/bimanualrobot_description/package.ps1'
[0.628s] INFO:colcon.colcon_core.shell:Creating package descriptor '/home/thibaut/Documents/Bimanual_Robot/bimanual_ws/install/bimanualrobot_description/share/bimanualrobot_description/package.dsv'
[0.629s] INFO:colcon.colcon_core.shell:Creating package script '/home/thibaut/Documents/Bimanual_Robot/bimanual_ws/install/bimanualrobot_description/share/bimanualrobot_description/package.sh'
[0.629s] INFO:colcon.colcon_core.shell:Creating package script '/home/thibaut/Documents/Bimanual_Robot/bimanual_ws/install/bimanualrobot_description/share/bimanualrobot_description/package.bash'
[0.629s] INFO:colcon.colcon_core.shell:Creating package script '/home/thibaut/Documents/Bimanual_Robot/bimanual_ws/install/bimanualrobot_description/share/bimanualrobot_description/package.zsh'
[0.629s] Level 1:colcon.colcon_core.environment:create_file_with_runtime_dependencies(/home/thibaut/Documents/Bimanual_Robot/bimanual_ws/install/bimanualrobot_description/share/colcon-core/packages/bimanualrobot_description)
[0.629s] INFO:colcon.colcon_ros.task.ament_python.build:Building ROS package in '/home/thibaut/Documents/Bimanual_Robot/bimanual_ws/src/bimanualrobot_ros2/bimanualrobot_bringup' with build type 'ament_python'
[0.630s] Level 1:colcon.colcon_core.shell:create_environment_hook('bimanualrobot_bringup', 'ament_prefix_path')
[0.630s] INFO:colcon.colcon_core.shell:Creating environment hook '/home/thibaut/Documents/Bimanual_Robot/bimanual_ws/install/bimanualrobot_bringup/share/bimanualrobot_bringup/hook/ament_prefix_path.ps1'
[0.630s] INFO:colcon.colcon_core.shell:Creating environment descriptor '/home/thibaut/Documents/Bimanual_Robot/bimanual_ws/install/bimanualrobot_bringup/share/bimanualrobot_bringup/hook/ament_prefix_path.dsv'
[0.630s] INFO:colcon.colcon_core.shell:Creating environment hook '/home/thibaut/Documents/Bimanual_Robot/bimanual_ws/install/bimanualrobot_bringup/share/bimanualrobot_bringup/hook/ament_prefix_path.sh'
[0.630s] INFO:colcon.colcon_core.shell:Skip shell extension 'powershell' for command environment: Not usable outside of PowerShell
[0.630s] DEBUG:colcon.colcon_core.shell:Skip shell extension 'dsv' for command environment
[0.632s] INFO:colcon.colcon_ros.task.ament_cmake.build:Building ROS package in '/home/thibaut/Documents/Bimanual_Robot/bimanual_ws/src/bimanualrobot_ros2/bimanualrobot_drumstick_moveit_config' with build type 'ament_cmake'
[0.633s] INFO:colcon.colcon_cmake.task.cmake.build:Building CMake package in '/home/thibaut/Documents/Bimanual_Robot/bimanual_ws/src/bimanualrobot_ros2/bimanualrobot_drumstick_moveit_config'
[0.633s] INFO:colcon.colcon_core.shell:Skip shell extension 'powershell' for command environment: Not usable outside of PowerShell
[0.633s] DEBUG:colcon.colcon_core.shell:Skip shell extension 'dsv' for command environment
[0.636s] Level 1:colcon.colcon_core.environment:create_environment_scripts_only(bimanualrobot_gazebo)
[0.636s] Level 1:colcon.colcon_core.environment:checking '/home/thibaut/Documents/Bimanual_Robot/bimanual_ws/install/bimanualrobot_gazebo' for CMake module files
[0.636s] DEBUG:colcon.colcon_core.event_handler.log_command:Invoked command in '/home/thibaut/Documents/Bimanual_Robot/bimanual_ws/build/bimanualrobot_gazebo' returned '0': CMAKE_PREFIX_PATH=${CMAKE_PREFIX_PATH}:/home/thibaut/Documents/Bimanual_Robot/bimanual_ws/install/bimanualrobot_bringup:/opt/ros/jazzy DEBUGINFOD_URLS=https://debuginfod.ubuntu.com /usr/bin/cmake --install /home/thibaut/Documents/Bimanual_Robot/bimanual_ws/build/bimanualrobot_gazebo
[0.638s] Level 1:colcon.colcon_core.environment:checking '/home/thibaut/Documents/Bimanual_Robot/bimanual_ws/install/bimanualrobot_gazebo' for CMake config files
[0.641s] Level 1:colcon.colcon_core.shell:create_environment_hook('bimanualrobot_gazebo', 'cmake_prefix_path')
[0.641s] INFO:colcon.colcon_core.shell:Creating environment hook '/home/thibaut/Documents/Bimanual_Robot/bimanual_ws/install/bimanualrobot_gazebo/share/bimanualrobot_gazebo/hook/cmake_prefix_path.ps1'
[0.641s] INFO:colcon.colcon_core.shell:Creating environment descriptor '/home/thibaut/Documents/Bimanual_Robot/bimanual_ws/install/bimanualrobot_gazebo/share/bimanualrobot_gazebo/hook/cmake_prefix_path.dsv'
[0.641s] INFO:colcon.colcon_core.shell:Creating environment hook '/home/thibaut/Documents/Bimanual_Robot/bimanual_ws/install/bimanualrobot_gazebo/share/bimanualrobot_gazebo/hook/cmake_prefix_path.sh'
[0.642s] Level 1:colcon.colcon_core.environment:checking '/home/thibaut/Documents/Bimanual_Robot/bimanual_ws/install/bimanualrobot_gazebo/lib'
[0.642s] Level 1:colcon.colcon_core.environment:checking '/home/thibaut/Documents/Bimanual_Robot/bimanual_ws/install/bimanualrobot_gazebo/bin'
[0.642s] Level 1:colcon.colcon_core.environment:checking '/home/thibaut/Documents/Bimanual_Robot/bimanual_ws/install/bimanualrobot_gazebo/lib/pkgconfig/bimanualrobot_gazebo.pc'
[0.642s] Level 1:colcon.colcon_core.environment:checking '/home/thibaut/Documents/Bimanual_Robot/bimanual_ws/install/bimanualrobot_gazebo/lib/python3.12/site-packages'
[0.642s] Level 1:colcon.colcon_core.environment:checking '/home/thibaut/Documents/Bimanual_Robot/bimanual_ws/install/bimanualrobot_gazebo/bin'
[0.643s] INFO:colcon.colcon_core.shell:Creating package script '/home/thibaut/Documents/Bimanual_Robot/bimanual_ws/install/bimanualrobot_gazebo/share/bimanualrobot_gazebo/package.ps1'
[0.643s] INFO:colcon.colcon_core.shell:Creating package descriptor '/home/thibaut/Documents/Bimanual_Robot/bimanual_ws/install/bimanualrobot_gazebo/share/bimanualrobot_gazebo/package.dsv'
[0.643s] INFO:colcon.colcon_core.shell:Creating package script '/home/thibaut/Documents/Bimanual_Robot/bimanual_ws/install/bimanualrobot_gazebo/share/bimanualrobot_gazebo/package.sh'
[0.643s] INFO:colcon.colcon_core.shell:Creating package script '/home/thibaut/Documents/Bimanual_Robot/bimanual_ws/install/bimanualrobot_gazebo/share/bimanualrobot_gazebo/package.bash'
[0.643s] INFO:colcon.colcon_core.shell:Creating package script '/home/thibaut/Documents/Bimanual_Robot/bimanual_ws/install/bimanualrobot_gazebo/share/bimanualrobot_gazebo/package.zsh'
[0.643s] Level 1:colcon.colcon_core.environment:create_file_with_runtime_dependencies(/home/thibaut/Documents/Bimanual_Robot/bimanual_ws/install/bimanualrobot_gazebo/share/colcon-core/packages/bimanualrobot_gazebo)
[0.644s] Level 1:colcon.colcon_core.environment:create_environment_scripts_only(bimanualrobot_gazebo)
[0.644s] Level 1:colcon.colcon_core.environment:checking '/home/thibaut/Documents/Bimanual_Robot/bimanual_ws/install/bimanualrobot_gazebo' for CMake module files
[0.644s] Level 1:colcon.colcon_core.environment:checking '/home/thibaut/Documents/Bimanual_Robot/bimanual_ws/install/bimanualrobot_gazebo' for CMake config files
[0.644s] Level 1:colcon.colcon_core.shell:create_environment_hook('bimanualrobot_gazebo', 'cmake_prefix_path')
[0.644s] INFO:colcon.colcon_core.shell:Creating environment hook '/home/thibaut/Documents/Bimanual_Robot/bimanual_ws/install/bimanualrobot_gazebo/share/bimanualrobot_gazebo/hook/cmake_prefix_path.ps1'
[0.644s] INFO:colcon.colcon_core.shell:Creating environment descriptor '/home/thibaut/Documents/Bimanual_Robot/bimanual_ws/install/bimanualrobot_gazebo/share/bimanualrobot_gazebo/hook/cmake_prefix_path.dsv'
[0.645s] INFO:colcon.colcon_core.shell:Creating environment hook '/home/thibaut/Documents/Bimanual_Robot/bimanual_ws/install/bimanualrobot_gazebo/share/bimanualrobot_gazebo/hook/cmake_prefix_path.sh'
[0.645s] Level 1:colcon.colcon_core.environment:checking '/home/thibaut/Documents/Bimanual_Robot/bimanual_ws/install/bimanualrobot_gazebo/lib'
[0.645s] Level 1:colcon.colcon_core.environment:checking '/home/thibaut/Documents/Bimanual_Robot/bimanual_ws/install/bimanualrobot_gazebo/bin'
[0.645s] Level 1:colcon.colcon_core.environment:checking '/home/thibaut/Documents/Bimanual_Robot/bimanual_ws/install/bimanualrobot_gazebo/lib/pkgconfig/bimanualrobot_gazebo.pc'
[0.645s] Level 1:colcon.colcon_core.environment:checking '/home/thibaut/Documents/Bimanual_Robot/bimanual_ws/install/bimanualrobot_gazebo/lib/python3.12/site-packages'
[0.645s] Level 1:colcon.colcon_core.environment:checking '/home/thibaut/Documents/Bimanual_Robot/bimanual_ws/install/bimanualrobot_gazebo/bin'
[0.645s] INFO:colcon.colcon_core.shell:Creating package script '/home/thibaut/Documents/Bimanual_Robot/bimanual_ws/install/bimanualrobot_gazebo/share/bimanualrobot_gazebo/package.ps1'
[0.645s] INFO:colcon.colcon_core.shell:Creating package descriptor '/home/thibaut/Documents/Bimanual_Robot/bimanual_ws/install/bimanualrobot_gazebo/share/bimanualrobot_gazebo/package.dsv'
[0.645s] INFO:colcon.colcon_core.shell:Creating package script '/home/thibaut/Documents/Bimanual_Robot/bimanual_ws/install/bimanualrobot_gazebo/share/bimanualrobot_gazebo/package.sh'
[0.646s] INFO:colcon.colcon_core.shell:Creating package script '/home/thibaut/Documents/Bimanual_Robot/bimanual_ws/install/bimanualrobot_gazebo/share/bimanualrobot_gazebo/package.bash'
[0.646s] INFO:colcon.colcon_core.shell:Creating package script '/home/thibaut/Documents/Bimanual_Robot/bimanual_ws/install/bimanualrobot_gazebo/share/bimanualrobot_gazebo/package.zsh'
[0.646s] Level 1:colcon.colcon_core.environment:create_file_with_runtime_dependencies(/home/thibaut/Documents/Bimanual_Robot/bimanual_ws/install/bimanualrobot_gazebo/share/colcon-core/packages/bimanualrobot_gazebo)
[0.646s] Level 1:colcon.colcon_core.environment:create_environment_scripts_only(bimanualrobot_moveit_config)
[0.647s] Level 1:colcon.colcon_core.environment:checking '/home/thibaut/Documents/Bimanual_Robot/bimanual_ws/install/bimanualrobot_moveit_config' for CMake module files
[0.647s] DEBUG:colcon.colcon_core.event_handler.log_command:Invoked command in '/home/thibaut/Documents/Bimanual_Robot/bimanual_ws/build/bimanualrobot_moveit_config' returned '0': CMAKE_PREFIX_PATH=${CMAKE_PREFIX_PATH}:/home/thibaut/Documents/Bimanual_Robot/bimanual_ws/install/bimanualrobot_bringup:/opt/ros/jazzy DEBUGINFOD_URLS=https://debuginfod.ubuntu.com /usr/bin/cmake --install /home/thibaut/Documents/Bimanual_Robot/bimanual_ws/build/bimanualrobot_moveit_config
[0.648s] Level 1:colcon.colcon_core.environment:checking '/home/thibaut/Documents/Bimanual_Robot/bimanual_ws/install/bimanualrobot_moveit_config' for CMake config files
[0.650s] Level 1:colcon.colcon_core.shell:create_environment_hook('bimanualrobot_moveit_config', 'cmake_prefix_path')
[0.650s] INFO:colcon.colcon_core.shell:Creating environment hook '/home/thibaut/Documents/Bimanual_Robot/bimanual_ws/install/bimanualrobot_moveit_config/share/bimanualrobot_moveit_config/hook/cmake_prefix_path.ps1'
[0.650s] INFO:colcon.colcon_core.shell:Creating environment descriptor '/home/thibaut/Documents/Bimanual_Robot/bimanual_ws/install/bimanualrobot_moveit_config/share/bimanualrobot_moveit_config/hook/cmake_prefix_path.dsv'
[0.650s] INFO:colcon.colcon_core.shell:Creating environment hook '/home/thibaut/Documents/Bimanual_Robot/bimanual_ws/install/bimanualrobot_moveit_config/share/bimanualrobot_moveit_config/hook/cmake_prefix_path.sh'
[0.651s] Level 1:colcon.colcon_core.environment:checking '/home/thibaut/Documents/Bimanual_Robot/bimanual_ws/install/bimanualrobot_moveit_config/bin'
[0.651s] Level 1:colcon.colcon_core.environment:checking '/home/thibaut/Documents/Bimanual_Robot/bimanual_ws/install/bimanualrobot_moveit_config/lib/pkgconfig/bimanualrobot_moveit_config.pc'
[0.651s] Level 1:colcon.colcon_core.environment:checking '/home/thibaut/Documents/Bimanual_Robot/bimanual_ws/install/bimanualrobot_moveit_config/lib/python3.12/site-packages'
[0.651s] Level 1:colcon.colcon_core.environment:checking '/home/thibaut/Documents/Bimanual_Robot/bimanual_ws/install/bimanualrobot_moveit_config/bin'
[0.651s] INFO:colcon.colcon_core.shell:Creating package script '/home/thibaut/Documents/Bimanual_Robot/bimanual_ws/install/bimanualrobot_moveit_config/share/bimanualrobot_moveit_config/package.ps1'
[0.651s] INFO:colcon.colcon_core.shell:Creating package descriptor '/home/thibaut/Documents/Bimanual_Robot/bimanual_ws/install/bimanualrobot_moveit_config/share/bimanualrobot_moveit_config/package.dsv'
[0.651s] INFO:colcon.colcon_core.shell:Creating package script '/home/thibaut/Documents/Bimanual_Robot/bimanual_ws/install/bimanualrobot_moveit_config/share/bimanualrobot_moveit_config/package.sh'
[0.651s] INFO:colcon.colcon_core.shell:Creating package script '/home/thibaut/Documents/Bimanual_Robot/bimanual_ws/install/bimanualrobot_moveit_config/share/bimanualrobot_moveit_config/package.bash'
[0.652s] INFO:colcon.colcon_core.shell:Creating package script '/home/thibaut/Documents/Bimanual_Robot/bimanual_ws/install/bimanualrobot_moveit_config/share/bimanualrobot_moveit_config/package.zsh'
[0.652s] Level 1:colcon.colcon_core.environment:create_file_with_runtime_dependencies(/home/thibaut/Documents/Bimanual_Robot/bimanual_ws/install/bimanualrobot_moveit_config/share/colcon-core/packages/bimanualrobot_moveit_config)
[0.652s] Level 1:colcon.colcon_core.environment:create_environment_scripts_only(bimanualrobot_moveit_config)
[0.652s] Level 1:colcon.colcon_core.environment:checking '/home/thibaut/Documents/Bimanual_Robot/bimanual_ws/install/bimanualrobot_moveit_config' for CMake module files
[0.652s] Level 1:colcon.colcon_core.environment:checking '/home/thibaut/Documents/Bimanual_Robot/bimanual_ws/install/bimanualrobot_moveit_config' for CMake config files
[0.652s] Level 1:colcon.colcon_core.shell:create_environment_hook('bimanualrobot_moveit_config', 'cmake_prefix_path')
[0.653s] INFO:colcon.colcon_core.shell:Creating environment hook '/home/thibaut/Documents/Bimanual_Robot/bimanual_ws/install/bimanualrobot_moveit_config/share/bimanualrobot_moveit_config/hook/cmake_prefix_path.ps1'
[0.653s] INFO:colcon.colcon_core.shell:Creating environment descriptor '/home/thibaut/Documents/Bimanual_Robot/bimanual_ws/install/bimanualrobot_moveit_config/share/bimanualrobot_moveit_config/hook/cmake_prefix_path.dsv'
[0.653s] INFO:colcon.colcon_core.shell:Creating environment hook '/home/thibaut/Documents/Bimanual_Robot/bimanual_ws/install/bimanualrobot_moveit_config/share/bimanualrobot_moveit_config/hook/cmake_prefix_path.sh'
[0.653s] Level 1:colcon.colcon_core.environment:checking '/home/thibaut/Documents/Bimanual_Robot/bimanual_ws/install/bimanualrobot_moveit_config/bin'
[0.653s] Level 1:colcon.colcon_core.environment:checking '/home/thibaut/Documents/Bimanual_Robot/bimanual_ws/install/bimanualrobot_moveit_config/lib/pkgconfig/bimanualrobot_moveit_config.pc'
[0.653s] Level 1:colcon.colcon_core.environment:checking '/home/thibaut/Documents/Bimanual_Robot/bimanual_ws/install/bimanualrobot_moveit_config/lib/python3.12/site-packages'
[0.653s] Level 1:colcon.colcon_core.environment:checking '/home/thibaut/Documents/Bimanual_Robot/bimanual_ws/install/bimanualrobot_moveit_config/bin'
[0.653s] INFO:colcon.colcon_core.shell:Creating package script '/home/thibaut/Documents/Bimanual_Robot/bimanual_ws/install/bimanualrobot_moveit_config/share/bimanualrobot_moveit_config/package.ps1'
[0.654s] INFO:colcon.colcon_core.shell:Creating package descriptor '/home/thibaut/Documents/Bimanual_Robot/bimanual_ws/install/bimanualrobot_moveit_config/share/bimanualrobot_moveit_config/package.dsv'
[0.654s] INFO:colcon.colcon_core.shell:Creating package script '/home/thibaut/Documents/Bimanual_Robot/bimanual_ws/install/bimanualrobot_moveit_config/share/bimanualrobot_moveit_config/package.sh'
[0.654s] INFO:colcon.colcon_core.shell:Creating package script '/home/thibaut/Documents/Bimanual_Robot/bimanual_ws/install/bimanualrobot_moveit_config/share/bimanualrobot_moveit_config/package.bash'
[0.654s] INFO:colcon.colcon_core.shell:Creating package script '/home/thibaut/Documents/Bimanual_Robot/bimanual_ws/install/bimanualrobot_moveit_config/share/bimanualrobot_moveit_config/package.zsh'
[0.654s] Level 1:colcon.colcon_core.environment:create_file_with_runtime_dependencies(/home/thibaut/Documents/Bimanual_Robot/bimanual_ws/install/bimanualrobot_moveit_config/share/colcon-core/packages/bimanualrobot_moveit_config)
[0.812s] INFO:colcon.colcon_core.task.python.build:Building Python package in '/home/thibaut/Documents/Bimanual_Robot/bimanual_ws/src/bimanualrobot_ros2/bimanualrobot_bringup'
[0.812s] INFO:colcon.colcon_core.shell:Skip shell extension 'powershell' for command environment: Not usable outside of PowerShell
[0.813s] DEBUG:colcon.colcon_core.shell:Skip shell extension 'dsv' for command environment
[0.818s] DEBUG:colcon.colcon_core.event_handler.log_command:Invoking command in '/home/thibaut/Documents/Bimanual_Robot/bimanual_ws/build/bimanualrobot_drumstick_moveit_config': CMAKE_PREFIX_PATH=/home/thibaut/Documents/Bimanual_Robot/bimanual_ws/install/bimanualrobot_description:/home/thibaut/Documents/Bimanual_Robot/bimanual_ws/install/bimanualrobot_ros2:/home/thibaut/Documents/Bimanual_Robot/bimanual_ws/install/bimanualrobot_system_tests:/home/thibaut/Documents/Bimanual_Robot/bimanual_ws/install/bimanualrobot_moveit_config:/home/thibaut/Documents/Bimanual_Robot/bimanual_ws/install/bimanualrobot_gazebo:/home/thibaut/Documents/Bimanual_Robot/bimanual_ws/install/bimanualrobot_drumstick_moveit_config:/opt/ros/jazzy/opt/gz_sim_vendor:/opt/ros/jazzy/opt/gz_sensors_vendor:/opt/ros/jazzy/opt/gz_physics_vendor:/opt/ros/jazzy/opt/sdformat_vendor:/opt/ros/jazzy/opt/gz_gui_vendor:/opt/ros/jazzy/opt/gz_transport_vendor:/opt/ros/jazzy/opt/gz_rendering_vendor:/opt/ros/jazzy/opt/gz_plugin_vendor:/opt/ros/jazzy/opt/gz_fuel_tools_vendor:/opt/ros/jazzy/opt/gz_msgs_vendor:/opt/ros/jazzy/opt/gz_common_vendor:/opt/ros/jazzy/opt/gz_math_vendor:/opt/ros/jazzy/opt/gz_utils_vendor:/opt/ros/jazzy/opt/gz_tools_vendor:/opt/ros/jazzy/opt/gz_ogre_next_vendor:/opt/ros/jazzy/opt/gz_dartsim_vendor:/opt/ros/jazzy/opt/gz_cmake_vendor:/home/thibaut/Documents/Bimanual_Robot/bimanual_ws/install/bimanualrobot_bringup:/opt/ros/jazzy DEBUGINFOD_URLS=https://debuginfod.ubuntu.com /usr/bin/cmake --build /home/thibaut/Documents/Bimanual_Robot/bimanual_ws/build/bimanualrobot_drumstick_moveit_config -- -j6 -l6
[0.847s] DEBUG:colcon.colcon_core.event_handler.log_command:Invoked command in '/home/thibaut/Documents/Bimanual_Robot/bimanual_ws/build/bimanualrobot_drumstick_moveit_config' returned '0': CMAKE_PREFIX_PATH=/home/thibaut/Documents/Bimanual_Robot/bimanual_ws/install/bimanualrobot_description:/home/thibaut/Documents/Bimanual_Robot/bimanual_ws/install/bimanualrobot_ros2:/home/thibaut/Documents/Bimanual_Robot/bimanual_ws/install/bimanualrobot_system_tests:/home/thibaut/Documents/Bimanual_Robot/bimanual_ws/install/bimanualrobot_moveit_config:/home/thibaut/Documents/Bimanual_Robot/bimanual_ws/install/bimanualrobot_gazebo:/home/thibaut/Documents/Bimanual_Robot/bimanual_ws/install/bimanualrobot_drumstick_moveit_config:/opt/ros/jazzy/opt/gz_sim_vendor:/opt/ros/jazzy/opt/gz_sensors_vendor:/opt/ros/jazzy/opt/gz_physics_vendor:/opt/ros/jazzy/opt/sdformat_vendor:/opt/ros/jazzy/opt/gz_gui_vendor:/opt/ros/jazzy/opt/gz_transport_vendor:/opt/ros/jazzy/opt/gz_rendering_vendor:/opt/ros/jazzy/opt/gz_plugin_vendor:/opt/ros/jazzy/opt/gz_fuel_tools_vendor:/opt/ros/jazzy/opt/gz_msgs_vendor:/opt/ros/jazzy/opt/gz_common_vendor:/opt/ros/jazzy/opt/gz_math_vendor:/opt/ros/jazzy/opt/gz_utils_vendor:/opt/ros/jazzy/opt/gz_tools_vendor:/opt/ros/jazzy/opt/gz_ogre_next_vendor:/opt/ros/jazzy/opt/gz_dartsim_vendor:/opt/ros/jazzy/opt/gz_cmake_vendor:/home/thibaut/Documents/Bimanual_Robot/bimanual_ws/install/bimanualrobot_bringup:/opt/ros/jazzy DEBUGINFOD_URLS=https://debuginfod.ubuntu.com /usr/bin/cmake --build /home/thibaut/Documents/Bimanual_Robot/bimanual_ws/build/bimanualrobot_drumstick_moveit_config -- -j6 -l6
[0.850s] DEBUG:colcon.colcon_core.event_handler.log_command:Invoking command in '/home/thibaut/Documents/Bimanual_Robot/bimanual_ws/build/bimanualrobot_drumstick_moveit_config': CMAKE_PREFIX_PATH=/home/thibaut/Documents/Bimanual_Robot/bimanual_ws/install/bimanualrobot_description:/home/thibaut/Documents/Bimanual_Robot/bimanual_ws/install/bimanualrobot_ros2:/home/thibaut/Documents/Bimanual_Robot/bimanual_ws/install/bimanualrobot_system_tests:/home/thibaut/Documents/Bimanual_Robot/bimanual_ws/install/bimanualrobot_moveit_config:/home/thibaut/Documents/Bimanual_Robot/bimanual_ws/install/bimanualrobot_gazebo:/home/thibaut/Documents/Bimanual_Robot/bimanual_ws/install/bimanualrobot_drumstick_moveit_config:/opt/ros/jazzy/opt/gz_sim_vendor:/opt/ros/jazzy/opt/gz_sensors_vendor:/opt/ros/jazzy/opt/gz_physics_vendor:/opt/ros/jazzy/opt/sdformat_vendor:/opt/ros/jazzy/opt/gz_gui_vendor:/opt/ros/jazzy/opt/gz_transport_vendor:/opt/ros/jazzy/opt/gz_rendering_vendor:/opt/ros/jazzy/opt/gz_plugin_vendor:/opt/ros/jazzy/opt/gz_fuel_tools_vendor:/opt/ros/jazzy/opt/gz_msgs_vendor:/opt/ros/jazzy/opt/gz_common_vendor:/opt/ros/jazzy/opt/gz_math_vendor:/opt/ros/jazzy/opt/gz_utils_vendor:/opt/ros/jazzy/opt/gz_tools_vendor:/opt/ros/jazzy/opt/gz_ogre_next_vendor:/opt/ros/jazzy/opt/gz_dartsim_vendor:/opt/ros/jazzy/opt/gz_cmake_vendor:/home/thibaut/Documents/Bimanual_Robot/bimanual_ws/install/bimanualrobot_bringup:/opt/ros/jazzy DEBUGINFOD_URLS=https://debuginfod.ubuntu.com /usr/bin/cmake --install /home/thibaut/Documents/Bimanual_Robot/bimanual_ws/build/bimanualrobot_drumstick_moveit_config
[0.872s] Level 1:colcon.colcon_core.environment:create_environment_scripts_only(bimanualrobot_drumstick_moveit_config)
[0.873s] Level 1:colcon.colcon_core.environment:checking '/home/thibaut/Documents/Bimanual_Robot/bimanual_ws/install/bimanualrobot_drumstick_moveit_config' for CMake module files
[0.873s] DEBUG:colcon.colcon_core.event_handler.log_command:Invoked command in '/home/thibaut/Documents/Bimanual_Robot/bimanual_ws/build/bimanualrobot_drumstick_moveit_config' returned '0': CMAKE_PREFIX_PATH=/home/thibaut/Documents/Bimanual_Robot/bimanual_ws/install/bimanualrobot_description:/home/thibaut/Documents/Bimanual_Robot/bimanual_ws/install/bimanualrobot_ros2:/home/thibaut/Documents/Bimanual_Robot/bimanual_ws/install/bimanualrobot_system_tests:/home/thibaut/Documents/Bimanual_Robot/bimanual_ws/install/bimanualrobot_moveit_config:/home/thibaut/Documents/Bimanual_Robot/bimanual_ws/install/bimanualrobot_gazebo:/home/thibaut/Documents/Bimanual_Robot/bimanual_ws/install/bimanualrobot_drumstick_moveit_config:/opt/ros/jazzy/opt/gz_sim_vendor:/opt/ros/jazzy/opt/gz_sensors_vendor:/opt/ros/jazzy/opt/gz_physics_vendor:/opt/ros/jazzy/opt/sdformat_vendor:/opt/ros/jazzy/opt/gz_gui_vendor:/opt/ros/jazzy/opt/gz_transport_vendor:/opt/ros/jazzy/opt/gz_rendering_vendor:/opt/ros/jazzy/opt/gz_plugin_vendor:/opt/ros/jazzy/opt/gz_fuel_tools_vendor:/opt/ros/jazzy/opt/gz_msgs_vendor:/opt/ros/jazzy/opt/gz_common_vendor:/opt/ros/jazzy/opt/gz_math_vendor:/opt/ros/jazzy/opt/gz_utils_vendor:/opt/ros/jazzy/opt/gz_tools_vendor:/opt/ros/jazzy/opt/gz_ogre_next_vendor:/opt/ros/jazzy/opt/gz_dartsim_vendor:/opt/ros/jazzy/opt/gz_cmake_vendor:/home/thibaut/Documents/Bimanual_Robot/bimanual_ws/install/bimanualrobot_bringup:/opt/ros/jazzy DEBUGINFOD_URLS=https://debuginfod.ubuntu.com /usr/bin/cmake --install /home/thibaut/Documents/Bimanual_Robot/bimanual_ws/build/bimanualrobot_drumstick_moveit_config
[0.873s] Level 1:colcon.colcon_core.environment:checking '/home/thibaut/Documents/Bimanual_Robot/bimanual_ws/install/bimanualrobot_drumstick_moveit_config' for CMake config files
[0.874s] Level 1:colcon.colcon_core.shell:create_environment_hook('bimanualrobot_drumstick_moveit_config', 'cmake_prefix_path')
[0.874s] INFO:colcon.colcon_core.shell:Creating environment hook '/home/thibaut/Documents/Bimanual_Robot/bimanual_ws/install/bimanualrobot_drumstick_moveit_config/share/bimanualrobot_drumstick_moveit_config/hook/cmake_prefix_path.ps1'
[0.875s] INFO:colcon.colcon_core.shell:Creating environment descriptor '/home/thibaut/Documents/Bimanual_Robot/bimanual_ws/install/bimanualrobot_drumstick_moveit_config/share/bimanualrobot_drumstick_moveit_config/hook/cmake_prefix_path.dsv'
[0.875s] INFO:colcon.colcon_core.shell:Creating environment hook '/home/thibaut/Documents/Bimanual_Robot/bimanual_ws/install/bimanualrobot_drumstick_moveit_config/share/bimanualrobot_drumstick_moveit_config/hook/cmake_prefix_path.sh'
[0.875s] Level 1:colcon.colcon_core.environment:checking '/home/thibaut/Documents/Bimanual_Robot/bimanual_ws/install/bimanualrobot_drumstick_moveit_config/lib'
[0.875s] Level 1:colcon.colcon_core.environment:checking '/home/thibaut/Documents/Bimanual_Robot/bimanual_ws/install/bimanualrobot_drumstick_moveit_config/bin'
[0.875s] Level 1:colcon.colcon_core.environment:checking '/home/thibaut/Documents/Bimanual_Robot/bimanual_ws/install/bimanualrobot_drumstick_moveit_config/lib/pkgconfig/bimanualrobot_drumstick_moveit_config.pc'
[0.875s] Level 1:colcon.colcon_core.environment:checking '/home/thibaut/Documents/Bimanual_Robot/bimanual_ws/install/bimanualrobot_drumstick_moveit_config/lib/python3.12/site-packages'
[0.876s] Level 1:colcon.colcon_core.environment:checking '/home/thibaut/Documents/Bimanual_Robot/bimanual_ws/install/bimanualrobot_drumstick_moveit_config/bin'
[0.876s] INFO:colcon.colcon_core.shell:Creating package script '/home/thibaut/Documents/Bimanual_Robot/bimanual_ws/install/bimanualrobot_drumstick_moveit_config/share/bimanualrobot_drumstick_moveit_config/package.ps1'
[0.876s] INFO:colcon.colcon_core.shell:Creating package descriptor '/home/thibaut/Documents/Bimanual_Robot/bimanual_ws/install/bimanualrobot_drumstick_moveit_config/share/bimanualrobot_drumstick_moveit_config/package.dsv'
[0.876s] INFO:colcon.colcon_core.shell:Creating package script '/home/thibaut/Documents/Bimanual_Robot/bimanual_ws/install/bimanualrobot_drumstick_moveit_config/share/bimanualrobot_drumstick_moveit_config/package.sh'
[0.876s] INFO:colcon.colcon_core.shell:Creating package script '/home/thibaut/Documents/Bimanual_Robot/bimanual_ws/install/bimanualrobot_drumstick_moveit_config/share/bimanualrobot_drumstick_moveit_config/package.bash'
[0.876s] INFO:colcon.colcon_core.shell:Creating package script '/home/thibaut/Documents/Bimanual_Robot/bimanual_ws/install/bimanualrobot_drumstick_moveit_config/share/bimanualrobot_drumstick_moveit_config/package.zsh'
[0.876s] Level 1:colcon.colcon_core.environment:create_file_with_runtime_dependencies(/home/thibaut/Documents/Bimanual_Robot/bimanual_ws/install/bimanualrobot_drumstick_moveit_config/share/colcon-core/packages/bimanualrobot_drumstick_moveit_config)
[0.877s] Level 1:colcon.colcon_core.environment:create_environment_scripts_only(bimanualrobot_drumstick_moveit_config)
[0.877s] Level 1:colcon.colcon_core.environment:checking '/home/thibaut/Documents/Bimanual_Robot/bimanual_ws/install/bimanualrobot_drumstick_moveit_config' for CMake module files
[0.877s] Level 1:colcon.colcon_core.environment:checking '/home/thibaut/Documents/Bimanual_Robot/bimanual_ws/install/bimanualrobot_drumstick_moveit_config' for CMake config files
[0.877s] Level 1:colcon.colcon_core.shell:create_environment_hook('bimanualrobot_drumstick_moveit_config', 'cmake_prefix_path')
[0.877s] INFO:colcon.colcon_core.shell:Creating environment hook '/home/thibaut/Documents/Bimanual_Robot/bimanual_ws/install/bimanualrobot_drumstick_moveit_config/share/bimanualrobot_drumstick_moveit_config/hook/cmake_prefix_path.ps1'
[0.877s] INFO:colcon.colcon_core.shell:Creating environment descriptor '/home/thibaut/Documents/Bimanual_Robot/bimanual_ws/install/bimanualrobot_drumstick_moveit_config/share/bimanualrobot_drumstick_moveit_config/hook/cmake_prefix_path.dsv'
[0.878s] INFO:colcon.colcon_core.shell:Creating environment hook '/home/thibaut/Documents/Bimanual_Robot/bimanual_ws/install/bimanualrobot_drumstick_moveit_config/share/bimanualrobot_drumstick_moveit_config/hook/cmake_prefix_path.sh'
[0.878s] Level 1:colcon.colcon_core.environment:checking '/home/thibaut/Documents/Bimanual_Robot/bimanual_ws/install/bimanualrobot_drumstick_moveit_config/lib'
[0.878s] Level 1:colcon.colcon_core.environment:checking '/home/thibaut/Documents/Bimanual_Robot/bimanual_ws/install/bimanualrobot_drumstick_moveit_config/bin'
[0.878s] Level 1:colcon.colcon_core.environment:checking '/home/thibaut/Documents/Bimanual_Robot/bimanual_ws/install/bimanualrobot_drumstick_moveit_config/lib/pkgconfig/bimanualrobot_drumstick_moveit_config.pc'
[0.878s] Level 1:colcon.colcon_core.environment:checking '/home/thibaut/Documents/Bimanual_Robot/bimanual_ws/install/bimanualrobot_drumstick_moveit_config/lib/python3.12/site-packages'
[0.878s] Level 1:colcon.colcon_core.environment:checking '/home/thibaut/Documents/Bimanual_Robot/bimanual_ws/install/bimanualrobot_drumstick_moveit_config/bin'
[0.878s] INFO:colcon.colcon_core.shell:Creating package script '/home/thibaut/Documents/Bimanual_Robot/bimanual_ws/install/bimanualrobot_drumstick_moveit_config/share/bimanualrobot_drumstick_moveit_config/package.ps1'
[0.878s] INFO:colcon.colcon_core.shell:Creating package descriptor '/home/thibaut/Documents/Bimanual_Robot/bimanual_ws/install/bimanualrobot_drumstick_moveit_config/share/bimanualrobot_drumstick_moveit_config/package.dsv'
[0.879s] INFO:colcon.colcon_core.shell:Creating package script '/home/thibaut/Documents/Bimanual_Robot/bimanual_ws/install/bimanualrobot_drumstick_moveit_config/share/bimanualrobot_drumstick_moveit_config/package.sh'
[0.879s] INFO:colcon.colcon_core.shell:Creating package script '/home/thibaut/Documents/Bimanual_Robot/bimanual_ws/install/bimanualrobot_drumstick_moveit_config/share/bimanualrobot_drumstick_moveit_config/package.bash'
[0.879s] INFO:colcon.colcon_core.shell:Creating package script '/home/thibaut/Documents/Bimanual_Robot/bimanual_ws/install/bimanualrobot_drumstick_moveit_config/share/bimanualrobot_drumstick_moveit_config/package.zsh'
[0.879s] Level 1:colcon.colcon_core.environment:create_file_with_runtime_dependencies(/home/thibaut/Documents/Bimanual_Robot/bimanual_ws/install/bimanualrobot_drumstick_moveit_config/share/colcon-core/packages/bimanualrobot_drumstick_moveit_config)
[1.211s] DEBUG:colcon.colcon_core.event_handler.log_command:Invoking command in '/home/thibaut/Documents/Bimanual_Robot/bimanual_ws/build/bimanualrobot_bringup': CMAKE_PREFIX_PATH=/home/thibaut/Documents/Bimanual_Robot/bimanual_ws/install/bimanualrobot_description:/home/thibaut/Documents/Bimanual_Robot/bimanual_ws/install/bimanualrobot_ros2:/home/thibaut/Documents/Bimanual_Robot/bimanual_ws/install/bimanualrobot_system_tests:/home/thibaut/Documents/Bimanual_Robot/bimanual_ws/install/bimanualrobot_moveit_config:/home/thibaut/Documents/Bimanual_Robot/bimanual_ws/install/bimanualrobot_gazebo:/home/thibaut/Documents/Bimanual_Robot/bimanual_ws/install/bimanualrobot_drumstick_moveit_config:/opt/ros/jazzy/opt/gz_sim_vendor:/opt/ros/jazzy/opt/gz_sensors_vendor:/opt/ros/jazzy/opt/gz_physics_vendor:/opt/ros/jazzy/opt/sdformat_vendor:/opt/ros/jazzy/opt/gz_gui_vendor:/opt/ros/jazzy/opt/gz_transport_vendor:/opt/ros/jazzy/opt/gz_rendering_vendor:/opt/ros/jazzy/opt/gz_plugin_vendor:/opt/ros/jazzy/opt/gz_fuel_tools_vendor:/opt/ros/jazzy/opt/gz_msgs_vendor:/opt/ros/jazzy/opt/gz_common_vendor:/opt/ros/jazzy/opt/gz_math_vendor:/opt/ros/jazzy/opt/gz_utils_vendor:/opt/ros/jazzy/opt/gz_tools_vendor:/opt/ros/jazzy/opt/gz_ogre_next_vendor:/opt/ros/jazzy/opt/gz_dartsim_vendor:/opt/ros/jazzy/opt/gz_cmake_vendor DEBUGINFOD_URLS=https://debuginfod.ubuntu.com PYTHONPATH=/home/thibaut/Documents/Bimanual_Robot/bimanual_ws/build/bimanualrobot_bringup/prefix_override:/usr/lib/python3/dist-packages/colcon_core/task/python/colcon_distutils_commands:/home/thibaut/Documents/Bimanual_Robot/bimanual_ws/install/bimanualrobot_bringup/lib/python3.12/site-packages:${PYTHONPATH} /usr/bin/python3 -W ignore:setup.py install is deprecated -W ignore:easy_install command is deprecated setup.py develop --editable --build-directory /home/thibaut/Documents/Bimanual_Robot/bimanual_ws/build/bimanualrobot_bringup/build --no-deps symlink_data
[1.300s] DEBUG:colcon.colcon_core.event_handler.log_command:Invoked command in '/home/thibaut/Documents/Bimanual_Robot/bimanual_ws/build/bimanualrobot_system_tests' returned '0': CMAKE_PREFIX_PATH=${CMAKE_PREFIX_PATH}:/home/thibaut/Documents/Bimanual_Robot/bimanual_ws/install/bimanualrobot_bringup:/opt/ros/jazzy DEBUGINFOD_URLS=https://debuginfod.ubuntu.com /usr/bin/cmake --build /home/thibaut/Documents/Bimanual_Robot/bimanual_ws/build/bimanualrobot_system_tests -- -j6 -l6
[1.301s] DEBUG:colcon.colcon_core.event_handler.log_command:Invoking command in '/home/thibaut/Documents/Bimanual_Robot/bimanual_ws/build/bimanualrobot_system_tests': CMAKE_PREFIX_PATH=${CMAKE_PREFIX_PATH}:/home/thibaut/Documents/Bimanual_Robot/bimanual_ws/install/bimanualrobot_bringup:/opt/ros/jazzy DEBUGINFOD_URLS=https://debuginfod.ubuntu.com /usr/bin/cmake --install /home/thibaut/Documents/Bimanual_Robot/bimanual_ws/build/bimanualrobot_system_tests
[1.326s] Level 1:colcon.colcon_core.environment:create_environment_scripts_only(bimanualrobot_system_tests)
[1.326s] Level 1:colcon.colcon_core.environment:checking '/home/thibaut/Documents/Bimanual_Robot/bimanual_ws/install/bimanualrobot_system_tests' for CMake module files
[1.327s] DEBUG:colcon.colcon_core.event_handler.log_command:Invoked command in '/home/thibaut/Documents/Bimanual_Robot/bimanual_ws/build/bimanualrobot_system_tests' returned '0': CMAKE_PREFIX_PATH=${CMAKE_PREFIX_PATH}:/home/thibaut/Documents/Bimanual_Robot/bimanual_ws/install/bimanualrobot_bringup:/opt/ros/jazzy DEBUGINFOD_URLS=https://debuginfod.ubuntu.com /usr/bin/cmake --install /home/thibaut/Documents/Bimanual_Robot/bimanual_ws/build/bimanualrobot_system_tests
[1.327s] Level 1:colcon.colcon_core.environment:checking '/home/thibaut/Documents/Bimanual_Robot/bimanual_ws/install/bimanualrobot_system_tests' for CMake config files
[1.328s] Level 1:colcon.colcon_core.shell:create_environment_hook('bimanualrobot_system_tests', 'cmake_prefix_path')
[1.328s] INFO:colcon.colcon_core.shell:Creating environment hook '/home/thibaut/Documents/Bimanual_Robot/bimanual_ws/install/bimanualrobot_system_tests/share/bimanualrobot_system_tests/hook/cmake_prefix_path.ps1'
[1.328s] INFO:colcon.colcon_core.shell:Creating environment descriptor '/home/thibaut/Documents/Bimanual_Robot/bimanual_ws/install/bimanualrobot_system_tests/share/bimanualrobot_system_tests/hook/cmake_prefix_path.dsv'
[1.328s] INFO:colcon.colcon_core.shell:Creating environment hook '/home/thibaut/Documents/Bimanual_Robot/bimanual_ws/install/bimanualrobot_system_tests/share/bimanualrobot_system_tests/hook/cmake_prefix_path.sh'
[1.328s] Level 1:colcon.colcon_core.environment:checking '/home/thibaut/Documents/Bimanual_Robot/bimanual_ws/install/bimanualrobot_system_tests/lib'
[1.329s] Level 1:colcon.colcon_core.environment:checking '/home/thibaut/Documents/Bimanual_Robot/bimanual_ws/install/bimanualrobot_system_tests/bin'
[1.329s] Level 1:colcon.colcon_core.environment:checking '/home/thibaut/Documents/Bimanual_Robot/bimanual_ws/install/bimanualrobot_system_tests/lib/pkgconfig/bimanualrobot_system_tests.pc'
[1.329s] Level 1:colcon.colcon_core.environment:checking '/home/thibaut/Documents/Bimanual_Robot/bimanual_ws/install/bimanualrobot_system_tests/lib/python3.12/site-packages'
[1.329s] Level 1:colcon.colcon_core.environment:checking '/home/thibaut/Documents/Bimanual_Robot/bimanual_ws/install/bimanualrobot_system_tests/bin'
[1.329s] INFO:colcon.colcon_core.shell:Creating package script '/home/thibaut/Documents/Bimanual_Robot/bimanual_ws/install/bimanualrobot_system_tests/share/bimanualrobot_system_tests/package.ps1'
[1.329s] INFO:colcon.colcon_core.shell:Creating package descriptor '/home/thibaut/Documents/Bimanual_Robot/bimanual_ws/install/bimanualrobot_system_tests/share/bimanualrobot_system_tests/package.dsv'
[1.330s] INFO:colcon.colcon_core.shell:Creating package script '/home/thibaut/Documents/Bimanual_Robot/bimanual_ws/install/bimanualrobot_system_tests/share/bimanualrobot_system_tests/package.sh'
[1.330s] INFO:colcon.colcon_core.shell:Creating package script '/home/thibaut/Documents/Bimanual_Robot/bimanual_ws/install/bimanualrobot_system_tests/share/bimanualrobot_system_tests/package.bash'
[1.330s] INFO:colcon.colcon_core.shell:Creating package script '/home/thibaut/Documents/Bimanual_Robot/bimanual_ws/install/bimanualrobot_system_tests/share/bimanualrobot_system_tests/package.zsh'
[1.330s] Level 1:colcon.colcon_core.environment:create_file_with_runtime_dependencies(/home/thibaut/Documents/Bimanual_Robot/bimanual_ws/install/bimanualrobot_system_tests/share/colcon-core/packages/bimanualrobot_system_tests)
[1.331s] Level 1:colcon.colcon_core.environment:create_environment_scripts_only(bimanualrobot_system_tests)
[1.331s] Level 1:colcon.colcon_core.environment:checking '/home/thibaut/Documents/Bimanual_Robot/bimanual_ws/install/bimanualrobot_system_tests' for CMake module files
[1.331s] Level 1:colcon.colcon_core.environment:checking '/home/thibaut/Documents/Bimanual_Robot/bimanual_ws/install/bimanualrobot_system_tests' for CMake config files
[1.331s] Level 1:colcon.colcon_core.shell:create_environment_hook('bimanualrobot_system_tests', 'cmake_prefix_path')
[1.331s] INFO:colcon.colcon_core.shell:Creating environment hook '/home/thibaut/Documents/Bimanual_Robot/bimanual_ws/install/bimanualrobot_system_tests/share/bimanualrobot_system_tests/hook/cmake_prefix_path.ps1'
[1.331s] INFO:colcon.colcon_core.shell:Creating environment descriptor '/home/thibaut/Documents/Bimanual_Robot/bimanual_ws/install/bimanualrobot_system_tests/share/bimanualrobot_system_tests/hook/cmake_prefix_path.dsv'
[1.332s] INFO:colcon.colcon_core.shell:Creating environment hook '/home/thibaut/Documents/Bimanual_Robot/bimanual_ws/install/bimanualrobot_system_tests/share/bimanualrobot_system_tests/hook/cmake_prefix_path.sh'
[1.332s] Level 1:colcon.colcon_core.environment:checking '/home/thibaut/Documents/Bimanual_Robot/bimanual_ws/install/bimanualrobot_system_tests/lib'
[1.332s] Level 1:colcon.colcon_core.environment:checking '/home/thibaut/Documents/Bimanual_Robot/bimanual_ws/install/bimanualrobot_system_tests/bin'
[1.332s] Level 1:colcon.colcon_core.environment:checking '/home/thibaut/Documents/Bimanual_Robot/bimanual_ws/install/bimanualrobot_system_tests/lib/pkgconfig/bimanualrobot_system_tests.pc'
[1.332s] Level 1:colcon.colcon_core.environment:checking '/home/thibaut/Documents/Bimanual_Robot/bimanual_ws/install/bimanualrobot_system_tests/lib/python3.12/site-packages'
[1.332s] Level 1:colcon.colcon_core.environment:checking '/home/thibaut/Documents/Bimanual_Robot/bimanual_ws/install/bimanualrobot_system_tests/bin'
[1.332s] INFO:colcon.colcon_core.shell:Creating package script '/home/thibaut/Documents/Bimanual_Robot/bimanual_ws/install/bimanualrobot_system_tests/share/bimanualrobot_system_tests/package.ps1'
[1.332s] INFO:colcon.colcon_core.shell:Creating package descriptor '/home/thibaut/Documents/Bimanual_Robot/bimanual_ws/install/bimanualrobot_system_tests/share/bimanualrobot_system_tests/package.dsv'
[1.333s] INFO:colcon.colcon_core.shell:Creating package script '/home/thibaut/Documents/Bimanual_Robot/bimanual_ws/install/bimanualrobot_system_tests/share/bimanualrobot_system_tests/package.sh'
[1.333s] INFO:colcon.colcon_core.shell:Creating package script '/home/thibaut/Documents/Bimanual_Robot/bimanual_ws/install/bimanualrobot_system_tests/share/bimanualrobot_system_tests/package.bash'
[1.333s] INFO:colcon.colcon_core.shell:Creating package script '/home/thibaut/Documents/Bimanual_Robot/bimanual_ws/install/bimanualrobot_system_tests/share/bimanualrobot_system_tests/package.zsh'
[1.333s] Level 1:colcon.colcon_core.environment:create_file_with_runtime_dependencies(/home/thibaut/Documents/Bimanual_Robot/bimanual_ws/install/bimanualrobot_system_tests/share/colcon-core/packages/bimanualrobot_system_tests)
[1.334s] DEBUG:colcon.colcon_core.event_handler.log_command:Invoked command in '/home/thibaut/Documents/Bimanual_Robot/bimanual_ws/build/bimanualrobot_bringup' returned '1': CMAKE_PREFIX_PATH=/home/thibaut/Documents/Bimanual_Robot/bimanual_ws/install/bimanualrobot_description:/home/thibaut/Documents/Bimanual_Robot/bimanual_ws/install/bimanualrobot_ros2:/home/thibaut/Documents/Bimanual_Robot/bimanual_ws/install/bimanualrobot_system_tests:/home/thibaut/Documents/Bimanual_Robot/bimanual_ws/install/bimanualrobot_moveit_config:/home/thibaut/Documents/Bimanual_Robot/bimanual_ws/install/bimanualrobot_gazebo:/home/thibaut/Documents/Bimanual_Robot/bimanual_ws/install/bimanualrobot_drumstick_moveit_config:/opt/ros/jazzy/opt/gz_sim_vendor:/opt/ros/jazzy/opt/gz_sensors_vendor:/opt/ros/jazzy/opt/gz_physics_vendor:/opt/ros/jazzy/opt/sdformat_vendor:/opt/ros/jazzy/opt/gz_gui_vendor:/opt/ros/jazzy/opt/gz_transport_vendor:/opt/ros/jazzy/opt/gz_rendering_vendor:/opt/ros/jazzy/opt/gz_plugin_vendor:/opt/ros/jazzy/opt/gz_fuel_tools_vendor:/opt/ros/jazzy/opt/gz_msgs_vendor:/opt/ros/jazzy/opt/gz_common_vendor:/opt/ros/jazzy/opt/gz_math_vendor:/opt/ros/jazzy/opt/gz_utils_vendor:/opt/ros/jazzy/opt/gz_tools_vendor:/opt/ros/jazzy/opt/gz_ogre_next_vendor:/opt/ros/jazzy/opt/gz_dartsim_vendor:/opt/ros/jazzy/opt/gz_cmake_vendor DEBUGINFOD_URLS=https://debuginfod.ubuntu.com PYTHONPATH=/home/thibaut/Documents/Bimanual_Robot/bimanual_ws/build/bimanualrobot_bringup/prefix_override:/usr/lib/python3/dist-packages/colcon_core/task/python/colcon_distutils_commands:/home/thibaut/Documents/Bimanual_Robot/bimanual_ws/install/bimanualrobot_bringup/lib/python3.12/site-packages:${PYTHONPATH} /usr/bin/python3 -W ignore:setup.py install is deprecated -W ignore:easy_install command is deprecated setup.py develop --editable --build-directory /home/thibaut/Documents/Bimanual_Robot/bimanual_ws/build/bimanualrobot_bringup/build --no-deps symlink_data
[1.344s] DEBUG:colcon.colcon_parallel_executor.executor.parallel:closing loop
[1.345s] DEBUG:colcon.colcon_parallel_executor.executor.parallel:loop closed
[1.345s] DEBUG:colcon.colcon_parallel_executor.executor.parallel:run_until_complete finished with '1'
[1.345s] DEBUG:colcon.colcon_core.event_reactor:joining thread
[1.353s] INFO:colcon.colcon_core.plugin_system:Skipping extension 'colcon_notification.desktop_notification.terminal_notifier': Not used on non-Darwin systems
[1.353s] INFO:colcon.colcon_core.plugin_system:Skipping extension 'colcon_notification.desktop_notification.win32': Not used on non-Windows systems
[1.353s] INFO:colcon.colcon_notification.desktop_notification:Sending desktop notification using 'notify2'
[1.428s] DEBUG:colcon.colcon_core.event_reactor:joined thread
[1.429s] INFO:colcon.colcon_core.shell:Creating prefix script '/home/thibaut/Documents/Bimanual_Robot/bimanual_ws/install/local_setup.ps1'
[1.429s] INFO:colcon.colcon_core.shell:Creating prefix util module '/home/thibaut/Documents/Bimanual_Robot/bimanual_ws/install/_local_setup_util_ps1.py'
[1.430s] INFO:colcon.colcon_core.shell:Creating prefix chain script '/home/thibaut/Documents/Bimanual_Robot/bimanual_ws/install/setup.ps1'
[1.431s] INFO:colcon.colcon_core.shell:Creating prefix script '/home/thibaut/Documents/Bimanual_Robot/bimanual_ws/install/local_setup.sh'
[1.432s] INFO:colcon.colcon_core.shell:Creating prefix util module '/home/thibaut/Documents/Bimanual_Robot/bimanual_ws/install/_local_setup_util_sh.py'
[1.432s] INFO:colcon.colcon_core.shell:Creating prefix chain script '/home/thibaut/Documents/Bimanual_Robot/bimanual_ws/install/setup.sh'
[1.433s] INFO:colcon.colcon_core.shell:Creating prefix script '/home/thibaut/Documents/Bimanual_Robot/bimanual_ws/install/local_setup.bash'
[1.433s] INFO:colcon.colcon_core.shell:Creating prefix chain script '/home/thibaut/Documents/Bimanual_Robot/bimanual_ws/install/setup.bash'
[1.434s] INFO:colcon.colcon_core.shell:Creating prefix script '/home/thibaut/Documents/Bimanual_Robot/bimanual_ws/install/local_setup.zsh'
[1.434s] INFO:colcon.colcon_core.shell:Creating prefix chain script '/home/thibaut/Documents/Bimanual_Robot/bimanual_ws/install/setup.zsh'
