[0.008s] Invoking command in '/home/thibaut/Documents/Bimanual_Robot/bimanual_ws/build/bimanualrobot_gazebo': CMAKE_PREFIX_PATH=${CMAKE_PREFIX_PATH}:/opt/ros/jazzy DEBUGINFOD_URLS=https://debuginfod.ubuntu.com /usr/bin/cmake /home/thibaut/Documents/Bimanual_Robot/bimanual_ws/src/bimanualrobot_ros2/bimanualrobot_gazebo -DAMENT_CMAKE_SYMLINK_INSTALL=1 -DCMAKE_INSTALL_PREFIX=/home/thibaut/Documents/Bimanual_Robot/bimanual_ws/install/bimanualrobot_gazebo
[0.045s] -- Found ament_cmake: 2.5.4 (/opt/ros/jazzy/share/ament_cmake/cmake)
[0.200s] -- Override CMake install command with custom implementation using symlinks instead of copying resources
[0.216s] -- Found controller_manager: 4.35.0 (/opt/ros/jazzy/share/controller_manager/cmake)
[0.259s] -- Found rosidl_generator_c: 4.6.6 (/opt/ros/jazzy/share/rosidl_generator_c/cmake)
[0.280s] -- Found rosidl_generator_cpp: 4.6.6 (/opt/ros/jazzy/share/rosidl_generator_cpp/cmake)
[0.292s] -- Using all available rosidl_typesupport_c: rosidl_typesupport_fastrtps_c;rosidl_typesupport_introspection_c
[0.310s] -- Using all available rosidl_typesupport_cpp: rosidl_typesupport_fastrtps_cpp;rosidl_typesupport_introspection_cpp
[0.359s] -- Found rmw_implementation_cmake: 7.3.2 (/opt/ros/jazzy/share/rmw_implementation_cmake/cmake)
[0.359s] -- Found rmw_fastrtps_cpp: 8.4.3 (/opt/ros/jazzy/share/rmw_fastrtps_cpp/cmake)
[0.428s] -- Using RMW implementation 'rmw_fastrtps_cpp' as default
[0.713s] -- Found gripper_controllers: 4.30.1 (/opt/ros/jazzy/share/gripper_controllers/cmake)
[0.745s] -- Found eigen3_cmake_module: 0.3.0 (/opt/ros/jazzy/share/eigen3_cmake_module/cmake)
[0.746s] -- Ensuring Eigen3 include directory is part of orocos-kdl CMake target
[0.854s] -- Configuring incomplete, errors occurred!
[0.855s] [31mCMake Error at CMakeLists.txt:14 (find_package):
[0.855s]   By not providing "Findgz_ros2_control.cmake" in CMAKE_MODULE_PATH this
[0.855s]   project has asked CMake to find a package configuration file provided by
[0.855s]   "gz_ros2_control", but CMake did not find one.
[0.855s] 
[0.855s]   Could not find a package configuration file provided by "gz_ros2_control"
[0.855s]   with any of the following names:
[0.855s] 
[0.855s]     gz_ros2_controlConfig.cmake
[0.855s]     gz_ros2_control-config.cmake
[0.855s] 
[0.855s]   Add the installation prefix of "gz_ros2_control" to CMAKE_PREFIX_PATH or
[0.855s]   set "gz_ros2_control_DIR" to a directory containing one of the above files.
[0.855s]   If "gz_ros2_control" provides a separate development package or SDK, be
[0.855s]   sure it has been installed.
[0.855s] 
[0.855s] [0m
[0.861s] Invoked command in '/home/thibaut/Documents/Bimanual_Robot/bimanual_ws/build/bimanualrobot_gazebo' returned '1': CMAKE_PREFIX_PATH=${CMAKE_PREFIX_PATH}:/opt/ros/jazzy DEBUGINFOD_URLS=https://debuginfod.ubuntu.com /usr/bin/cmake /home/thibaut/Documents/Bimanual_Robot/bimanual_ws/src/bimanualrobot_ros2/bimanualrobot_gazebo -DAMENT_CMAKE_SYMLINK_INSTALL=1 -DCMAKE_INSTALL_PREFIX=/home/thibaut/Documents/Bimanual_Robot/bimanual_ws/install/bimanualrobot_gazebo
