[0.158s] Invoking command in '/home/thibaut/Documents/Bimanual_Robot/bimanual_ws/build/bio_ik': DEBUGINFOD_URLS=https://debuginfod.ubuntu.com /usr/bin/cmake /home/thibaut/Documents/Bimanual_Robot/bimanual_ws/src/bio_ik -DCATKIN_INSTALL_INTO_PREFIX_ROOT=0 -DCATKIN_SYMLINK_INSTALL=ON -DCMAKE_INSTALL_PREFIX=/home/thibaut/Documents/Bimanual_Robot/bimanual_ws/install/bio_ik
[0.297s] [0mCMake Deprecation Warning at CMakeLists.txt:1 (cmake_minimum_required):
[0.297s]   Compatibility with CMake < 3.5 will be removed from a future version of
[0.297s]   CMake.
[0.297s] 
[0.297s]   Update the VERSION argument <min> value or use a ...<max> suffix to tell
[0.297s]   CMake that the project does not need compatibility with older versions.
[0.297s] 
[0.297s] [0m
[0.373s] [0mbio_ik: You did not request a specific build type: Choosing 'Release' for maximum performance[0m
[0.507s] [31mCMake Error at CMakeLists.txt:9 (find_package):
[0.507s]   By not providing "Findcatkin.cmake" in CMAKE_MODULE_PATH this project has
[0.507s]   asked CMake to find a package configuration file provided by "catkin", but
[0.507s]   CMake did not find one.
[0.507s] 
[0.507s]   Could not find a package configuration file provided by "catkin" with any
[0.507s]   of the following names:
[0.507s] 
[0.507s]     catkinConfig.cmake
[0.507s]     catkin-config.cmake
[0.507s] 
[0.507s]   Add the installation prefix of "catkin" to CMAKE_PREFIX_PATH or set
[0.507s]   "catkin_DIR" to a directory containing one of the above files.  If "catkin"
[0.507s]   provides a separate development package or SDK, be sure it has been
[0.507s]   installed.
[0.507s] 
[0.507s] [0m
[0.508s] -- Configuring incomplete, errors occurred!
[0.518s] Invoked command in '/home/thibaut/Documents/Bimanual_Robot/bimanual_ws/build/bio_ik' returned '1': DEBUGINFOD_URLS=https://debuginfod.ubuntu.com /usr/bin/cmake /home/thibaut/Documents/Bimanual_Robot/bimanual_ws/src/bio_ik -DCATKIN_INSTALL_INTO_PREFIX_ROOT=0 -DCATKIN_SYMLINK_INSTALL=ON -DCMAKE_INSTALL_PREFIX=/home/thibaut/Documents/Bimanual_Robot/bimanual_ws/install/bio_ik
