[0.039s] Invoking command in '/home/thibaut/Documents/Bimanual_Robot/bimanual_ws/build/bimanualrobot_gazebo': CMAKE_PREFIX_PATH=${CMAKE_PREFIX_PATH}:/home/thibaut/Documents/Bimanual_Robot/bimanual_ws/install/bimanualrobot_bringup:/opt/ros/jazzy DEBUGINFOD_URLS=https://debuginfod.ubuntu.com /usr/bin/cmake --build /home/thibaut/Documents/Bimanual_Robot/bimanual_ws/build/bimanualrobot_gazebo -- -j6 -l6
[0.292s] Invoked command in '/home/thibaut/Documents/Bimanual_Robot/bimanual_ws/build/bimanualrobot_gazebo' returned '0': CMAKE_PREFIX_PATH=${CMAKE_PREFIX_PATH}:/home/thibaut/Documents/Bimanual_Robot/bimanual_ws/install/bimanualrobot_bringup:/opt/ros/jazzy DEBUGINFOD_URLS=https://debuginfod.ubuntu.com /usr/bin/cmake --build /home/thibaut/Documents/Bimanual_Robot/bimanual_ws/build/bimanualrobot_gazebo -- -j6 -l6
[0.295s] Invoking command in '/home/thibaut/Documents/Bimanual_Robot/bimanual_ws/build/bimanualrobot_gazebo': CMAKE_PREFIX_PATH=${CMAKE_PREFIX_PATH}:/home/thibaut/Documents/Bimanual_Robot/bimanual_ws/install/bimanualrobot_bringup:/opt/ros/jazzy DEBUGINFOD_URLS=https://debuginfod.ubuntu.com /usr/bin/cmake --install /home/thibaut/Documents/Bimanual_Robot/bimanual_ws/build/bimanualrobot_gazebo
[0.323s] -- Install configuration: ""
[0.323s] -- Execute custom install script
[0.323s] -- Up-to-date symlink: /home/thibaut/Documents/Bimanual_Robot/bimanual_ws/install/bimanualrobot_gazebo/share/bimanualrobot_gazebo//config/ros_gz_bridge.yaml
[0.323s] -- Up-to-date symlink: /home/thibaut/Documents/Bimanual_Robot/bimanual_ws/install/bimanualrobot_gazebo/share/bimanualrobot_gazebo//launch/bimanualrobot.gazebo.launch.py
[0.323s] -- Up-to-date symlink: /home/thibaut/Documents/Bimanual_Robot/bimanual_ws/install/bimanualrobot_gazebo/share/bimanualrobot_gazebo//models/drum_cylinder/model.config
[0.324s] -- Up-to-date symlink: /home/thibaut/Documents/Bimanual_Robot/bimanual_ws/install/bimanualrobot_gazebo/share/bimanualrobot_gazebo//models/drum_cylinder/model.sdf
[0.324s] -- Up-to-date symlink: /home/thibaut/Documents/Bimanual_Robot/bimanual_ws/install/bimanualrobot_gazebo/share/bimanualrobot_gazebo//worlds/empty.world
[0.327s] -- Up-to-date symlink: /home/thibaut/Documents/Bimanual_Robot/bimanual_ws/install/bimanualrobot_gazebo/share/bimanualrobot_gazebo//scripts/spawn_drum.py
[0.328s] -- Up-to-date symlink: /home/thibaut/Documents/Bimanual_Robot/bimanual_ws/install/bimanualrobot_gazebo/lib/bimanualrobot_gazebo//spawn_drum.py
[0.331s] -- Up-to-date symlink: /home/thibaut/Documents/Bimanual_Robot/bimanual_ws/install/bimanualrobot_gazebo/share/ament_index/resource_index/package_run_dependencies/bimanualrobot_gazebo
[0.332s] -- Up-to-date symlink: /home/thibaut/Documents/Bimanual_Robot/bimanual_ws/install/bimanualrobot_gazebo/share/ament_index/resource_index/parent_prefix_path/bimanualrobot_gazebo
[0.333s] -- Up-to-date symlink: /home/thibaut/Documents/Bimanual_Robot/bimanual_ws/install/bimanualrobot_gazebo/share/bimanualrobot_gazebo/environment/ament_prefix_path.sh
[0.333s] -- Up-to-date symlink: /home/thibaut/Documents/Bimanual_Robot/bimanual_ws/install/bimanualrobot_gazebo/share/bimanualrobot_gazebo/environment/ament_prefix_path.dsv
[0.333s] -- Up-to-date symlink: /home/thibaut/Documents/Bimanual_Robot/bimanual_ws/install/bimanualrobot_gazebo/share/bimanualrobot_gazebo/environment/path.sh
[0.338s] -- Up-to-date symlink: /home/thibaut/Documents/Bimanual_Robot/bimanual_ws/install/bimanualrobot_gazebo/share/bimanualrobot_gazebo/environment/path.dsv
[0.339s] -- Up-to-date symlink: /home/thibaut/Documents/Bimanual_Robot/bimanual_ws/install/bimanualrobot_gazebo/share/bimanualrobot_gazebo/local_setup.bash
[0.339s] -- Up-to-date symlink: /home/thibaut/Documents/Bimanual_Robot/bimanual_ws/install/bimanualrobot_gazebo/share/bimanualrobot_gazebo/local_setup.sh
[0.342s] -- Up-to-date symlink: /home/thibaut/Documents/Bimanual_Robot/bimanual_ws/install/bimanualrobot_gazebo/share/bimanualrobot_gazebo/local_setup.zsh
[0.343s] -- Up-to-date symlink: /home/thibaut/Documents/Bimanual_Robot/bimanual_ws/install/bimanualrobot_gazebo/share/bimanualrobot_gazebo/local_setup.dsv
[0.343s] -- Symlinking: /home/thibaut/Documents/Bimanual_Robot/bimanual_ws/install/bimanualrobot_gazebo/share/bimanualrobot_gazebo/package.dsv
[0.383s] -- Up-to-date symlink: /home/thibaut/Documents/Bimanual_Robot/bimanual_ws/install/bimanualrobot_gazebo/share/ament_index/resource_index/packages/bimanualrobot_gazebo
[0.383s] -- Up-to-date symlink: /home/thibaut/Documents/Bimanual_Robot/bimanual_ws/install/bimanualrobot_gazebo/share/bimanualrobot_gazebo/cmake/bimanualrobot_gazeboConfig.cmake
[0.383s] -- Up-to-date symlink: /home/thibaut/Documents/Bimanual_Robot/bimanual_ws/install/bimanualrobot_gazebo/share/bimanualrobot_gazebo/cmake/bimanualrobot_gazeboConfig-version.cmake
[0.383s] -- Up-to-date symlink: /home/thibaut/Documents/Bimanual_Robot/bimanual_ws/install/bimanualrobot_gazebo/share/bimanualrobot_gazebo/package.xml
[0.459s] Invoked command in '/home/thibaut/Documents/Bimanual_Robot/bimanual_ws/build/bimanualrobot_gazebo' returned '0': CMAKE_PREFIX_PATH=${CMAKE_PREFIX_PATH}:/home/thibaut/Documents/Bimanual_Robot/bimanual_ws/install/bimanualrobot_bringup:/opt/ros/jazzy DEBUGINFOD_URLS=https://debuginfod.ubuntu.com /usr/bin/cmake --install /home/thibaut/Documents/Bimanual_Robot/bimanual_ws/build/bimanualrobot_gazebo
