[0.168s] Invoking command in '/home/thibaut/Documents/Bimanual_Robot/bimanual_ws/build/bimanualrobot_description': CMAKE_PREFIX_PATH=${CMAKE_PREFIX_PATH}:/opt/ros/jazzy DEBUGINFOD_URLS=https://debuginfod.ubuntu.com /usr/bin/cmake --build /home/thibaut/Documents/Bimanual_Robot/bimanual_ws/build/bimanualrobot_description -- -j6 -l6
[0.699s] Invoked command in '/home/thibaut/Documents/Bimanual_Robot/bimanual_ws/build/bimanualrobot_description' returned '0': CMAKE_PREFIX_PATH=${CMAKE_PREFIX_PATH}:/opt/ros/jazzy DEBUGINFOD_URLS=https://debuginfod.ubuntu.com /usr/bin/cmake --build /home/thibaut/Documents/Bimanual_Robot/bimanual_ws/build/bimanualrobot_description -- -j6 -l6
[0.745s] Invoking command in '/home/thibaut/Documents/Bimanual_Robot/bimanual_ws/build/bimanualrobot_description': CMAKE_PREFIX_PATH=${CMAKE_PREFIX_PATH}:/opt/ros/jazzy DEBUGINFOD_URLS=https://debuginfod.ubuntu.com /usr/bin/cmake --install /home/thibaut/Documents/Bimanual_Robot/bimanual_ws/build/bimanualrobot_description
[0.877s] -- Install configuration: ""
[0.877s] -- Execute custom install script
[0.877s] -- Up-to-date symlink: /home/thibaut/Documents/Bimanual_Robot/bimanual_ws/install/bimanualrobot_description/share/bimanualrobot_description/launch/robot_state_publisher.launch.py
[0.877s] -- Up-to-date symlink: /home/thibaut/Documents/Bimanual_Robot/bimanual_ws/install/bimanualrobot_description/share/bimanualrobot_description/meshes/collision/drumstick.stl
[0.877s] -- Up-to-date symlink: /home/thibaut/Documents/Bimanual_Robot/bimanual_ws/install/bimanualrobot_description/share/bimanualrobot_description/meshes/collision/drumstick_tip.stl
[0.877s] -- Up-to-date symlink: /home/thibaut/Documents/Bimanual_Robot/bimanual_ws/install/bimanualrobot_description/share/bimanualrobot_description/meshes/collision/ee_link.stl
[0.877s] -- Up-to-date symlink: /home/thibaut/Documents/Bimanual_Robot/bimanual_ws/install/bimanualrobot_description/share/bimanualrobot_description/meshes/collision/finger.dae
[0.878s] -- Up-to-date symlink: /home/thibaut/Documents/Bimanual_Robot/bimanual_ws/install/bimanualrobot_description/share/bimanualrobot_description/meshes/collision/finger.stl
[0.878s] -- Up-to-date symlink: /home/thibaut/Documents/Bimanual_Robot/bimanual_ws/install/bimanualrobot_description/share/bimanualrobot_description/meshes/collision/link3.dae
[0.878s] -- Up-to-date symlink: /home/thibaut/Documents/Bimanual_Robot/bimanual_ws/install/bimanualrobot_description/share/bimanualrobot_description/meshes/collision/link3.stl
[0.878s] -- Up-to-date symlink: /home/thibaut/Documents/Bimanual_Robot/bimanual_ws/install/bimanualrobot_description/share/bimanualrobot_description/meshes/collision/link4.dae
[0.878s] -- Up-to-date symlink: /home/thibaut/Documents/Bimanual_Robot/bimanual_ws/install/bimanualrobot_description/share/bimanualrobot_description/meshes/collision/link4.stl
[0.878s] -- Up-to-date symlink: /home/thibaut/Documents/Bimanual_Robot/bimanual_ws/install/bimanualrobot_description/share/bimanualrobot_description/meshes/collision/link6.dae
[0.882s] -- Up-to-date symlink: /home/thibaut/Documents/Bimanual_Robot/bimanual_ws/install/bimanualrobot_description/share/bimanualrobot_description/meshes/collision/link6.stl
[0.885s] -- Up-to-date symlink: /home/thibaut/Documents/Bimanual_Robot/bimanual_ws/install/bimanualrobot_description/share/bimanualrobot_description/meshes/collision/stand.dae
[0.885s] -- Up-to-date symlink: /home/thibaut/Documents/Bimanual_Robot/bimanual_ws/install/bimanualrobot_description/share/bimanualrobot_description/meshes/collision/stand.stl
[0.885s] -- Up-to-date symlink: /home/thibaut/Documents/Bimanual_Robot/bimanual_ws/install/bimanualrobot_description/share/bimanualrobot_description/meshes/visual/drumstick.stl
[0.886s] -- Up-to-date symlink: /home/thibaut/Documents/Bimanual_Robot/bimanual_ws/install/bimanualrobot_description/share/bimanualrobot_description/meshes/visual/drumstick_tip.stl
[0.886s] -- Up-to-date symlink: /home/thibaut/Documents/Bimanual_Robot/bimanual_ws/install/bimanualrobot_description/share/bimanualrobot_description/meshes/visual/ee_link.stl
[0.886s] -- Up-to-date symlink: /home/thibaut/Documents/Bimanual_Robot/bimanual_ws/install/bimanualrobot_description/share/bimanualrobot_description/meshes/visual/finger.dae
[0.890s] -- Up-to-date symlink: /home/thibaut/Documents/Bimanual_Robot/bimanual_ws/install/bimanualrobot_description/share/bimanualrobot_description/meshes/visual/finger.stl
[0.890s] -- Up-to-date symlink: /home/thibaut/Documents/Bimanual_Robot/bimanual_ws/install/bimanualrobot_description/share/bimanualrobot_description/meshes/visual/link_1.dae
[0.890s] -- Up-to-date symlink: /home/thibaut/Documents/Bimanual_Robot/bimanual_ws/install/bimanualrobot_description/share/bimanualrobot_description/meshes/visual/link_1.stl
[0.891s] -- Up-to-date symlink: /home/thibaut/Documents/Bimanual_Robot/bimanual_ws/install/bimanualrobot_description/share/bimanualrobot_description/meshes/visual/link_2.dae
[0.891s] -- Up-to-date symlink: /home/thibaut/Documents/Bimanual_Robot/bimanual_ws/install/bimanualrobot_description/share/bimanualrobot_description/meshes/visual/link_2.stl
[0.891s] -- Up-to-date symlink: /home/thibaut/Documents/Bimanual_Robot/bimanual_ws/install/bimanualrobot_description/share/bimanualrobot_description/meshes/visual/link_3.dae
[0.891s] -- Up-to-date symlink: /home/thibaut/Documents/Bimanual_Robot/bimanual_ws/install/bimanualrobot_description/share/bimanualrobot_description/meshes/visual/link_3.stl
[0.891s] -- Up-to-date symlink: /home/thibaut/Documents/Bimanual_Robot/bimanual_ws/install/bimanualrobot_description/share/bimanualrobot_description/meshes/visual/link_4.dae
[0.891s] -- Up-to-date symlink: /home/thibaut/Documents/Bimanual_Robot/bimanual_ws/install/bimanualrobot_description/share/bimanualrobot_description/meshes/visual/link_4.stl
[0.891s] -- Up-to-date symlink: /home/thibaut/Documents/Bimanual_Robot/bimanual_ws/install/bimanualrobot_description/share/bimanualrobot_description/meshes/visual/link_5.dae
[0.891s] -- Up-to-date symlink: /home/thibaut/Documents/Bimanual_Robot/bimanual_ws/install/bimanualrobot_description/share/bimanualrobot_description/meshes/visual/link_5.stl
[0.892s] -- Up-to-date symlink: /home/thibaut/Documents/Bimanual_Robot/bimanual_ws/install/bimanualrobot_description/share/bimanualrobot_description/meshes/visual/link_6.dae
[0.892s] -- Up-to-date symlink: /home/thibaut/Documents/Bimanual_Robot/bimanual_ws/install/bimanualrobot_description/share/bimanualrobot_description/meshes/visual/link_6.stl
[0.892s] -- Up-to-date symlink: /home/thibaut/Documents/Bimanual_Robot/bimanual_ws/install/bimanualrobot_description/share/bimanualrobot_description/meshes/visual/stand.dae
[0.892s] -- Up-to-date symlink: /home/thibaut/Documents/Bimanual_Robot/bimanual_ws/install/bimanualrobot_description/share/bimanualrobot_description/meshes/visual/stand.stl
[0.892s] -- Up-to-date symlink: /home/thibaut/Documents/Bimanual_Robot/bimanual_ws/install/bimanualrobot_description/share/bimanualrobot_description/meshes/visual/stand_low.dae
[0.892s] -- Up-to-date symlink: /home/thibaut/Documents/Bimanual_Robot/bimanual_ws/install/bimanualrobot_description/share/bimanualrobot_description/meshes/visual/stand_low.stl
[0.892s] -- Up-to-date symlink: /home/thibaut/Documents/Bimanual_Robot/bimanual_ws/install/bimanualrobot_description/share/bimanualrobot_description/urdf/control/arm_ros2_controller.urdf.xacro
[0.892s] -- Up-to-date symlink: /home/thibaut/Documents/Bimanual_Robot/bimanual_ws/install/bimanualrobot_description/share/bimanualrobot_description/urdf/control/bimanualrobot_ros2_controller.urdf.xacro
[0.897s] -- Up-to-date symlink: /home/thibaut/Documents/Bimanual_Robot/bimanual_ws/install/bimanualrobot_description/share/bimanualrobot_description/urdf/control/common.xacro
[0.897s] -- Up-to-date symlink: /home/thibaut/Documents/Bimanual_Robot/bimanual_ws/install/bimanualrobot_description/share/bimanualrobot_description/urdf/control/gazebo_sim_ros2_control.urdf.xacro
[0.898s] -- Up-to-date symlink: /home/thibaut/Documents/Bimanual_Robot/bimanual_ws/install/bimanualrobot_description/share/bimanualrobot_description/urdf/control/transmission.xacro
[0.898s] -- Up-to-date symlink: /home/thibaut/Documents/Bimanual_Robot/bimanual_ws/install/bimanualrobot_description/share/bimanualrobot_description/urdf/mech/drum.xacro
[0.898s] -- Up-to-date symlink: /home/thibaut/Documents/Bimanual_Robot/bimanual_ws/install/bimanualrobot_description/share/bimanualrobot_description/urdf/mech/drumstick.xacro
[0.898s] -- Up-to-date symlink: /home/thibaut/Documents/Bimanual_Robot/bimanual_ws/install/bimanualrobot_description/share/bimanualrobot_description/urdf/mech/fingers.xacro
[0.898s] -- Up-to-date symlink: /home/thibaut/Documents/Bimanual_Robot/bimanual_ws/install/bimanualrobot_description/share/bimanualrobot_description/urdf/mech/manipulator_h.xacro
[0.898s] -- Up-to-date symlink: /home/thibaut/Documents/Bimanual_Robot/bimanual_ws/install/bimanualrobot_description/share/bimanualrobot_description/urdf/mech/manipulator_h_arm.xacro
[0.898s] -- Up-to-date symlink: /home/thibaut/Documents/Bimanual_Robot/bimanual_ws/install/bimanualrobot_description/share/bimanualrobot_description/urdf/mech/materials.xacro
[0.898s] -- Up-to-date symlink: /home/thibaut/Documents/Bimanual_Robot/bimanual_ws/install/bimanualrobot_description/share/bimanualrobot_description/urdf/mech/stand.xacro
[0.898s] -- Up-to-date symlink: /home/thibaut/Documents/Bimanual_Robot/bimanual_ws/install/bimanualrobot_description/share/bimanualrobot_description/urdf/robots/bimanual_robot_gazebo.xacro
[0.899s] -- Up-to-date symlink: /home/thibaut/Documents/Bimanual_Robot/bimanual_ws/install/bimanualrobot_description/share/bimanualrobot_description/urdf/robots/bimanualrobot.urdf
[0.899s] -- Up-to-date symlink: /home/thibaut/Documents/Bimanual_Robot/bimanual_ws/install/bimanualrobot_description/share/bimanualrobot_description/urdf/robots/bimanualrobot.urdf.xacro
[0.899s] -- Up-to-date symlink: /home/thibaut/Documents/Bimanual_Robot/bimanual_ws/install/bimanualrobot_description/share/bimanualrobot_description/rviz/bimanualrobot_description.rviz
[0.900s] -- Up-to-date symlink: /home/thibaut/Documents/Bimanual_Robot/bimanual_ws/install/bimanualrobot_description/share/ament_index/resource_index/package_run_dependencies/bimanualrobot_description
[0.900s] -- Up-to-date symlink: /home/thibaut/Documents/Bimanual_Robot/bimanual_ws/install/bimanualrobot_description/share/ament_index/resource_index/parent_prefix_path/bimanualrobot_description
[0.901s] -- Up-to-date symlink: /home/thibaut/Documents/Bimanual_Robot/bimanual_ws/install/bimanualrobot_description/share/bimanualrobot_description/environment/ament_prefix_path.sh
[0.901s] -- Up-to-date symlink: /home/thibaut/Documents/Bimanual_Robot/bimanual_ws/install/bimanualrobot_description/share/bimanualrobot_description/environment/ament_prefix_path.dsv
[0.901s] -- Up-to-date symlink: /home/thibaut/Documents/Bimanual_Robot/bimanual_ws/install/bimanualrobot_description/share/bimanualrobot_description/environment/path.sh
[0.901s] -- Up-to-date symlink: /home/thibaut/Documents/Bimanual_Robot/bimanual_ws/install/bimanualrobot_description/share/bimanualrobot_description/environment/path.dsv
[0.902s] -- Up-to-date symlink: /home/thibaut/Documents/Bimanual_Robot/bimanual_ws/install/bimanualrobot_description/share/bimanualrobot_description/local_setup.bash
[0.909s] -- Up-to-date symlink: /home/thibaut/Documents/Bimanual_Robot/bimanual_ws/install/bimanualrobot_description/share/bimanualrobot_description/local_setup.sh
[0.911s] -- Up-to-date symlink: /home/thibaut/Documents/Bimanual_Robot/bimanual_ws/install/bimanualrobot_description/share/bimanualrobot_description/local_setup.zsh
[0.912s] -- Up-to-date symlink: /home/thibaut/Documents/Bimanual_Robot/bimanual_ws/install/bimanualrobot_description/share/bimanualrobot_description/local_setup.dsv
[0.912s] -- Symlinking: /home/thibaut/Documents/Bimanual_Robot/bimanual_ws/install/bimanualrobot_description/share/bimanualrobot_description/package.dsv
[1.001s] -- Up-to-date symlink: /home/thibaut/Documents/Bimanual_Robot/bimanual_ws/install/bimanualrobot_description/share/ament_index/resource_index/packages/bimanualrobot_description
[1.008s] -- Up-to-date symlink: /home/thibaut/Documents/Bimanual_Robot/bimanual_ws/install/bimanualrobot_description/share/bimanualrobot_description/cmake/bimanualrobot_descriptionConfig.cmake
[1.009s] -- Up-to-date symlink: /home/thibaut/Documents/Bimanual_Robot/bimanual_ws/install/bimanualrobot_description/share/bimanualrobot_description/cmake/bimanualrobot_descriptionConfig-version.cmake
[1.010s] -- Up-to-date symlink: /home/thibaut/Documents/Bimanual_Robot/bimanual_ws/install/bimanualrobot_description/share/bimanualrobot_description/package.xml
[1.018s] Invoked command in '/home/thibaut/Documents/Bimanual_Robot/bimanual_ws/build/bimanualrobot_description' returned '0': CMAKE_PREFIX_PATH=${CMAKE_PREFIX_PATH}:/opt/ros/jazzy DEBUGINFOD_URLS=https://debuginfod.ubuntu.com /usr/bin/cmake --install /home/thibaut/Documents/Bimanual_Robot/bimanual_ws/build/bimanualrobot_description
