[0.261s] DEBUG:colcon:Command line arguments: ['/usr/bin/colcon', 'build', '--symlink-install']
[0.261s] DEBUG:colcon:Parsed command line arguments: Namespace(log_base=None, log_level=None, verb_name='build', build_base='build', install_base='install', merge_install=False, symlink_install=True, test_result_base=None, continue_on_error=False, executor='parallel', parallel_workers=6, event_handlers=None, ignore_user_meta=False, metas=['./colcon.meta'], base_paths=['.'], packages_ignore=None, packages_ignore_regex=None, paths=None, packages_up_to=None, packages_up_to_regex=None, packages_above=None, packages_above_and_dependencies=None, packages_above_depth=None, packages_select_by_dep=None, packages_skip_by_dep=None, packages_skip_up_to=None, packages_select_build_failed=False, packages_skip_build_finished=False, packages_select_test_failures=False, packages_skip_test_passed=False, packages_select=None, packages_skip=None, packages_select_regex=None, packages_skip_regex=None, packages_start=None, packages_end=None, allow_overriding=[], cmake_args=None, cmake_target=None, cmake_target_skip_unavailable=False, cmake_clean_cache=False, cmake_clean_first=False, cmake_force_configure=False, ament_cmake_args=None, catkin_cmake_args=None, catkin_skip_building_tests=False, mixin_files=None, mixin=None, verb_parser=<colcon_mixin.mixin.mixin_argument.MixinArgumentDecorator object at 0xf960ad837050>, verb_extension=<colcon_core.verb.build.BuildVerb object at 0xf960ad836c60>, main=<bound method BuildVerb.main of <colcon_core.verb.build.BuildVerb object at 0xf960ad836c60>>, mixin_verb=('build',))
[0.427s] Level 1:colcon.colcon_core.package_discovery:discover_packages(colcon_meta) check parameters
[0.427s] Level 1:colcon.colcon_core.package_discovery:discover_packages(recursive) check parameters
[0.427s] Level 1:colcon.colcon_core.package_discovery:discover_packages(ignore) check parameters
[0.427s] Level 1:colcon.colcon_core.package_discovery:discover_packages(path) check parameters
[0.427s] Level 1:colcon.colcon_core.package_discovery:discover_packages(colcon_meta) discover
[0.427s] Level 1:colcon.colcon_core.package_discovery:discover_packages(recursive) discover
[0.427s] INFO:colcon.colcon_core.package_discovery:Crawling recursively for packages in '/home/thibaut/Documents/Bimanual_Robot/bimanual_ws'
[0.427s] Level 1:colcon.colcon_core.package_identification:_identify(.) by extensions ['ignore', 'ignore_ament_install']
[0.427s] Level 1:colcon.colcon_core.package_identification:_identify(.) by extension 'ignore'
[0.427s] Level 1:colcon.colcon_core.package_identification:_identify(.) by extension 'ignore_ament_install'
[0.427s] Level 1:colcon.colcon_core.package_identification:_identify(.) by extensions ['colcon_pkg']
[0.427s] Level 1:colcon.colcon_core.package_identification:_identify(.) by extension 'colcon_pkg'
[0.427s] Level 1:colcon.colcon_core.package_identification:_identify(.) by extensions ['colcon_meta']
[0.427s] Level 1:colcon.colcon_core.package_identification:_identify(.) by extension 'colcon_meta'
[0.427s] Level 1:colcon.colcon_core.package_identification:_identify(.) by extensions ['ros']
[0.427s] Level 1:colcon.colcon_core.package_identification:_identify(.) by extension 'ros'
[0.502s] Level 1:colcon.colcon_core.package_identification:_identify(.) by extensions ['cmake', 'python']
[0.502s] Level 1:colcon.colcon_core.package_identification:_identify(.) by extension 'cmake'
[0.502s] Level 1:colcon.colcon_core.package_identification:_identify(.) by extension 'python'
[0.502s] Level 1:colcon.colcon_core.package_identification:_identify(.) by extensions ['python_setup_py']
[0.502s] Level 1:colcon.colcon_core.package_identification:_identify(.) by extension 'python_setup_py'
[0.503s] Level 1:colcon.colcon_core.package_identification:_identify(build) by extensions ['ignore', 'ignore_ament_install']
[0.503s] Level 1:colcon.colcon_core.package_identification:_identify(build) by extension 'ignore'
[0.503s] Level 1:colcon.colcon_core.package_identification:_identify(build) ignored
[0.503s] Level 1:colcon.colcon_core.package_identification:_identify(install) by extensions ['ignore', 'ignore_ament_install']
[0.503s] Level 1:colcon.colcon_core.package_identification:_identify(install) by extension 'ignore'
[0.503s] Level 1:colcon.colcon_core.package_identification:_identify(install) ignored
[0.503s] Level 1:colcon.colcon_core.package_identification:_identify(log) by extensions ['ignore', 'ignore_ament_install']
[0.503s] Level 1:colcon.colcon_core.package_identification:_identify(log) by extension 'ignore'
[0.503s] Level 1:colcon.colcon_core.package_identification:_identify(log) ignored
[0.503s] Level 1:colcon.colcon_core.package_identification:_identify(src) by extensions ['ignore', 'ignore_ament_install']
[0.503s] Level 1:colcon.colcon_core.package_identification:_identify(src) by extension 'ignore'
[0.503s] Level 1:colcon.colcon_core.package_identification:_identify(src) by extension 'ignore_ament_install'
[0.503s] Level 1:colcon.colcon_core.package_identification:_identify(src) by extensions ['colcon_pkg']
[0.503s] Level 1:colcon.colcon_core.package_identification:_identify(src) by extension 'colcon_pkg'
[0.503s] Level 1:colcon.colcon_core.package_identification:_identify(src) by extensions ['colcon_meta']
[0.503s] Level 1:colcon.colcon_core.package_identification:_identify(src) by extension 'colcon_meta'
[0.503s] Level 1:colcon.colcon_core.package_identification:_identify(src) by extensions ['ros']
[0.503s] Level 1:colcon.colcon_core.package_identification:_identify(src) by extension 'ros'
[0.504s] Level 1:colcon.colcon_core.package_identification:_identify(src) by extensions ['cmake', 'python']
[0.504s] Level 1:colcon.colcon_core.package_identification:_identify(src) by extension 'cmake'
[0.504s] Level 1:colcon.colcon_core.package_identification:_identify(src) by extension 'python'
[0.504s] Level 1:colcon.colcon_core.package_identification:_identify(src) by extensions ['python_setup_py']
[0.504s] Level 1:colcon.colcon_core.package_identification:_identify(src) by extension 'python_setup_py'
[0.506s] Level 1:colcon.colcon_core.package_identification:_identify(src/DynamixelSDK) by extensions ['ignore', 'ignore_ament_install']
[0.507s] Level 1:colcon.colcon_core.package_identification:_identify(src/DynamixelSDK) by extension 'ignore'
[0.507s] Level 1:colcon.colcon_core.package_identification:_identify(src/DynamixelSDK) by extension 'ignore_ament_install'
[0.507s] Level 1:colcon.colcon_core.package_identification:_identify(src/DynamixelSDK) by extensions ['colcon_pkg']
[0.507s] Level 1:colcon.colcon_core.package_identification:_identify(src/DynamixelSDK) by extension 'colcon_pkg'
[0.507s] Level 1:colcon.colcon_core.package_identification:_identify(src/DynamixelSDK) by extensions ['colcon_meta']
[0.507s] Level 1:colcon.colcon_core.package_identification:_identify(src/DynamixelSDK) by extension 'colcon_meta'
[0.507s] Level 1:colcon.colcon_core.package_identification:_identify(src/DynamixelSDK) by extensions ['ros']
[0.507s] Level 1:colcon.colcon_core.package_identification:_identify(src/DynamixelSDK) by extension 'ros'
[0.507s] Level 1:colcon.colcon_core.package_identification:_identify(src/DynamixelSDK) by extensions ['cmake', 'python']
[0.507s] Level 1:colcon.colcon_core.package_identification:_identify(src/DynamixelSDK) by extension 'cmake'
[0.507s] Level 1:colcon.colcon_core.package_identification:_identify(src/DynamixelSDK) by extension 'python'
[0.507s] Level 1:colcon.colcon_core.package_identification:_identify(src/DynamixelSDK) by extensions ['python_setup_py']
[0.507s] Level 1:colcon.colcon_core.package_identification:_identify(src/DynamixelSDK) by extension 'python_setup_py'
[0.507s] Level 1:colcon.colcon_core.package_identification:_identify(src/bimanualrobot_ros2) by extensions ['ignore', 'ignore_ament_install']
[0.507s] Level 1:colcon.colcon_core.package_identification:_identify(src/bimanualrobot_ros2) by extension 'ignore'
[0.507s] Level 1:colcon.colcon_core.package_identification:_identify(src/bimanualrobot_ros2) by extension 'ignore_ament_install'
[0.507s] Level 1:colcon.colcon_core.package_identification:_identify(src/bimanualrobot_ros2) by extensions ['colcon_pkg']
[0.507s] Level 1:colcon.colcon_core.package_identification:_identify(src/bimanualrobot_ros2) by extension 'colcon_pkg'
[0.507s] Level 1:colcon.colcon_core.package_identification:_identify(src/bimanualrobot_ros2) by extensions ['colcon_meta']
[0.507s] Level 1:colcon.colcon_core.package_identification:_identify(src/bimanualrobot_ros2) by extension 'colcon_meta'
[0.507s] Level 1:colcon.colcon_core.package_identification:_identify(src/bimanualrobot_ros2) by extensions ['ros']
[0.507s] Level 1:colcon.colcon_core.package_identification:_identify(src/bimanualrobot_ros2) by extension 'ros'
[0.507s] Level 1:colcon.colcon_core.package_identification:_identify(src/bimanualrobot_ros2) by extensions ['cmake', 'python']
[0.507s] Level 1:colcon.colcon_core.package_identification:_identify(src/bimanualrobot_ros2) by extension 'cmake'
[0.507s] Level 1:colcon.colcon_core.package_identification:_identify(src/bimanualrobot_ros2) by extension 'python'
[0.507s] Level 1:colcon.colcon_core.package_identification:_identify(src/bimanualrobot_ros2) by extensions ['python_setup_py']
[0.507s] Level 1:colcon.colcon_core.package_identification:_identify(src/bimanualrobot_ros2) by extension 'python_setup_py'
[0.508s] Level 1:colcon.colcon_core.package_identification:_identify(src/bimanualrobot_ros2/bimanualrobot_bringup) by extensions ['ignore', 'ignore_ament_install']
[0.508s] Level 1:colcon.colcon_core.package_identification:_identify(src/bimanualrobot_ros2/bimanualrobot_bringup) by extension 'ignore'
[0.508s] Level 1:colcon.colcon_core.package_identification:_identify(src/bimanualrobot_ros2/bimanualrobot_bringup) by extension 'ignore_ament_install'
[0.508s] Level 1:colcon.colcon_core.package_identification:_identify(src/bimanualrobot_ros2/bimanualrobot_bringup) by extensions ['colcon_pkg']
[0.508s] Level 1:colcon.colcon_core.package_identification:_identify(src/bimanualrobot_ros2/bimanualrobot_bringup) by extension 'colcon_pkg'
[0.508s] Level 1:colcon.colcon_core.package_identification:_identify(src/bimanualrobot_ros2/bimanualrobot_bringup) by extensions ['colcon_meta']
[0.508s] Level 1:colcon.colcon_core.package_identification:_identify(src/bimanualrobot_ros2/bimanualrobot_bringup) by extension 'colcon_meta'
[0.508s] Level 1:colcon.colcon_core.package_identification:_identify(src/bimanualrobot_ros2/bimanualrobot_bringup) by extensions ['ros']
[0.508s] Level 1:colcon.colcon_core.package_identification:_identify(src/bimanualrobot_ros2/bimanualrobot_bringup) by extension 'ros'
[0.517s] DEBUG:colcon.colcon_core.package_identification:Package 'src/bimanualrobot_ros2/bimanualrobot_bringup' with type 'ros.ament_python' and name 'bimanualrobot_bringup'
[0.517s] Level 1:colcon.colcon_core.package_identification:_identify(src/bimanualrobot_ros2/bimanualrobot_description) by extensions ['ignore', 'ignore_ament_install']
[0.517s] Level 1:colcon.colcon_core.package_identification:_identify(src/bimanualrobot_ros2/bimanualrobot_description) by extension 'ignore'
[0.517s] Level 1:colcon.colcon_core.package_identification:_identify(src/bimanualrobot_ros2/bimanualrobot_description) by extension 'ignore_ament_install'
[0.517s] Level 1:colcon.colcon_core.package_identification:_identify(src/bimanualrobot_ros2/bimanualrobot_description) by extensions ['colcon_pkg']
[0.517s] Level 1:colcon.colcon_core.package_identification:_identify(src/bimanualrobot_ros2/bimanualrobot_description) by extension 'colcon_pkg'
[0.517s] Level 1:colcon.colcon_core.package_identification:_identify(src/bimanualrobot_ros2/bimanualrobot_description) by extensions ['colcon_meta']
[0.517s] Level 1:colcon.colcon_core.package_identification:_identify(src/bimanualrobot_ros2/bimanualrobot_description) by extension 'colcon_meta'
[0.517s] Level 1:colcon.colcon_core.package_identification:_identify(src/bimanualrobot_ros2/bimanualrobot_description) by extensions ['ros']
[0.517s] Level 1:colcon.colcon_core.package_identification:_identify(src/bimanualrobot_ros2/bimanualrobot_description) by extension 'ros'
[0.518s] DEBUG:colcon.colcon_core.package_identification:Package 'src/bimanualrobot_ros2/bimanualrobot_description' with type 'ros.ament_cmake' and name 'bimanualrobot_description'
[0.519s] Level 1:colcon.colcon_core.package_identification:_identify(src/bimanualrobot_ros2/bimanualrobot_drumstick_moveit_config) by extensions ['ignore', 'ignore_ament_install']
[0.519s] Level 1:colcon.colcon_core.package_identification:_identify(src/bimanualrobot_ros2/bimanualrobot_drumstick_moveit_config) by extension 'ignore'
[0.519s] Level 1:colcon.colcon_core.package_identification:_identify(src/bimanualrobot_ros2/bimanualrobot_drumstick_moveit_config) by extension 'ignore_ament_install'
[0.521s] Level 1:colcon.colcon_core.package_identification:_identify(src/bimanualrobot_ros2/bimanualrobot_drumstick_moveit_config) by extensions ['colcon_pkg']
[0.521s] Level 1:colcon.colcon_core.package_identification:_identify(src/bimanualrobot_ros2/bimanualrobot_drumstick_moveit_config) by extension 'colcon_pkg'
[0.521s] Level 1:colcon.colcon_core.package_identification:_identify(src/bimanualrobot_ros2/bimanualrobot_drumstick_moveit_config) by extensions ['colcon_meta']
[0.521s] Level 1:colcon.colcon_core.package_identification:_identify(src/bimanualrobot_ros2/bimanualrobot_drumstick_moveit_config) by extension 'colcon_meta'
[0.521s] Level 1:colcon.colcon_core.package_identification:_identify(src/bimanualrobot_ros2/bimanualrobot_drumstick_moveit_config) by extensions ['ros']
[0.521s] Level 1:colcon.colcon_core.package_identification:_identify(src/bimanualrobot_ros2/bimanualrobot_drumstick_moveit_config) by extension 'ros'
[0.522s] DEBUG:colcon.colcon_core.package_identification:Package 'src/bimanualrobot_ros2/bimanualrobot_drumstick_moveit_config' with type 'ros.ament_cmake' and name 'bimanualrobot_drumstick_moveit_config'
[0.524s] Level 1:colcon.colcon_core.package_identification:_identify(src/bimanualrobot_ros2/bimanualrobot_gazebo) by extensions ['ignore', 'ignore_ament_install']
[0.524s] Level 1:colcon.colcon_core.package_identification:_identify(src/bimanualrobot_ros2/bimanualrobot_gazebo) by extension 'ignore'
[0.524s] Level 1:colcon.colcon_core.package_identification:_identify(src/bimanualrobot_ros2/bimanualrobot_gazebo) by extension 'ignore_ament_install'
[0.524s] Level 1:colcon.colcon_core.package_identification:_identify(src/bimanualrobot_ros2/bimanualrobot_gazebo) by extensions ['colcon_pkg']
[0.524s] Level 1:colcon.colcon_core.package_identification:_identify(src/bimanualrobot_ros2/bimanualrobot_gazebo) by extension 'colcon_pkg'
[0.524s] Level 1:colcon.colcon_core.package_identification:_identify(src/bimanualrobot_ros2/bimanualrobot_gazebo) by extensions ['colcon_meta']
[0.524s] Level 1:colcon.colcon_core.package_identification:_identify(src/bimanualrobot_ros2/bimanualrobot_gazebo) by extension 'colcon_meta'
[0.524s] Level 1:colcon.colcon_core.package_identification:_identify(src/bimanualrobot_ros2/bimanualrobot_gazebo) by extensions ['ros']
[0.524s] Level 1:colcon.colcon_core.package_identification:_identify(src/bimanualrobot_ros2/bimanualrobot_gazebo) by extension 'ros'
[0.525s] DEBUG:colcon.colcon_core.package_identification:Package 'src/bimanualrobot_ros2/bimanualrobot_gazebo' with type 'ros.ament_cmake' and name 'bimanualrobot_gazebo'
[0.525s] Level 1:colcon.colcon_core.package_identification:_identify(src/bimanualrobot_ros2/bimanualrobot_moveit_config) by extensions ['ignore', 'ignore_ament_install']
[0.525s] Level 1:colcon.colcon_core.package_identification:_identify(src/bimanualrobot_ros2/bimanualrobot_moveit_config) by extension 'ignore'
[0.526s] Level 1:colcon.colcon_core.package_identification:_identify(src/bimanualrobot_ros2/bimanualrobot_moveit_config) by extension 'ignore_ament_install'
[0.526s] Level 1:colcon.colcon_core.package_identification:_identify(src/bimanualrobot_ros2/bimanualrobot_moveit_config) by extensions ['colcon_pkg']
[0.526s] Level 1:colcon.colcon_core.package_identification:_identify(src/bimanualrobot_ros2/bimanualrobot_moveit_config) by extension 'colcon_pkg'
[0.526s] Level 1:colcon.colcon_core.package_identification:_identify(src/bimanualrobot_ros2/bimanualrobot_moveit_config) by extensions ['colcon_meta']
[0.526s] Level 1:colcon.colcon_core.package_identification:_identify(src/bimanualrobot_ros2/bimanualrobot_moveit_config) by extension 'colcon_meta'
[0.526s] Level 1:colcon.colcon_core.package_identification:_identify(src/bimanualrobot_ros2/bimanualrobot_moveit_config) by extensions ['ros']
[0.526s] Level 1:colcon.colcon_core.package_identification:_identify(src/bimanualrobot_ros2/bimanualrobot_moveit_config) by extension 'ros'
[0.527s] DEBUG:colcon.colcon_core.package_identification:Package 'src/bimanualrobot_ros2/bimanualrobot_moveit_config' with type 'ros.ament_cmake' and name 'bimanualrobot_moveit_config'
[0.527s] Level 1:colcon.colcon_core.package_identification:_identify(src/bimanualrobot_ros2/bimanualrobot_ros2) by extensions ['ignore', 'ignore_ament_install']
[0.527s] Level 1:colcon.colcon_core.package_identification:_identify(src/bimanualrobot_ros2/bimanualrobot_ros2) by extension 'ignore'
[0.527s] Level 1:colcon.colcon_core.package_identification:_identify(src/bimanualrobot_ros2/bimanualrobot_ros2) by extension 'ignore_ament_install'
[0.527s] Level 1:colcon.colcon_core.package_identification:_identify(src/bimanualrobot_ros2/bimanualrobot_ros2) by extensions ['colcon_pkg']
[0.527s] Level 1:colcon.colcon_core.package_identification:_identify(src/bimanualrobot_ros2/bimanualrobot_ros2) by extension 'colcon_pkg'
[0.527s] Level 1:colcon.colcon_core.package_identification:_identify(src/bimanualrobot_ros2/bimanualrobot_ros2) by extensions ['colcon_meta']
[0.527s] Level 1:colcon.colcon_core.package_identification:_identify(src/bimanualrobot_ros2/bimanualrobot_ros2) by extension 'colcon_meta'
[0.527s] Level 1:colcon.colcon_core.package_identification:_identify(src/bimanualrobot_ros2/bimanualrobot_ros2) by extensions ['ros']
[0.527s] Level 1:colcon.colcon_core.package_identification:_identify(src/bimanualrobot_ros2/bimanualrobot_ros2) by extension 'ros'
[0.527s] DEBUG:colcon.colcon_core.package_identification:Package 'src/bimanualrobot_ros2/bimanualrobot_ros2' with type 'ros.ament_cmake' and name 'bimanualrobot_ros2'
[0.528s] Level 1:colcon.colcon_core.package_identification:_identify(src/bimanualrobot_ros2/bimanualrobot_system_tests) by extensions ['ignore', 'ignore_ament_install']
[0.528s] Level 1:colcon.colcon_core.package_identification:_identify(src/bimanualrobot_ros2/bimanualrobot_system_tests) by extension 'ignore'
[0.528s] Level 1:colcon.colcon_core.package_identification:_identify(src/bimanualrobot_ros2/bimanualrobot_system_tests) by extension 'ignore_ament_install'
[0.528s] Level 1:colcon.colcon_core.package_identification:_identify(src/bimanualrobot_ros2/bimanualrobot_system_tests) by extensions ['colcon_pkg']
[0.528s] Level 1:colcon.colcon_core.package_identification:_identify(src/bimanualrobot_ros2/bimanualrobot_system_tests) by extension 'colcon_pkg'
[0.528s] Level 1:colcon.colcon_core.package_identification:_identify(src/bimanualrobot_ros2/bimanualrobot_system_tests) by extensions ['colcon_meta']
[0.528s] Level 1:colcon.colcon_core.package_identification:_identify(src/bimanualrobot_ros2/bimanualrobot_system_tests) by extension 'colcon_meta'
[0.528s] Level 1:colcon.colcon_core.package_identification:_identify(src/bimanualrobot_ros2/bimanualrobot_system_tests) by extensions ['ros']
[0.528s] Level 1:colcon.colcon_core.package_identification:_identify(src/bimanualrobot_ros2/bimanualrobot_system_tests) by extension 'ros'
[0.528s] DEBUG:colcon.colcon_core.package_identification:Package 'src/bimanualrobot_ros2/bimanualrobot_system_tests' with type 'ros.ament_cmake' and name 'bimanualrobot_system_tests'
[0.529s] Level 1:colcon.colcon_core.package_identification:_identify(src/dynamixel_hardware_interface) by extensions ['ignore', 'ignore_ament_install']
[0.529s] Level 1:colcon.colcon_core.package_identification:_identify(src/dynamixel_hardware_interface) by extension 'ignore'
[0.529s] Level 1:colcon.colcon_core.package_identification:_identify(src/dynamixel_hardware_interface) by extension 'ignore_ament_install'
[0.529s] Level 1:colcon.colcon_core.package_identification:_identify(src/dynamixel_hardware_interface) by extensions ['colcon_pkg']
[0.529s] Level 1:colcon.colcon_core.package_identification:_identify(src/dynamixel_hardware_interface) by extension 'colcon_pkg'
[0.529s] Level 1:colcon.colcon_core.package_identification:_identify(src/dynamixel_hardware_interface) by extensions ['colcon_meta']
[0.529s] Level 1:colcon.colcon_core.package_identification:_identify(src/dynamixel_hardware_interface) by extension 'colcon_meta'
[0.529s] Level 1:colcon.colcon_core.package_identification:_identify(src/dynamixel_hardware_interface) by extensions ['ros']
[0.529s] Level 1:colcon.colcon_core.package_identification:_identify(src/dynamixel_hardware_interface) by extension 'ros'
[0.529s] Level 1:colcon.colcon_core.package_identification:_identify(src/dynamixel_hardware_interface) by extensions ['cmake', 'python']
[0.529s] Level 1:colcon.colcon_core.package_identification:_identify(src/dynamixel_hardware_interface) by extension 'cmake'
[0.529s] Level 1:colcon.colcon_core.package_identification:_identify(src/dynamixel_hardware_interface) by extension 'python'
[0.529s] Level 1:colcon.colcon_core.package_identification:_identify(src/dynamixel_hardware_interface) by extensions ['python_setup_py']
[0.529s] Level 1:colcon.colcon_core.package_identification:_identify(src/dynamixel_hardware_interface) by extension 'python_setup_py'
[0.529s] Level 1:colcon.colcon_core.package_identification:_identify(src/dynamixel_interfaces) by extensions ['ignore', 'ignore_ament_install']
[0.529s] Level 1:colcon.colcon_core.package_identification:_identify(src/dynamixel_interfaces) by extension 'ignore'
[0.529s] Level 1:colcon.colcon_core.package_identification:_identify(src/dynamixel_interfaces) by extension 'ignore_ament_install'
[0.529s] Level 1:colcon.colcon_core.package_identification:_identify(src/dynamixel_interfaces) by extensions ['colcon_pkg']
[0.529s] Level 1:colcon.colcon_core.package_identification:_identify(src/dynamixel_interfaces) by extension 'colcon_pkg'
[0.529s] Level 1:colcon.colcon_core.package_identification:_identify(src/dynamixel_interfaces) by extensions ['colcon_meta']
[0.529s] Level 1:colcon.colcon_core.package_identification:_identify(src/dynamixel_interfaces) by extension 'colcon_meta'
[0.530s] Level 1:colcon.colcon_core.package_identification:_identify(src/dynamixel_interfaces) by extensions ['ros']
[0.530s] Level 1:colcon.colcon_core.package_identification:_identify(src/dynamixel_interfaces) by extension 'ros'
[0.530s] Level 1:colcon.colcon_core.package_identification:_identify(src/dynamixel_interfaces) by extensions ['cmake', 'python']
[0.530s] Level 1:colcon.colcon_core.package_identification:_identify(src/dynamixel_interfaces) by extension 'cmake'
[0.530s] Level 1:colcon.colcon_core.package_identification:_identify(src/dynamixel_interfaces) by extension 'python'
[0.530s] Level 1:colcon.colcon_core.package_identification:_identify(src/dynamixel_interfaces) by extensions ['python_setup_py']
[0.530s] Level 1:colcon.colcon_core.package_identification:_identify(src/dynamixel_interfaces) by extension 'python_setup_py'
[0.530s] Level 1:colcon.colcon_core.package_discovery:discover_packages(recursive) using defaults
[0.530s] Level 1:colcon.colcon_core.package_discovery:discover_packages(ignore) discover
[0.530s] Level 1:colcon.colcon_core.package_discovery:discover_packages(ignore) using defaults
[0.530s] Level 1:colcon.colcon_core.package_discovery:discover_packages(path) discover
[0.530s] Level 1:colcon.colcon_core.package_discovery:discover_packages(path) using defaults
[0.563s] Level 1:colcon.colcon_core.package_discovery:discover_packages(prefix_path) check parameters
[0.563s] Level 1:colcon.colcon_core.package_discovery:discover_packages(prefix_path) discover
[0.589s] DEBUG:colcon.colcon_installed_package_information.package_discovery:Found 8 installed packages in /home/thibaut/Documents/Bimanual_Robot/bimanual_ws/install
[0.591s] DEBUG:colcon.colcon_installed_package_information.package_discovery:Found 422 installed packages in /opt/ros/jazzy
[0.593s] Level 1:colcon.colcon_core.package_discovery:discover_packages(prefix_path) using defaults
[0.882s] Level 5:colcon.colcon_core.verb:set package 'bimanualrobot_description' build argument 'cmake_args' from command line to 'None'
[0.882s] Level 5:colcon.colcon_core.verb:set package 'bimanualrobot_description' build argument 'cmake_target' from command line to 'None'
[0.882s] Level 5:colcon.colcon_core.verb:set package 'bimanualrobot_description' build argument 'cmake_target_skip_unavailable' from command line to 'False'
[0.882s] Level 5:colcon.colcon_core.verb:set package 'bimanualrobot_description' build argument 'cmake_clean_cache' from command line to 'False'
[0.883s] Level 5:colcon.colcon_core.verb:set package 'bimanualrobot_description' build argument 'cmake_clean_first' from command line to 'False'
[0.883s] Level 5:colcon.colcon_core.verb:set package 'bimanualrobot_description' build argument 'cmake_force_configure' from command line to 'False'
[0.883s] Level 5:colcon.colcon_core.verb:set package 'bimanualrobot_description' build argument 'ament_cmake_args' from command line to 'None'
[0.883s] Level 5:colcon.colcon_core.verb:set package 'bimanualrobot_description' build argument 'catkin_cmake_args' from command line to 'None'
[0.883s] Level 5:colcon.colcon_core.verb:set package 'bimanualrobot_description' build argument 'catkin_skip_building_tests' from command line to 'False'
[0.883s] DEBUG:colcon.colcon_core.verb:Building package 'bimanualrobot_description' with the following arguments: {'ament_cmake_args': None, 'build_base': '/home/thibaut/Documents/Bimanual_Robot/bimanual_ws/build/bimanualrobot_description', 'catkin_cmake_args': None, 'catkin_skip_building_tests': False, 'cmake_args': None, 'cmake_clean_cache': False, 'cmake_clean_first': False, 'cmake_force_configure': False, 'cmake_target': None, 'cmake_target_skip_unavailable': False, 'install_base': '/home/thibaut/Documents/Bimanual_Robot/bimanual_ws/install/bimanualrobot_description', 'merge_install': False, 'path': '/home/thibaut/Documents/Bimanual_Robot/bimanual_ws/src/bimanualrobot_ros2/bimanualrobot_description', 'symlink_install': True, 'test_result_base': None}
[0.883s] Level 5:colcon.colcon_core.verb:set package 'bimanualrobot_gazebo' build argument 'cmake_args' from command line to 'None'
[0.883s] Level 5:colcon.colcon_core.verb:set package 'bimanualrobot_gazebo' build argument 'cmake_target' from command line to 'None'
[0.883s] Level 5:colcon.colcon_core.verb:set package 'bimanualrobot_gazebo' build argument 'cmake_target_skip_unavailable' from command line to 'False'
[0.883s] Level 5:colcon.colcon_core.verb:set package 'bimanualrobot_gazebo' build argument 'cmake_clean_cache' from command line to 'False'
[0.883s] Level 5:colcon.colcon_core.verb:set package 'bimanualrobot_gazebo' build argument 'cmake_clean_first' from command line to 'False'
[0.883s] Level 5:colcon.colcon_core.verb:set package 'bimanualrobot_gazebo' build argument 'cmake_force_configure' from command line to 'False'
[0.883s] Level 5:colcon.colcon_core.verb:set package 'bimanualrobot_gazebo' build argument 'ament_cmake_args' from command line to 'None'
[0.883s] Level 5:colcon.colcon_core.verb:set package 'bimanualrobot_gazebo' build argument 'catkin_cmake_args' from command line to 'None'
[0.883s] Level 5:colcon.colcon_core.verb:set package 'bimanualrobot_gazebo' build argument 'catkin_skip_building_tests' from command line to 'False'
[0.883s] DEBUG:colcon.colcon_core.verb:Building package 'bimanualrobot_gazebo' with the following arguments: {'ament_cmake_args': None, 'build_base': '/home/thibaut/Documents/Bimanual_Robot/bimanual_ws/build/bimanualrobot_gazebo', 'catkin_cmake_args': None, 'catkin_skip_building_tests': False, 'cmake_args': None, 'cmake_clean_cache': False, 'cmake_clean_first': False, 'cmake_force_configure': False, 'cmake_target': None, 'cmake_target_skip_unavailable': False, 'install_base': '/home/thibaut/Documents/Bimanual_Robot/bimanual_ws/install/bimanualrobot_gazebo', 'merge_install': False, 'path': '/home/thibaut/Documents/Bimanual_Robot/bimanual_ws/src/bimanualrobot_ros2/bimanualrobot_gazebo', 'symlink_install': True, 'test_result_base': None}
[0.884s] Level 5:colcon.colcon_core.verb:set package 'bimanualrobot_moveit_config' build argument 'cmake_args' from command line to 'None'
[0.884s] Level 5:colcon.colcon_core.verb:set package 'bimanualrobot_moveit_config' build argument 'cmake_target' from command line to 'None'
[0.884s] Level 5:colcon.colcon_core.verb:set package 'bimanualrobot_moveit_config' build argument 'cmake_target_skip_unavailable' from command line to 'False'
[0.884s] Level 5:colcon.colcon_core.verb:set package 'bimanualrobot_moveit_config' build argument 'cmake_clean_cache' from command line to 'False'
[0.884s] Level 5:colcon.colcon_core.verb:set package 'bimanualrobot_moveit_config' build argument 'cmake_clean_first' from command line to 'False'
[0.884s] Level 5:colcon.colcon_core.verb:set package 'bimanualrobot_moveit_config' build argument 'cmake_force_configure' from command line to 'False'
[0.884s] Level 5:colcon.colcon_core.verb:set package 'bimanualrobot_moveit_config' build argument 'ament_cmake_args' from command line to 'None'
[0.884s] Level 5:colcon.colcon_core.verb:set package 'bimanualrobot_moveit_config' build argument 'catkin_cmake_args' from command line to 'None'
[0.884s] Level 5:colcon.colcon_core.verb:set package 'bimanualrobot_moveit_config' build argument 'catkin_skip_building_tests' from command line to 'False'
[0.884s] DEBUG:colcon.colcon_core.verb:Building package 'bimanualrobot_moveit_config' with the following arguments: {'ament_cmake_args': None, 'build_base': '/home/thibaut/Documents/Bimanual_Robot/bimanual_ws/build/bimanualrobot_moveit_config', 'catkin_cmake_args': None, 'catkin_skip_building_tests': False, 'cmake_args': None, 'cmake_clean_cache': False, 'cmake_clean_first': False, 'cmake_force_configure': False, 'cmake_target': None, 'cmake_target_skip_unavailable': False, 'install_base': '/home/thibaut/Documents/Bimanual_Robot/bimanual_ws/install/bimanualrobot_moveit_config', 'merge_install': False, 'path': '/home/thibaut/Documents/Bimanual_Robot/bimanual_ws/src/bimanualrobot_ros2/bimanualrobot_moveit_config', 'symlink_install': True, 'test_result_base': None}
[0.884s] Level 5:colcon.colcon_core.verb:set package 'bimanualrobot_system_tests' build argument 'cmake_args' from command line to 'None'
[0.884s] Level 5:colcon.colcon_core.verb:set package 'bimanualrobot_system_tests' build argument 'cmake_target' from command line to 'None'
[0.884s] Level 5:colcon.colcon_core.verb:set package 'bimanualrobot_system_tests' build argument 'cmake_target_skip_unavailable' from command line to 'False'
[0.884s] Level 5:colcon.colcon_core.verb:set package 'bimanualrobot_system_tests' build argument 'cmake_clean_cache' from command line to 'False'
[0.885s] Level 5:colcon.colcon_core.verb:set package 'bimanualrobot_system_tests' build argument 'cmake_clean_first' from command line to 'False'
[0.885s] Level 5:colcon.colcon_core.verb:set package 'bimanualrobot_system_tests' build argument 'cmake_force_configure' from command line to 'False'
[0.885s] Level 5:colcon.colcon_core.verb:set package 'bimanualrobot_system_tests' build argument 'ament_cmake_args' from command line to 'None'
[0.885s] Level 5:colcon.colcon_core.verb:set package 'bimanualrobot_system_tests' build argument 'catkin_cmake_args' from command line to 'None'
[0.885s] Level 5:colcon.colcon_core.verb:set package 'bimanualrobot_system_tests' build argument 'catkin_skip_building_tests' from command line to 'False'
[0.885s] DEBUG:colcon.colcon_core.verb:Building package 'bimanualrobot_system_tests' with the following arguments: {'ament_cmake_args': None, 'build_base': '/home/thibaut/Documents/Bimanual_Robot/bimanual_ws/build/bimanualrobot_system_tests', 'catkin_cmake_args': None, 'catkin_skip_building_tests': False, 'cmake_args': None, 'cmake_clean_cache': False, 'cmake_clean_first': False, 'cmake_force_configure': False, 'cmake_target': None, 'cmake_target_skip_unavailable': False, 'install_base': '/home/thibaut/Documents/Bimanual_Robot/bimanual_ws/install/bimanualrobot_system_tests', 'merge_install': False, 'path': '/home/thibaut/Documents/Bimanual_Robot/bimanual_ws/src/bimanualrobot_ros2/bimanualrobot_system_tests', 'symlink_install': True, 'test_result_base': None}
[0.885s] Level 5:colcon.colcon_core.verb:set package 'bimanualrobot_bringup' build argument 'cmake_args' from command line to 'None'
[0.885s] Level 5:colcon.colcon_core.verb:set package 'bimanualrobot_bringup' build argument 'cmake_target' from command line to 'None'
[0.885s] Level 5:colcon.colcon_core.verb:set package 'bimanualrobot_bringup' build argument 'cmake_target_skip_unavailable' from command line to 'False'
[0.885s] Level 5:colcon.colcon_core.verb:set package 'bimanualrobot_bringup' build argument 'cmake_clean_cache' from command line to 'False'
[0.885s] Level 5:colcon.colcon_core.verb:set package 'bimanualrobot_bringup' build argument 'cmake_clean_first' from command line to 'False'
[0.885s] Level 5:colcon.colcon_core.verb:set package 'bimanualrobot_bringup' build argument 'cmake_force_configure' from command line to 'False'
[0.885s] Level 5:colcon.colcon_core.verb:set package 'bimanualrobot_bringup' build argument 'ament_cmake_args' from command line to 'None'
[0.885s] Level 5:colcon.colcon_core.verb:set package 'bimanualrobot_bringup' build argument 'catkin_cmake_args' from command line to 'None'
[0.885s] Level 5:colcon.colcon_core.verb:set package 'bimanualrobot_bringup' build argument 'catkin_skip_building_tests' from command line to 'False'
[0.885s] DEBUG:colcon.colcon_core.verb:Building package 'bimanualrobot_bringup' with the following arguments: {'ament_cmake_args': None, 'build_base': '/home/thibaut/Documents/Bimanual_Robot/bimanual_ws/build/bimanualrobot_bringup', 'catkin_cmake_args': None, 'catkin_skip_building_tests': False, 'cmake_args': None, 'cmake_clean_cache': False, 'cmake_clean_first': False, 'cmake_force_configure': False, 'cmake_target': None, 'cmake_target_skip_unavailable': False, 'install_base': '/home/thibaut/Documents/Bimanual_Robot/bimanual_ws/install/bimanualrobot_bringup', 'merge_install': False, 'path': '/home/thibaut/Documents/Bimanual_Robot/bimanual_ws/src/bimanualrobot_ros2/bimanualrobot_bringup', 'symlink_install': True, 'test_result_base': None}
[0.885s] Level 5:colcon.colcon_core.verb:set package 'bimanualrobot_drumstick_moveit_config' build argument 'cmake_args' from command line to 'None'
[0.885s] Level 5:colcon.colcon_core.verb:set package 'bimanualrobot_drumstick_moveit_config' build argument 'cmake_target' from command line to 'None'
[0.885s] Level 5:colcon.colcon_core.verb:set package 'bimanualrobot_drumstick_moveit_config' build argument 'cmake_target_skip_unavailable' from command line to 'False'
[0.886s] Level 5:colcon.colcon_core.verb:set package 'bimanualrobot_drumstick_moveit_config' build argument 'cmake_clean_cache' from command line to 'False'
[0.886s] Level 5:colcon.colcon_core.verb:set package 'bimanualrobot_drumstick_moveit_config' build argument 'cmake_clean_first' from command line to 'False'
[0.886s] Level 5:colcon.colcon_core.verb:set package 'bimanualrobot_drumstick_moveit_config' build argument 'cmake_force_configure' from command line to 'False'
[0.886s] Level 5:colcon.colcon_core.verb:set package 'bimanualrobot_drumstick_moveit_config' build argument 'ament_cmake_args' from command line to 'None'
[0.886s] Level 5:colcon.colcon_core.verb:set package 'bimanualrobot_drumstick_moveit_config' build argument 'catkin_cmake_args' from command line to 'None'
[0.886s] Level 5:colcon.colcon_core.verb:set package 'bimanualrobot_drumstick_moveit_config' build argument 'catkin_skip_building_tests' from command line to 'False'
[0.886s] DEBUG:colcon.colcon_core.verb:Building package 'bimanualrobot_drumstick_moveit_config' with the following arguments: {'ament_cmake_args': None, 'build_base': '/home/thibaut/Documents/Bimanual_Robot/bimanual_ws/build/bimanualrobot_drumstick_moveit_config', 'catkin_cmake_args': None, 'catkin_skip_building_tests': False, 'cmake_args': None, 'cmake_clean_cache': False, 'cmake_clean_first': False, 'cmake_force_configure': False, 'cmake_target': None, 'cmake_target_skip_unavailable': False, 'install_base': '/home/thibaut/Documents/Bimanual_Robot/bimanual_ws/install/bimanualrobot_drumstick_moveit_config', 'merge_install': False, 'path': '/home/thibaut/Documents/Bimanual_Robot/bimanual_ws/src/bimanualrobot_ros2/bimanualrobot_drumstick_moveit_config', 'symlink_install': True, 'test_result_base': None}
[0.886s] Level 5:colcon.colcon_core.verb:set package 'bimanualrobot_ros2' build argument 'cmake_args' from command line to 'None'
[0.886s] Level 5:colcon.colcon_core.verb:set package 'bimanualrobot_ros2' build argument 'cmake_target' from command line to 'None'
[0.886s] Level 5:colcon.colcon_core.verb:set package 'bimanualrobot_ros2' build argument 'cmake_target_skip_unavailable' from command line to 'False'
[0.886s] Level 5:colcon.colcon_core.verb:set package 'bimanualrobot_ros2' build argument 'cmake_clean_cache' from command line to 'False'
[0.886s] Level 5:colcon.colcon_core.verb:set package 'bimanualrobot_ros2' build argument 'cmake_clean_first' from command line to 'False'
[0.886s] Level 5:colcon.colcon_core.verb:set package 'bimanualrobot_ros2' build argument 'cmake_force_configure' from command line to 'False'
[0.886s] Level 5:colcon.colcon_core.verb:set package 'bimanualrobot_ros2' build argument 'ament_cmake_args' from command line to 'None'
[0.886s] Level 5:colcon.colcon_core.verb:set package 'bimanualrobot_ros2' build argument 'catkin_cmake_args' from command line to 'None'
[0.886s] Level 5:colcon.colcon_core.verb:set package 'bimanualrobot_ros2' build argument 'catkin_skip_building_tests' from command line to 'False'
[0.886s] DEBUG:colcon.colcon_core.verb:Building package 'bimanualrobot_ros2' with the following arguments: {'ament_cmake_args': None, 'build_base': '/home/thibaut/Documents/Bimanual_Robot/bimanual_ws/build/bimanualrobot_ros2', 'catkin_cmake_args': None, 'catkin_skip_building_tests': False, 'cmake_args': None, 'cmake_clean_cache': False, 'cmake_clean_first': False, 'cmake_force_configure': False, 'cmake_target': None, 'cmake_target_skip_unavailable': False, 'install_base': '/home/thibaut/Documents/Bimanual_Robot/bimanual_ws/install/bimanualrobot_ros2', 'merge_install': False, 'path': '/home/thibaut/Documents/Bimanual_Robot/bimanual_ws/src/bimanualrobot_ros2/bimanualrobot_ros2', 'symlink_install': True, 'test_result_base': None}
[0.886s] INFO:colcon.colcon_core.executor:Executing jobs using 'parallel' executor
[0.888s] DEBUG:colcon.colcon_parallel_executor.executor.parallel:run_until_complete
[0.888s] INFO:colcon.colcon_ros.task.ament_cmake.build:Building ROS package in '/home/thibaut/Documents/Bimanual_Robot/bimanual_ws/src/bimanualrobot_ros2/bimanualrobot_description' with build type 'ament_cmake'
[0.888s] INFO:colcon.colcon_cmake.task.cmake.build:Building CMake package in '/home/thibaut/Documents/Bimanual_Robot/bimanual_ws/src/bimanualrobot_ros2/bimanualrobot_description'
[0.901s] INFO:colcon.colcon_core.plugin_system:Skipping extension 'colcon_core.shell.bat': Not used on non-Windows systems
[0.901s] INFO:colcon.colcon_core.shell:Skip shell extension 'powershell' for command environment: Not usable outside of PowerShell
[0.901s] DEBUG:colcon.colcon_core.shell:Skip shell extension 'dsv' for command environment
[0.907s] INFO:colcon.colcon_ros.task.ament_cmake.build:Building ROS package in '/home/thibaut/Documents/Bimanual_Robot/bimanual_ws/src/bimanualrobot_ros2/bimanualrobot_gazebo' with build type 'ament_cmake'
[0.907s] INFO:colcon.colcon_cmake.task.cmake.build:Building CMake package in '/home/thibaut/Documents/Bimanual_Robot/bimanual_ws/src/bimanualrobot_ros2/bimanualrobot_gazebo'
[0.907s] INFO:colcon.colcon_core.shell:Skip shell extension 'powershell' for command environment: Not usable outside of PowerShell
[0.907s] DEBUG:colcon.colcon_core.shell:Skip shell extension 'dsv' for command environment
[0.912s] INFO:colcon.colcon_ros.task.ament_cmake.build:Building ROS package in '/home/thibaut/Documents/Bimanual_Robot/bimanual_ws/src/bimanualrobot_ros2/bimanualrobot_moveit_config' with build type 'ament_cmake'
[0.912s] INFO:colcon.colcon_cmake.task.cmake.build:Building CMake package in '/home/thibaut/Documents/Bimanual_Robot/bimanual_ws/src/bimanualrobot_ros2/bimanualrobot_moveit_config'
[0.912s] INFO:colcon.colcon_core.shell:Skip shell extension 'powershell' for command environment: Not usable outside of PowerShell
[0.912s] DEBUG:colcon.colcon_core.shell:Skip shell extension 'dsv' for command environment
[0.919s] INFO:colcon.colcon_ros.task.ament_cmake.build:Building ROS package in '/home/thibaut/Documents/Bimanual_Robot/bimanual_ws/src/bimanualrobot_ros2/bimanualrobot_system_tests' with build type 'ament_cmake'
[0.920s] INFO:colcon.colcon_cmake.task.cmake.build:Building CMake package in '/home/thibaut/Documents/Bimanual_Robot/bimanual_ws/src/bimanualrobot_ros2/bimanualrobot_system_tests'
[0.931s] INFO:colcon.colcon_core.shell:Skip shell extension 'powershell' for command environment: Not usable outside of PowerShell
[0.931s] DEBUG:colcon.colcon_core.shell:Skip shell extension 'dsv' for command environment
[0.948s] DEBUG:colcon.colcon_core.event_handler.log_command:Invoking command in '/home/thibaut/Documents/Bimanual_Robot/bimanual_ws/build/bimanualrobot_description': CMAKE_PREFIX_PATH=${CMAKE_PREFIX_PATH}:/home/thibaut/Documents/Bimanual_Robot/bimanual_ws/install/bimanualrobot_bringup:/opt/ros/jazzy DEBUGINFOD_URLS=https://debuginfod.ubuntu.com /usr/bin/cmake --build /home/thibaut/Documents/Bimanual_Robot/bimanual_ws/build/bimanualrobot_description -- -j6 -l6
[0.968s] DEBUG:colcon.colcon_core.event_handler.log_command:Invoking command in '/home/thibaut/Documents/Bimanual_Robot/bimanual_ws/build/bimanualrobot_gazebo': CMAKE_PREFIX_PATH=${CMAKE_PREFIX_PATH}:/home/thibaut/Documents/Bimanual_Robot/bimanual_ws/install/bimanualrobot_bringup:/opt/ros/jazzy DEBUGINFOD_URLS=https://debuginfod.ubuntu.com /usr/bin/cmake --build /home/thibaut/Documents/Bimanual_Robot/bimanual_ws/build/bimanualrobot_gazebo -- -j6 -l6
[0.985s] DEBUG:colcon.colcon_core.event_handler.log_command:Invoking command in '/home/thibaut/Documents/Bimanual_Robot/bimanual_ws/build/bimanualrobot_moveit_config': CMAKE_PREFIX_PATH=${CMAKE_PREFIX_PATH}:/home/thibaut/Documents/Bimanual_Robot/bimanual_ws/install/bimanualrobot_bringup:/opt/ros/jazzy DEBUGINFOD_URLS=https://debuginfod.ubuntu.com /usr/bin/cmake --build /home/thibaut/Documents/Bimanual_Robot/bimanual_ws/build/bimanualrobot_moveit_config -- -j6 -l6
[1.000s] DEBUG:colcon.colcon_core.event_handler.log_command:Invoking command in '/home/thibaut/Documents/Bimanual_Robot/bimanual_ws/build/bimanualrobot_system_tests': CMAKE_PREFIX_PATH=${CMAKE_PREFIX_PATH}:/home/thibaut/Documents/Bimanual_Robot/bimanual_ws/install/bimanualrobot_bringup:/opt/ros/jazzy DEBUGINFOD_URLS=https://debuginfod.ubuntu.com /usr/bin/cmake --build /home/thibaut/Documents/Bimanual_Robot/bimanual_ws/build/bimanualrobot_system_tests -- -j6 -l6
[1.180s] DEBUG:colcon.colcon_core.event_handler.log_command:Invoked command in '/home/thibaut/Documents/Bimanual_Robot/bimanual_ws/build/bimanualrobot_description' returned '0': CMAKE_PREFIX_PATH=${CMAKE_PREFIX_PATH}:/home/thibaut/Documents/Bimanual_Robot/bimanual_ws/install/bimanualrobot_bringup:/opt/ros/jazzy DEBUGINFOD_URLS=https://debuginfod.ubuntu.com /usr/bin/cmake --build /home/thibaut/Documents/Bimanual_Robot/bimanual_ws/build/bimanualrobot_description -- -j6 -l6
[1.238s] DEBUG:colcon.colcon_core.event_handler.log_command:Invoking command in '/home/thibaut/Documents/Bimanual_Robot/bimanual_ws/build/bimanualrobot_description': CMAKE_PREFIX_PATH=${CMAKE_PREFIX_PATH}:/home/thibaut/Documents/Bimanual_Robot/bimanual_ws/install/bimanualrobot_bringup:/opt/ros/jazzy DEBUGINFOD_URLS=https://debuginfod.ubuntu.com /usr/bin/cmake --install /home/thibaut/Documents/Bimanual_Robot/bimanual_ws/build/bimanualrobot_description
[2.608s] DEBUG:colcon.colcon_core.event_handler.log_command:Invoked command in '/home/thibaut/Documents/Bimanual_Robot/bimanual_ws/build/bimanualrobot_system_tests' returned '0': CMAKE_PREFIX_PATH=${CMAKE_PREFIX_PATH}:/home/thibaut/Documents/Bimanual_Robot/bimanual_ws/install/bimanualrobot_bringup:/opt/ros/jazzy DEBUGINFOD_URLS=https://debuginfod.ubuntu.com /usr/bin/cmake --build /home/thibaut/Documents/Bimanual_Robot/bimanual_ws/build/bimanualrobot_system_tests -- -j6 -l6
[2.626s] DEBUG:colcon.colcon_core.event_handler.log_command:Invoking command in '/home/thibaut/Documents/Bimanual_Robot/bimanual_ws/build/bimanualrobot_system_tests': CMAKE_PREFIX_PATH=${CMAKE_PREFIX_PATH}:/home/thibaut/Documents/Bimanual_Robot/bimanual_ws/install/bimanualrobot_bringup:/opt/ros/jazzy DEBUGINFOD_URLS=https://debuginfod.ubuntu.com /usr/bin/cmake --install /home/thibaut/Documents/Bimanual_Robot/bimanual_ws/build/bimanualrobot_system_tests
[2.633s] DEBUG:colcon.colcon_core.event_handler.log_command:Invoked command in '/home/thibaut/Documents/Bimanual_Robot/bimanual_ws/build/bimanualrobot_moveit_config' returned '0': CMAKE_PREFIX_PATH=${CMAKE_PREFIX_PATH}:/home/thibaut/Documents/Bimanual_Robot/bimanual_ws/install/bimanualrobot_bringup:/opt/ros/jazzy DEBUGINFOD_URLS=https://debuginfod.ubuntu.com /usr/bin/cmake --build /home/thibaut/Documents/Bimanual_Robot/bimanual_ws/build/bimanualrobot_moveit_config -- -j6 -l6
[2.649s] DEBUG:colcon.colcon_core.event_handler.log_command:Invoking command in '/home/thibaut/Documents/Bimanual_Robot/bimanual_ws/build/bimanualrobot_moveit_config': CMAKE_PREFIX_PATH=${CMAKE_PREFIX_PATH}:/home/thibaut/Documents/Bimanual_Robot/bimanual_ws/install/bimanualrobot_bringup:/opt/ros/jazzy DEBUGINFOD_URLS=https://debuginfod.ubuntu.com /usr/bin/cmake --install /home/thibaut/Documents/Bimanual_Robot/bimanual_ws/build/bimanualrobot_moveit_config
[2.652s] DEBUG:colcon.colcon_core.event_handler.log_command:Invoked command in '/home/thibaut/Documents/Bimanual_Robot/bimanual_ws/build/bimanualrobot_gazebo' returned '0': CMAKE_PREFIX_PATH=${CMAKE_PREFIX_PATH}:/home/thibaut/Documents/Bimanual_Robot/bimanual_ws/install/bimanualrobot_bringup:/opt/ros/jazzy DEBUGINFOD_URLS=https://debuginfod.ubuntu.com /usr/bin/cmake --build /home/thibaut/Documents/Bimanual_Robot/bimanual_ws/build/bimanualrobot_gazebo -- -j6 -l6
[2.671s] DEBUG:colcon.colcon_core.event_handler.log_command:Invoking command in '/home/thibaut/Documents/Bimanual_Robot/bimanual_ws/build/bimanualrobot_gazebo': CMAKE_PREFIX_PATH=${CMAKE_PREFIX_PATH}:/home/thibaut/Documents/Bimanual_Robot/bimanual_ws/install/bimanualrobot_bringup:/opt/ros/jazzy DEBUGINFOD_URLS=https://debuginfod.ubuntu.com /usr/bin/cmake --install /home/thibaut/Documents/Bimanual_Robot/bimanual_ws/build/bimanualrobot_gazebo
[2.909s] Level 1:colcon.colcon_core.environment:create_environment_scripts_only(bimanualrobot_system_tests)
[2.917s] DEBUG:colcon.colcon_core.event_handler.log_command:Invoked command in '/home/thibaut/Documents/Bimanual_Robot/bimanual_ws/build/bimanualrobot_system_tests' returned '0': CMAKE_PREFIX_PATH=${CMAKE_PREFIX_PATH}:/home/thibaut/Documents/Bimanual_Robot/bimanual_ws/install/bimanualrobot_bringup:/opt/ros/jazzy DEBUGINFOD_URLS=https://debuginfod.ubuntu.com /usr/bin/cmake --install /home/thibaut/Documents/Bimanual_Robot/bimanual_ws/build/bimanualrobot_system_tests
[2.957s] Level 1:colcon.colcon_core.environment:checking '/home/thibaut/Documents/Bimanual_Robot/bimanual_ws/install/bimanualrobot_system_tests' for CMake module files
[2.960s] Level 1:colcon.colcon_core.environment:checking '/home/thibaut/Documents/Bimanual_Robot/bimanual_ws/install/bimanualrobot_system_tests' for CMake config files
[2.963s] Level 1:colcon.colcon_core.shell:create_environment_hook('bimanualrobot_system_tests', 'cmake_prefix_path')
[2.964s] INFO:colcon.colcon_core.shell:Creating environment hook '/home/thibaut/Documents/Bimanual_Robot/bimanual_ws/install/bimanualrobot_system_tests/share/bimanualrobot_system_tests/hook/cmake_prefix_path.ps1'
[2.981s] INFO:colcon.colcon_core.shell:Creating environment descriptor '/home/thibaut/Documents/Bimanual_Robot/bimanual_ws/install/bimanualrobot_system_tests/share/bimanualrobot_system_tests/hook/cmake_prefix_path.dsv'
[2.985s] INFO:colcon.colcon_core.shell:Creating environment hook '/home/thibaut/Documents/Bimanual_Robot/bimanual_ws/install/bimanualrobot_system_tests/share/bimanualrobot_system_tests/hook/cmake_prefix_path.sh'
[2.994s] Level 1:colcon.colcon_core.environment:checking '/home/thibaut/Documents/Bimanual_Robot/bimanual_ws/install/bimanualrobot_system_tests/lib'
[2.995s] Level 1:colcon.colcon_core.environment:checking '/home/thibaut/Documents/Bimanual_Robot/bimanual_ws/install/bimanualrobot_system_tests/bin'
[2.995s] Level 1:colcon.colcon_core.environment:checking '/home/thibaut/Documents/Bimanual_Robot/bimanual_ws/install/bimanualrobot_system_tests/lib/pkgconfig/bimanualrobot_system_tests.pc'
[3.001s] Level 1:colcon.colcon_core.environment:checking '/home/thibaut/Documents/Bimanual_Robot/bimanual_ws/install/bimanualrobot_system_tests/lib/python3.12/site-packages'
[3.002s] Level 1:colcon.colcon_core.environment:checking '/home/thibaut/Documents/Bimanual_Robot/bimanual_ws/install/bimanualrobot_system_tests/bin'
[3.004s] INFO:colcon.colcon_core.shell:Creating package script '/home/thibaut/Documents/Bimanual_Robot/bimanual_ws/install/bimanualrobot_system_tests/share/bimanualrobot_system_tests/package.ps1'
[3.011s] INFO:colcon.colcon_core.shell:Creating package descriptor '/home/thibaut/Documents/Bimanual_Robot/bimanual_ws/install/bimanualrobot_system_tests/share/bimanualrobot_system_tests/package.dsv'
[3.020s] INFO:colcon.colcon_core.shell:Creating package script '/home/thibaut/Documents/Bimanual_Robot/bimanual_ws/install/bimanualrobot_system_tests/share/bimanualrobot_system_tests/package.sh'
[3.033s] INFO:colcon.colcon_core.shell:Creating package script '/home/thibaut/Documents/Bimanual_Robot/bimanual_ws/install/bimanualrobot_system_tests/share/bimanualrobot_system_tests/package.bash'
[3.041s] INFO:colcon.colcon_core.shell:Creating package script '/home/thibaut/Documents/Bimanual_Robot/bimanual_ws/install/bimanualrobot_system_tests/share/bimanualrobot_system_tests/package.zsh'
[3.047s] Level 1:colcon.colcon_core.environment:create_file_with_runtime_dependencies(/home/thibaut/Documents/Bimanual_Robot/bimanual_ws/install/bimanualrobot_system_tests/share/colcon-core/packages/bimanualrobot_system_tests)
[3.056s] Level 1:colcon.colcon_core.environment:create_environment_scripts_only(bimanualrobot_system_tests)
[3.058s] Level 1:colcon.colcon_core.environment:checking '/home/thibaut/Documents/Bimanual_Robot/bimanual_ws/install/bimanualrobot_system_tests' for CMake module files
[3.065s] Level 1:colcon.colcon_core.environment:checking '/home/thibaut/Documents/Bimanual_Robot/bimanual_ws/install/bimanualrobot_system_tests' for CMake config files
[3.068s] Level 1:colcon.colcon_core.shell:create_environment_hook('bimanualrobot_system_tests', 'cmake_prefix_path')
[3.069s] INFO:colcon.colcon_core.shell:Creating environment hook '/home/thibaut/Documents/Bimanual_Robot/bimanual_ws/install/bimanualrobot_system_tests/share/bimanualrobot_system_tests/hook/cmake_prefix_path.ps1'
[3.072s] INFO:colcon.colcon_core.shell:Creating environment descriptor '/home/thibaut/Documents/Bimanual_Robot/bimanual_ws/install/bimanualrobot_system_tests/share/bimanualrobot_system_tests/hook/cmake_prefix_path.dsv'
[3.074s] INFO:colcon.colcon_core.shell:Creating environment hook '/home/thibaut/Documents/Bimanual_Robot/bimanual_ws/install/bimanualrobot_system_tests/share/bimanualrobot_system_tests/hook/cmake_prefix_path.sh'
[3.076s] Level 1:colcon.colcon_core.environment:checking '/home/thibaut/Documents/Bimanual_Robot/bimanual_ws/install/bimanualrobot_system_tests/lib'
[3.077s] Level 1:colcon.colcon_core.environment:checking '/home/thibaut/Documents/Bimanual_Robot/bimanual_ws/install/bimanualrobot_system_tests/bin'
[3.078s] Level 1:colcon.colcon_core.environment:checking '/home/thibaut/Documents/Bimanual_Robot/bimanual_ws/install/bimanualrobot_system_tests/lib/pkgconfig/bimanualrobot_system_tests.pc'
[3.078s] Level 1:colcon.colcon_core.environment:checking '/home/thibaut/Documents/Bimanual_Robot/bimanual_ws/install/bimanualrobot_system_tests/lib/python3.12/site-packages'
[3.078s] Level 1:colcon.colcon_core.environment:checking '/home/thibaut/Documents/Bimanual_Robot/bimanual_ws/install/bimanualrobot_system_tests/bin'
[3.080s] INFO:colcon.colcon_core.shell:Creating package script '/home/thibaut/Documents/Bimanual_Robot/bimanual_ws/install/bimanualrobot_system_tests/share/bimanualrobot_system_tests/package.ps1'
[3.083s] INFO:colcon.colcon_core.shell:Creating package descriptor '/home/thibaut/Documents/Bimanual_Robot/bimanual_ws/install/bimanualrobot_system_tests/share/bimanualrobot_system_tests/package.dsv'
[3.085s] INFO:colcon.colcon_core.shell:Creating package script '/home/thibaut/Documents/Bimanual_Robot/bimanual_ws/install/bimanualrobot_system_tests/share/bimanualrobot_system_tests/package.sh'
[3.088s] INFO:colcon.colcon_core.shell:Creating package script '/home/thibaut/Documents/Bimanual_Robot/bimanual_ws/install/bimanualrobot_system_tests/share/bimanualrobot_system_tests/package.bash'
[3.093s] INFO:colcon.colcon_core.shell:Creating package script '/home/thibaut/Documents/Bimanual_Robot/bimanual_ws/install/bimanualrobot_system_tests/share/bimanualrobot_system_tests/package.zsh'
[3.100s] Level 1:colcon.colcon_core.environment:create_file_with_runtime_dependencies(/home/thibaut/Documents/Bimanual_Robot/bimanual_ws/install/bimanualrobot_system_tests/share/colcon-core/packages/bimanualrobot_system_tests)
[3.103s] Level 1:colcon.colcon_core.environment:create_environment_scripts_only(bimanualrobot_moveit_config)
[3.104s] Level 1:colcon.colcon_core.environment:checking '/home/thibaut/Documents/Bimanual_Robot/bimanual_ws/install/bimanualrobot_moveit_config' for CMake module files
[3.108s] DEBUG:colcon.colcon_core.event_handler.log_command:Invoked command in '/home/thibaut/Documents/Bimanual_Robot/bimanual_ws/build/bimanualrobot_moveit_config' returned '0': CMAKE_PREFIX_PATH=${CMAKE_PREFIX_PATH}:/home/thibaut/Documents/Bimanual_Robot/bimanual_ws/install/bimanualrobot_bringup:/opt/ros/jazzy DEBUGINFOD_URLS=https://debuginfod.ubuntu.com /usr/bin/cmake --install /home/thibaut/Documents/Bimanual_Robot/bimanual_ws/build/bimanualrobot_moveit_config
[3.109s] Level 1:colcon.colcon_core.environment:checking '/home/thibaut/Documents/Bimanual_Robot/bimanual_ws/install/bimanualrobot_moveit_config' for CMake config files
[3.112s] Level 1:colcon.colcon_core.shell:create_environment_hook('bimanualrobot_moveit_config', 'cmake_prefix_path')
[3.112s] INFO:colcon.colcon_core.shell:Creating environment hook '/home/thibaut/Documents/Bimanual_Robot/bimanual_ws/install/bimanualrobot_moveit_config/share/bimanualrobot_moveit_config/hook/cmake_prefix_path.ps1'
[3.115s] INFO:colcon.colcon_core.shell:Creating environment descriptor '/home/thibaut/Documents/Bimanual_Robot/bimanual_ws/install/bimanualrobot_moveit_config/share/bimanualrobot_moveit_config/hook/cmake_prefix_path.dsv'
[3.116s] INFO:colcon.colcon_core.shell:Creating environment hook '/home/thibaut/Documents/Bimanual_Robot/bimanual_ws/install/bimanualrobot_moveit_config/share/bimanualrobot_moveit_config/hook/cmake_prefix_path.sh'
[3.129s] Level 1:colcon.colcon_core.environment:checking '/home/thibaut/Documents/Bimanual_Robot/bimanual_ws/install/bimanualrobot_moveit_config/bin'
[3.129s] Level 1:colcon.colcon_core.environment:checking '/home/thibaut/Documents/Bimanual_Robot/bimanual_ws/install/bimanualrobot_moveit_config/lib/pkgconfig/bimanualrobot_moveit_config.pc'
[3.130s] Level 1:colcon.colcon_core.environment:checking '/home/thibaut/Documents/Bimanual_Robot/bimanual_ws/install/bimanualrobot_moveit_config/lib/python3.12/site-packages'
[3.130s] Level 1:colcon.colcon_core.environment:checking '/home/thibaut/Documents/Bimanual_Robot/bimanual_ws/install/bimanualrobot_moveit_config/bin'
[3.130s] INFO:colcon.colcon_core.shell:Creating package script '/home/thibaut/Documents/Bimanual_Robot/bimanual_ws/install/bimanualrobot_moveit_config/share/bimanualrobot_moveit_config/package.ps1'
[3.130s] INFO:colcon.colcon_core.shell:Creating package descriptor '/home/thibaut/Documents/Bimanual_Robot/bimanual_ws/install/bimanualrobot_moveit_config/share/bimanualrobot_moveit_config/package.dsv'
[3.135s] INFO:colcon.colcon_core.shell:Creating package script '/home/thibaut/Documents/Bimanual_Robot/bimanual_ws/install/bimanualrobot_moveit_config/share/bimanualrobot_moveit_config/package.sh'
[3.137s] INFO:colcon.colcon_core.shell:Creating package script '/home/thibaut/Documents/Bimanual_Robot/bimanual_ws/install/bimanualrobot_moveit_config/share/bimanualrobot_moveit_config/package.bash'
[3.138s] INFO:colcon.colcon_core.shell:Creating package script '/home/thibaut/Documents/Bimanual_Robot/bimanual_ws/install/bimanualrobot_moveit_config/share/bimanualrobot_moveit_config/package.zsh'
[3.138s] Level 1:colcon.colcon_core.environment:create_file_with_runtime_dependencies(/home/thibaut/Documents/Bimanual_Robot/bimanual_ws/install/bimanualrobot_moveit_config/share/colcon-core/packages/bimanualrobot_moveit_config)
[3.139s] Level 1:colcon.colcon_core.environment:create_environment_scripts_only(bimanualrobot_moveit_config)
[3.140s] Level 1:colcon.colcon_core.environment:checking '/home/thibaut/Documents/Bimanual_Robot/bimanual_ws/install/bimanualrobot_moveit_config' for CMake module files
[3.140s] Level 1:colcon.colcon_core.environment:checking '/home/thibaut/Documents/Bimanual_Robot/bimanual_ws/install/bimanualrobot_moveit_config' for CMake config files
[3.141s] Level 1:colcon.colcon_core.shell:create_environment_hook('bimanualrobot_moveit_config', 'cmake_prefix_path')
[3.141s] INFO:colcon.colcon_core.shell:Creating environment hook '/home/thibaut/Documents/Bimanual_Robot/bimanual_ws/install/bimanualrobot_moveit_config/share/bimanualrobot_moveit_config/hook/cmake_prefix_path.ps1'
[3.141s] INFO:colcon.colcon_core.shell:Creating environment descriptor '/home/thibaut/Documents/Bimanual_Robot/bimanual_ws/install/bimanualrobot_moveit_config/share/bimanualrobot_moveit_config/hook/cmake_prefix_path.dsv'
[3.141s] INFO:colcon.colcon_core.shell:Creating environment hook '/home/thibaut/Documents/Bimanual_Robot/bimanual_ws/install/bimanualrobot_moveit_config/share/bimanualrobot_moveit_config/hook/cmake_prefix_path.sh'
[3.142s] Level 1:colcon.colcon_core.environment:checking '/home/thibaut/Documents/Bimanual_Robot/bimanual_ws/install/bimanualrobot_moveit_config/bin'
[3.142s] Level 1:colcon.colcon_core.environment:checking '/home/thibaut/Documents/Bimanual_Robot/bimanual_ws/install/bimanualrobot_moveit_config/lib/pkgconfig/bimanualrobot_moveit_config.pc'
[3.142s] Level 1:colcon.colcon_core.environment:checking '/home/thibaut/Documents/Bimanual_Robot/bimanual_ws/install/bimanualrobot_moveit_config/lib/python3.12/site-packages'
[3.142s] Level 1:colcon.colcon_core.environment:checking '/home/thibaut/Documents/Bimanual_Robot/bimanual_ws/install/bimanualrobot_moveit_config/bin'
[3.142s] INFO:colcon.colcon_core.shell:Creating package script '/home/thibaut/Documents/Bimanual_Robot/bimanual_ws/install/bimanualrobot_moveit_config/share/bimanualrobot_moveit_config/package.ps1'
[3.143s] INFO:colcon.colcon_core.shell:Creating package descriptor '/home/thibaut/Documents/Bimanual_Robot/bimanual_ws/install/bimanualrobot_moveit_config/share/bimanualrobot_moveit_config/package.dsv'
[3.143s] INFO:colcon.colcon_core.shell:Creating package script '/home/thibaut/Documents/Bimanual_Robot/bimanual_ws/install/bimanualrobot_moveit_config/share/bimanualrobot_moveit_config/package.sh'
[3.143s] INFO:colcon.colcon_core.shell:Creating package script '/home/thibaut/Documents/Bimanual_Robot/bimanual_ws/install/bimanualrobot_moveit_config/share/bimanualrobot_moveit_config/package.bash'
[3.144s] INFO:colcon.colcon_core.shell:Creating package script '/home/thibaut/Documents/Bimanual_Robot/bimanual_ws/install/bimanualrobot_moveit_config/share/bimanualrobot_moveit_config/package.zsh'
[3.144s] Level 1:colcon.colcon_core.environment:create_file_with_runtime_dependencies(/home/thibaut/Documents/Bimanual_Robot/bimanual_ws/install/bimanualrobot_moveit_config/share/colcon-core/packages/bimanualrobot_moveit_config)
[3.147s] Level 1:colcon.colcon_core.environment:create_environment_scripts_only(bimanualrobot_gazebo)
[3.148s] Level 1:colcon.colcon_core.environment:checking '/home/thibaut/Documents/Bimanual_Robot/bimanual_ws/install/bimanualrobot_gazebo' for CMake module files
[3.149s] DEBUG:colcon.colcon_core.event_handler.log_command:Invoked command in '/home/thibaut/Documents/Bimanual_Robot/bimanual_ws/build/bimanualrobot_gazebo' returned '0': CMAKE_PREFIX_PATH=${CMAKE_PREFIX_PATH}:/home/thibaut/Documents/Bimanual_Robot/bimanual_ws/install/bimanualrobot_bringup:/opt/ros/jazzy DEBUGINFOD_URLS=https://debuginfod.ubuntu.com /usr/bin/cmake --install /home/thibaut/Documents/Bimanual_Robot/bimanual_ws/build/bimanualrobot_gazebo
[3.150s] Level 1:colcon.colcon_core.environment:checking '/home/thibaut/Documents/Bimanual_Robot/bimanual_ws/install/bimanualrobot_gazebo' for CMake config files
[3.160s] Level 1:colcon.colcon_core.shell:create_environment_hook('bimanualrobot_gazebo', 'cmake_prefix_path')
[3.161s] INFO:colcon.colcon_core.shell:Creating environment hook '/home/thibaut/Documents/Bimanual_Robot/bimanual_ws/install/bimanualrobot_gazebo/share/bimanualrobot_gazebo/hook/cmake_prefix_path.ps1'
[3.163s] INFO:colcon.colcon_core.shell:Creating environment descriptor '/home/thibaut/Documents/Bimanual_Robot/bimanual_ws/install/bimanualrobot_gazebo/share/bimanualrobot_gazebo/hook/cmake_prefix_path.dsv'
[3.164s] INFO:colcon.colcon_core.shell:Creating environment hook '/home/thibaut/Documents/Bimanual_Robot/bimanual_ws/install/bimanualrobot_gazebo/share/bimanualrobot_gazebo/hook/cmake_prefix_path.sh'
[3.164s] Level 1:colcon.colcon_core.environment:checking '/home/thibaut/Documents/Bimanual_Robot/bimanual_ws/install/bimanualrobot_gazebo/lib'
[3.165s] Level 1:colcon.colcon_core.environment:checking '/home/thibaut/Documents/Bimanual_Robot/bimanual_ws/install/bimanualrobot_gazebo/bin'
[3.165s] Level 1:colcon.colcon_core.environment:checking '/home/thibaut/Documents/Bimanual_Robot/bimanual_ws/install/bimanualrobot_gazebo/lib/pkgconfig/bimanualrobot_gazebo.pc'
[3.166s] Level 1:colcon.colcon_core.environment:checking '/home/thibaut/Documents/Bimanual_Robot/bimanual_ws/install/bimanualrobot_gazebo/lib/python3.12/site-packages'
[3.166s] Level 1:colcon.colcon_core.environment:checking '/home/thibaut/Documents/Bimanual_Robot/bimanual_ws/install/bimanualrobot_gazebo/bin'
[3.167s] INFO:colcon.colcon_core.shell:Creating package script '/home/thibaut/Documents/Bimanual_Robot/bimanual_ws/install/bimanualrobot_gazebo/share/bimanualrobot_gazebo/package.ps1'
[3.170s] INFO:colcon.colcon_core.shell:Creating package descriptor '/home/thibaut/Documents/Bimanual_Robot/bimanual_ws/install/bimanualrobot_gazebo/share/bimanualrobot_gazebo/package.dsv'
[3.172s] INFO:colcon.colcon_core.shell:Creating package script '/home/thibaut/Documents/Bimanual_Robot/bimanual_ws/install/bimanualrobot_gazebo/share/bimanualrobot_gazebo/package.sh'
[3.173s] INFO:colcon.colcon_core.shell:Creating package script '/home/thibaut/Documents/Bimanual_Robot/bimanual_ws/install/bimanualrobot_gazebo/share/bimanualrobot_gazebo/package.bash'
[3.173s] INFO:colcon.colcon_core.shell:Creating package script '/home/thibaut/Documents/Bimanual_Robot/bimanual_ws/install/bimanualrobot_gazebo/share/bimanualrobot_gazebo/package.zsh'
[3.176s] Level 1:colcon.colcon_core.environment:create_file_with_runtime_dependencies(/home/thibaut/Documents/Bimanual_Robot/bimanual_ws/install/bimanualrobot_gazebo/share/colcon-core/packages/bimanualrobot_gazebo)
[3.176s] Level 1:colcon.colcon_core.environment:create_environment_scripts_only(bimanualrobot_gazebo)
[3.176s] Level 1:colcon.colcon_core.environment:checking '/home/thibaut/Documents/Bimanual_Robot/bimanual_ws/install/bimanualrobot_gazebo' for CMake module files
[3.178s] Level 1:colcon.colcon_core.environment:checking '/home/thibaut/Documents/Bimanual_Robot/bimanual_ws/install/bimanualrobot_gazebo' for CMake config files
[3.179s] Level 1:colcon.colcon_core.shell:create_environment_hook('bimanualrobot_gazebo', 'cmake_prefix_path')
[3.183s] INFO:colcon.colcon_core.shell:Creating environment hook '/home/thibaut/Documents/Bimanual_Robot/bimanual_ws/install/bimanualrobot_gazebo/share/bimanualrobot_gazebo/hook/cmake_prefix_path.ps1'
[3.185s] INFO:colcon.colcon_core.shell:Creating environment descriptor '/home/thibaut/Documents/Bimanual_Robot/bimanual_ws/install/bimanualrobot_gazebo/share/bimanualrobot_gazebo/hook/cmake_prefix_path.dsv'
[3.186s] INFO:colcon.colcon_core.shell:Creating environment hook '/home/thibaut/Documents/Bimanual_Robot/bimanual_ws/install/bimanualrobot_gazebo/share/bimanualrobot_gazebo/hook/cmake_prefix_path.sh'
[3.191s] Level 1:colcon.colcon_core.environment:checking '/home/thibaut/Documents/Bimanual_Robot/bimanual_ws/install/bimanualrobot_gazebo/lib'
[3.191s] Level 1:colcon.colcon_core.environment:checking '/home/thibaut/Documents/Bimanual_Robot/bimanual_ws/install/bimanualrobot_gazebo/bin'
[3.191s] Level 1:colcon.colcon_core.environment:checking '/home/thibaut/Documents/Bimanual_Robot/bimanual_ws/install/bimanualrobot_gazebo/lib/pkgconfig/bimanualrobot_gazebo.pc'
[3.191s] Level 1:colcon.colcon_core.environment:checking '/home/thibaut/Documents/Bimanual_Robot/bimanual_ws/install/bimanualrobot_gazebo/lib/python3.12/site-packages'
[3.196s] Level 1:colcon.colcon_core.environment:checking '/home/thibaut/Documents/Bimanual_Robot/bimanual_ws/install/bimanualrobot_gazebo/bin'
[3.196s] INFO:colcon.colcon_core.shell:Creating package script '/home/thibaut/Documents/Bimanual_Robot/bimanual_ws/install/bimanualrobot_gazebo/share/bimanualrobot_gazebo/package.ps1'
[3.197s] INFO:colcon.colcon_core.shell:Creating package descriptor '/home/thibaut/Documents/Bimanual_Robot/bimanual_ws/install/bimanualrobot_gazebo/share/bimanualrobot_gazebo/package.dsv'
[3.197s] INFO:colcon.colcon_core.shell:Creating package script '/home/thibaut/Documents/Bimanual_Robot/bimanual_ws/install/bimanualrobot_gazebo/share/bimanualrobot_gazebo/package.sh'
[3.198s] INFO:colcon.colcon_core.shell:Creating package script '/home/thibaut/Documents/Bimanual_Robot/bimanual_ws/install/bimanualrobot_gazebo/share/bimanualrobot_gazebo/package.bash'
[3.208s] INFO:colcon.colcon_core.shell:Creating package script '/home/thibaut/Documents/Bimanual_Robot/bimanual_ws/install/bimanualrobot_gazebo/share/bimanualrobot_gazebo/package.zsh'
[3.209s] Level 1:colcon.colcon_core.environment:create_file_with_runtime_dependencies(/home/thibaut/Documents/Bimanual_Robot/bimanual_ws/install/bimanualrobot_gazebo/share/colcon-core/packages/bimanualrobot_gazebo)
[3.210s] Level 1:colcon.colcon_core.environment:create_environment_scripts_only(bimanualrobot_description)
[3.210s] Level 1:colcon.colcon_core.environment:checking '/home/thibaut/Documents/Bimanual_Robot/bimanual_ws/install/bimanualrobot_description' for CMake module files
[3.213s] DEBUG:colcon.colcon_core.event_handler.log_command:Invoked command in '/home/thibaut/Documents/Bimanual_Robot/bimanual_ws/build/bimanualrobot_description' returned '0': CMAKE_PREFIX_PATH=${CMAKE_PREFIX_PATH}:/home/thibaut/Documents/Bimanual_Robot/bimanual_ws/install/bimanualrobot_bringup:/opt/ros/jazzy DEBUGINFOD_URLS=https://debuginfod.ubuntu.com /usr/bin/cmake --install /home/thibaut/Documents/Bimanual_Robot/bimanual_ws/build/bimanualrobot_description
[3.220s] Level 1:colcon.colcon_core.environment:checking '/home/thibaut/Documents/Bimanual_Robot/bimanual_ws/install/bimanualrobot_description' for CMake config files
[3.224s] Level 1:colcon.colcon_core.shell:create_environment_hook('bimanualrobot_description', 'cmake_prefix_path')
[3.224s] INFO:colcon.colcon_core.shell:Creating environment hook '/home/thibaut/Documents/Bimanual_Robot/bimanual_ws/install/bimanualrobot_description/share/bimanualrobot_description/hook/cmake_prefix_path.ps1'
[3.227s] INFO:colcon.colcon_core.shell:Creating environment descriptor '/home/thibaut/Documents/Bimanual_Robot/bimanual_ws/install/bimanualrobot_description/share/bimanualrobot_description/hook/cmake_prefix_path.dsv'
[3.228s] INFO:colcon.colcon_core.shell:Creating environment hook '/home/thibaut/Documents/Bimanual_Robot/bimanual_ws/install/bimanualrobot_description/share/bimanualrobot_description/hook/cmake_prefix_path.sh'
[3.230s] Level 1:colcon.colcon_core.environment:checking '/home/thibaut/Documents/Bimanual_Robot/bimanual_ws/install/bimanualrobot_description/bin'
[3.230s] Level 1:colcon.colcon_core.environment:checking '/home/thibaut/Documents/Bimanual_Robot/bimanual_ws/install/bimanualrobot_description/lib/pkgconfig/bimanualrobot_description.pc'
[3.231s] Level 1:colcon.colcon_core.environment:checking '/home/thibaut/Documents/Bimanual_Robot/bimanual_ws/install/bimanualrobot_description/lib/python3.12/site-packages'
[3.231s] Level 1:colcon.colcon_core.environment:checking '/home/thibaut/Documents/Bimanual_Robot/bimanual_ws/install/bimanualrobot_description/bin'
[3.231s] INFO:colcon.colcon_core.shell:Creating package script '/home/thibaut/Documents/Bimanual_Robot/bimanual_ws/install/bimanualrobot_description/share/bimanualrobot_description/package.ps1'
[3.232s] INFO:colcon.colcon_core.shell:Creating package descriptor '/home/thibaut/Documents/Bimanual_Robot/bimanual_ws/install/bimanualrobot_description/share/bimanualrobot_description/package.dsv'
[3.232s] INFO:colcon.colcon_core.shell:Creating package script '/home/thibaut/Documents/Bimanual_Robot/bimanual_ws/install/bimanualrobot_description/share/bimanualrobot_description/package.sh'
[3.233s] INFO:colcon.colcon_core.shell:Creating package script '/home/thibaut/Documents/Bimanual_Robot/bimanual_ws/install/bimanualrobot_description/share/bimanualrobot_description/package.bash'
[3.234s] INFO:colcon.colcon_core.shell:Creating package script '/home/thibaut/Documents/Bimanual_Robot/bimanual_ws/install/bimanualrobot_description/share/bimanualrobot_description/package.zsh'
[3.236s] Level 1:colcon.colcon_core.environment:create_file_with_runtime_dependencies(/home/thibaut/Documents/Bimanual_Robot/bimanual_ws/install/bimanualrobot_description/share/colcon-core/packages/bimanualrobot_description)
[3.239s] Level 1:colcon.colcon_core.environment:create_environment_scripts_only(bimanualrobot_description)
[3.241s] Level 1:colcon.colcon_core.environment:checking '/home/thibaut/Documents/Bimanual_Robot/bimanual_ws/install/bimanualrobot_description' for CMake module files
[3.243s] Level 1:colcon.colcon_core.environment:checking '/home/thibaut/Documents/Bimanual_Robot/bimanual_ws/install/bimanualrobot_description' for CMake config files
[3.247s] Level 1:colcon.colcon_core.shell:create_environment_hook('bimanualrobot_description', 'cmake_prefix_path')
[3.247s] INFO:colcon.colcon_core.shell:Creating environment hook '/home/thibaut/Documents/Bimanual_Robot/bimanual_ws/install/bimanualrobot_description/share/bimanualrobot_description/hook/cmake_prefix_path.ps1'
[3.250s] INFO:colcon.colcon_core.shell:Creating environment descriptor '/home/thibaut/Documents/Bimanual_Robot/bimanual_ws/install/bimanualrobot_description/share/bimanualrobot_description/hook/cmake_prefix_path.dsv'
[3.251s] INFO:colcon.colcon_core.shell:Creating environment hook '/home/thibaut/Documents/Bimanual_Robot/bimanual_ws/install/bimanualrobot_description/share/bimanualrobot_description/hook/cmake_prefix_path.sh'
[3.256s] Level 1:colcon.colcon_core.environment:checking '/home/thibaut/Documents/Bimanual_Robot/bimanual_ws/install/bimanualrobot_description/bin'
[3.256s] Level 1:colcon.colcon_core.environment:checking '/home/thibaut/Documents/Bimanual_Robot/bimanual_ws/install/bimanualrobot_description/lib/pkgconfig/bimanualrobot_description.pc'
[3.256s] Level 1:colcon.colcon_core.environment:checking '/home/thibaut/Documents/Bimanual_Robot/bimanual_ws/install/bimanualrobot_description/lib/python3.12/site-packages'
[3.258s] Level 1:colcon.colcon_core.environment:checking '/home/thibaut/Documents/Bimanual_Robot/bimanual_ws/install/bimanualrobot_description/bin'
[3.261s] INFO:colcon.colcon_core.shell:Creating package script '/home/thibaut/Documents/Bimanual_Robot/bimanual_ws/install/bimanualrobot_description/share/bimanualrobot_description/package.ps1'
[3.263s] INFO:colcon.colcon_core.shell:Creating package descriptor '/home/thibaut/Documents/Bimanual_Robot/bimanual_ws/install/bimanualrobot_description/share/bimanualrobot_description/package.dsv'
[3.264s] INFO:colcon.colcon_core.shell:Creating package script '/home/thibaut/Documents/Bimanual_Robot/bimanual_ws/install/bimanualrobot_description/share/bimanualrobot_description/package.sh'
[3.265s] INFO:colcon.colcon_core.shell:Creating package script '/home/thibaut/Documents/Bimanual_Robot/bimanual_ws/install/bimanualrobot_description/share/bimanualrobot_description/package.bash'
[3.267s] INFO:colcon.colcon_core.shell:Creating package script '/home/thibaut/Documents/Bimanual_Robot/bimanual_ws/install/bimanualrobot_description/share/bimanualrobot_description/package.zsh'
[3.268s] Level 1:colcon.colcon_core.environment:create_file_with_runtime_dependencies(/home/thibaut/Documents/Bimanual_Robot/bimanual_ws/install/bimanualrobot_description/share/colcon-core/packages/bimanualrobot_description)
[3.271s] INFO:colcon.colcon_ros.task.ament_python.build:Building ROS package in '/home/thibaut/Documents/Bimanual_Robot/bimanual_ws/src/bimanualrobot_ros2/bimanualrobot_bringup' with build type 'ament_python'
[3.274s] Level 1:colcon.colcon_core.shell:create_environment_hook('bimanualrobot_bringup', 'ament_prefix_path')
[3.275s] INFO:colcon.colcon_core.shell:Creating environment hook '/home/thibaut/Documents/Bimanual_Robot/bimanual_ws/install/bimanualrobot_bringup/share/bimanualrobot_bringup/hook/ament_prefix_path.ps1'
[3.276s] INFO:colcon.colcon_core.shell:Creating environment descriptor '/home/thibaut/Documents/Bimanual_Robot/bimanual_ws/install/bimanualrobot_bringup/share/bimanualrobot_bringup/hook/ament_prefix_path.dsv'
[3.276s] INFO:colcon.colcon_core.shell:Creating environment hook '/home/thibaut/Documents/Bimanual_Robot/bimanual_ws/install/bimanualrobot_bringup/share/bimanualrobot_bringup/hook/ament_prefix_path.sh'
[3.279s] INFO:colcon.colcon_core.shell:Skip shell extension 'powershell' for command environment: Not usable outside of PowerShell
[3.279s] DEBUG:colcon.colcon_core.shell:Skip shell extension 'dsv' for command environment
[3.309s] INFO:colcon.colcon_ros.task.ament_cmake.build:Building ROS package in '/home/thibaut/Documents/Bimanual_Robot/bimanual_ws/src/bimanualrobot_ros2/bimanualrobot_drumstick_moveit_config' with build type 'ament_cmake'
[3.311s] INFO:colcon.colcon_cmake.task.cmake.build:Building CMake package in '/home/thibaut/Documents/Bimanual_Robot/bimanual_ws/src/bimanualrobot_ros2/bimanualrobot_drumstick_moveit_config'
[3.312s] INFO:colcon.colcon_core.shell:Skip shell extension 'powershell' for command environment: Not usable outside of PowerShell
[3.312s] DEBUG:colcon.colcon_core.shell:Skip shell extension 'dsv' for command environment
[4.458s] INFO:colcon.colcon_core.task.python.build:Building Python package in '/home/thibaut/Documents/Bimanual_Robot/bimanual_ws/src/bimanualrobot_ros2/bimanualrobot_bringup'
[4.462s] INFO:colcon.colcon_core.shell:Skip shell extension 'powershell' for command environment: Not usable outside of PowerShell
[4.462s] DEBUG:colcon.colcon_core.shell:Skip shell extension 'dsv' for command environment
[4.505s] DEBUG:colcon.colcon_core.event_handler.log_command:Invoking command in '/home/thibaut/Documents/Bimanual_Robot/bimanual_ws/build/bimanualrobot_drumstick_moveit_config': CMAKE_PREFIX_PATH=/home/thibaut/Documents/Bimanual_Robot/bimanual_ws/install/bimanualrobot_description:/home/thibaut/Documents/Bimanual_Robot/bimanual_ws/install/bimanualrobot_ros2:/home/thibaut/Documents/Bimanual_Robot/bimanual_ws/install/bimanualrobot_system_tests:/home/thibaut/Documents/Bimanual_Robot/bimanual_ws/install/bimanualrobot_moveit_config:/home/thibaut/Documents/Bimanual_Robot/bimanual_ws/install/bimanualrobot_gazebo:/home/thibaut/Documents/Bimanual_Robot/bimanual_ws/install/bimanualrobot_drumstick_moveit_config:/opt/ros/jazzy/opt/gz_sim_vendor:/opt/ros/jazzy/opt/gz_sensors_vendor:/opt/ros/jazzy/opt/gz_physics_vendor:/opt/ros/jazzy/opt/sdformat_vendor:/opt/ros/jazzy/opt/gz_gui_vendor:/opt/ros/jazzy/opt/gz_transport_vendor:/opt/ros/jazzy/opt/gz_rendering_vendor:/opt/ros/jazzy/opt/gz_plugin_vendor:/opt/ros/jazzy/opt/gz_fuel_tools_vendor:/opt/ros/jazzy/opt/gz_msgs_vendor:/opt/ros/jazzy/opt/gz_common_vendor:/opt/ros/jazzy/opt/gz_math_vendor:/opt/ros/jazzy/opt/gz_utils_vendor:/opt/ros/jazzy/opt/gz_tools_vendor:/opt/ros/jazzy/opt/gz_ogre_next_vendor:/opt/ros/jazzy/opt/gz_dartsim_vendor:/opt/ros/jazzy/opt/gz_cmake_vendor:/home/thibaut/Documents/Bimanual_Robot/bimanual_ws/install/bimanualrobot_bringup:/opt/ros/jazzy DEBUGINFOD_URLS=https://debuginfod.ubuntu.com /usr/bin/cmake --build /home/thibaut/Documents/Bimanual_Robot/bimanual_ws/build/bimanualrobot_drumstick_moveit_config -- -j6 -l6
[4.724s] DEBUG:colcon.colcon_core.event_handler.log_command:Invoked command in '/home/thibaut/Documents/Bimanual_Robot/bimanual_ws/build/bimanualrobot_drumstick_moveit_config' returned '0': CMAKE_PREFIX_PATH=/home/thibaut/Documents/Bimanual_Robot/bimanual_ws/install/bimanualrobot_description:/home/thibaut/Documents/Bimanual_Robot/bimanual_ws/install/bimanualrobot_ros2:/home/thibaut/Documents/Bimanual_Robot/bimanual_ws/install/bimanualrobot_system_tests:/home/thibaut/Documents/Bimanual_Robot/bimanual_ws/install/bimanualrobot_moveit_config:/home/thibaut/Documents/Bimanual_Robot/bimanual_ws/install/bimanualrobot_gazebo:/home/thibaut/Documents/Bimanual_Robot/bimanual_ws/install/bimanualrobot_drumstick_moveit_config:/opt/ros/jazzy/opt/gz_sim_vendor:/opt/ros/jazzy/opt/gz_sensors_vendor:/opt/ros/jazzy/opt/gz_physics_vendor:/opt/ros/jazzy/opt/sdformat_vendor:/opt/ros/jazzy/opt/gz_gui_vendor:/opt/ros/jazzy/opt/gz_transport_vendor:/opt/ros/jazzy/opt/gz_rendering_vendor:/opt/ros/jazzy/opt/gz_plugin_vendor:/opt/ros/jazzy/opt/gz_fuel_tools_vendor:/opt/ros/jazzy/opt/gz_msgs_vendor:/opt/ros/jazzy/opt/gz_common_vendor:/opt/ros/jazzy/opt/gz_math_vendor:/opt/ros/jazzy/opt/gz_utils_vendor:/opt/ros/jazzy/opt/gz_tools_vendor:/opt/ros/jazzy/opt/gz_ogre_next_vendor:/opt/ros/jazzy/opt/gz_dartsim_vendor:/opt/ros/jazzy/opt/gz_cmake_vendor:/home/thibaut/Documents/Bimanual_Robot/bimanual_ws/install/bimanualrobot_bringup:/opt/ros/jazzy DEBUGINFOD_URLS=https://debuginfod.ubuntu.com /usr/bin/cmake --build /home/thibaut/Documents/Bimanual_Robot/bimanual_ws/build/bimanualrobot_drumstick_moveit_config -- -j6 -l6
[4.732s] DEBUG:colcon.colcon_core.event_handler.log_command:Invoking command in '/home/thibaut/Documents/Bimanual_Robot/bimanual_ws/build/bimanualrobot_drumstick_moveit_config': CMAKE_PREFIX_PATH=/home/thibaut/Documents/Bimanual_Robot/bimanual_ws/install/bimanualrobot_description:/home/thibaut/Documents/Bimanual_Robot/bimanual_ws/install/bimanualrobot_ros2:/home/thibaut/Documents/Bimanual_Robot/bimanual_ws/install/bimanualrobot_system_tests:/home/thibaut/Documents/Bimanual_Robot/bimanual_ws/install/bimanualrobot_moveit_config:/home/thibaut/Documents/Bimanual_Robot/bimanual_ws/install/bimanualrobot_gazebo:/home/thibaut/Documents/Bimanual_Robot/bimanual_ws/install/bimanualrobot_drumstick_moveit_config:/opt/ros/jazzy/opt/gz_sim_vendor:/opt/ros/jazzy/opt/gz_sensors_vendor:/opt/ros/jazzy/opt/gz_physics_vendor:/opt/ros/jazzy/opt/sdformat_vendor:/opt/ros/jazzy/opt/gz_gui_vendor:/opt/ros/jazzy/opt/gz_transport_vendor:/opt/ros/jazzy/opt/gz_rendering_vendor:/opt/ros/jazzy/opt/gz_plugin_vendor:/opt/ros/jazzy/opt/gz_fuel_tools_vendor:/opt/ros/jazzy/opt/gz_msgs_vendor:/opt/ros/jazzy/opt/gz_common_vendor:/opt/ros/jazzy/opt/gz_math_vendor:/opt/ros/jazzy/opt/gz_utils_vendor:/opt/ros/jazzy/opt/gz_tools_vendor:/opt/ros/jazzy/opt/gz_ogre_next_vendor:/opt/ros/jazzy/opt/gz_dartsim_vendor:/opt/ros/jazzy/opt/gz_cmake_vendor:/home/thibaut/Documents/Bimanual_Robot/bimanual_ws/install/bimanualrobot_bringup:/opt/ros/jazzy DEBUGINFOD_URLS=https://debuginfod.ubuntu.com /usr/bin/cmake --install /home/thibaut/Documents/Bimanual_Robot/bimanual_ws/build/bimanualrobot_drumstick_moveit_config
[4.974s] Level 1:colcon.colcon_core.environment:create_environment_scripts_only(bimanualrobot_drumstick_moveit_config)
[4.974s] Level 1:colcon.colcon_core.environment:checking '/home/thibaut/Documents/Bimanual_Robot/bimanual_ws/install/bimanualrobot_drumstick_moveit_config' for CMake module files
[4.981s] Level 1:colcon.colcon_core.environment:checking '/home/thibaut/Documents/Bimanual_Robot/bimanual_ws/install/bimanualrobot_drumstick_moveit_config' for CMake config files
[4.976s] DEBUG:colcon.colcon_core.event_handler.log_command:Invoked command in '/home/thibaut/Documents/Bimanual_Robot/bimanual_ws/build/bimanualrobot_drumstick_moveit_config' returned '0': CMAKE_PREFIX_PATH=/home/thibaut/Documents/Bimanual_Robot/bimanual_ws/install/bimanualrobot_description:/home/thibaut/Documents/Bimanual_Robot/bimanual_ws/install/bimanualrobot_ros2:/home/thibaut/Documents/Bimanual_Robot/bimanual_ws/install/bimanualrobot_system_tests:/home/thibaut/Documents/Bimanual_Robot/bimanual_ws/install/bimanualrobot_moveit_config:/home/thibaut/Documents/Bimanual_Robot/bimanual_ws/install/bimanualrobot_gazebo:/home/thibaut/Documents/Bimanual_Robot/bimanual_ws/install/bimanualrobot_drumstick_moveit_config:/opt/ros/jazzy/opt/gz_sim_vendor:/opt/ros/jazzy/opt/gz_sensors_vendor:/opt/ros/jazzy/opt/gz_physics_vendor:/opt/ros/jazzy/opt/sdformat_vendor:/opt/ros/jazzy/opt/gz_gui_vendor:/opt/ros/jazzy/opt/gz_transport_vendor:/opt/ros/jazzy/opt/gz_rendering_vendor:/opt/ros/jazzy/opt/gz_plugin_vendor:/opt/ros/jazzy/opt/gz_fuel_tools_vendor:/opt/ros/jazzy/opt/gz_msgs_vendor:/opt/ros/jazzy/opt/gz_common_vendor:/opt/ros/jazzy/opt/gz_math_vendor:/opt/ros/jazzy/opt/gz_utils_vendor:/opt/ros/jazzy/opt/gz_tools_vendor:/opt/ros/jazzy/opt/gz_ogre_next_vendor:/opt/ros/jazzy/opt/gz_dartsim_vendor:/opt/ros/jazzy/opt/gz_cmake_vendor:/home/thibaut/Documents/Bimanual_Robot/bimanual_ws/install/bimanualrobot_bringup:/opt/ros/jazzy DEBUGINFOD_URLS=https://debuginfod.ubuntu.com /usr/bin/cmake --install /home/thibaut/Documents/Bimanual_Robot/bimanual_ws/build/bimanualrobot_drumstick_moveit_config
[4.992s] Level 1:colcon.colcon_core.shell:create_environment_hook('bimanualrobot_drumstick_moveit_config', 'cmake_prefix_path')
[4.992s] INFO:colcon.colcon_core.shell:Creating environment hook '/home/thibaut/Documents/Bimanual_Robot/bimanual_ws/install/bimanualrobot_drumstick_moveit_config/share/bimanualrobot_drumstick_moveit_config/hook/cmake_prefix_path.ps1'
[5.005s] INFO:colcon.colcon_core.shell:Creating environment descriptor '/home/thibaut/Documents/Bimanual_Robot/bimanual_ws/install/bimanualrobot_drumstick_moveit_config/share/bimanualrobot_drumstick_moveit_config/hook/cmake_prefix_path.dsv'
[5.007s] INFO:colcon.colcon_core.shell:Creating environment hook '/home/thibaut/Documents/Bimanual_Robot/bimanual_ws/install/bimanualrobot_drumstick_moveit_config/share/bimanualrobot_drumstick_moveit_config/hook/cmake_prefix_path.sh'
[5.036s] Level 1:colcon.colcon_core.environment:checking '/home/thibaut/Documents/Bimanual_Robot/bimanual_ws/install/bimanualrobot_drumstick_moveit_config/lib'
[5.037s] Level 1:colcon.colcon_core.environment:checking '/home/thibaut/Documents/Bimanual_Robot/bimanual_ws/install/bimanualrobot_drumstick_moveit_config/bin'
[5.037s] Level 1:colcon.colcon_core.environment:checking '/home/thibaut/Documents/Bimanual_Robot/bimanual_ws/install/bimanualrobot_drumstick_moveit_config/lib/pkgconfig/bimanualrobot_drumstick_moveit_config.pc'
[5.049s] Level 1:colcon.colcon_core.environment:checking '/home/thibaut/Documents/Bimanual_Robot/bimanual_ws/install/bimanualrobot_drumstick_moveit_config/lib/python3.12/site-packages'
[5.052s] Level 1:colcon.colcon_core.environment:checking '/home/thibaut/Documents/Bimanual_Robot/bimanual_ws/install/bimanualrobot_drumstick_moveit_config/bin'
[5.065s] INFO:colcon.colcon_core.shell:Creating package script '/home/thibaut/Documents/Bimanual_Robot/bimanual_ws/install/bimanualrobot_drumstick_moveit_config/share/bimanualrobot_drumstick_moveit_config/package.ps1'
[5.079s] INFO:colcon.colcon_core.shell:Creating package descriptor '/home/thibaut/Documents/Bimanual_Robot/bimanual_ws/install/bimanualrobot_drumstick_moveit_config/share/bimanualrobot_drumstick_moveit_config/package.dsv'
[5.103s] INFO:colcon.colcon_core.shell:Creating package script '/home/thibaut/Documents/Bimanual_Robot/bimanual_ws/install/bimanualrobot_drumstick_moveit_config/share/bimanualrobot_drumstick_moveit_config/package.sh'
[5.113s] INFO:colcon.colcon_core.shell:Creating package script '/home/thibaut/Documents/Bimanual_Robot/bimanual_ws/install/bimanualrobot_drumstick_moveit_config/share/bimanualrobot_drumstick_moveit_config/package.bash'
[5.115s] INFO:colcon.colcon_core.shell:Creating package script '/home/thibaut/Documents/Bimanual_Robot/bimanual_ws/install/bimanualrobot_drumstick_moveit_config/share/bimanualrobot_drumstick_moveit_config/package.zsh'
[5.116s] Level 1:colcon.colcon_core.environment:create_file_with_runtime_dependencies(/home/thibaut/Documents/Bimanual_Robot/bimanual_ws/install/bimanualrobot_drumstick_moveit_config/share/colcon-core/packages/bimanualrobot_drumstick_moveit_config)
[5.119s] Level 1:colcon.colcon_core.environment:create_environment_scripts_only(bimanualrobot_drumstick_moveit_config)
[5.120s] Level 1:colcon.colcon_core.environment:checking '/home/thibaut/Documents/Bimanual_Robot/bimanual_ws/install/bimanualrobot_drumstick_moveit_config' for CMake module files
[5.122s] Level 1:colcon.colcon_core.environment:checking '/home/thibaut/Documents/Bimanual_Robot/bimanual_ws/install/bimanualrobot_drumstick_moveit_config' for CMake config files
[5.124s] Level 1:colcon.colcon_core.shell:create_environment_hook('bimanualrobot_drumstick_moveit_config', 'cmake_prefix_path')
[5.125s] INFO:colcon.colcon_core.shell:Creating environment hook '/home/thibaut/Documents/Bimanual_Robot/bimanual_ws/install/bimanualrobot_drumstick_moveit_config/share/bimanualrobot_drumstick_moveit_config/hook/cmake_prefix_path.ps1'
[5.126s] INFO:colcon.colcon_core.shell:Creating environment descriptor '/home/thibaut/Documents/Bimanual_Robot/bimanual_ws/install/bimanualrobot_drumstick_moveit_config/share/bimanualrobot_drumstick_moveit_config/hook/cmake_prefix_path.dsv'
[5.127s] INFO:colcon.colcon_core.shell:Creating environment hook '/home/thibaut/Documents/Bimanual_Robot/bimanual_ws/install/bimanualrobot_drumstick_moveit_config/share/bimanualrobot_drumstick_moveit_config/hook/cmake_prefix_path.sh'
[5.131s] Level 1:colcon.colcon_core.environment:checking '/home/thibaut/Documents/Bimanual_Robot/bimanual_ws/install/bimanualrobot_drumstick_moveit_config/lib'
[5.133s] Level 1:colcon.colcon_core.environment:checking '/home/thibaut/Documents/Bimanual_Robot/bimanual_ws/install/bimanualrobot_drumstick_moveit_config/bin'
[5.134s] Level 1:colcon.colcon_core.environment:checking '/home/thibaut/Documents/Bimanual_Robot/bimanual_ws/install/bimanualrobot_drumstick_moveit_config/lib/pkgconfig/bimanualrobot_drumstick_moveit_config.pc'
[5.135s] Level 1:colcon.colcon_core.environment:checking '/home/thibaut/Documents/Bimanual_Robot/bimanual_ws/install/bimanualrobot_drumstick_moveit_config/lib/python3.12/site-packages'
[5.135s] Level 1:colcon.colcon_core.environment:checking '/home/thibaut/Documents/Bimanual_Robot/bimanual_ws/install/bimanualrobot_drumstick_moveit_config/bin'
[5.136s] INFO:colcon.colcon_core.shell:Creating package script '/home/thibaut/Documents/Bimanual_Robot/bimanual_ws/install/bimanualrobot_drumstick_moveit_config/share/bimanualrobot_drumstick_moveit_config/package.ps1'
[5.139s] INFO:colcon.colcon_core.shell:Creating package descriptor '/home/thibaut/Documents/Bimanual_Robot/bimanual_ws/install/bimanualrobot_drumstick_moveit_config/share/bimanualrobot_drumstick_moveit_config/package.dsv'
[5.140s] INFO:colcon.colcon_core.shell:Creating package script '/home/thibaut/Documents/Bimanual_Robot/bimanual_ws/install/bimanualrobot_drumstick_moveit_config/share/bimanualrobot_drumstick_moveit_config/package.sh'
[5.140s] INFO:colcon.colcon_core.shell:Creating package script '/home/thibaut/Documents/Bimanual_Robot/bimanual_ws/install/bimanualrobot_drumstick_moveit_config/share/bimanualrobot_drumstick_moveit_config/package.bash'
[5.146s] INFO:colcon.colcon_core.shell:Creating package script '/home/thibaut/Documents/Bimanual_Robot/bimanual_ws/install/bimanualrobot_drumstick_moveit_config/share/bimanualrobot_drumstick_moveit_config/package.zsh'
[5.147s] Level 1:colcon.colcon_core.environment:create_file_with_runtime_dependencies(/home/thibaut/Documents/Bimanual_Robot/bimanual_ws/install/bimanualrobot_drumstick_moveit_config/share/colcon-core/packages/bimanualrobot_drumstick_moveit_config)
[6.179s] DEBUG:colcon.colcon_core.event_handler.log_command:Invoking command in '/home/thibaut/Documents/Bimanual_Robot/bimanual_ws/build/bimanualrobot_bringup': CMAKE_PREFIX_PATH=/home/thibaut/Documents/Bimanual_Robot/bimanual_ws/install/bimanualrobot_description:/home/thibaut/Documents/Bimanual_Robot/bimanual_ws/install/bimanualrobot_ros2:/home/thibaut/Documents/Bimanual_Robot/bimanual_ws/install/bimanualrobot_system_tests:/home/thibaut/Documents/Bimanual_Robot/bimanual_ws/install/bimanualrobot_moveit_config:/home/thibaut/Documents/Bimanual_Robot/bimanual_ws/install/bimanualrobot_gazebo:/home/thibaut/Documents/Bimanual_Robot/bimanual_ws/install/bimanualrobot_drumstick_moveit_config:/opt/ros/jazzy/opt/gz_sim_vendor:/opt/ros/jazzy/opt/gz_sensors_vendor:/opt/ros/jazzy/opt/gz_physics_vendor:/opt/ros/jazzy/opt/sdformat_vendor:/opt/ros/jazzy/opt/gz_gui_vendor:/opt/ros/jazzy/opt/gz_transport_vendor:/opt/ros/jazzy/opt/gz_rendering_vendor:/opt/ros/jazzy/opt/gz_plugin_vendor:/opt/ros/jazzy/opt/gz_fuel_tools_vendor:/opt/ros/jazzy/opt/gz_msgs_vendor:/opt/ros/jazzy/opt/gz_common_vendor:/opt/ros/jazzy/opt/gz_math_vendor:/opt/ros/jazzy/opt/gz_utils_vendor:/opt/ros/jazzy/opt/gz_tools_vendor:/opt/ros/jazzy/opt/gz_ogre_next_vendor:/opt/ros/jazzy/opt/gz_dartsim_vendor:/opt/ros/jazzy/opt/gz_cmake_vendor DEBUGINFOD_URLS=https://debuginfod.ubuntu.com PYTHONPATH=/home/thibaut/Documents/Bimanual_Robot/bimanual_ws/build/bimanualrobot_bringup/prefix_override:/usr/lib/python3/dist-packages/colcon_core/task/python/colcon_distutils_commands:/home/thibaut/Documents/Bimanual_Robot/bimanual_ws/install/bimanualrobot_bringup/lib/python3.12/site-packages:${PYTHONPATH} /usr/bin/python3 -W ignore:setup.py install is deprecated -W ignore:easy_install command is deprecated setup.py develop --editable --build-directory /home/thibaut/Documents/Bimanual_Robot/bimanual_ws/build/bimanualrobot_bringup/build --no-deps symlink_data
[6.906s] DEBUG:colcon.colcon_core.event_handler.log_command:Invoked command in '/home/thibaut/Documents/Bimanual_Robot/bimanual_ws/build/bimanualrobot_bringup' returned '1': CMAKE_PREFIX_PATH=/home/thibaut/Documents/Bimanual_Robot/bimanual_ws/install/bimanualrobot_description:/home/thibaut/Documents/Bimanual_Robot/bimanual_ws/install/bimanualrobot_ros2:/home/thibaut/Documents/Bimanual_Robot/bimanual_ws/install/bimanualrobot_system_tests:/home/thibaut/Documents/Bimanual_Robot/bimanual_ws/install/bimanualrobot_moveit_config:/home/thibaut/Documents/Bimanual_Robot/bimanual_ws/install/bimanualrobot_gazebo:/home/thibaut/Documents/Bimanual_Robot/bimanual_ws/install/bimanualrobot_drumstick_moveit_config:/opt/ros/jazzy/opt/gz_sim_vendor:/opt/ros/jazzy/opt/gz_sensors_vendor:/opt/ros/jazzy/opt/gz_physics_vendor:/opt/ros/jazzy/opt/sdformat_vendor:/opt/ros/jazzy/opt/gz_gui_vendor:/opt/ros/jazzy/opt/gz_transport_vendor:/opt/ros/jazzy/opt/gz_rendering_vendor:/opt/ros/jazzy/opt/gz_plugin_vendor:/opt/ros/jazzy/opt/gz_fuel_tools_vendor:/opt/ros/jazzy/opt/gz_msgs_vendor:/opt/ros/jazzy/opt/gz_common_vendor:/opt/ros/jazzy/opt/gz_math_vendor:/opt/ros/jazzy/opt/gz_utils_vendor:/opt/ros/jazzy/opt/gz_tools_vendor:/opt/ros/jazzy/opt/gz_ogre_next_vendor:/opt/ros/jazzy/opt/gz_dartsim_vendor:/opt/ros/jazzy/opt/gz_cmake_vendor DEBUGINFOD_URLS=https://debuginfod.ubuntu.com PYTHONPATH=/home/thibaut/Documents/Bimanual_Robot/bimanual_ws/build/bimanualrobot_bringup/prefix_override:/usr/lib/python3/dist-packages/colcon_core/task/python/colcon_distutils_commands:/home/thibaut/Documents/Bimanual_Robot/bimanual_ws/install/bimanualrobot_bringup/lib/python3.12/site-packages:${PYTHONPATH} /usr/bin/python3 -W ignore:setup.py install is deprecated -W ignore:easy_install command is deprecated setup.py develop --editable --build-directory /home/thibaut/Documents/Bimanual_Robot/bimanual_ws/build/bimanualrobot_bringup/build --no-deps symlink_data
[6.915s] DEBUG:colcon.colcon_parallel_executor.executor.parallel:closing loop
[6.917s] DEBUG:colcon.colcon_parallel_executor.executor.parallel:loop closed
[6.918s] DEBUG:colcon.colcon_parallel_executor.executor.parallel:run_until_complete finished with '1'
[6.920s] DEBUG:colcon.colcon_core.event_reactor:joining thread
[6.997s] INFO:colcon.colcon_core.plugin_system:Skipping extension 'colcon_notification.desktop_notification.terminal_notifier': Not used on non-Darwin systems
[6.997s] INFO:colcon.colcon_core.plugin_system:Skipping extension 'colcon_notification.desktop_notification.win32': Not used on non-Windows systems
[6.997s] INFO:colcon.colcon_notification.desktop_notification:Sending desktop notification using 'notify2'
[7.210s] DEBUG:colcon.colcon_core.event_reactor:joined thread
[7.212s] INFO:colcon.colcon_core.shell:Creating prefix script '/home/thibaut/Documents/Bimanual_Robot/bimanual_ws/install/local_setup.ps1'
[7.214s] INFO:colcon.colcon_core.shell:Creating prefix util module '/home/thibaut/Documents/Bimanual_Robot/bimanual_ws/install/_local_setup_util_ps1.py'
[7.220s] INFO:colcon.colcon_core.shell:Creating prefix chain script '/home/thibaut/Documents/Bimanual_Robot/bimanual_ws/install/setup.ps1'
[7.223s] INFO:colcon.colcon_core.shell:Creating prefix script '/home/thibaut/Documents/Bimanual_Robot/bimanual_ws/install/local_setup.sh'
[7.224s] INFO:colcon.colcon_core.shell:Creating prefix util module '/home/thibaut/Documents/Bimanual_Robot/bimanual_ws/install/_local_setup_util_sh.py'
[7.225s] INFO:colcon.colcon_core.shell:Creating prefix chain script '/home/thibaut/Documents/Bimanual_Robot/bimanual_ws/install/setup.sh'
[7.226s] INFO:colcon.colcon_core.shell:Creating prefix script '/home/thibaut/Documents/Bimanual_Robot/bimanual_ws/install/local_setup.bash'
[7.227s] INFO:colcon.colcon_core.shell:Creating prefix chain script '/home/thibaut/Documents/Bimanual_Robot/bimanual_ws/install/setup.bash'
[7.229s] INFO:colcon.colcon_core.shell:Creating prefix script '/home/thibaut/Documents/Bimanual_Robot/bimanual_ws/install/local_setup.zsh'
[7.234s] INFO:colcon.colcon_core.shell:Creating prefix chain script '/home/thibaut/Documents/Bimanual_Robot/bimanual_ws/install/setup.zsh'
